;  LST file generated by mikroListExporter - v.2.0 
; Date/Time: 12/11/2024 21:41:28
;----------------------------------------------

;Address Opcode 	ASM
0x0000	0xF002EF32  	GOTO        1124
0x0004	0x0000      	NOP
0x0006	0x0000      	NOP
0x0008	0xF000EF00  	GOTO        0
0x000C	0x0000      	NOP
0x000E	0x0000      	NOP
0x0010	0x0000      	NOP
0x0012	0x0000      	NOP
0x0014	0x0000      	NOP
0x0016	0x0000      	NOP
0x0018	0xD7F3      	BRA         0
_Delay_1us:
;__Lib_Delays.c,7 :: 		void Delay_1us() {
;__Lib_Delays.c,8 :: 		Delay_us(1);
0x001C	0x0000      	NOP
0x001E	0x0000      	NOP
0x0020	0x0000      	NOP
0x0022	0x0000      	NOP
0x0024	0x0000      	NOP
;__Lib_Delays.c,9 :: 		}
L_end_Delay_1us:
0x0026	0x0012      	RETURN      0
; end of _Delay_1us
_Delay_50us:
;__Lib_Delays.c,19 :: 		void Delay_50us() {
;__Lib_Delays.c,20 :: 		Delay_us(50);
0x0028	0x0E53      	MOVLW       83
0x002A	0x6E0D      	MOVWF       R13, 0
L_Delay_50us2:
0x002C	0x2E0D      	DECFSZ      R13, 1, 0
0x002E	0xD7FE      	BRA         L_Delay_50us2
;__Lib_Delays.c,21 :: 		}
L_end_Delay_50us:
0x0030	0x0012      	RETURN      0
; end of _Delay_50us
_Delay_5500us:
;__Lib_Delays.c,31 :: 		void Delay_5500us() {
;__Lib_Delays.c,32 :: 		Delay_us(5500);
0x0032	0x0E24      	MOVLW       36
0x0034	0x6E0C      	MOVWF       R12, 0
0x0036	0x0EB5      	MOVLW       181
0x0038	0x6E0D      	MOVWF       R13, 0
L_Delay_5500us5:
0x003A	0x2E0D      	DECFSZ      R13, 1, 0
0x003C	0xD7FE      	BRA         L_Delay_5500us5
0x003E	0x2E0C      	DECFSZ      R12, 1, 0
0x0040	0xD7FC      	BRA         L_Delay_5500us5
0x0042	0x0000      	NOP
0x0044	0x0000      	NOP
;__Lib_Delays.c,33 :: 		}
L_end_Delay_5500us:
0x0046	0x0012      	RETURN      0
; end of _Delay_5500us
_Div_16X16_U:
;__Lib_Math.c,102 :: 		
;__Lib_Math.c,109 :: 		
0x0048	0x6A08      	CLRF        R8, 0
;__Lib_Math.c,110 :: 		
0x004A	0x6A09      	CLRF        R9, 0
;__Lib_Math.c,111 :: 		
0x004C	0x0E10      	MOVLW       16
;__Lib_Math.c,112 :: 		
0x004E	0x6E0C      	MOVWF       R12, 0
;__Lib_Math.c,113 :: 		
0x0050	0x3401      	RLCF        R1, 0, 0
;__Lib_Math.c,114 :: 		
0x0052	0x3608      	RLCF        R8, 1, 0
;__Lib_Math.c,115 :: 		
0x0054	0x3609      	RLCF        R9, 1, 0
;__Lib_Math.c,116 :: 		
0x0056	0x5004      	MOVF        R4, 0, 0
;__Lib_Math.c,117 :: 		
0x0058	0x5E08      	SUBWF       R8, 1, 0
;__Lib_Math.c,118 :: 		
0x005A	0x5005      	MOVF        R5, 0, 0
;__Lib_Math.c,119 :: 		
0x005C	0xA0D8      	BTFSS       STATUS, 0, 0
;__Lib_Math.c,120 :: 		
0x005E	0x3C05      	INCFSZ      R5, 0, 0
;__Lib_Math.c,121 :: 		
0x0060	0x5E09      	SUBWF       R9, 1, 0
;__Lib_Math.c,122 :: 		
0x0062	0xB0D8      	BTFSC       STATUS, 0, 0
;__Lib_Math.c,123 :: 		
0x0064	0xD007      	BRA         $+16
;__Lib_Math.c,124 :: 		
0x0066	0x5004      	MOVF        R4, 0, 0
;__Lib_Math.c,125 :: 		
0x0068	0x2608      	ADDWF       R8, 1, 0
;__Lib_Math.c,126 :: 		
0x006A	0x5005      	MOVF        R5, 0, 0
;__Lib_Math.c,127 :: 		
0x006C	0xB0D8      	BTFSC       STATUS, 0, 0
;__Lib_Math.c,128 :: 		
0x006E	0x3C05      	INCFSZ      R5, 0, 0
;__Lib_Math.c,129 :: 		
0x0070	0x2609      	ADDWF       R9, 1, 0
;__Lib_Math.c,130 :: 		
0x0072	0x90D8      	BCF         STATUS, 0, 0
;__Lib_Math.c,131 :: 		
0x0074	0x3600      	RLCF        R0, 1, 0
;__Lib_Math.c,132 :: 		
0x0076	0x3601      	RLCF        R1, 1, 0
;__Lib_Math.c,133 :: 		
0x0078	0x2E0C      	DECFSZ      R12, 1, 0
;__Lib_Math.c,134 :: 		
0x007A	0xD7EA      	BRA         $-42
;__Lib_Math.c,136 :: 		
L_end_Div_16X16_U:
0x007C	0x0012      	RETURN      0
; end of _Div_16X16_U
_Lcd_Cmd:
;__Lib_Lcd.c,18 :: 		
;__Lib_Lcd.c,20 :: 		
0x007E	0xBE77      	BTFSC       FARG_Lcd_Cmd_out_char, 7 
0x0080	0xD002      	BRA         L__Lcd_Cmd21
0x0082	0x9E81      	BCF         LCD_D7, BitPos(LCD_D7+0) 
0x0084	0xD001      	BRA         L__Lcd_Cmd22
L__Lcd_Cmd21:
0x0086	0x8E81      	BSF         LCD_D7, BitPos(LCD_D7+0) 
L__Lcd_Cmd22:
;__Lib_Lcd.c,21 :: 		
0x0088	0xBC77      	BTFSC       FARG_Lcd_Cmd_out_char, 6 
0x008A	0xD002      	BRA         L__Lcd_Cmd23
0x008C	0x9C81      	BCF         LCD_D6, BitPos(LCD_D6+0) 
0x008E	0xD001      	BRA         L__Lcd_Cmd24
L__Lcd_Cmd23:
0x0090	0x8C81      	BSF         LCD_D6, BitPos(LCD_D6+0) 
L__Lcd_Cmd24:
;__Lib_Lcd.c,22 :: 		
0x0092	0xBA77      	BTFSC       FARG_Lcd_Cmd_out_char, 5 
0x0094	0xD002      	BRA         L__Lcd_Cmd25
0x0096	0x9A81      	BCF         LCD_D5, BitPos(LCD_D5+0) 
0x0098	0xD001      	BRA         L__Lcd_Cmd26
L__Lcd_Cmd25:
0x009A	0x8A81      	BSF         LCD_D5, BitPos(LCD_D5+0) 
L__Lcd_Cmd26:
;__Lib_Lcd.c,23 :: 		
0x009C	0xB877      	BTFSC       FARG_Lcd_Cmd_out_char, 4 
0x009E	0xD002      	BRA         L__Lcd_Cmd27
0x00A0	0x9881      	BCF         LCD_D4, BitPos(LCD_D4+0) 
0x00A2	0xD001      	BRA         L__Lcd_Cmd28
L__Lcd_Cmd27:
0x00A4	0x8881      	BSF         LCD_D4, BitPos(LCD_D4+0) 
L__Lcd_Cmd28:
;__Lib_Lcd.c,25 :: 		
0x00A6	0xB025      	BTFSC       __Lib_Lcd_cmd_status, BitPos(__Lib_Lcd_cmd_status+0) 
0x00A8	0xD002      	BRA         L__Lcd_Cmd29
0x00AA	0x8284      	BSF         LCD_RS, BitPos(LCD_RS+0) 
0x00AC	0xD001      	BRA         L__Lcd_Cmd30
L__Lcd_Cmd29:
0x00AE	0x9284      	BCF         LCD_RS, BitPos(LCD_RS+0) 
L__Lcd_Cmd30:
;__Lib_Lcd.c,28 :: 		
0x00B0	0x8084      	BSF         LCD_EN, BitPos(LCD_EN+0) 
;__Lib_Lcd.c,29 :: 		
0x00B2	0xDFB4      	RCALL       _Delay_1us
;__Lib_Lcd.c,30 :: 		
0x00B4	0x9084      	BCF         LCD_EN, BitPos(LCD_EN+0) 
;__Lib_Lcd.c,33 :: 		
0x00B6	0xB677      	BTFSC       FARG_Lcd_Cmd_out_char, 3 
0x00B8	0xD002      	BRA         L__Lcd_Cmd31
0x00BA	0x9E81      	BCF         LCD_D7, BitPos(LCD_D7+0) 
0x00BC	0xD001      	BRA         L__Lcd_Cmd32
L__Lcd_Cmd31:
0x00BE	0x8E81      	BSF         LCD_D7, BitPos(LCD_D7+0) 
L__Lcd_Cmd32:
;__Lib_Lcd.c,34 :: 		
0x00C0	0xB477      	BTFSC       FARG_Lcd_Cmd_out_char, 2 
0x00C2	0xD002      	BRA         L__Lcd_Cmd33
0x00C4	0x9C81      	BCF         LCD_D6, BitPos(LCD_D6+0) 
0x00C6	0xD001      	BRA         L__Lcd_Cmd34
L__Lcd_Cmd33:
0x00C8	0x8C81      	BSF         LCD_D6, BitPos(LCD_D6+0) 
L__Lcd_Cmd34:
;__Lib_Lcd.c,35 :: 		
0x00CA	0xB277      	BTFSC       FARG_Lcd_Cmd_out_char, 1 
0x00CC	0xD002      	BRA         L__Lcd_Cmd35
0x00CE	0x9A81      	BCF         LCD_D5, BitPos(LCD_D5+0) 
0x00D0	0xD001      	BRA         L__Lcd_Cmd36
L__Lcd_Cmd35:
0x00D2	0x8A81      	BSF         LCD_D5, BitPos(LCD_D5+0) 
L__Lcd_Cmd36:
;__Lib_Lcd.c,36 :: 		
0x00D4	0xB077      	BTFSC       FARG_Lcd_Cmd_out_char, 0 
0x00D6	0xD002      	BRA         L__Lcd_Cmd37
0x00D8	0x9881      	BCF         LCD_D4, BitPos(LCD_D4+0) 
0x00DA	0xD001      	BRA         L__Lcd_Cmd38
L__Lcd_Cmd37:
0x00DC	0x8881      	BSF         LCD_D4, BitPos(LCD_D4+0) 
L__Lcd_Cmd38:
;__Lib_Lcd.c,38 :: 		
0x00DE	0xB025      	BTFSC       __Lib_Lcd_cmd_status, BitPos(__Lib_Lcd_cmd_status+0) 
0x00E0	0xD002      	BRA         L__Lcd_Cmd39
0x00E2	0x8284      	BSF         LCD_RS, BitPos(LCD_RS+0) 
0x00E4	0xD001      	BRA         L__Lcd_Cmd40
L__Lcd_Cmd39:
0x00E6	0x9284      	BCF         LCD_RS, BitPos(LCD_RS+0) 
L__Lcd_Cmd40:
;__Lib_Lcd.c,40 :: 		
0x00E8	0x8084      	BSF         LCD_EN, BitPos(LCD_EN+0) 
;__Lib_Lcd.c,41 :: 		
0x00EA	0xDF98      	RCALL       _Delay_1us
;__Lib_Lcd.c,42 :: 		
0x00EC	0x9084      	BCF         LCD_EN, BitPos(LCD_EN+0) 
;__Lib_Lcd.c,44 :: 		
0x00EE	0xA025      	BTFSS       __Lib_Lcd_cmd_status, BitPos(__Lib_Lcd_cmd_status+0) 
0x00F0	0xD002      	BRA         L_Lcd_Cmd0
;__Lib_Lcd.c,45 :: 		
0x00F2	0xDF9F      	RCALL       _Delay_5500us
0x00F4	0xD001      	BRA         L_Lcd_Cmd1
L_Lcd_Cmd0:
;__Lib_Lcd.c,47 :: 		
0x00F6	0xDF98      	RCALL       _Delay_50us
L_Lcd_Cmd1:
;__Lib_Lcd.c,48 :: 		
L_end_Lcd_Cmd:
0x00F8	0x0012      	RETURN      0
; end of _Lcd_Cmd
_Lcd_Chr_CP:
;__Lib_Lcd.c,50 :: 		
;__Lib_Lcd.c,52 :: 		
0x00FA	0x9025      	BCF         __Lib_Lcd_cmd_status, BitPos(__Lib_Lcd_cmd_status+0) 
;__Lib_Lcd.c,53 :: 		
0x00FC	0xF077C070  	MOVFF       FARG_Lcd_Chr_CP_out_char, FARG_Lcd_Cmd_out_char
0x0100	0xDFBE      	RCALL       _Lcd_Cmd
;__Lib_Lcd.c,54 :: 		
0x0102	0x8025      	BSF         __Lib_Lcd_cmd_status, BitPos(__Lib_Lcd_cmd_status+0) 
;__Lib_Lcd.c,55 :: 		
L_end_Lcd_Chr_CP:
0x0104	0x0012      	RETURN      0
; end of _Lcd_Chr_CP
_WordToStr:
;__Lib_Conversions.c,98 :: 		
;__Lib_Conversions.c,103 :: 		
0x0106	0x6A74      	CLRF        WordToStr_len_L0 
L_WordToStr11:
0x0108	0x0E05      	MOVLW       5
0x010A	0x5C74      	SUBWF       WordToStr_len_L0, 0 
0x010C	0xE20A      	BC          L_WordToStr12
;__Lib_Conversions.c,104 :: 		
0x010E	0x5074      	MOVF        WordToStr_len_L0, 0 
0x0110	0x2472      	ADDWF       FARG_WordToStr_output, 0 
0x0112	0x6EE1      	MOVWF       FSR1L 
0x0114	0x0E00      	MOVLW       0
0x0116	0x2073      	ADDWFC      FARG_WordToStr_output+1, 0 
0x0118	0x6EE2      	MOVWF       FSR1L+1 
0x011A	0x0E20      	MOVLW       32
0x011C	0x6EE6      	MOVWF       POSTINC1 
;__Lib_Conversions.c,103 :: 		
0x011E	0x2A74      	INCF        WordToStr_len_L0, 1 
;__Lib_Conversions.c,104 :: 		
0x0120	0xD7F3      	BRA         L_WordToStr11
L_WordToStr12:
;__Lib_Conversions.c,105 :: 		
0x0122	0x5074      	MOVF        WordToStr_len_L0, 0 
0x0124	0x2472      	ADDWF       FARG_WordToStr_output, 0 
0x0126	0x6EE1      	MOVWF       FSR1L 
0x0128	0x0E00      	MOVLW       0
0x012A	0x2073      	ADDWFC      FARG_WordToStr_output+1, 0 
0x012C	0x6EE2      	MOVWF       FSR1L+1 
0x012E	0x6AE6      	CLRF        POSTINC1 
0x0130	0x0674      	DECF        WordToStr_len_L0, 1 
;__Lib_Conversions.c,107 :: 		
L_WordToStr14:
;__Lib_Conversions.c,108 :: 		
0x0132	0x5074      	MOVF        WordToStr_len_L0, 0 
0x0134	0x2472      	ADDWF       FARG_WordToStr_output, 0 
0x0136	0x6E75      	MOVWF       FLOC__WordToStr 
0x0138	0x0E00      	MOVLW       0
0x013A	0x2073      	ADDWFC      FARG_WordToStr_output+1, 0 
0x013C	0x6E76      	MOVWF       FLOC__WordToStr+1 
0x013E	0x0E0A      	MOVLW       10
0x0140	0x6E04      	MOVWF       R4 
0x0142	0x0E00      	MOVLW       0
0x0144	0x6E05      	MOVWF       R5 
0x0146	0xF000C070  	MOVFF       FARG_WordToStr_input, R0
0x014A	0xF001C071  	MOVFF       FARG_WordToStr_input+1, R1
0x014E	0xDF7C      	RCALL       _Div_16X16_U
0x0150	0xF000C008  	MOVFF       R8, R0
0x0154	0xF001C009  	MOVFF       R9, R1
0x0158	0x0E30      	MOVLW       48
0x015A	0x2600      	ADDWF       R0, 1 
0x015C	0xFFE1C075  	MOVFF       FLOC__WordToStr, FSR1L
0x0160	0xFFE2C076  	MOVFF       FLOC__WordToStr+1, FSR1H
0x0164	0xFFE6C000  	MOVFF       R0, POSTINC1
;__Lib_Conversions.c,109 :: 		
0x0168	0x0E0A      	MOVLW       10
0x016A	0x6E04      	MOVWF       R4 
0x016C	0x0E00      	MOVLW       0
0x016E	0x6E05      	MOVWF       R5 
0x0170	0xF000C070  	MOVFF       FARG_WordToStr_input, R0
0x0174	0xF001C071  	MOVFF       FARG_WordToStr_input+1, R1
0x0178	0xDF67      	RCALL       _Div_16X16_U
0x017A	0xF070C000  	MOVFF       R0, FARG_WordToStr_input
0x017E	0xF071C001  	MOVFF       R1, FARG_WordToStr_input+1
;__Lib_Conversions.c,110 :: 		
0x0182	0x0E00      	MOVLW       0
0x0184	0x1801      	XORWF       R1, 0 
0x0186	0xE102      	BNZ         L__WordToStr379
0x0188	0x0E00      	MOVLW       0
0x018A	0x1800      	XORWF       R0, 0 
L__WordToStr379:
0x018C	0xE101      	BNZ         L_WordToStr16
;__Lib_Conversions.c,111 :: 		
0x018E	0xD002      	BRA         L_WordToStr15
L_WordToStr16:
;__Lib_Conversions.c,112 :: 		
0x0190	0x0674      	DECF        WordToStr_len_L0, 1 
;__Lib_Conversions.c,113 :: 		
0x0192	0xD7CF      	BRA         L_WordToStr14
L_WordToStr15:
;__Lib_Conversions.c,114 :: 		
L_end_WordToStr:
0x0194	0x0012      	RETURN      0
; end of _WordToStr
_IntToStr:
;__Lib_Conversions.c,195 :: 		
;__Lib_Conversions.c,201 :: 		
0x0196	0x6A6C      	CLRF        IntToStr_negative_L0 
0x0198	0x6A6D      	CLRF        IntToStr_negative_L0+1 
;__Lib_Conversions.c,202 :: 		
0x019A	0xF06EC066  	MOVFF       FARG_IntToStr_input, IntToStr_inword_L0
0x019E	0xF06FC067  	MOVFF       FARG_IntToStr_input+1, IntToStr_inword_L0+1
;__Lib_Conversions.c,203 :: 		
0x01A2	0x0E80      	MOVLW       128
0x01A4	0x1867      	XORWF       FARG_IntToStr_input+1, 0 
0x01A6	0x6E00      	MOVWF       R0 
0x01A8	0x0E80      	MOVLW       128
0x01AA	0x5C00      	SUBWF       R0, 0 
0x01AC	0xE102      	BNZ         L__IntToStr387
0x01AE	0x0E00      	MOVLW       0
0x01B0	0x5C66      	SUBWF       FARG_IntToStr_input, 0 
L__IntToStr387:
0x01B2	0xE20B      	BC          L_IntToStr37
;__Lib_Conversions.c,204 :: 		
0x01B4	0x0E01      	MOVLW       1
0x01B6	0x6E6C      	MOVWF       IntToStr_negative_L0 
0x01B8	0x0E00      	MOVLW       0
0x01BA	0x6E6D      	MOVWF       IntToStr_negative_L0+1 
;__Lib_Conversions.c,205 :: 		
0x01BC	0x5066      	MOVF        FARG_IntToStr_input, 0 
0x01BE	0x0800      	SUBLW       0
0x01C0	0x6E6E      	MOVWF       IntToStr_inword_L0 
0x01C2	0xF06FC067  	MOVFF       FARG_IntToStr_input+1, IntToStr_inword_L0+1
0x01C6	0x0E00      	MOVLW       0
0x01C8	0x566F      	SUBFWB      IntToStr_inword_L0+1, 1 
;__Lib_Conversions.c,206 :: 		
L_IntToStr37:
;__Lib_Conversions.c,207 :: 		
0x01CA	0xF070C06E  	MOVFF       IntToStr_inword_L0, FARG_WordToStr_input
0x01CE	0xF071C06F  	MOVFF       IntToStr_inword_L0+1, FARG_WordToStr_input+1
0x01D2	0xF072C068  	MOVFF       FARG_IntToStr_output, FARG_WordToStr_output
0x01D6	0xF073C069  	MOVFF       FARG_IntToStr_output+1, FARG_WordToStr_output+1
0x01DA	0xDF95      	RCALL       _WordToStr
;__Lib_Conversions.c,209 :: 		
0x01DC	0x0E06      	MOVLW       6
0x01DE	0x6E6A      	MOVWF       IntToStr_i_L0 
0x01E0	0x0E00      	MOVLW       0
0x01E2	0x6E6B      	MOVWF       IntToStr_i_L0+1 
;__Lib_Conversions.c,210 :: 		
L_IntToStr38:
0x01E4	0x0E00      	MOVLW       0
0x01E6	0x6E00      	MOVWF       R0 
0x01E8	0x506B      	MOVF        IntToStr_i_L0+1, 0 
0x01EA	0x5C00      	SUBWF       R0, 0 
0x01EC	0xE102      	BNZ         L__IntToStr388
0x01EE	0x506A      	MOVF        IntToStr_i_L0, 0 
0x01F0	0x0800      	SUBLW       0
L__IntToStr388:
0x01F2	0xE219      	BC          L_IntToStr39
;__Lib_Conversions.c,211 :: 		
0x01F4	0x506A      	MOVF        IntToStr_i_L0, 0 
0x01F6	0x2468      	ADDWF       FARG_IntToStr_output, 0 
0x01F8	0x6EE1      	MOVWF       FSR1L 
0x01FA	0x506B      	MOVF        IntToStr_i_L0+1, 0 
0x01FC	0x2069      	ADDWFC      FARG_IntToStr_output+1, 0 
0x01FE	0x6EE2      	MOVWF       FSR1L+1 
0x0200	0x0E01      	MOVLW       1
0x0202	0x5C6A      	SUBWF       IntToStr_i_L0, 0 
0x0204	0x6E00      	MOVWF       R0 
0x0206	0x0E00      	MOVLW       0
0x0208	0x586B      	SUBWFB      IntToStr_i_L0+1, 0 
0x020A	0x6E01      	MOVWF       R1 
0x020C	0x5000      	MOVF        R0, 0 
0x020E	0x2468      	ADDWF       FARG_IntToStr_output, 0 
0x0210	0x6EE9      	MOVWF       FSR0L 
0x0212	0x5001      	MOVF        R1, 0 
0x0214	0x2069      	ADDWFC      FARG_IntToStr_output+1, 0 
0x0216	0x6EEA      	MOVWF       FSR0L+1 
0x0218	0xFFE6CFEE  	MOVFF       POSTINC0, POSTINC1
;__Lib_Conversions.c,212 :: 		
0x021C	0x0E01      	MOVLW       1
0x021E	0x5E6A      	SUBWF       IntToStr_i_L0, 1 
0x0220	0x0E00      	MOVLW       0
0x0222	0x5A6B      	SUBWFB      IntToStr_i_L0+1, 1 
;__Lib_Conversions.c,213 :: 		
0x0224	0xD7DF      	BRA         L_IntToStr38
L_IntToStr39:
;__Lib_Conversions.c,214 :: 		
0x0226	0xFFE1C068  	MOVFF       FARG_IntToStr_output, FSR1L
0x022A	0xFFE2C069  	MOVFF       FARG_IntToStr_output+1, FSR1H
0x022E	0x0E20      	MOVLW       32
0x0230	0x6EE6      	MOVWF       POSTINC1 
;__Lib_Conversions.c,215 :: 		
0x0232	0x506C      	MOVF        IntToStr_negative_L0, 0 
0x0234	0x106D      	IORWF       IntToStr_negative_L0+1, 0 
0x0236	0xE01A      	BZ          L_IntToStr40
;__Lib_Conversions.c,216 :: 		
0x0238	0x6A6A      	CLRF        IntToStr_i_L0 
0x023A	0x6A6B      	CLRF        IntToStr_i_L0+1 
;__Lib_Conversions.c,217 :: 		
L_IntToStr41:
0x023C	0x506A      	MOVF        IntToStr_i_L0, 0 
0x023E	0x2468      	ADDWF       FARG_IntToStr_output, 0 
0x0240	0x6EE9      	MOVWF       FSR0L 
0x0242	0x506B      	MOVF        IntToStr_i_L0+1, 0 
0x0244	0x2069      	ADDWFC      FARG_IntToStr_output+1, 0 
0x0246	0x6EEA      	MOVWF       FSR0L+1 
0x0248	0x50EE      	MOVF        POSTINC0, 0 
0x024A	0x0A20      	XORLW       32
0x024C	0xE103      	BNZ         L_IntToStr42
0x024E	0x4A6A      	INFSNZ      IntToStr_i_L0, 1 
0x0250	0x2A6B      	INCF        IntToStr_i_L0+1, 1 
0x0252	0xD7F4      	BRA         L_IntToStr41
L_IntToStr42:
;__Lib_Conversions.c,218 :: 		
0x0254	0x0E01      	MOVLW       1
0x0256	0x5E6A      	SUBWF       IntToStr_i_L0, 1 
0x0258	0x0E00      	MOVLW       0
0x025A	0x5A6B      	SUBWFB      IntToStr_i_L0+1, 1 
;__Lib_Conversions.c,219 :: 		
0x025C	0x506A      	MOVF        IntToStr_i_L0, 0 
0x025E	0x2468      	ADDWF       FARG_IntToStr_output, 0 
0x0260	0x6EE1      	MOVWF       FSR1L 
0x0262	0x506B      	MOVF        IntToStr_i_L0+1, 0 
0x0264	0x2069      	ADDWFC      FARG_IntToStr_output+1, 0 
0x0266	0x6EE2      	MOVWF       FSR1L+1 
0x0268	0x0E2D      	MOVLW       45
0x026A	0x6EE6      	MOVWF       POSTINC1 
L_IntToStr40:
;__Lib_Conversions.c,220 :: 		
L_end_IntToStr:
0x026C	0x0012      	RETURN      0
; end of _IntToStr
_setup_inicial:
;Contador_flash.c,52 :: 		void setup_inicial(){
;Contador_flash.c,53 :: 		porta = 0;
0x026E	0x6A80      	CLRF        PORTA 
;Contador_flash.c,54 :: 		portb = 0;
0x0270	0x6A81      	CLRF        PORTB 
;Contador_flash.c,55 :: 		portc = 0;
0x0272	0x6A82      	CLRF        PORTC 
;Contador_flash.c,56 :: 		portd = 0;
0x0274	0x6A83      	CLRF        PORTD 
;Contador_flash.c,57 :: 		porte = 0;
0x0276	0x6A84      	CLRF        PORTE 
;Contador_flash.c,58 :: 		trisa = 0;
0x0278	0x6A92      	CLRF        TRISA 
;Contador_flash.c,59 :: 		trisb = 15;//RB0, RB1, RB2 e RB3 como entrada
0x027A	0x0E0F      	MOVLW       15
0x027C	0x6E93      	MOVWF       TRISB 
;Contador_flash.c,60 :: 		trisc = 0;
0x027E	0x6A94      	CLRF        TRISC 
;Contador_flash.c,61 :: 		trisd = 0;
0x0280	0x6A95      	CLRF        TRISD 
;Contador_flash.c,62 :: 		trise = 0;
0x0282	0x6A96      	CLRF        TRISE 
;Contador_flash.c,63 :: 		cmcon = 7;//desliga os comparadores
0x0284	0x0E07      	MOVLW       7
0x0286	0x6EB4      	MOVWF       CMCON 
;Contador_flash.c,64 :: 		adcon1 = 15;//portas digitais
0x0288	0x0E0F      	MOVLW       15
0x028A	0x6EC1      	MOVWF       ADCON1 
;Contador_flash.c,65 :: 		intcon2 = 0;//liga os resistores pull up do portb
0x028C	0x6AF1      	CLRF        INTCON2 
;Contador_flash.c,66 :: 		}
L_end_setup_inicial:
0x028E	0x0012      	RETURN      0
; end of _setup_inicial
_Lcd_Init:
;__Lib_Lcd.c,84 :: 		
;__Lib_Lcd.c,86 :: 		
0x0290	0x9096      	BCF         LCD_EN_Direction, BitPos(LCD_EN_Direction+0) 
;__Lib_Lcd.c,87 :: 		
0x0292	0x9296      	BCF         LCD_RS_Direction, BitPos(LCD_RS_Direction+0) 
;__Lib_Lcd.c,88 :: 		
0x0294	0x9893      	BCF         LCD_D4_Direction, BitPos(LCD_D4_Direction+0) 
;__Lib_Lcd.c,89 :: 		
0x0296	0x9A93      	BCF         LCD_D5_Direction, BitPos(LCD_D5_Direction+0) 
;__Lib_Lcd.c,90 :: 		
0x0298	0x9C93      	BCF         LCD_D6_Direction, BitPos(LCD_D6_Direction+0) 
;__Lib_Lcd.c,91 :: 		
0x029A	0x9E93      	BCF         LCD_D7_Direction, BitPos(LCD_D7_Direction+0) 
;__Lib_Lcd.c,93 :: 		
0x029C	0x9084      	BCF         LCD_EN, BitPos(LCD_EN+0) 
;__Lib_Lcd.c,94 :: 		
0x029E	0x9284      	BCF         LCD_RS, BitPos(LCD_RS+0) 
;__Lib_Lcd.c,95 :: 		
0x02A0	0x9E81      	BCF         LCD_D7, BitPos(LCD_D7+0) 
;__Lib_Lcd.c,96 :: 		
0x02A2	0x9C81      	BCF         LCD_D6, BitPos(LCD_D6+0) 
;__Lib_Lcd.c,97 :: 		
0x02A4	0x9A81      	BCF         LCD_D5, BitPos(LCD_D5+0) 
;__Lib_Lcd.c,98 :: 		
0x02A6	0x9881      	BCF         LCD_D4, BitPos(LCD_D4+0) 
;__Lib_Lcd.c,100 :: 		
0x02A8	0xDEC4      	RCALL       _Delay_5500us
;__Lib_Lcd.c,101 :: 		
0x02AA	0xDEC3      	RCALL       _Delay_5500us
;__Lib_Lcd.c,102 :: 		
0x02AC	0xDEC2      	RCALL       _Delay_5500us
;__Lib_Lcd.c,105 :: 		
0x02AE	0x8A81      	BSF         LCD_D5, BitPos(LCD_D5+0) 
;__Lib_Lcd.c,106 :: 		
0x02B0	0x8881      	BSF         LCD_D4, BitPos(LCD_D4+0) 
;__Lib_Lcd.c,107 :: 		
0x02B2	0x8084      	BSF         LCD_EN, BitPos(LCD_EN+0) 
;__Lib_Lcd.c,108 :: 		
0x02B4	0xDEB3      	RCALL       _Delay_1us
;__Lib_Lcd.c,109 :: 		
0x02B6	0x9084      	BCF         LCD_EN, BitPos(LCD_EN+0) 
;__Lib_Lcd.c,110 :: 		
0x02B8	0xDEBC      	RCALL       _Delay_5500us
;__Lib_Lcd.c,112 :: 		
0x02BA	0x8084      	BSF         LCD_EN, BitPos(LCD_EN+0) 
;__Lib_Lcd.c,113 :: 		
0x02BC	0xDEAF      	RCALL       _Delay_1us
;__Lib_Lcd.c,114 :: 		
0x02BE	0x9084      	BCF         LCD_EN, BitPos(LCD_EN+0) 
;__Lib_Lcd.c,115 :: 		
0x02C0	0xDEB8      	RCALL       _Delay_5500us
;__Lib_Lcd.c,117 :: 		
0x02C2	0x8084      	BSF         LCD_EN, BitPos(LCD_EN+0) 
;__Lib_Lcd.c,118 :: 		
0x02C4	0xDEAB      	RCALL       _Delay_1us
;__Lib_Lcd.c,119 :: 		
0x02C6	0x9084      	BCF         LCD_EN, BitPos(LCD_EN+0) 
;__Lib_Lcd.c,120 :: 		
0x02C8	0xDEB4      	RCALL       _Delay_5500us
;__Lib_Lcd.c,123 :: 		
0x02CA	0x9881      	BCF         LCD_D4, BitPos(LCD_D4+0) 
;__Lib_Lcd.c,124 :: 		
0x02CC	0x8084      	BSF         LCD_EN, BitPos(LCD_EN+0) 
;__Lib_Lcd.c,125 :: 		
0x02CE	0xDEA6      	RCALL       _Delay_1us
;__Lib_Lcd.c,126 :: 		
0x02D0	0x9084      	BCF         LCD_EN, BitPos(LCD_EN+0) 
;__Lib_Lcd.c,127 :: 		
0x02D2	0xDEAF      	RCALL       _Delay_5500us
;__Lib_Lcd.c,130 :: 		
0x02D4	0x8084      	BSF         LCD_EN, BitPos(LCD_EN+0) 
;__Lib_Lcd.c,131 :: 		
0x02D6	0xDEA2      	RCALL       _Delay_1us
;__Lib_Lcd.c,132 :: 		
0x02D8	0x9084      	BCF         LCD_EN, BitPos(LCD_EN+0) 
;__Lib_Lcd.c,134 :: 		
0x02DA	0x9A81      	BCF         LCD_D5, BitPos(LCD_D5+0) 
;__Lib_Lcd.c,135 :: 		
0x02DC	0x8E81      	BSF         LCD_D7, BitPos(LCD_D7+0) 
;__Lib_Lcd.c,136 :: 		
0x02DE	0x8084      	BSF         LCD_EN, BitPos(LCD_EN+0) 
;__Lib_Lcd.c,137 :: 		
0x02E0	0xDE9D      	RCALL       _Delay_1us
;__Lib_Lcd.c,138 :: 		
0x02E2	0x9084      	BCF         LCD_EN, BitPos(LCD_EN+0) 
;__Lib_Lcd.c,139 :: 		
0x02E4	0xDEA6      	RCALL       _Delay_5500us
;__Lib_Lcd.c,142 :: 		
0x02E6	0x9E81      	BCF         LCD_D7, BitPos(LCD_D7+0) 
;__Lib_Lcd.c,143 :: 		
0x02E8	0x8881      	BSF         LCD_D4, BitPos(LCD_D4+0) 
;__Lib_Lcd.c,144 :: 		
0x02EA	0x8084      	BSF         LCD_EN, BitPos(LCD_EN+0) 
;__Lib_Lcd.c,145 :: 		
0x02EC	0xDE97      	RCALL       _Delay_1us
;__Lib_Lcd.c,146 :: 		
0x02EE	0x9084      	BCF         LCD_EN, BitPos(LCD_EN+0) 
;__Lib_Lcd.c,148 :: 		
0x02F0	0x9881      	BCF         LCD_D4, BitPos(LCD_D4+0) 
;__Lib_Lcd.c,149 :: 		
0x02F2	0x8084      	BSF         LCD_EN, BitPos(LCD_EN+0) 
;__Lib_Lcd.c,150 :: 		
0x02F4	0xDE93      	RCALL       _Delay_1us
;__Lib_Lcd.c,151 :: 		
0x02F6	0x9084      	BCF         LCD_EN, BitPos(LCD_EN+0) 
;__Lib_Lcd.c,152 :: 		
0x02F8	0xDE9C      	RCALL       _Delay_5500us
;__Lib_Lcd.c,155 :: 		
0x02FA	0x8084      	BSF         LCD_EN, BitPos(LCD_EN+0) 
;__Lib_Lcd.c,156 :: 		
0x02FC	0xDE8F      	RCALL       _Delay_1us
;__Lib_Lcd.c,157 :: 		
0x02FE	0x9084      	BCF         LCD_EN, BitPos(LCD_EN+0) 
;__Lib_Lcd.c,159 :: 		
0x0300	0x8881      	BSF         LCD_D4, BitPos(LCD_D4+0) 
;__Lib_Lcd.c,160 :: 		
0x0302	0x8084      	BSF         LCD_EN, BitPos(LCD_EN+0) 
;__Lib_Lcd.c,161 :: 		
0x0304	0xDE8B      	RCALL       _Delay_1us
;__Lib_Lcd.c,162 :: 		
0x0306	0x9084      	BCF         LCD_EN, BitPos(LCD_EN+0) 
;__Lib_Lcd.c,163 :: 		
0x0308	0xDE94      	RCALL       _Delay_5500us
;__Lib_Lcd.c,166 :: 		
0x030A	0x9881      	BCF         LCD_D4, BitPos(LCD_D4+0) 
;__Lib_Lcd.c,167 :: 		
0x030C	0x8084      	BSF         LCD_EN, BitPos(LCD_EN+0) 
;__Lib_Lcd.c,168 :: 		
0x030E	0xDE86      	RCALL       _Delay_1us
;__Lib_Lcd.c,169 :: 		
0x0310	0x9084      	BCF         LCD_EN, BitPos(LCD_EN+0) 
;__Lib_Lcd.c,171 :: 		
0x0312	0x8E81      	BSF         LCD_D7, BitPos(LCD_D7+0) 
;__Lib_Lcd.c,172 :: 		
0x0314	0x8C81      	BSF         LCD_D6, BitPos(LCD_D6+0) 
;__Lib_Lcd.c,173 :: 		
0x0316	0x8A81      	BSF         LCD_D5, BitPos(LCD_D5+0) 
;__Lib_Lcd.c,174 :: 		
0x0318	0x8881      	BSF         LCD_D4, BitPos(LCD_D4+0) 
;__Lib_Lcd.c,175 :: 		
0x031A	0x8084      	BSF         LCD_EN, BitPos(LCD_EN+0) 
;__Lib_Lcd.c,176 :: 		
0x031C	0xDE7F      	RCALL       _Delay_1us
;__Lib_Lcd.c,177 :: 		
0x031E	0x9084      	BCF         LCD_EN, BitPos(LCD_EN+0) 
;__Lib_Lcd.c,179 :: 		
0x0320	0xDE88      	RCALL       _Delay_5500us
;__Lib_Lcd.c,181 :: 		
0x0322	0x8025      	BSF         __Lib_Lcd_cmd_status, BitPos(__Lib_Lcd_cmd_status+0) 
;__Lib_Lcd.c,182 :: 		
L_end_Lcd_Init:
0x0324	0x0012      	RETURN      0
; end of _Lcd_Init
___CC2DW:
;__Lib_System.c,21 :: 		
;__Lib_System.c,23 :: 		
_CC2DL_Loop1:
;__Lib_System.c,24 :: 		
0x0326	0x0009      	TBLRD*+
;__Lib_System.c,25 :: 		
0x0328	0xFFE6CFF5  	MOVFF       TABLAT, POSTINC1
;__Lib_System.c,26 :: 		
0x032C	0x0600      	DECF        R0, 1, 0
;__Lib_System.c,27 :: 		
0x032E	0xE1FB      	BNZ         _CC2DL_Loop1
;__Lib_System.c,28 :: 		
0x0330	0x0601      	DECF        R1, 1, 0
;__Lib_System.c,29 :: 		
0x0332	0xE1F9      	BNZ         _CC2DL_Loop1
;__Lib_System.c,31 :: 		
L_end___CC2DW:
0x0334	0x0012      	RETURN      0
; end of ___CC2DW
_FLASH_Read:
;__Lib_FLASH_w32_e64.c,116 :: 		
;__Lib_FLASH_w32_e64.c,118 :: 		
0x0336	0xFFF6C066  	MOVFF       FARG_FLASH_Read_address, TBLPTRL
;__Lib_FLASH_w32_e64.c,119 :: 		
0x033A	0xFFF7C067  	MOVFF       FARG_FLASH_Read_address+1, TBLPTRH
;__Lib_FLASH_w32_e64.c,120 :: 		
0x033E	0xFFF8C068  	MOVFF       FARG_FLASH_Read_address+2, TBLPTRU
;__Lib_FLASH_w32_e64.c,121 :: 		
0x0342	0x0008      	TBLRD*
;__Lib_FLASH_w32_e64.c,122 :: 		
0x0344	0xF000CFF5  	MOVFF       TABLAT, R0
;__Lib_FLASH_w32_e64.c,123 :: 		
L_end_FLASH_Read:
0x0348	0x0012      	RETURN      0
; end of _FLASH_Read
_Lcd_Out_CP:
;__Lib_Lcd.c,57 :: 		
;__Lib_Lcd.c,59 :: 		
0x034A	0x6A68      	CLRF        Lcd_Out_CP_i_L0 
;__Lib_Lcd.c,60 :: 		
L_Lcd_Out_CP2:
0x034C	0x5068      	MOVF        Lcd_Out_CP_i_L0, 0 
0x034E	0x2466      	ADDWF       FARG_Lcd_Out_CP_text, 0 
0x0350	0x6EE9      	MOVWF       FSR0L 
0x0352	0x0E00      	MOVLW       0
0x0354	0x2067      	ADDWFC      FARG_Lcd_Out_CP_text+1, 0 
0x0356	0x6EEA      	MOVWF       FSR0L+1 
0x0358	0x52EE      	MOVF        POSTINC0, 1 
0x035A	0xE00B      	BZ          L_Lcd_Out_CP3
;__Lib_Lcd.c,61 :: 		
0x035C	0x5068      	MOVF        Lcd_Out_CP_i_L0, 0 
0x035E	0x2466      	ADDWF       FARG_Lcd_Out_CP_text, 0 
0x0360	0x6EE9      	MOVWF       FSR0L 
0x0362	0x0E00      	MOVLW       0
0x0364	0x2067      	ADDWFC      FARG_Lcd_Out_CP_text+1, 0 
0x0366	0x6EEA      	MOVWF       FSR0L+1 
0x0368	0xF070CFEE  	MOVFF       POSTINC0, FARG_Lcd_Chr_CP_out_char
0x036C	0xDEC6      	RCALL       _Lcd_Chr_CP
0x036E	0x2A68      	INCF        Lcd_Out_CP_i_L0, 1 
;__Lib_Lcd.c,62 :: 		
0x0370	0xD7ED      	BRA         L_Lcd_Out_CP2
L_Lcd_Out_CP3:
;__Lib_Lcd.c,63 :: 		
L_end_Lcd_Out_CP:
0x0372	0x0012      	RETURN      0
; end of _Lcd_Out_CP
_Lcd_Out:
;__Lib_Lcd.c,184 :: 		
;__Lib_Lcd.c,187 :: 		
0x0374	0xD00F      	BRA         L_Lcd_Out11
;__Lib_Lcd.c,188 :: 		
L_Lcd_Out13:
0x0376	0x0E80      	MOVLW       128
0x0378	0x6E66      	MOVWF       FARG_Lcd_Out_row 
0x037A	0xD019      	BRA         L_Lcd_Out12
;__Lib_Lcd.c,189 :: 		
L_Lcd_Out14:
0x037C	0x0EC0      	MOVLW       192
0x037E	0x6E66      	MOVWF       FARG_Lcd_Out_row 
0x0380	0xD016      	BRA         L_Lcd_Out12
;__Lib_Lcd.c,190 :: 		
L_Lcd_Out15:
0x0382	0x0E94      	MOVLW       148
0x0384	0x6E66      	MOVWF       FARG_Lcd_Out_row 
0x0386	0xD013      	BRA         L_Lcd_Out12
;__Lib_Lcd.c,191 :: 		
L_Lcd_Out16:
0x0388	0x0ED4      	MOVLW       212
0x038A	0x6E66      	MOVWF       FARG_Lcd_Out_row 
0x038C	0xD010      	BRA         L_Lcd_Out12
;__Lib_Lcd.c,192 :: 		
L_Lcd_Out17:
0x038E	0x0E80      	MOVLW       128
0x0390	0x6E66      	MOVWF       FARG_Lcd_Out_row 
;__Lib_Lcd.c,193 :: 		
0x0392	0xD00D      	BRA         L_Lcd_Out12
L_Lcd_Out11:
0x0394	0x5066      	MOVF        FARG_Lcd_Out_row, 0 
0x0396	0x0A01      	XORLW       1
0x0398	0xE0EE      	BZ          L_Lcd_Out13
0x039A	0x5066      	MOVF        FARG_Lcd_Out_row, 0 
0x039C	0x0A02      	XORLW       2
0x039E	0xE0EE      	BZ          L_Lcd_Out14
0x03A0	0x5066      	MOVF        FARG_Lcd_Out_row, 0 
0x03A2	0x0A03      	XORLW       3
0x03A4	0xE0EE      	BZ          L_Lcd_Out15
0x03A6	0x5066      	MOVF        FARG_Lcd_Out_row, 0 
0x03A8	0x0A04      	XORLW       4
0x03AA	0xE0EE      	BZ          L_Lcd_Out16
0x03AC	0xD7F0      	BRA         L_Lcd_Out17
L_Lcd_Out12:
;__Lib_Lcd.c,194 :: 		
0x03AE	0x0467      	DECF        FARG_Lcd_Out_column, 0 
0x03B0	0x6E00      	MOVWF       R0 
0x03B2	0x5066      	MOVF        FARG_Lcd_Out_row, 0 
0x03B4	0x2600      	ADDWF       R0, 1 
0x03B6	0xF066C000  	MOVFF       R0, FARG_Lcd_Out_row
;__Lib_Lcd.c,196 :: 		
0x03BA	0xF077C000  	MOVFF       R0, FARG_Lcd_Cmd_out_char
0x03BE	0xDE5F      	RCALL       _Lcd_Cmd
;__Lib_Lcd.c,197 :: 		
0x03C0	0x9025      	BCF         __Lib_Lcd_cmd_status, BitPos(__Lib_Lcd_cmd_status+0) 
;__Lib_Lcd.c,198 :: 		
0x03C2	0x6A6A      	CLRF        Lcd_Out_i_L0 
;__Lib_Lcd.c,199 :: 		
L_Lcd_Out18:
0x03C4	0x506A      	MOVF        Lcd_Out_i_L0, 0 
0x03C6	0x2468      	ADDWF       FARG_Lcd_Out_text, 0 
0x03C8	0x6EE9      	MOVWF       FSR0L 
0x03CA	0x0E00      	MOVLW       0
0x03CC	0x2069      	ADDWFC      FARG_Lcd_Out_text+1, 0 
0x03CE	0x6EEA      	MOVWF       FSR0L+1 
0x03D0	0x52EE      	MOVF        POSTINC0, 1 
0x03D2	0xE00B      	BZ          L_Lcd_Out19
;__Lib_Lcd.c,200 :: 		
0x03D4	0x506A      	MOVF        Lcd_Out_i_L0, 0 
0x03D6	0x2468      	ADDWF       FARG_Lcd_Out_text, 0 
0x03D8	0x6EE9      	MOVWF       FSR0L 
0x03DA	0x0E00      	MOVLW       0
0x03DC	0x2069      	ADDWFC      FARG_Lcd_Out_text+1, 0 
0x03DE	0x6EEA      	MOVWF       FSR0L+1 
0x03E0	0xF070CFEE  	MOVFF       POSTINC0, FARG_Lcd_Chr_CP_out_char
0x03E4	0xDE8A      	RCALL       _Lcd_Chr_CP
0x03E6	0x2A6A      	INCF        Lcd_Out_i_L0, 1 
0x03E8	0xD7ED      	BRA         L_Lcd_Out18
L_Lcd_Out19:
;__Lib_Lcd.c,201 :: 		
0x03EA	0x8025      	BSF         __Lib_Lcd_cmd_status, BitPos(__Lib_Lcd_cmd_status+0) 
;__Lib_Lcd.c,202 :: 		
L_end_Lcd_Out:
0x03EC	0x0012      	RETURN      0
; end of _Lcd_Out
_FLASH_Erase_Write_64:
;__Lib_FLASH_w32_e64.c,66 :: 		
;__Lib_FLASH_w32_e64.c,70 :: 		
0x03EE	0xF003CFF2  	MOVFF       INTCON, R3
;__Lib_FLASH_w32_e64.c,71 :: 		
0x03F2	0x9EF2      	BCF         INTCON, 7 
;__Lib_FLASH_w32_e64.c,72 :: 		
0x03F4	0xFFF6C066  	MOVFF       FARG_FLASH_Erase_Write_64_address, TBLPTRL
;__Lib_FLASH_w32_e64.c,73 :: 		
0x03F8	0xFFF7C067  	MOVFF       FARG_FLASH_Erase_Write_64_address+1, TBLPTRH
;__Lib_FLASH_w32_e64.c,74 :: 		
0x03FC	0xFFF8C068  	MOVFF       FARG_FLASH_Erase_Write_64_address+2, TBLPTRU
;__Lib_FLASH_w32_e64.c,75 :: 		
0x0400	0x8EA6      	BSF         EECON1, 7 
;__Lib_FLASH_w32_e64.c,76 :: 		
0x0402	0x0EBF      	MOVLW       191
0x0404	0x16A6      	ANDWF       EECON1, 1 
;__Lib_FLASH_w32_e64.c,77 :: 		
0x0406	0x84A6      	BSF         EECON1, 2 
;__Lib_FLASH_w32_e64.c,78 :: 		
0x0408	0x88A6      	BSF         EECON1, 4 
;__Lib_FLASH_w32_e64.c,79 :: 		
0x040A	0x0E55      	MOVLW       85
0x040C	0x6EA7      	MOVWF       EECON2 
;__Lib_FLASH_w32_e64.c,80 :: 		
0x040E	0x0EAA      	MOVLW       170
0x0410	0x6EA7      	MOVWF       EECON2 
;__Lib_FLASH_w32_e64.c,81 :: 		
0x0412	0x82A6      	BSF         EECON1, 1 
;__Lib_FLASH_w32_e64.c,83 :: 		
0x0414	0x0000      	NOP
;__Lib_FLASH_w32_e64.c,84 :: 		
0x0416	0x000A      	TBLRD*-
;__Lib_FLASH_w32_e64.c,85 :: 		
0x0418	0x0000      	NOP
;__Lib_FLASH_w32_e64.c,87 :: 		
0x041A	0x6A02      	CLRF        R2 
;__Lib_FLASH_w32_e64.c,88 :: 		
0x041C	0xFFE9C06A  	MOVFF       FARG_FLASH_Erase_Write_64_data_, FSR0
0x0420	0xFFEAC06B  	MOVFF       FARG_FLASH_Erase_Write_64_data_+1, FSR0+1
;__Lib_FLASH_w32_e64.c,89 :: 		
L_FLASH_Erase_Write_642:
0x0424	0x0E02      	MOVLW       2
0x0426	0x5C02      	SUBWF       R2, 0 
0x0428	0xE216      	BC          L_FLASH_Erase_Write_643
;__Lib_FLASH_w32_e64.c,91 :: 		
0x042A	0x6A01      	CLRF        R1 
;__Lib_FLASH_w32_e64.c,92 :: 		
L_FLASH_Erase_Write_644:
0x042C	0x0E20      	MOVLW       32
0x042E	0x5C01      	SUBWF       R1, 0 
0x0430	0xE207      	BC          L_FLASH_Erase_Write_645
;__Lib_FLASH_w32_e64.c,94 :: 		
0x0432	0xFFF5CFEE  	MOVFF       POSTINC0, TABLAT
;__Lib_FLASH_w32_e64.c,96 :: 		
0x0436	0x0000      	NOP
;__Lib_FLASH_w32_e64.c,97 :: 		
0x0438	0x000F      	TBLWT+*
;__Lib_FLASH_w32_e64.c,98 :: 		
0x043A	0x0000      	NOP
;__Lib_FLASH_w32_e64.c,100 :: 		
0x043C	0x2A01      	INCF        R1, 1 
;__Lib_FLASH_w32_e64.c,101 :: 		
0x043E	0xD7F6      	BRA         L_FLASH_Erase_Write_644
L_FLASH_Erase_Write_645:
;__Lib_FLASH_w32_e64.c,102 :: 		
0x0440	0x8EA6      	BSF         EECON1, 7 
;__Lib_FLASH_w32_e64.c,103 :: 		
0x0442	0x0EBF      	MOVLW       191
0x0444	0x16A6      	ANDWF       EECON1, 1 
;__Lib_FLASH_w32_e64.c,104 :: 		
0x0446	0x84A6      	BSF         EECON1, 2 
;__Lib_FLASH_w32_e64.c,105 :: 		
0x0448	0x0E55      	MOVLW       85
0x044A	0x6EA7      	MOVWF       EECON2 
;__Lib_FLASH_w32_e64.c,106 :: 		
0x044C	0x0EAA      	MOVLW       170
0x044E	0x6EA7      	MOVWF       EECON2 
;__Lib_FLASH_w32_e64.c,107 :: 		
0x0450	0x82A6      	BSF         EECON1, 1 
;__Lib_FLASH_w32_e64.c,108 :: 		
0x0452	0x2A02      	INCF        R2, 1 
;__Lib_FLASH_w32_e64.c,109 :: 		
0x0454	0xD7E7      	BRA         L_FLASH_Erase_Write_642
L_FLASH_Erase_Write_643:
;__Lib_FLASH_w32_e64.c,110 :: 		
0x0456	0x94A6      	BCF         EECON1, 2 
;__Lib_FLASH_w32_e64.c,111 :: 		
0x0458	0xBE03      	BTFSC       R3, 7 
0x045A	0xD002      	BRA         L__FLASH_Erase_Write_6415
0x045C	0x9EF2      	BCF         INTCON, 7 
0x045E	0xD001      	BRA         L__FLASH_Erase_Write_6416
L__FLASH_Erase_Write_6415:
0x0460	0x8EF2      	BSF         INTCON, 7 
L__FLASH_Erase_Write_6416:
;__Lib_FLASH_w32_e64.c,112 :: 		
L_end_FLASH_Erase_Write_64:
0x0462	0x0012      	RETURN      0
; end of _FLASH_Erase_Write_64
_main:
0x0464	0x0E43      	MOVLW       67
0x0466	0x6E15      	MOVWF       ?lstr1_Contador_flash 
0x0468	0x0E6F      	MOVLW       111
0x046A	0x6E16      	MOVWF       22 
0x046C	0x0E6E      	MOVLW       110
0x046E	0x6E17      	MOVWF       23 
0x0470	0x0E74      	MOVLW       116
0x0472	0x6E18      	MOVWF       24 
0x0474	0x0E61      	MOVLW       97
0x0476	0x6E19      	MOVWF       25 
0x0478	0x0E3D      	MOVLW       61
0x047A	0x6E1A      	MOVWF       26 
0x047C	0x6A1B      	CLRF        27 
0x047E	0x6A1C      	CLRF        _conta 
0x0480	0x6A1D      	CLRF        29 
;Contador_flash.c,21 :: 		void main() {
;Contador_flash.c,22 :: 		lcd_init();
0x0482	0xDF06      	RCALL       _Lcd_Init
;Contador_flash.c,23 :: 		lcd_cmd(_lcd_cursor_off);
0x0484	0x0E0C      	MOVLW       12
0x0486	0x6E77      	MOVWF       FARG_Lcd_Cmd_out_char 
0x0488	0xDDFA      	RCALL       _Lcd_Cmd
;Contador_flash.c,24 :: 		lcd_cmd(_lcd_clear);
0x048A	0x0E01      	MOVLW       1
0x048C	0x6E77      	MOVWF       FARG_Lcd_Cmd_out_char 
0x048E	0xDDF7      	RCALL       _Lcd_Cmd
;Contador_flash.c,25 :: 		setup_inicial();
0x0490	0xDEEE      	RCALL       _setup_inicial
;Contador_flash.c,26 :: 		conta = flash_read(0x7f00);
0x0492	0x0E00      	MOVLW       0
0x0494	0x6E66      	MOVWF       FARG_FLASH_Read_address 
0x0496	0x0E7F      	MOVLW       127
0x0498	0x6E67      	MOVWF       FARG_FLASH_Read_address+1 
0x049A	0x0E00      	MOVLW       0
0x049C	0x6E68      	MOVWF       FARG_FLASH_Read_address+2 
0x049E	0x6E69      	MOVWF       FARG_FLASH_Read_address+3 
0x04A0	0xDF4A      	RCALL       _FLASH_Read
0x04A2	0xF01CC000  	MOVFF       R0, _conta
0x04A6	0x0E00      	MOVLW       0
0x04A8	0x6E1D      	MOVWF       _conta+1 
;Contador_flash.c,27 :: 		while(1){
L_main0:
;Contador_flash.c,28 :: 		if(rb0_bit == 0){
0x04AA	0xB081      	BTFSC       RB0_bit, BitPos(RB0_bit+0) 
0x04AC	0xD023      	BRA         L_main2
;Contador_flash.c,29 :: 		while(rb0_bit == 0)delay_ms(100);
L_main3:
0x04AE	0xB081      	BTFSC       RB0_bit, BitPos(RB0_bit+0) 
0x04B0	0xD00F      	BRA         L_main4
0x04B2	0x0E03      	MOVLW       3
0x04B4	0x6E0B      	MOVWF       R11, 0
0x04B6	0x0E8A      	MOVLW       138
0x04B8	0x6E0C      	MOVWF       R12, 0
0x04BA	0x0E55      	MOVLW       85
0x04BC	0x6E0D      	MOVWF       R13, 0
L_main5:
0x04BE	0x2E0D      	DECFSZ      R13, 1, 0
0x04C0	0xD7FE      	BRA         L_main5
0x04C2	0x2E0C      	DECFSZ      R12, 1, 0
0x04C4	0xD7FC      	BRA         L_main5
0x04C6	0x2E0B      	DECFSZ      R11, 1, 0
0x04C8	0xD7FA      	BRA         L_main5
0x04CA	0x0000      	NOP
0x04CC	0x0000      	NOP
0x04CE	0xD7EF      	BRA         L_main3
L_main4:
;Contador_flash.c,30 :: 		conta ++;
0x04D0	0x4A1C      	INFSNZ      _conta, 1 
0x04D2	0x2A1D      	INCF        _conta+1, 1 
;Contador_flash.c,31 :: 		vetor[0] = conta;
0x04D4	0xF026C01C  	MOVFF       _conta, _vetor
0x04D8	0xF027C01D  	MOVFF       _conta+1, _vetor+1
;Contador_flash.c,32 :: 		flash_erase_write_64(0x7f00,vetor);
0x04DC	0x0E00      	MOVLW       0
0x04DE	0x6E66      	MOVWF       FARG_FLASH_Erase_Write_64_address 
0x04E0	0x0E7F      	MOVLW       127
0x04E2	0x6E67      	MOVWF       FARG_FLASH_Erase_Write_64_address+1 
0x04E4	0x0E00      	MOVLW       0
0x04E6	0x6E68      	MOVWF       FARG_FLASH_Erase_Write_64_address+2 
0x04E8	0x6E69      	MOVWF       FARG_FLASH_Erase_Write_64_address+3 
0x04EA	0x0E26      	MOVLW       _vetor
0x04EC	0x6E6A      	MOVWF       FARG_FLASH_Erase_Write_64_data_ 
0x04EE	0x0E00      	MOVLW       hi_addr(_vetor)
0x04F0	0x6E6B      	MOVWF       FARG_FLASH_Erase_Write_64_data_+1 
0x04F2	0xDF7D      	RCALL       _FLASH_Erase_Write_64
;Contador_flash.c,33 :: 		}
L_main2:
;Contador_flash.c,34 :: 		if(rb1_bit == 0){
0x04F4	0xB281      	BTFSC       RB1_bit, BitPos(RB1_bit+0) 
0x04F6	0xD025      	BRA         L_main6
;Contador_flash.c,35 :: 		while(rb1_bit == 0)delay_ms(100);
L_main7:
0x04F8	0xB281      	BTFSC       RB1_bit, BitPos(RB1_bit+0) 
0x04FA	0xD00F      	BRA         L_main8
0x04FC	0x0E03      	MOVLW       3
0x04FE	0x6E0B      	MOVWF       R11, 0
0x0500	0x0E8A      	MOVLW       138
0x0502	0x6E0C      	MOVWF       R12, 0
0x0504	0x0E55      	MOVLW       85
0x0506	0x6E0D      	MOVWF       R13, 0
L_main9:
0x0508	0x2E0D      	DECFSZ      R13, 1, 0
0x050A	0xD7FE      	BRA         L_main9
0x050C	0x2E0C      	DECFSZ      R12, 1, 0
0x050E	0xD7FC      	BRA         L_main9
0x0510	0x2E0B      	DECFSZ      R11, 1, 0
0x0512	0xD7FA      	BRA         L_main9
0x0514	0x0000      	NOP
0x0516	0x0000      	NOP
0x0518	0xD7EF      	BRA         L_main7
L_main8:
;Contador_flash.c,36 :: 		conta --;
0x051A	0x0E01      	MOVLW       1
0x051C	0x5E1C      	SUBWF       _conta, 1 
0x051E	0x0E00      	MOVLW       0
0x0520	0x5A1D      	SUBWFB      _conta+1, 1 
;Contador_flash.c,37 :: 		vetor[0] = conta;
0x0522	0xF026C01C  	MOVFF       _conta, _vetor
0x0526	0xF027C01D  	MOVFF       _conta+1, _vetor+1
;Contador_flash.c,38 :: 		flash_erase_write_64(0x7f00,vetor);
0x052A	0x0E00      	MOVLW       0
0x052C	0x6E66      	MOVWF       FARG_FLASH_Erase_Write_64_address 
0x052E	0x0E7F      	MOVLW       127
0x0530	0x6E67      	MOVWF       FARG_FLASH_Erase_Write_64_address+1 
0x0532	0x0E00      	MOVLW       0
0x0534	0x6E68      	MOVWF       FARG_FLASH_Erase_Write_64_address+2 
0x0536	0x6E69      	MOVWF       FARG_FLASH_Erase_Write_64_address+3 
0x0538	0x0E26      	MOVLW       _vetor
0x053A	0x6E6A      	MOVWF       FARG_FLASH_Erase_Write_64_data_ 
0x053C	0x0E00      	MOVLW       hi_addr(_vetor)
0x053E	0x6E6B      	MOVWF       FARG_FLASH_Erase_Write_64_data_+1 
0x0540	0xDF56      	RCALL       _FLASH_Erase_Write_64
;Contador_flash.c,39 :: 		}
L_main6:
;Contador_flash.c,40 :: 		if(rb2_bit == 0){
0x0542	0xB481      	BTFSC       RB2_bit, BitPos(RB2_bit+0) 
0x0544	0xD021      	BRA         L_main10
;Contador_flash.c,41 :: 		while(rb2_bit == 0)delay_ms(100);
L_main11:
0x0546	0xB481      	BTFSC       RB2_bit, BitPos(RB2_bit+0) 
0x0548	0xD00F      	BRA         L_main12
0x054A	0x0E03      	MOVLW       3
0x054C	0x6E0B      	MOVWF       R11, 0
0x054E	0x0E8A      	MOVLW       138
0x0550	0x6E0C      	MOVWF       R12, 0
0x0552	0x0E55      	MOVLW       85
0x0554	0x6E0D      	MOVWF       R13, 0
L_main13:
0x0556	0x2E0D      	DECFSZ      R13, 1, 0
0x0558	0xD7FE      	BRA         L_main13
0x055A	0x2E0C      	DECFSZ      R12, 1, 0
0x055C	0xD7FC      	BRA         L_main13
0x055E	0x2E0B      	DECFSZ      R11, 1, 0
0x0560	0xD7FA      	BRA         L_main13
0x0562	0x0000      	NOP
0x0564	0x0000      	NOP
0x0566	0xD7EF      	BRA         L_main11
L_main12:
;Contador_flash.c,43 :: 		conta = 0;
0x0568	0x6A1C      	CLRF        _conta 
0x056A	0x6A1D      	CLRF        _conta+1 
;Contador_flash.c,44 :: 		vetor[0] = conta;
0x056C	0x6A26      	CLRF        _vetor 
0x056E	0x6A27      	CLRF        _vetor+1 
;Contador_flash.c,45 :: 		flash_erase_write_64(0x7f00,vetor);
0x0570	0x0E00      	MOVLW       0
0x0572	0x6E66      	MOVWF       FARG_FLASH_Erase_Write_64_address 
0x0574	0x0E7F      	MOVLW       127
0x0576	0x6E67      	MOVWF       FARG_FLASH_Erase_Write_64_address+1 
0x0578	0x0E00      	MOVLW       0
0x057A	0x6E68      	MOVWF       FARG_FLASH_Erase_Write_64_address+2 
0x057C	0x6E69      	MOVWF       FARG_FLASH_Erase_Write_64_address+3 
0x057E	0x0E26      	MOVLW       _vetor
0x0580	0x6E6A      	MOVWF       FARG_FLASH_Erase_Write_64_data_ 
0x0582	0x0E00      	MOVLW       hi_addr(_vetor)
0x0584	0x6E6B      	MOVWF       FARG_FLASH_Erase_Write_64_data_+1 
0x0586	0xDF33      	RCALL       _FLASH_Erase_Write_64
;Contador_flash.c,46 :: 		}
L_main10:
;Contador_flash.c,47 :: 		lcd_out(1,1,"Conta=");
0x0588	0x0E01      	MOVLW       1
0x058A	0x6E66      	MOVWF       FARG_Lcd_Out_row 
0x058C	0x0E01      	MOVLW       1
0x058E	0x6E67      	MOVWF       FARG_Lcd_Out_column 
0x0590	0x0E15      	MOVLW       ?lstr1_Contador_flash
0x0592	0x6E68      	MOVWF       FARG_Lcd_Out_text 
0x0594	0x0E00      	MOVLW       hi_addr(?lstr1_Contador_flash)
0x0596	0x6E69      	MOVWF       FARG_Lcd_Out_text+1 
0x0598	0xDEED      	RCALL       _Lcd_Out
;Contador_flash.c,48 :: 		inttostr(conta,txt);
0x059A	0xF066C01C  	MOVFF       _conta, FARG_IntToStr_input
0x059E	0xF067C01D  	MOVFF       _conta+1, FARG_IntToStr_input+1
0x05A2	0x0E1E      	MOVLW       _txt
0x05A4	0x6E68      	MOVWF       FARG_IntToStr_output 
0x05A6	0x0E00      	MOVLW       hi_addr(_txt)
0x05A8	0x6E69      	MOVWF       FARG_IntToStr_output+1 
0x05AA	0xDDF5      	RCALL       _IntToStr
;Contador_flash.c,49 :: 		lcd_out_cp(txt);
0x05AC	0x0E1E      	MOVLW       _txt
0x05AE	0x6E66      	MOVWF       FARG_Lcd_Out_CP_text 
0x05B0	0x0E00      	MOVLW       hi_addr(_txt)
0x05B2	0x6E67      	MOVWF       FARG_Lcd_Out_CP_text+1 
0x05B4	0xDECA      	RCALL       _Lcd_Out_CP
;Contador_flash.c,50 :: 		}
0x05B6	0xD779      	BRA         L_main0
;Contador_flash.c,51 :: 		}
L_end_main:
0x05B8	0xD7FF      	BRA         $+0
; end of _main
Symbol List:
//** Routines locations **
//ADDRESS    SIZE    PROCEDURE
//----------------------------------------------
0x001C      [12]    _Delay_1us
0x0028      [10]    _Delay_50us
0x0032      [22]    _Delay_5500us
0x0048      [54]    _Div_16X16_U
0x007E     [124]    _Lcd_Cmd
0x00FA      [12]    _Lcd_Chr_CP
0x0106     [144]    _WordToStr
0x0196     [216]    _IntToStr
0x026E      [34]    _setup_inicial
0x0290     [150]    _Lcd_Init
0x0326      [16]    ___CC2DW
0x0336      [20]    _FLASH_Read
0x034A      [42]    _Lcd_Out_CP
0x0374     [122]    _Lcd_Out
0x03EE     [118]    _FLASH_Erase_Write_64
0x0464     [342]    _main
//** Variables locations ** 
//ADDRESS    SIZE    VARIABLE
//----------------------------------------------
0x0000       [1]    FLASH_Erase_64_SaveINTCON_L0
0x0000       [1]    R0
0x0001       [1]    FLASH_Erase_Write_64_i_L0
0x0001       [1]    FLASH_Write_32_i_L0
0x0001       [2]    FLASH_Read_N_Bytes_i_L0
0x0001       [1]    R1
0x0001       [1]    __Lib_Conversions_Adjust_Hex_tmp_L0
0x0002       [2]    memcpy_dd_L0
0x0002       [2]    memchr_s_L0
0x0002       [1]    FLASH_Erase_Write_64_j_L0
0x0002       [2]    strlen_cp_L0
0x0002       [2]    memset_pp_L0
0x0002       [1]    R2
0x0002       [1]    FLASH_Write_32_SaveINTCON_L0
0x0003       [2]    memmove_tt_L0
0x0003       [1]    FLASH_Erase_Write_64_SaveINTCON_L0
0x0003       [2]    Ltrim_original_L0
0x0003       [1]    R3
0x0004       [2]    memcpy_ss_L0
0x0004       [1]    R4
0x0004       [2]    strncat_cp_L0
0x0004       [2]    strncpy_cp_L0
0x0004       [2]    strcat_cp_L0
0x0004       [2]    strcpy_cp_L0
0x0005       [2]    memmove_ff_L0
0x0005       [2]    LongWordToHex_input_half_L0
0x0005       [1]    R5
0x0005       [2]    LongIntToHex_input_half_L0
0x0005       [2]    Ltrim_p_L0
0x0006       [1]    R6
0x0007       [1]    R7
0x0008       [1]    R8
0x0009       [1]    R9
0x000A       [1]    R10
0x000B       [1]    R11
0x000C       [1]    R12
0x000D       [1]    R13
0x000E       [1]    R14
0x000F       [1]    R15
0x0010       [1]    R16
0x0011       [1]    R17
0x0012       [1]    R18
0x0013       [1]    R19
0x0014       [1]    R20
0x0015       [7]    ?lstr1_Contador_flash
0x001C       [2]    _conta
0x001E       [7]    _txt
0x0025       [0]    __Lib_Lcd_cmd_status
0x0026      [64]    _vetor
0x0066       [4]    FARG_FLASH_Erase_Write_64_address
0x0066       [2]    FARG_IntToStr_input
0x0066       [4]    FARG_FLASH_Read_address
0x0066       [1]    FARG_Lcd_Out_row
0x0066       [2]    FARG_Lcd_Out_CP_text
0x0067       [1]    FARG_Lcd_Out_column
0x0068       [1]    Lcd_Out_CP_i_L0
0x0068       [2]    FARG_IntToStr_output
0x0068       [2]    FARG_Lcd_Out_text
0x006A       [1]    Lcd_Out_i_L0
0x006A       [2]    FARG_FLASH_Erase_Write_64_data_
0x006A       [2]    IntToStr_i_L0
0x006C       [2]    IntToStr_negative_L0
0x006E       [2]    IntToStr_inword_L0
0x0070       [2]    FARG_WordToStr_input
0x0070       [1]    FARG_Lcd_Chr_CP_out_char
0x0072       [2]    FARG_WordToStr_output
0x0074       [1]    WordToStr_len_L0
0x0075       [2]    FLOC__WordToStr
0x0077       [1]    FARG_Lcd_Cmd_out_char
0x0F80       [1]    PORTA
0x0F81       [0]    LCD_D4
0x0F81       [0]    LCD_D5
0x0F81       [0]    LCD_D7
0x0F81       [0]    LCD_D6
0x0F81       [0]    RB4_bit
0x0F81       [0]    RB7_bit
0x0F81       [0]    RB6_bit
0x0F81       [1]    PORTB
0x0F81       [0]    RB1_bit
0x0F81       [0]    RB0_bit
0x0F81       [0]    RB2_bit
0x0F81       [0]    RB5_bit
0x0F82       [1]    PORTC
0x0F83       [1]    PORTD
0x0F84       [0]    RE1_bit
0x0F84       [0]    RE0_bit
0x0F84       [0]    LCD_RS
0x0F84       [0]    LCD_EN
0x0F84       [1]    PORTE
0x0F92       [1]    TRISA
0x0F93       [0]    TRISB4_bit
0x0F93       [0]    TRISB5_bit
0x0F93       [0]    LCD_D5_Direction
0x0F93       [0]    LCD_D4_Direction
0x0F93       [0]    LCD_D7_Direction
0x0F93       [0]    LCD_D6_Direction
0x0F93       [0]    TRISB6_bit
0x0F93       [1]    TRISB
0x0F93       [0]    TRISB7_bit
0x0F94       [1]    TRISC
0x0F95       [1]    TRISD
0x0F96       [0]    TRISE0_bit
0x0F96       [1]    TRISE
0x0F96       [0]    LCD_EN_Direction
0x0F96       [0]    TRISE1_bit
0x0F96       [0]    LCD_RS_Direction
0x0FA6       [1]    EECON1
0x0FA7       [1]    EECON2
0x0FB4       [1]    CMCON
0x0FC1       [1]    ADCON1
0x0FD8       [1]    STATUS
0x0FD9       [1]    FSR2L
0x0FDA       [1]    FSR2H
0x0FDE       [1]    POSTINC2
0x0FE0       [1]    BSR
0x0FE1       [1]    FSR1L
0x0FE2       [1]    FSR1H
0x0FE4       [1]    PREINC1
0x0FE6       [1]    POSTINC1
0x0FE7       [1]    INDF1
0x0FE8       [1]    WREG
0x0FE9       [2]    FSR0
0x0FE9       [1]    FSR0L
0x0FEA       [1]    FSR0H
0x0FEE       [1]    POSTINC0
0x0FF1       [1]    INTCON2
0x0FF2       [1]    INTCON
0x0FF3       [1]    PRODL
0x0FF4       [1]    PRODH
0x0FF5       [1]    TABLAT
0x0FF6       [1]    TBLPTRL
0x0FF6       [3]    TBLPTR
0x0FF7       [1]    TBLPTRH
0x0FF8       [1]    TBLPTRU
