;  LST file generated by mikroListExporter - v.2.0 
; Date/Time: 8/13/2024 8:35:52 PM
;----------------------------------------------

;Address Opcode 	ASM
0x0000	0xF000EF0E  	GOTO        28
0x0004	0x0000      	NOP
0x0006	0x0000      	NOP
0x0008	0xF000EF00  	GOTO        0
0x000C	0x0000      	NOP
0x000E	0x0000      	NOP
0x0010	0x0000      	NOP
0x0012	0x0000      	NOP
0x0014	0x0000      	NOP
0x0016	0x0000      	NOP
0x0018	0xD7F3      	BRA         0
_main:
;leituraChaves.c,1 :: 		void main() {
;leituraChaves.c,2 :: 		porta = 0; // Desliga a porta
0x001C	0x6A80      	CLRF        PORTA 
;leituraChaves.c,3 :: 		trisa = 48; // Configura RA4 3 RA5 como entrada
0x001E	0x0E30      	MOVLW       48
0x0020	0x6E92      	MOVWF       TRISA 
;leituraChaves.c,4 :: 		portc = 0; // Desliga o portc
0x0022	0x6A82      	CLRF        PORTC 
;leituraChaves.c,5 :: 		trisc = 0; // Configura portc como saida
0x0024	0x6A94      	CLRF        TRISC 
;leituraChaves.c,6 :: 		cmcon = 7; // Comparadores desligados
0x0026	0x0E07      	MOVLW       7
0x0028	0x6EB4      	MOVWF       CMCON 
;leituraChaves.c,7 :: 		adcon1 = 15; // Todas as saidas
0x002A	0x0E0F      	MOVLW       15
0x002C	0x6EC1      	MOVWF       ADCON1 
;leituraChaves.c,8 :: 		while(1){
L_main0:
;leituraChaves.c,9 :: 		if(ra4_bit == 1){
0x002E	0xA880      	BTFSS       RA4_bit, BitPos(RA4_bit+0) 
0x0030	0xD013      	BRA         L_main2
;leituraChaves.c,10 :: 		while(ra4_bit == 1)delay_ms(100);
L_main3:
0x0032	0xA880      	BTFSS       RA4_bit, BitPos(RA4_bit+0) 
0x0034	0xD00F      	BRA         L_main4
0x0036	0x0E03      	MOVLW       3
0x0038	0x6E0B      	MOVWF       R11, 0
0x003A	0x0E8A      	MOVLW       138
0x003C	0x6E0C      	MOVWF       R12, 0
0x003E	0x0E55      	MOVLW       85
0x0040	0x6E0D      	MOVWF       R13, 0
L_main5:
0x0042	0x2E0D      	DECFSZ      R13, 1, 0
0x0044	0xD7FE      	BRA         L_main5
0x0046	0x2E0C      	DECFSZ      R12, 1, 0
0x0048	0xD7FC      	BRA         L_main5
0x004A	0x2E0B      	DECFSZ      R11, 1, 0
0x004C	0xD7FA      	BRA         L_main5
0x004E	0x0000      	NOP
0x0050	0x0000      	NOP
0x0052	0xD7EF      	BRA         L_main3
L_main4:
;leituraChaves.c,12 :: 		portc = 4;// liga apenas RC2
0x0054	0x0E04      	MOVLW       4
0x0056	0x6E82      	MOVWF       PORTC 
;leituraChaves.c,13 :: 		}
L_main2:
;leituraChaves.c,14 :: 		if(ra5_bit == 1){
0x0058	0xAA80      	BTFSS       RA5_bit, BitPos(RA5_bit+0) 
0x005A	0xD01F      	BRA         L_main6
;leituraChaves.c,15 :: 		delay_ms(1000);
0x005C	0x0E1A      	MOVLW       26
0x005E	0x6E0B      	MOVWF       R11, 0
0x0060	0x0E5E      	MOVLW       94
0x0062	0x6E0C      	MOVWF       R12, 0
0x0064	0x0E6E      	MOVLW       110
0x0066	0x6E0D      	MOVWF       R13, 0
L_main7:
0x0068	0x2E0D      	DECFSZ      R13, 1, 0
0x006A	0xD7FE      	BRA         L_main7
0x006C	0x2E0C      	DECFSZ      R12, 1, 0
0x006E	0xD7FC      	BRA         L_main7
0x0070	0x2E0B      	DECFSZ      R11, 1, 0
0x0072	0xD7FA      	BRA         L_main7
0x0074	0x0000      	NOP
;leituraChaves.c,16 :: 		while(ra5_bit == 1)delay_ms(100);
L_main8:
0x0076	0xAA80      	BTFSS       RA5_bit, BitPos(RA5_bit+0) 
0x0078	0xD00F      	BRA         L_main9
0x007A	0x0E03      	MOVLW       3
0x007C	0x6E0B      	MOVWF       R11, 0
0x007E	0x0E8A      	MOVLW       138
0x0080	0x6E0C      	MOVWF       R12, 0
0x0082	0x0E55      	MOVLW       85
0x0084	0x6E0D      	MOVWF       R13, 0
L_main10:
0x0086	0x2E0D      	DECFSZ      R13, 1, 0
0x0088	0xD7FE      	BRA         L_main10
0x008A	0x2E0C      	DECFSZ      R12, 1, 0
0x008C	0xD7FC      	BRA         L_main10
0x008E	0x2E0B      	DECFSZ      R11, 1, 0
0x0090	0xD7FA      	BRA         L_main10
0x0092	0x0000      	NOP
0x0094	0x0000      	NOP
0x0096	0xD7EF      	BRA         L_main8
L_main9:
;leituraChaves.c,17 :: 		portc = 0;
0x0098	0x6A82      	CLRF        PORTC 
;leituraChaves.c,18 :: 		}
L_main6:
;leituraChaves.c,19 :: 		}
0x009A	0xD7C9      	BRA         L_main0
;leituraChaves.c,20 :: 		}
L_end_main:
0x009C	0xD7FF      	BRA         $+0
; end of _main
Symbol List:
//** Routines locations **
//ADDRESS    SIZE    PROCEDURE
//----------------------------------------------
0x001C     [130]    _main
//** Variables locations ** 
//ADDRESS    SIZE    VARIABLE
//----------------------------------------------
0x0000       [1]    R0
0x0001       [1]    R1
0x0002       [1]    R2
0x0003       [1]    R3
0x0004       [1]    R4
0x0005       [1]    R5
0x0006       [1]    R6
0x0007       [1]    R7
0x0008       [1]    R8
0x0009       [1]    R9
0x000A       [1]    R10
0x000B       [1]    R11
0x000C       [1]    R12
0x000D       [1]    R13
0x000E       [1]    R14
0x000F       [1]    R15
0x0010       [1]    R16
0x0011       [1]    R17
0x0012       [1]    R18
0x0013       [1]    R19
0x0014       [1]    R20
0x0F80       [0]    RA4_bit
0x0F80       [1]    PORTA
0x0F80       [0]    RA5_bit
0x0F82       [1]    PORTC
0x0F92       [1]    TRISA
0x0F94       [1]    TRISC
0x0FB4       [1]    CMCON
0x0FC1       [1]    ADCON1
0x0FD8       [1]    STATUS
0x0FD9       [1]    FSR2L
0x0FDA       [1]    FSR2H
0x0FDE       [1]    POSTINC2
0x0FE0       [1]    BSR
0x0FE1       [1]    FSR1L
0x0FE2       [1]    FSR1H
0x0FE4       [1]    PREINC1
0x0FE6       [1]    POSTINC1
0x0FE7       [1]    INDF1
0x0FE8       [1]    WREG
0x0FE9       [1]    FSR0L
0x0FEA       [1]    FSR0H
0x0FEE       [1]    POSTINC0
0x0FF3       [1]    PRODL
0x0FF4       [1]    PRODH
0x0FF5       [1]    TABLAT
0x0FF6       [1]    TBLPTRL
0x0FF7       [1]    TBLPTRH
0x0FF8       [1]    TBLPTRU
