;  LST file generated by mikroListExporter - v.2.0 
; Date/Time: 10/8/2024 7:40:51 PM
;----------------------------------------------

;Address Opcode 	ASM
0x0000	0xF003EF0F  	GOTO        1566
_interrupt:
;trabalhodoToni.c,98 :: 		void interrupt(){
0x0008	0xF015C000  	MOVFF       R0, 21
;trabalhodoToni.c,99 :: 		if(tmr0if_bit == 1){
0x000C	0xA4F2      	BTFSS       TMR0IF_bit, BitPos(TMR0IF_bit+0) 
0x000E	0xD00D      	BRA         L_interrupt23
;trabalhodoToni.c,100 :: 		tmr0if_bit = 0;
0x0010	0x94F2      	BCF         TMR0IF_bit, BitPos(TMR0IF_bit+0) 
;trabalhodoToni.c,101 :: 		contador ++;
0x0012	0x4A47      	INFSNZ      _contador, 1 
0x0014	0x2A48      	INCF        _contador+1, 1 
;trabalhodoToni.c,102 :: 		if(contador == 122){
0x0016	0x0E00      	MOVLW       0
0x0018	0x1848      	XORWF       _contador+1, 0 
0x001A	0xE102      	BNZ         L__interrupt51
0x001C	0x0E7A      	MOVLW       122
0x001E	0x1847      	XORWF       _contador, 0 
L__interrupt51:
0x0020	0xE104      	BNZ         L_interrupt24
;trabalhodoToni.c,104 :: 		contador = 0;
0x0022	0x6A47      	CLRF        _contador 
0x0024	0x6A48      	CLRF        _contador+1 
;trabalhodoToni.c,105 :: 		segundo ++;
0x0026	0x4A1A      	INFSNZ      _segundo, 1 
0x0028	0x2A1B      	INCF        _segundo+1, 1 
;trabalhodoToni.c,106 :: 		}
L_interrupt24:
;trabalhodoToni.c,107 :: 		}
L_interrupt23:
;trabalhodoToni.c,108 :: 		}
L_end_interrupt:
L__interrupt50:
0x002A	0xF000C015  	MOVFF       21, R0
0x002E	0x0011      	RETFIE      1
; end of _interrupt
_Delay_5500us:
;__Lib_Delays.c,31 :: 		void Delay_5500us() {
;__Lib_Delays.c,32 :: 		Delay_us(5500);
0x0030	0x0E24      	MOVLW       36
0x0032	0x6E0C      	MOVWF       R12, 0
0x0034	0x0EB5      	MOVLW       181
0x0036	0x6E0D      	MOVWF       R13, 0
L_Delay_5500us5:
0x0038	0x2E0D      	DECFSZ      R13, 1, 0
0x003A	0xD7FE      	BRA         L_Delay_5500us5
0x003C	0x2E0C      	DECFSZ      R12, 1, 0
0x003E	0xD7FC      	BRA         L_Delay_5500us5
0x0040	0x0000      	NOP
0x0042	0x0000      	NOP
;__Lib_Delays.c,33 :: 		}
L_end_Delay_5500us:
0x0044	0x0012      	RETURN      0
; end of _Delay_5500us
_Delay_50us:
;__Lib_Delays.c,19 :: 		void Delay_50us() {
;__Lib_Delays.c,20 :: 		Delay_us(50);
0x0046	0x0E53      	MOVLW       83
0x0048	0x6E0D      	MOVWF       R13, 0
L_Delay_50us2:
0x004A	0x2E0D      	DECFSZ      R13, 1, 0
0x004C	0xD7FE      	BRA         L_Delay_50us2
;__Lib_Delays.c,21 :: 		}
L_end_Delay_50us:
0x004E	0x0012      	RETURN      0
; end of _Delay_50us
_Delay_1us:
;__Lib_Delays.c,7 :: 		void Delay_1us() {
;__Lib_Delays.c,8 :: 		Delay_us(1);
0x0050	0x0000      	NOP
0x0052	0x0000      	NOP
0x0054	0x0000      	NOP
0x0056	0x0000      	NOP
0x0058	0x0000      	NOP
;__Lib_Delays.c,9 :: 		}
L_end_Delay_1us:
0x005A	0x0012      	RETURN      0
; end of _Delay_1us
_Div_16X16_U:
;__Lib_Math.c,102 :: 		
;__Lib_Math.c,109 :: 		
0x005C	0x6A08      	CLRF        R8, 0
;__Lib_Math.c,110 :: 		
0x005E	0x6A09      	CLRF        R9, 0
;__Lib_Math.c,111 :: 		
0x0060	0x0E10      	MOVLW       16
;__Lib_Math.c,112 :: 		
0x0062	0x6E0C      	MOVWF       R12, 0
;__Lib_Math.c,113 :: 		
0x0064	0x3401      	RLCF        R1, 0, 0
;__Lib_Math.c,114 :: 		
0x0066	0x3608      	RLCF        R8, 1, 0
;__Lib_Math.c,115 :: 		
0x0068	0x3609      	RLCF        R9, 1, 0
;__Lib_Math.c,116 :: 		
0x006A	0x5004      	MOVF        R4, 0, 0
;__Lib_Math.c,117 :: 		
0x006C	0x5E08      	SUBWF       R8, 1, 0
;__Lib_Math.c,118 :: 		
0x006E	0x5005      	MOVF        R5, 0, 0
;__Lib_Math.c,119 :: 		
0x0070	0xA0D8      	BTFSS       STATUS, 0, 0
;__Lib_Math.c,120 :: 		
0x0072	0x3C05      	INCFSZ      R5, 0, 0
;__Lib_Math.c,121 :: 		
0x0074	0x5E09      	SUBWF       R9, 1, 0
;__Lib_Math.c,122 :: 		
0x0076	0xB0D8      	BTFSC       STATUS, 0, 0
;__Lib_Math.c,123 :: 		
0x0078	0xD007      	BRA         $+16
;__Lib_Math.c,124 :: 		
0x007A	0x5004      	MOVF        R4, 0, 0
;__Lib_Math.c,125 :: 		
0x007C	0x2608      	ADDWF       R8, 1, 0
;__Lib_Math.c,126 :: 		
0x007E	0x5005      	MOVF        R5, 0, 0
;__Lib_Math.c,127 :: 		
0x0080	0xB0D8      	BTFSC       STATUS, 0, 0
;__Lib_Math.c,128 :: 		
0x0082	0x3C05      	INCFSZ      R5, 0, 0
;__Lib_Math.c,129 :: 		
0x0084	0x2609      	ADDWF       R9, 1, 0
;__Lib_Math.c,130 :: 		
0x0086	0x90D8      	BCF         STATUS, 0, 0
;__Lib_Math.c,131 :: 		
0x0088	0x3600      	RLCF        R0, 1, 0
;__Lib_Math.c,132 :: 		
0x008A	0x3601      	RLCF        R1, 1, 0
;__Lib_Math.c,133 :: 		
0x008C	0x2E0C      	DECFSZ      R12, 1, 0
;__Lib_Math.c,134 :: 		
0x008E	0xD7EA      	BRA         $-42
;__Lib_Math.c,136 :: 		
L_end_Div_16X16_U:
0x0090	0x0012      	RETURN      0
; end of _Div_16X16_U
_Lcd_Cmd:
;__Lib_Lcd.c,18 :: 		
;__Lib_Lcd.c,20 :: 		
0x0092	0xBE73      	BTFSC       FARG_Lcd_Cmd_out_char, 7 
0x0094	0xD002      	BRA         L__Lcd_Cmd21
0x0096	0x9E83      	BCF         LCD_D7, BitPos(LCD_D7+0) 
0x0098	0xD001      	BRA         L__Lcd_Cmd22
L__Lcd_Cmd21:
0x009A	0x8E83      	BSF         LCD_D7, BitPos(LCD_D7+0) 
L__Lcd_Cmd22:
;__Lib_Lcd.c,21 :: 		
0x009C	0xBC73      	BTFSC       FARG_Lcd_Cmd_out_char, 6 
0x009E	0xD002      	BRA         L__Lcd_Cmd23
0x00A0	0x9C83      	BCF         LCD_D6, BitPos(LCD_D6+0) 
0x00A2	0xD001      	BRA         L__Lcd_Cmd24
L__Lcd_Cmd23:
0x00A4	0x8C83      	BSF         LCD_D6, BitPos(LCD_D6+0) 
L__Lcd_Cmd24:
;__Lib_Lcd.c,22 :: 		
0x00A6	0xBA73      	BTFSC       FARG_Lcd_Cmd_out_char, 5 
0x00A8	0xD002      	BRA         L__Lcd_Cmd25
0x00AA	0x9A83      	BCF         LCD_D5, BitPos(LCD_D5+0) 
0x00AC	0xD001      	BRA         L__Lcd_Cmd26
L__Lcd_Cmd25:
0x00AE	0x8A83      	BSF         LCD_D5, BitPos(LCD_D5+0) 
L__Lcd_Cmd26:
;__Lib_Lcd.c,23 :: 		
0x00B0	0xB873      	BTFSC       FARG_Lcd_Cmd_out_char, 4 
0x00B2	0xD002      	BRA         L__Lcd_Cmd27
0x00B4	0x9883      	BCF         LCD_D4, BitPos(LCD_D4+0) 
0x00B6	0xD001      	BRA         L__Lcd_Cmd28
L__Lcd_Cmd27:
0x00B8	0x8883      	BSF         LCD_D4, BitPos(LCD_D4+0) 
L__Lcd_Cmd28:
;__Lib_Lcd.c,25 :: 		
0x00BA	0xB05C      	BTFSC       __Lib_Lcd_cmd_status, BitPos(__Lib_Lcd_cmd_status+0) 
0x00BC	0xD002      	BRA         L__Lcd_Cmd29
0x00BE	0x8084      	BSF         LCD_RS, BitPos(LCD_RS+0) 
0x00C0	0xD001      	BRA         L__Lcd_Cmd30
L__Lcd_Cmd29:
0x00C2	0x9084      	BCF         LCD_RS, BitPos(LCD_RS+0) 
L__Lcd_Cmd30:
;__Lib_Lcd.c,28 :: 		
0x00C4	0x8284      	BSF         LCD_EN, BitPos(LCD_EN+0) 
;__Lib_Lcd.c,29 :: 		
0x00C6	0xDFC4      	RCALL       _Delay_1us
;__Lib_Lcd.c,30 :: 		
0x00C8	0x9284      	BCF         LCD_EN, BitPos(LCD_EN+0) 
;__Lib_Lcd.c,33 :: 		
0x00CA	0xB673      	BTFSC       FARG_Lcd_Cmd_out_char, 3 
0x00CC	0xD002      	BRA         L__Lcd_Cmd31
0x00CE	0x9E83      	BCF         LCD_D7, BitPos(LCD_D7+0) 
0x00D0	0xD001      	BRA         L__Lcd_Cmd32
L__Lcd_Cmd31:
0x00D2	0x8E83      	BSF         LCD_D7, BitPos(LCD_D7+0) 
L__Lcd_Cmd32:
;__Lib_Lcd.c,34 :: 		
0x00D4	0xB473      	BTFSC       FARG_Lcd_Cmd_out_char, 2 
0x00D6	0xD002      	BRA         L__Lcd_Cmd33
0x00D8	0x9C83      	BCF         LCD_D6, BitPos(LCD_D6+0) 
0x00DA	0xD001      	BRA         L__Lcd_Cmd34
L__Lcd_Cmd33:
0x00DC	0x8C83      	BSF         LCD_D6, BitPos(LCD_D6+0) 
L__Lcd_Cmd34:
;__Lib_Lcd.c,35 :: 		
0x00DE	0xB273      	BTFSC       FARG_Lcd_Cmd_out_char, 1 
0x00E0	0xD002      	BRA         L__Lcd_Cmd35
0x00E2	0x9A83      	BCF         LCD_D5, BitPos(LCD_D5+0) 
0x00E4	0xD001      	BRA         L__Lcd_Cmd36
L__Lcd_Cmd35:
0x00E6	0x8A83      	BSF         LCD_D5, BitPos(LCD_D5+0) 
L__Lcd_Cmd36:
;__Lib_Lcd.c,36 :: 		
0x00E8	0xB073      	BTFSC       FARG_Lcd_Cmd_out_char, 0 
0x00EA	0xD002      	BRA         L__Lcd_Cmd37
0x00EC	0x9883      	BCF         LCD_D4, BitPos(LCD_D4+0) 
0x00EE	0xD001      	BRA         L__Lcd_Cmd38
L__Lcd_Cmd37:
0x00F0	0x8883      	BSF         LCD_D4, BitPos(LCD_D4+0) 
L__Lcd_Cmd38:
;__Lib_Lcd.c,38 :: 		
0x00F2	0xB05C      	BTFSC       __Lib_Lcd_cmd_status, BitPos(__Lib_Lcd_cmd_status+0) 
0x00F4	0xD002      	BRA         L__Lcd_Cmd39
0x00F6	0x8084      	BSF         LCD_RS, BitPos(LCD_RS+0) 
0x00F8	0xD001      	BRA         L__Lcd_Cmd40
L__Lcd_Cmd39:
0x00FA	0x9084      	BCF         LCD_RS, BitPos(LCD_RS+0) 
L__Lcd_Cmd40:
;__Lib_Lcd.c,40 :: 		
0x00FC	0x8284      	BSF         LCD_EN, BitPos(LCD_EN+0) 
;__Lib_Lcd.c,41 :: 		
0x00FE	0xDFA8      	RCALL       _Delay_1us
;__Lib_Lcd.c,42 :: 		
0x0100	0x9284      	BCF         LCD_EN, BitPos(LCD_EN+0) 
;__Lib_Lcd.c,44 :: 		
0x0102	0xA05C      	BTFSS       __Lib_Lcd_cmd_status, BitPos(__Lib_Lcd_cmd_status+0) 
0x0104	0xD002      	BRA         L_Lcd_Cmd0
;__Lib_Lcd.c,45 :: 		
0x0106	0xDF94      	RCALL       _Delay_5500us
0x0108	0xD001      	BRA         L_Lcd_Cmd1
L_Lcd_Cmd0:
;__Lib_Lcd.c,47 :: 		
0x010A	0xDF9D      	RCALL       _Delay_50us
L_Lcd_Cmd1:
;__Lib_Lcd.c,48 :: 		
L_end_Lcd_Cmd:
0x010C	0x0012      	RETURN      0
; end of _Lcd_Cmd
_WordToStr:
;__Lib_Conversions.c,98 :: 		
;__Lib_Conversions.c,103 :: 		
0x010E	0x6A70      	CLRF        WordToStr_len_L0 
L_WordToStr11:
0x0110	0x0E05      	MOVLW       5
0x0112	0x5C70      	SUBWF       WordToStr_len_L0, 0 
0x0114	0xE20A      	BC          L_WordToStr12
;__Lib_Conversions.c,104 :: 		
0x0116	0x5070      	MOVF        WordToStr_len_L0, 0 
0x0118	0x246E      	ADDWF       FARG_WordToStr_output, 0 
0x011A	0x6EE1      	MOVWF       FSR1L 
0x011C	0x0E00      	MOVLW       0
0x011E	0x206F      	ADDWFC      FARG_WordToStr_output+1, 0 
0x0120	0x6EE2      	MOVWF       FSR1L+1 
0x0122	0x0E20      	MOVLW       32
0x0124	0x6EE6      	MOVWF       POSTINC1 
;__Lib_Conversions.c,103 :: 		
0x0126	0x2A70      	INCF        WordToStr_len_L0, 1 
;__Lib_Conversions.c,104 :: 		
0x0128	0xD7F3      	BRA         L_WordToStr11
L_WordToStr12:
;__Lib_Conversions.c,105 :: 		
0x012A	0x5070      	MOVF        WordToStr_len_L0, 0 
0x012C	0x246E      	ADDWF       FARG_WordToStr_output, 0 
0x012E	0x6EE1      	MOVWF       FSR1L 
0x0130	0x0E00      	MOVLW       0
0x0132	0x206F      	ADDWFC      FARG_WordToStr_output+1, 0 
0x0134	0x6EE2      	MOVWF       FSR1L+1 
0x0136	0x6AE6      	CLRF        POSTINC1 
0x0138	0x0670      	DECF        WordToStr_len_L0, 1 
;__Lib_Conversions.c,107 :: 		
L_WordToStr14:
;__Lib_Conversions.c,108 :: 		
0x013A	0x5070      	MOVF        WordToStr_len_L0, 0 
0x013C	0x246E      	ADDWF       FARG_WordToStr_output, 0 
0x013E	0x6E71      	MOVWF       FLOC__WordToStr 
0x0140	0x0E00      	MOVLW       0
0x0142	0x206F      	ADDWFC      FARG_WordToStr_output+1, 0 
0x0144	0x6E72      	MOVWF       FLOC__WordToStr+1 
0x0146	0x0E0A      	MOVLW       10
0x0148	0x6E04      	MOVWF       R4 
0x014A	0x0E00      	MOVLW       0
0x014C	0x6E05      	MOVWF       R5 
0x014E	0xF000C06C  	MOVFF       FARG_WordToStr_input, R0
0x0152	0xF001C06D  	MOVFF       FARG_WordToStr_input+1, R1
0x0156	0xDF82      	RCALL       _Div_16X16_U
0x0158	0xF000C008  	MOVFF       R8, R0
0x015C	0xF001C009  	MOVFF       R9, R1
0x0160	0x0E30      	MOVLW       48
0x0162	0x2600      	ADDWF       R0, 1 
0x0164	0xFFE1C071  	MOVFF       FLOC__WordToStr, FSR1L
0x0168	0xFFE2C072  	MOVFF       FLOC__WordToStr+1, FSR1H
0x016C	0xFFE6C000  	MOVFF       R0, POSTINC1
;__Lib_Conversions.c,109 :: 		
0x0170	0x0E0A      	MOVLW       10
0x0172	0x6E04      	MOVWF       R4 
0x0174	0x0E00      	MOVLW       0
0x0176	0x6E05      	MOVWF       R5 
0x0178	0xF000C06C  	MOVFF       FARG_WordToStr_input, R0
0x017C	0xF001C06D  	MOVFF       FARG_WordToStr_input+1, R1
0x0180	0xDF6D      	RCALL       _Div_16X16_U
0x0182	0xF06CC000  	MOVFF       R0, FARG_WordToStr_input
0x0186	0xF06DC001  	MOVFF       R1, FARG_WordToStr_input+1
;__Lib_Conversions.c,110 :: 		
0x018A	0x0E00      	MOVLW       0
0x018C	0x1801      	XORWF       R1, 0 
0x018E	0xE102      	BNZ         L__WordToStr379
0x0190	0x0E00      	MOVLW       0
0x0192	0x1800      	XORWF       R0, 0 
L__WordToStr379:
0x0194	0xE101      	BNZ         L_WordToStr16
;__Lib_Conversions.c,111 :: 		
0x0196	0xD002      	BRA         L_WordToStr15
L_WordToStr16:
;__Lib_Conversions.c,112 :: 		
0x0198	0x0670      	DECF        WordToStr_len_L0, 1 
;__Lib_Conversions.c,113 :: 		
0x019A	0xD7CF      	BRA         L_WordToStr14
L_WordToStr15:
;__Lib_Conversions.c,114 :: 		
L_end_WordToStr:
0x019C	0x0012      	RETURN      0
; end of _WordToStr
_Lcd_Chr_CP:
;__Lib_Lcd.c,50 :: 		
;__Lib_Lcd.c,52 :: 		
0x019E	0x905C      	BCF         __Lib_Lcd_cmd_status, BitPos(__Lib_Lcd_cmd_status+0) 
;__Lib_Lcd.c,53 :: 		
0x01A0	0xF073C06C  	MOVFF       FARG_Lcd_Chr_CP_out_char, FARG_Lcd_Cmd_out_char
0x01A4	0xDF76      	RCALL       _Lcd_Cmd
;__Lib_Lcd.c,54 :: 		
0x01A6	0x805C      	BSF         __Lib_Lcd_cmd_status, BitPos(__Lib_Lcd_cmd_status+0) 
;__Lib_Lcd.c,55 :: 		
L_end_Lcd_Chr_CP:
0x01A8	0x0012      	RETURN      0
; end of _Lcd_Chr_CP
_Lcd_Out_CP:
;__Lib_Lcd.c,57 :: 		
;__Lib_Lcd.c,59 :: 		
0x01AA	0x6A64      	CLRF        Lcd_Out_CP_i_L0 
;__Lib_Lcd.c,60 :: 		
L_Lcd_Out_CP2:
0x01AC	0x5064      	MOVF        Lcd_Out_CP_i_L0, 0 
0x01AE	0x2462      	ADDWF       FARG_Lcd_Out_CP_text, 0 
0x01B0	0x6EE9      	MOVWF       FSR0L 
0x01B2	0x0E00      	MOVLW       0
0x01B4	0x2063      	ADDWFC      FARG_Lcd_Out_CP_text+1, 0 
0x01B6	0x6EEA      	MOVWF       FSR0L+1 
0x01B8	0x52EE      	MOVF        POSTINC0, 1 
0x01BA	0xE00B      	BZ          L_Lcd_Out_CP3
;__Lib_Lcd.c,61 :: 		
0x01BC	0x5064      	MOVF        Lcd_Out_CP_i_L0, 0 
0x01BE	0x2462      	ADDWF       FARG_Lcd_Out_CP_text, 0 
0x01C0	0x6EE9      	MOVWF       FSR0L 
0x01C2	0x0E00      	MOVLW       0
0x01C4	0x2063      	ADDWFC      FARG_Lcd_Out_CP_text+1, 0 
0x01C6	0x6EEA      	MOVWF       FSR0L+1 
0x01C8	0xF06CCFEE  	MOVFF       POSTINC0, FARG_Lcd_Chr_CP_out_char
0x01CC	0xDFE8      	RCALL       _Lcd_Chr_CP
0x01CE	0x2A64      	INCF        Lcd_Out_CP_i_L0, 1 
;__Lib_Lcd.c,62 :: 		
0x01D0	0xD7ED      	BRA         L_Lcd_Out_CP2
L_Lcd_Out_CP3:
;__Lib_Lcd.c,63 :: 		
L_end_Lcd_Out_CP:
0x01D2	0x0012      	RETURN      0
; end of _Lcd_Out_CP
_IntToStr:
;__Lib_Conversions.c,195 :: 		
;__Lib_Conversions.c,201 :: 		
0x01D4	0x6A68      	CLRF        IntToStr_negative_L0 
0x01D6	0x6A69      	CLRF        IntToStr_negative_L0+1 
;__Lib_Conversions.c,202 :: 		
0x01D8	0xF06AC062  	MOVFF       FARG_IntToStr_input, IntToStr_inword_L0
0x01DC	0xF06BC063  	MOVFF       FARG_IntToStr_input+1, IntToStr_inword_L0+1
;__Lib_Conversions.c,203 :: 		
0x01E0	0x0E80      	MOVLW       128
0x01E2	0x1863      	XORWF       FARG_IntToStr_input+1, 0 
0x01E4	0x6E00      	MOVWF       R0 
0x01E6	0x0E80      	MOVLW       128
0x01E8	0x5C00      	SUBWF       R0, 0 
0x01EA	0xE102      	BNZ         L__IntToStr387
0x01EC	0x0E00      	MOVLW       0
0x01EE	0x5C62      	SUBWF       FARG_IntToStr_input, 0 
L__IntToStr387:
0x01F0	0xE20B      	BC          L_IntToStr37
;__Lib_Conversions.c,204 :: 		
0x01F2	0x0E01      	MOVLW       1
0x01F4	0x6E68      	MOVWF       IntToStr_negative_L0 
0x01F6	0x0E00      	MOVLW       0
0x01F8	0x6E69      	MOVWF       IntToStr_negative_L0+1 
;__Lib_Conversions.c,205 :: 		
0x01FA	0x5062      	MOVF        FARG_IntToStr_input, 0 
0x01FC	0x0800      	SUBLW       0
0x01FE	0x6E6A      	MOVWF       IntToStr_inword_L0 
0x0200	0xF06BC063  	MOVFF       FARG_IntToStr_input+1, IntToStr_inword_L0+1
0x0204	0x0E00      	MOVLW       0
0x0206	0x566B      	SUBFWB      IntToStr_inword_L0+1, 1 
;__Lib_Conversions.c,206 :: 		
L_IntToStr37:
;__Lib_Conversions.c,207 :: 		
0x0208	0xF06CC06A  	MOVFF       IntToStr_inword_L0, FARG_WordToStr_input
0x020C	0xF06DC06B  	MOVFF       IntToStr_inword_L0+1, FARG_WordToStr_input+1
0x0210	0xF06EC064  	MOVFF       FARG_IntToStr_output, FARG_WordToStr_output
0x0214	0xF06FC065  	MOVFF       FARG_IntToStr_output+1, FARG_WordToStr_output+1
0x0218	0xDF7A      	RCALL       _WordToStr
;__Lib_Conversions.c,209 :: 		
0x021A	0x0E06      	MOVLW       6
0x021C	0x6E66      	MOVWF       IntToStr_i_L0 
0x021E	0x0E00      	MOVLW       0
0x0220	0x6E67      	MOVWF       IntToStr_i_L0+1 
;__Lib_Conversions.c,210 :: 		
L_IntToStr38:
0x0222	0x0E00      	MOVLW       0
0x0224	0x6E00      	MOVWF       R0 
0x0226	0x5067      	MOVF        IntToStr_i_L0+1, 0 
0x0228	0x5C00      	SUBWF       R0, 0 
0x022A	0xE102      	BNZ         L__IntToStr388
0x022C	0x5066      	MOVF        IntToStr_i_L0, 0 
0x022E	0x0800      	SUBLW       0
L__IntToStr388:
0x0230	0xE219      	BC          L_IntToStr39
;__Lib_Conversions.c,211 :: 		
0x0232	0x5066      	MOVF        IntToStr_i_L0, 0 
0x0234	0x2464      	ADDWF       FARG_IntToStr_output, 0 
0x0236	0x6EE1      	MOVWF       FSR1L 
0x0238	0x5067      	MOVF        IntToStr_i_L0+1, 0 
0x023A	0x2065      	ADDWFC      FARG_IntToStr_output+1, 0 
0x023C	0x6EE2      	MOVWF       FSR1L+1 
0x023E	0x0E01      	MOVLW       1
0x0240	0x5C66      	SUBWF       IntToStr_i_L0, 0 
0x0242	0x6E00      	MOVWF       R0 
0x0244	0x0E00      	MOVLW       0
0x0246	0x5867      	SUBWFB      IntToStr_i_L0+1, 0 
0x0248	0x6E01      	MOVWF       R1 
0x024A	0x5000      	MOVF        R0, 0 
0x024C	0x2464      	ADDWF       FARG_IntToStr_output, 0 
0x024E	0x6EE9      	MOVWF       FSR0L 
0x0250	0x5001      	MOVF        R1, 0 
0x0252	0x2065      	ADDWFC      FARG_IntToStr_output+1, 0 
0x0254	0x6EEA      	MOVWF       FSR0L+1 
0x0256	0xFFE6CFEE  	MOVFF       POSTINC0, POSTINC1
;__Lib_Conversions.c,212 :: 		
0x025A	0x0E01      	MOVLW       1
0x025C	0x5E66      	SUBWF       IntToStr_i_L0, 1 
0x025E	0x0E00      	MOVLW       0
0x0260	0x5A67      	SUBWFB      IntToStr_i_L0+1, 1 
;__Lib_Conversions.c,213 :: 		
0x0262	0xD7DF      	BRA         L_IntToStr38
L_IntToStr39:
;__Lib_Conversions.c,214 :: 		
0x0264	0xFFE1C064  	MOVFF       FARG_IntToStr_output, FSR1L
0x0268	0xFFE2C065  	MOVFF       FARG_IntToStr_output+1, FSR1H
0x026C	0x0E20      	MOVLW       32
0x026E	0x6EE6      	MOVWF       POSTINC1 
;__Lib_Conversions.c,215 :: 		
0x0270	0x5068      	MOVF        IntToStr_negative_L0, 0 
0x0272	0x1069      	IORWF       IntToStr_negative_L0+1, 0 
0x0274	0xE01A      	BZ          L_IntToStr40
;__Lib_Conversions.c,216 :: 		
0x0276	0x6A66      	CLRF        IntToStr_i_L0 
0x0278	0x6A67      	CLRF        IntToStr_i_L0+1 
;__Lib_Conversions.c,217 :: 		
L_IntToStr41:
0x027A	0x5066      	MOVF        IntToStr_i_L0, 0 
0x027C	0x2464      	ADDWF       FARG_IntToStr_output, 0 
0x027E	0x6EE9      	MOVWF       FSR0L 
0x0280	0x5067      	MOVF        IntToStr_i_L0+1, 0 
0x0282	0x2065      	ADDWFC      FARG_IntToStr_output+1, 0 
0x0284	0x6EEA      	MOVWF       FSR0L+1 
0x0286	0x50EE      	MOVF        POSTINC0, 0 
0x0288	0x0A20      	XORLW       32
0x028A	0xE103      	BNZ         L_IntToStr42
0x028C	0x4A66      	INFSNZ      IntToStr_i_L0, 1 
0x028E	0x2A67      	INCF        IntToStr_i_L0+1, 1 
0x0290	0xD7F4      	BRA         L_IntToStr41
L_IntToStr42:
;__Lib_Conversions.c,218 :: 		
0x0292	0x0E01      	MOVLW       1
0x0294	0x5E66      	SUBWF       IntToStr_i_L0, 1 
0x0296	0x0E00      	MOVLW       0
0x0298	0x5A67      	SUBWFB      IntToStr_i_L0+1, 1 
;__Lib_Conversions.c,219 :: 		
0x029A	0x5066      	MOVF        IntToStr_i_L0, 0 
0x029C	0x2464      	ADDWF       FARG_IntToStr_output, 0 
0x029E	0x6EE1      	MOVWF       FSR1L 
0x02A0	0x5067      	MOVF        IntToStr_i_L0+1, 0 
0x02A2	0x2065      	ADDWFC      FARG_IntToStr_output+1, 0 
0x02A4	0x6EE2      	MOVWF       FSR1L+1 
0x02A6	0x0E2D      	MOVLW       45
0x02A8	0x6EE6      	MOVWF       POSTINC1 
L_IntToStr40:
;__Lib_Conversions.c,220 :: 		
L_end_IntToStr:
0x02AA	0x0012      	RETURN      0
; end of _IntToStr
_Ltrim:
;__Lib_Conversions.c,421 :: 		
;__Lib_Conversions.c,425 :: 		
0x02AC	0x6A64      	CLRF        Ltrim_trimmed_L0 
0x02AE	0x6A65      	CLRF        Ltrim_trimmed_L0+1 
;__Lib_Conversions.c,426 :: 		
0x02B0	0xF003C062  	MOVFF       FARG_Ltrim_string, R3
0x02B4	0xF004C063  	MOVFF       FARG_Ltrim_string+1, R4
;__Lib_Conversions.c,427 :: 		
0x02B8	0xF005C062  	MOVFF       FARG_Ltrim_string, R5
0x02BC	0xF006C063  	MOVFF       FARG_Ltrim_string+1, R6
;__Lib_Conversions.c,428 :: 		
L_Ltrim84:
;__Lib_Conversions.c,429 :: 		
0x02C0	0xFFE9C003  	MOVFF       R3, FSR0L
0x02C4	0xFFEAC004  	MOVFF       R4, FSR0H
0x02C8	0x50EE      	MOVF        POSTINC0, 0 
0x02CA	0x0A20      	XORLW       32
0x02CC	0xE104      	BNZ         L__Ltrim345
0x02CE	0x5064      	MOVF        Ltrim_trimmed_L0, 0 
0x02D0	0x1065      	IORWF       Ltrim_trimmed_L0+1, 0 
0x02D2	0xE101      	BNZ         L__Ltrim345
0x02D4	0xD010      	BRA         L_Ltrim89
L__Ltrim345:
;__Lib_Conversions.c,430 :: 		
0x02D6	0x0E01      	MOVLW       1
0x02D8	0x6E64      	MOVWF       Ltrim_trimmed_L0 
0x02DA	0x0E00      	MOVLW       0
0x02DC	0x6E65      	MOVWF       Ltrim_trimmed_L0+1 
;__Lib_Conversions.c,431 :: 		
0x02DE	0xFFE9C003  	MOVFF       R3, FSR0L
0x02E2	0xFFEAC004  	MOVFF       R4, FSR0H
0x02E6	0xFFE1C005  	MOVFF       R5, FSR1L
0x02EA	0xFFE2C006  	MOVFF       R6, FSR1H
0x02EE	0xFFE6CFEE  	MOVFF       POSTINC0, POSTINC1
0x02F2	0x4A05      	INFSNZ      R5, 1 
0x02F4	0x2A06      	INCF        R6, 1 
;__Lib_Conversions.c,432 :: 		
L_Ltrim89:
;__Lib_Conversions.c,434 :: 		
0x02F6	0xF001C003  	MOVFF       R3, R1
0x02FA	0xF002C004  	MOVFF       R4, R2
0x02FE	0x4A03      	INFSNZ      R3, 1 
0x0300	0x2A04      	INCF        R4, 1 
0x0302	0xFFE9C001  	MOVFF       R1, FSR0L
0x0306	0xFFEAC002  	MOVFF       R2, FSR0H
0x030A	0x50EE      	MOVF        POSTINC0, 0 
0x030C	0x0A00      	XORLW       0
0x030E	0xE1D8      	BNZ         L_Ltrim84
;__Lib_Conversions.c,435 :: 		
0x0310	0xF000C062  	MOVFF       FARG_Ltrim_string, R0
0x0314	0xF001C063  	MOVFF       FARG_Ltrim_string+1, R1
;__Lib_Conversions.c,436 :: 		
L_end_Ltrim:
0x0318	0x0012      	RETURN      0
; end of _Ltrim
_escreve_dia_semana:
;trabalhodoToni.c,133 :: 		void escreve_dia_semana(){
;trabalhodoToni.c,134 :: 		if(dia_semana == 3)lcd_out_cp("Terca   ");
0x031A	0x0E00      	MOVLW       0
0x031C	0x1835      	XORWF       _dia_semana+1, 0 
0x031E	0xE102      	BNZ         L__escreve_dia_semana59
0x0320	0x0E03      	MOVLW       3
0x0322	0x1834      	XORWF       _dia_semana, 0 
L__escreve_dia_semana59:
0x0324	0xE105      	BNZ         L_escreve_dia_semana27
0x0326	0x0E1E      	MOVLW       ?lstr6_trabalhodoToni
0x0328	0x6E62      	MOVWF       FARG_Lcd_Out_CP_text 
0x032A	0x0E00      	MOVLW       hi_addr(?lstr6_trabalhodoToni)
0x032C	0x6E63      	MOVWF       FARG_Lcd_Out_CP_text+1 
0x032E	0xDF3D      	RCALL       _Lcd_Out_CP
L_escreve_dia_semana27:
;trabalhodoToni.c,135 :: 		}
L_end_escreve_dia_semana:
0x0330	0x0012      	RETURN      0
; end of _escreve_dia_semana
_Lcd_Out:
;__Lib_Lcd.c,184 :: 		
;__Lib_Lcd.c,187 :: 		
0x0332	0xD00F      	BRA         L_Lcd_Out11
;__Lib_Lcd.c,188 :: 		
L_Lcd_Out13:
0x0334	0x0E80      	MOVLW       128
0x0336	0x6E5D      	MOVWF       FARG_Lcd_Out_row 
0x0338	0xD019      	BRA         L_Lcd_Out12
;__Lib_Lcd.c,189 :: 		
L_Lcd_Out14:
0x033A	0x0EC0      	MOVLW       192
0x033C	0x6E5D      	MOVWF       FARG_Lcd_Out_row 
0x033E	0xD016      	BRA         L_Lcd_Out12
;__Lib_Lcd.c,190 :: 		
L_Lcd_Out15:
0x0340	0x0E94      	MOVLW       148
0x0342	0x6E5D      	MOVWF       FARG_Lcd_Out_row 
0x0344	0xD013      	BRA         L_Lcd_Out12
;__Lib_Lcd.c,191 :: 		
L_Lcd_Out16:
0x0346	0x0ED4      	MOVLW       212
0x0348	0x6E5D      	MOVWF       FARG_Lcd_Out_row 
0x034A	0xD010      	BRA         L_Lcd_Out12
;__Lib_Lcd.c,192 :: 		
L_Lcd_Out17:
0x034C	0x0E80      	MOVLW       128
0x034E	0x6E5D      	MOVWF       FARG_Lcd_Out_row 
;__Lib_Lcd.c,193 :: 		
0x0350	0xD00D      	BRA         L_Lcd_Out12
L_Lcd_Out11:
0x0352	0x505D      	MOVF        FARG_Lcd_Out_row, 0 
0x0354	0x0A01      	XORLW       1
0x0356	0xE0EE      	BZ          L_Lcd_Out13
0x0358	0x505D      	MOVF        FARG_Lcd_Out_row, 0 
0x035A	0x0A02      	XORLW       2
0x035C	0xE0EE      	BZ          L_Lcd_Out14
0x035E	0x505D      	MOVF        FARG_Lcd_Out_row, 0 
0x0360	0x0A03      	XORLW       3
0x0362	0xE0EE      	BZ          L_Lcd_Out15
0x0364	0x505D      	MOVF        FARG_Lcd_Out_row, 0 
0x0366	0x0A04      	XORLW       4
0x0368	0xE0EE      	BZ          L_Lcd_Out16
0x036A	0xD7F0      	BRA         L_Lcd_Out17
L_Lcd_Out12:
;__Lib_Lcd.c,194 :: 		
0x036C	0x045E      	DECF        FARG_Lcd_Out_column, 0 
0x036E	0x6E00      	MOVWF       R0 
0x0370	0x505D      	MOVF        FARG_Lcd_Out_row, 0 
0x0372	0x2600      	ADDWF       R0, 1 
0x0374	0xF05DC000  	MOVFF       R0, FARG_Lcd_Out_row
;__Lib_Lcd.c,196 :: 		
0x0378	0xF073C000  	MOVFF       R0, FARG_Lcd_Cmd_out_char
0x037C	0xDE8A      	RCALL       _Lcd_Cmd
;__Lib_Lcd.c,197 :: 		
0x037E	0x905C      	BCF         __Lib_Lcd_cmd_status, BitPos(__Lib_Lcd_cmd_status+0) 
;__Lib_Lcd.c,198 :: 		
0x0380	0x6A61      	CLRF        Lcd_Out_i_L0 
;__Lib_Lcd.c,199 :: 		
L_Lcd_Out18:
0x0382	0x5061      	MOVF        Lcd_Out_i_L0, 0 
0x0384	0x245F      	ADDWF       FARG_Lcd_Out_text, 0 
0x0386	0x6EE9      	MOVWF       FSR0L 
0x0388	0x0E00      	MOVLW       0
0x038A	0x2060      	ADDWFC      FARG_Lcd_Out_text+1, 0 
0x038C	0x6EEA      	MOVWF       FSR0L+1 
0x038E	0x52EE      	MOVF        POSTINC0, 1 
0x0390	0xE00B      	BZ          L_Lcd_Out19
;__Lib_Lcd.c,200 :: 		
0x0392	0x5061      	MOVF        Lcd_Out_i_L0, 0 
0x0394	0x245F      	ADDWF       FARG_Lcd_Out_text, 0 
0x0396	0x6EE9      	MOVWF       FSR0L 
0x0398	0x0E00      	MOVLW       0
0x039A	0x2060      	ADDWFC      FARG_Lcd_Out_text+1, 0 
0x039C	0x6EEA      	MOVWF       FSR0L+1 
0x039E	0xF06CCFEE  	MOVFF       POSTINC0, FARG_Lcd_Chr_CP_out_char
0x03A2	0xDEFD      	RCALL       _Lcd_Chr_CP
0x03A4	0x2A61      	INCF        Lcd_Out_i_L0, 1 
0x03A6	0xD7ED      	BRA         L_Lcd_Out18
L_Lcd_Out19:
;__Lib_Lcd.c,201 :: 		
0x03A8	0x805C      	BSF         __Lib_Lcd_cmd_status, BitPos(__Lib_Lcd_cmd_status+0) 
;__Lib_Lcd.c,202 :: 		
L_end_Lcd_Out:
0x03AA	0x0012      	RETURN      0
; end of _Lcd_Out
_escreve_mes:
;trabalhodoToni.c,125 :: 		void escreve_mes(){
;trabalhodoToni.c,126 :: 		if(mes == 10) lcd_out_cp("Outubro  ");
0x03AC	0x0E00      	MOVLW       0
0x03AE	0x1832      	XORWF       _mes+1, 0 
0x03B0	0xE102      	BNZ         L__escreve_mes56
0x03B2	0x0E0A      	MOVLW       10
0x03B4	0x1831      	XORWF       _mes, 0 
L__escreve_mes56:
0x03B6	0xE105      	BNZ         L_escreve_mes26
0x03B8	0x0E27      	MOVLW       ?lstr5_trabalhodoToni
0x03BA	0x6E62      	MOVWF       FARG_Lcd_Out_CP_text 
0x03BC	0x0E00      	MOVLW       hi_addr(?lstr5_trabalhodoToni)
0x03BE	0x6E63      	MOVWF       FARG_Lcd_Out_CP_text+1 
0x03C0	0xDEF4      	RCALL       _Lcd_Out_CP
L_escreve_mes26:
;trabalhodoToni.c,127 :: 		}
L_end_escreve_mes:
0x03C2	0x0012      	RETURN      0
; end of _escreve_mes
_escreve_dia:
;trabalhodoToni.c,119 :: 		void escreve_dia(){
;trabalhodoToni.c,120 :: 		inttostr(dia,txt);
0x03C4	0xF062C016  	MOVFF       _dia, FARG_IntToStr_input
0x03C8	0xF063C017  	MOVFF       _dia+1, FARG_IntToStr_input+1
0x03CC	0x0E4E      	MOVLW       _txt
0x03CE	0x6E64      	MOVWF       FARG_IntToStr_output 
0x03D0	0x0E00      	MOVLW       hi_addr(_txt)
0x03D2	0x6E65      	MOVWF       FARG_IntToStr_output+1 
0x03D4	0xDEFF      	RCALL       _IntToStr
;trabalhodoToni.c,121 :: 		if(dia < 10)lcd_out_cp("0");
0x03D6	0x0E80      	MOVLW       128
0x03D8	0x1817      	XORWF       _dia+1, 0 
0x03DA	0x6E00      	MOVWF       R0 
0x03DC	0x0E80      	MOVLW       128
0x03DE	0x5C00      	SUBWF       R0, 0 
0x03E0	0xE102      	BNZ         L__escreve_dia54
0x03E2	0x0E0A      	MOVLW       10
0x03E4	0x5C16      	SUBWF       _dia, 0 
L__escreve_dia54:
0x03E6	0xE205      	BC          L_escreve_dia25
0x03E8	0x0E18      	MOVLW       ?lstr3_trabalhodoToni
0x03EA	0x6E62      	MOVWF       FARG_Lcd_Out_CP_text 
0x03EC	0x0E00      	MOVLW       hi_addr(?lstr3_trabalhodoToni)
0x03EE	0x6E63      	MOVWF       FARG_Lcd_Out_CP_text+1 
0x03F0	0xDEDC      	RCALL       _Lcd_Out_CP
L_escreve_dia25:
;trabalhodoToni.c,122 :: 		lcd_out_cp(ltrim(txt));
0x03F2	0x0E4E      	MOVLW       _txt
0x03F4	0x6E62      	MOVWF       FARG_Ltrim_string 
0x03F6	0x0E00      	MOVLW       hi_addr(_txt)
0x03F8	0x6E63      	MOVWF       FARG_Ltrim_string+1 
0x03FA	0xDF58      	RCALL       _Ltrim
0x03FC	0xF062C000  	MOVFF       R0, FARG_Lcd_Out_CP_text
0x0400	0xF063C001  	MOVFF       R1, FARG_Lcd_Out_CP_text+1
0x0404	0xDED2      	RCALL       _Lcd_Out_CP
;trabalhodoToni.c,123 :: 		lcd_out_cp(" ");
0x0406	0x0E1C      	MOVLW       ?lstr4_trabalhodoToni
0x0408	0x6E62      	MOVWF       FARG_Lcd_Out_CP_text 
0x040A	0x0E00      	MOVLW       hi_addr(?lstr4_trabalhodoToni)
0x040C	0x6E63      	MOVWF       FARG_Lcd_Out_CP_text+1 
0x040E	0xDECD      	RCALL       _Lcd_Out_CP
;trabalhodoToni.c,124 :: 		}
L_end_escreve_dia:
0x0410	0x0012      	RETURN      0
; end of _escreve_dia
_escreve_ano:
;trabalhodoToni.c,128 :: 		void escreve_ano(){
;trabalhodoToni.c,129 :: 		inttostr(ano,txt);
0x0412	0xF062C03D  	MOVFF       _ano, FARG_IntToStr_input
0x0416	0xF063C03E  	MOVFF       _ano+1, FARG_IntToStr_input+1
0x041A	0x0E4E      	MOVLW       _txt
0x041C	0x6E64      	MOVWF       FARG_IntToStr_output 
0x041E	0x0E00      	MOVLW       hi_addr(_txt)
0x0420	0x6E65      	MOVWF       FARG_IntToStr_output+1 
0x0422	0xDED8      	RCALL       _IntToStr
;trabalhodoToni.c,130 :: 		lcd_out_cp(ltrim(txt));
0x0424	0x0E4E      	MOVLW       _txt
0x0426	0x6E62      	MOVWF       FARG_Ltrim_string 
0x0428	0x0E00      	MOVLW       hi_addr(_txt)
0x042A	0x6E63      	MOVWF       FARG_Ltrim_string+1 
0x042C	0xDF3F      	RCALL       _Ltrim
0x042E	0xF062C000  	MOVFF       R0, FARG_Lcd_Out_CP_text
0x0432	0xF063C001  	MOVFF       R1, FARG_Lcd_Out_CP_text+1
0x0436	0xDEB9      	RCALL       _Lcd_Out_CP
;trabalhodoToni.c,131 :: 		}
L_end_escreve_ano:
0x0438	0x0012      	RETURN      0
; end of _escreve_ano
_escreve_hora:
;trabalhodoToni.c,136 :: 		void escreve_hora(){
;trabalhodoToni.c,137 :: 		lcd_out_cp("08:");
0x043A	0x0E43      	MOVLW       ?lstr7_trabalhodoToni
0x043C	0x6E62      	MOVWF       FARG_Lcd_Out_CP_text 
0x043E	0x0E00      	MOVLW       hi_addr(?lstr7_trabalhodoToni)
0x0440	0x6E63      	MOVWF       FARG_Lcd_Out_CP_text+1 
0x0442	0xDEB3      	RCALL       _Lcd_Out_CP
;trabalhodoToni.c,140 :: 		if((conta_menu == 1)&&(contador < 61))lcd_out_cp("  ");
0x0444	0x0E00      	MOVLW       0
0x0446	0x1842      	XORWF       _conta_menu+1, 0 
0x0448	0xE102      	BNZ         L__escreve_hora61
0x044A	0x0E01      	MOVLW       1
0x044C	0x1841      	XORWF       _conta_menu, 0 
L__escreve_hora61:
0x044E	0xE10F      	BNZ         L_escreve_hora30
0x0450	0x0E80      	MOVLW       128
0x0452	0x1848      	XORWF       _contador+1, 0 
0x0454	0x6E00      	MOVWF       R0 
0x0456	0x0E80      	MOVLW       128
0x0458	0x5C00      	SUBWF       R0, 0 
0x045A	0xE102      	BNZ         L__escreve_hora62
0x045C	0x0E3D      	MOVLW       61
0x045E	0x5C47      	SUBWF       _contador, 0 
L__escreve_hora62:
0x0460	0xE206      	BC          L_escreve_hora30
L__escreve_hora37:
0x0462	0x0E4B      	MOVLW       ?lstr8_trabalhodoToni
0x0464	0x6E62      	MOVWF       FARG_Lcd_Out_CP_text 
0x0466	0x0E00      	MOVLW       hi_addr(?lstr8_trabalhodoToni)
0x0468	0x6E63      	MOVWF       FARG_Lcd_Out_CP_text+1 
0x046A	0xDE9F      	RCALL       _Lcd_Out_CP
0x046C	0xD021      	BRA         L_escreve_hora31
L_escreve_hora30:
;trabalhodoToni.c,142 :: 		inttostr(minuto,txt);
0x046E	0xF062C049  	MOVFF       _minuto, FARG_IntToStr_input
0x0472	0xF063C04A  	MOVFF       _minuto+1, FARG_IntToStr_input+1
0x0476	0x0E4E      	MOVLW       _txt
0x0478	0x6E64      	MOVWF       FARG_IntToStr_output 
0x047A	0x0E00      	MOVLW       hi_addr(_txt)
0x047C	0x6E65      	MOVWF       FARG_IntToStr_output+1 
0x047E	0xDEAA      	RCALL       _IntToStr
;trabalhodoToni.c,143 :: 		if(minuto < 10)lcd_out_cp("0");
0x0480	0x0E80      	MOVLW       128
0x0482	0x184A      	XORWF       _minuto+1, 0 
0x0484	0x6E00      	MOVWF       R0 
0x0486	0x0E80      	MOVLW       128
0x0488	0x5C00      	SUBWF       R0, 0 
0x048A	0xE102      	BNZ         L__escreve_hora63
0x048C	0x0E0A      	MOVLW       10
0x048E	0x5C49      	SUBWF       _minuto, 0 
L__escreve_hora63:
0x0490	0xE205      	BC          L_escreve_hora32
0x0492	0x0E3F      	MOVLW       ?lstr9_trabalhodoToni
0x0494	0x6E62      	MOVWF       FARG_Lcd_Out_CP_text 
0x0496	0x0E00      	MOVLW       hi_addr(?lstr9_trabalhodoToni)
0x0498	0x6E63      	MOVWF       FARG_Lcd_Out_CP_text+1 
0x049A	0xDE87      	RCALL       _Lcd_Out_CP
L_escreve_hora32:
;trabalhodoToni.c,144 :: 		lcd_out_cp(ltrim(txt));
0x049C	0x0E4E      	MOVLW       _txt
0x049E	0x6E62      	MOVWF       FARG_Ltrim_string 
0x04A0	0x0E00      	MOVLW       hi_addr(_txt)
0x04A2	0x6E63      	MOVWF       FARG_Ltrim_string+1 
0x04A4	0xDF03      	RCALL       _Ltrim
0x04A6	0xF062C000  	MOVFF       R0, FARG_Lcd_Out_CP_text
0x04AA	0xF063C001  	MOVFF       R1, FARG_Lcd_Out_CP_text+1
0x04AE	0xDE7D      	RCALL       _Lcd_Out_CP
;trabalhodoToni.c,145 :: 		}
L_escreve_hora31:
;trabalhodoToni.c,148 :: 		if(contador < 61)lcd_out_cp(":");
0x04B0	0x0E80      	MOVLW       128
0x04B2	0x1848      	XORWF       _contador+1, 0 
0x04B4	0x6E00      	MOVWF       R0 
0x04B6	0x0E80      	MOVLW       128
0x04B8	0x5C00      	SUBWF       R0, 0 
0x04BA	0xE102      	BNZ         L__escreve_hora64
0x04BC	0x0E3D      	MOVLW       61
0x04BE	0x5C47      	SUBWF       _contador, 0 
L__escreve_hora64:
0x04C0	0xE206      	BC          L_escreve_hora33
0x04C2	0x0E39      	MOVLW       ?lstr10_trabalhodoToni
0x04C4	0x6E62      	MOVWF       FARG_Lcd_Out_CP_text 
0x04C6	0x0E00      	MOVLW       hi_addr(?lstr10_trabalhodoToni)
0x04C8	0x6E63      	MOVWF       FARG_Lcd_Out_CP_text+1 
0x04CA	0xDE6F      	RCALL       _Lcd_Out_CP
0x04CC	0xD005      	BRA         L_escreve_hora34
L_escreve_hora33:
;trabalhodoToni.c,149 :: 		else lcd_out_cp(" ");
0x04CE	0x0E37      	MOVLW       ?lstr11_trabalhodoToni
0x04D0	0x6E62      	MOVWF       FARG_Lcd_Out_CP_text 
0x04D2	0x0E00      	MOVLW       hi_addr(?lstr11_trabalhodoToni)
0x04D4	0x6E63      	MOVWF       FARG_Lcd_Out_CP_text+1 
0x04D6	0xDE69      	RCALL       _Lcd_Out_CP
L_escreve_hora34:
;trabalhodoToni.c,152 :: 		inttostr(segundo,txt);
0x04D8	0xF062C01A  	MOVFF       _segundo, FARG_IntToStr_input
0x04DC	0xF063C01B  	MOVFF       _segundo+1, FARG_IntToStr_input+1
0x04E0	0x0E4E      	MOVLW       _txt
0x04E2	0x6E64      	MOVWF       FARG_IntToStr_output 
0x04E4	0x0E00      	MOVLW       hi_addr(_txt)
0x04E6	0x6E65      	MOVWF       FARG_IntToStr_output+1 
0x04E8	0xDE75      	RCALL       _IntToStr
;trabalhodoToni.c,153 :: 		if(segundo < 10)lcd_out_cp("0");
0x04EA	0x0E80      	MOVLW       128
0x04EC	0x181B      	XORWF       _segundo+1, 0 
0x04EE	0x6E00      	MOVWF       R0 
0x04F0	0x0E80      	MOVLW       128
0x04F2	0x5C00      	SUBWF       R0, 0 
0x04F4	0xE102      	BNZ         L__escreve_hora65
0x04F6	0x0E0A      	MOVLW       10
0x04F8	0x5C1A      	SUBWF       _segundo, 0 
L__escreve_hora65:
0x04FA	0xE205      	BC          L_escreve_hora35
0x04FC	0x0E3B      	MOVLW       ?lstr12_trabalhodoToni
0x04FE	0x6E62      	MOVWF       FARG_Lcd_Out_CP_text 
0x0500	0x0E00      	MOVLW       hi_addr(?lstr12_trabalhodoToni)
0x0502	0x6E63      	MOVWF       FARG_Lcd_Out_CP_text+1 
0x0504	0xDE52      	RCALL       _Lcd_Out_CP
L_escreve_hora35:
;trabalhodoToni.c,154 :: 		lcd_out_cp(ltrim(txt));
0x0506	0x0E4E      	MOVLW       _txt
0x0508	0x6E62      	MOVWF       FARG_Ltrim_string 
0x050A	0x0E00      	MOVLW       hi_addr(_txt)
0x050C	0x6E63      	MOVWF       FARG_Ltrim_string+1 
0x050E	0xDECE      	RCALL       _Ltrim
0x0510	0xF062C000  	MOVFF       R0, FARG_Lcd_Out_CP_text
0x0514	0xF063C001  	MOVFF       R1, FARG_Lcd_Out_CP_text+1
0x0518	0xDE48      	RCALL       _Lcd_Out_CP
;trabalhodoToni.c,155 :: 		}
L_end_escreve_hora:
0x051A	0x0012      	RETURN      0
; end of _escreve_hora
_setup_inicial:
;trabalhodoToni.c,79 :: 		void setup_inicial(){
;trabalhodoToni.c,81 :: 		portb = 0;
0x051C	0x6A81      	CLRF        PORTB 
;trabalhodoToni.c,86 :: 		trisb = 15; //RB0,RB1,RB2 e RB3 como entradas
0x051E	0x0E0F      	MOVLW       15
0x0520	0x6E93      	MOVWF       TRISB 
;trabalhodoToni.c,90 :: 		adcon1 = 15; //Configura como portas digitais
0x0522	0x0E0F      	MOVLW       15
0x0524	0x6EC1      	MOVWF       ADCON1 
;trabalhodoToni.c,91 :: 		cmcon = 7;   //desliga os comparadores
0x0526	0x0E07      	MOVLW       7
0x0528	0x6EB4      	MOVWF       CMCON 
;trabalhodoToni.c,92 :: 		intcon2 = 0; //liga resistor pull up do portb
0x052A	0x6AF1      	CLRF        INTCON2 
;trabalhodoToni.c,93 :: 		T0CON = 197;
0x052C	0x0EC5      	MOVLW       197
0x052E	0x6ED5      	MOVWF       T0CON 
;trabalhodoToni.c,94 :: 		INTCON.TMR0IE = 1; //enable TMR0
0x0530	0x8AF2      	BSF         INTCON, 5 
;trabalhodoToni.c,95 :: 		INTCON.GIE = 1; //liga global interrupt enable
0x0532	0x8EF2      	BSF         INTCON, 7 
;trabalhodoToni.c,96 :: 		}
L_end_setup_inicial:
0x0534	0x0012      	RETURN      0
; end of _setup_inicial
___CC2DW:
;__Lib_System.c,21 :: 		
;__Lib_System.c,23 :: 		
_CC2DL_Loop1:
;__Lib_System.c,24 :: 		
0x0536	0x0009      	TBLRD*+
;__Lib_System.c,25 :: 		
0x0538	0xFFE6CFF5  	MOVFF       TABLAT, POSTINC1
;__Lib_System.c,26 :: 		
0x053C	0x0600      	DECF        R0, 1, 0
;__Lib_System.c,27 :: 		
0x053E	0xE1FB      	BNZ         _CC2DL_Loop1
;__Lib_System.c,28 :: 		
0x0540	0x0601      	DECF        R1, 1, 0
;__Lib_System.c,29 :: 		
0x0542	0xE1F9      	BNZ         _CC2DL_Loop1
;__Lib_System.c,31 :: 		
L_end___CC2DW:
0x0544	0x0012      	RETURN      0
; end of ___CC2DW
_Lcd_Init:
;__Lib_Lcd.c,84 :: 		
;__Lib_Lcd.c,86 :: 		
0x0546	0x9296      	BCF         LCD_EN_Direction, BitPos(LCD_EN_Direction+0) 
;__Lib_Lcd.c,87 :: 		
0x0548	0x9096      	BCF         LCD_RS_Direction, BitPos(LCD_RS_Direction+0) 
;__Lib_Lcd.c,88 :: 		
0x054A	0x9895      	BCF         LCD_D4_Direction, BitPos(LCD_D4_Direction+0) 
;__Lib_Lcd.c,89 :: 		
0x054C	0x9A95      	BCF         LCD_D5_Direction, BitPos(LCD_D5_Direction+0) 
;__Lib_Lcd.c,90 :: 		
0x054E	0x9C95      	BCF         LCD_D6_Direction, BitPos(LCD_D6_Direction+0) 
;__Lib_Lcd.c,91 :: 		
0x0550	0x9E95      	BCF         LCD_D7_Direction, BitPos(LCD_D7_Direction+0) 
;__Lib_Lcd.c,93 :: 		
0x0552	0x9284      	BCF         LCD_EN, BitPos(LCD_EN+0) 
;__Lib_Lcd.c,94 :: 		
0x0554	0x9084      	BCF         LCD_RS, BitPos(LCD_RS+0) 
;__Lib_Lcd.c,95 :: 		
0x0556	0x9E83      	BCF         LCD_D7, BitPos(LCD_D7+0) 
;__Lib_Lcd.c,96 :: 		
0x0558	0x9C83      	BCF         LCD_D6, BitPos(LCD_D6+0) 
;__Lib_Lcd.c,97 :: 		
0x055A	0x9A83      	BCF         LCD_D5, BitPos(LCD_D5+0) 
;__Lib_Lcd.c,98 :: 		
0x055C	0x9883      	BCF         LCD_D4, BitPos(LCD_D4+0) 
;__Lib_Lcd.c,100 :: 		
0x055E	0xDD68      	RCALL       _Delay_5500us
;__Lib_Lcd.c,101 :: 		
0x0560	0xDD67      	RCALL       _Delay_5500us
;__Lib_Lcd.c,102 :: 		
0x0562	0xDD66      	RCALL       _Delay_5500us
;__Lib_Lcd.c,105 :: 		
0x0564	0x8A83      	BSF         LCD_D5, BitPos(LCD_D5+0) 
;__Lib_Lcd.c,106 :: 		
0x0566	0x8883      	BSF         LCD_D4, BitPos(LCD_D4+0) 
;__Lib_Lcd.c,107 :: 		
0x0568	0x8284      	BSF         LCD_EN, BitPos(LCD_EN+0) 
;__Lib_Lcd.c,108 :: 		
0x056A	0xDD72      	RCALL       _Delay_1us
;__Lib_Lcd.c,109 :: 		
0x056C	0x9284      	BCF         LCD_EN, BitPos(LCD_EN+0) 
;__Lib_Lcd.c,110 :: 		
0x056E	0xDD60      	RCALL       _Delay_5500us
;__Lib_Lcd.c,112 :: 		
0x0570	0x8284      	BSF         LCD_EN, BitPos(LCD_EN+0) 
;__Lib_Lcd.c,113 :: 		
0x0572	0xDD6E      	RCALL       _Delay_1us
;__Lib_Lcd.c,114 :: 		
0x0574	0x9284      	BCF         LCD_EN, BitPos(LCD_EN+0) 
;__Lib_Lcd.c,115 :: 		
0x0576	0xDD5C      	RCALL       _Delay_5500us
;__Lib_Lcd.c,117 :: 		
0x0578	0x8284      	BSF         LCD_EN, BitPos(LCD_EN+0) 
;__Lib_Lcd.c,118 :: 		
0x057A	0xDD6A      	RCALL       _Delay_1us
;__Lib_Lcd.c,119 :: 		
0x057C	0x9284      	BCF         LCD_EN, BitPos(LCD_EN+0) 
;__Lib_Lcd.c,120 :: 		
0x057E	0xDD58      	RCALL       _Delay_5500us
;__Lib_Lcd.c,123 :: 		
0x0580	0x9883      	BCF         LCD_D4, BitPos(LCD_D4+0) 
;__Lib_Lcd.c,124 :: 		
0x0582	0x8284      	BSF         LCD_EN, BitPos(LCD_EN+0) 
;__Lib_Lcd.c,125 :: 		
0x0584	0xDD65      	RCALL       _Delay_1us
;__Lib_Lcd.c,126 :: 		
0x0586	0x9284      	BCF         LCD_EN, BitPos(LCD_EN+0) 
;__Lib_Lcd.c,127 :: 		
0x0588	0xDD53      	RCALL       _Delay_5500us
;__Lib_Lcd.c,130 :: 		
0x058A	0x8284      	BSF         LCD_EN, BitPos(LCD_EN+0) 
;__Lib_Lcd.c,131 :: 		
0x058C	0xDD61      	RCALL       _Delay_1us
;__Lib_Lcd.c,132 :: 		
0x058E	0x9284      	BCF         LCD_EN, BitPos(LCD_EN+0) 
;__Lib_Lcd.c,134 :: 		
0x0590	0x9A83      	BCF         LCD_D5, BitPos(LCD_D5+0) 
;__Lib_Lcd.c,135 :: 		
0x0592	0x8E83      	BSF         LCD_D7, BitPos(LCD_D7+0) 
;__Lib_Lcd.c,136 :: 		
0x0594	0x8284      	BSF         LCD_EN, BitPos(LCD_EN+0) 
;__Lib_Lcd.c,137 :: 		
0x0596	0xDD5C      	RCALL       _Delay_1us
;__Lib_Lcd.c,138 :: 		
0x0598	0x9284      	BCF         LCD_EN, BitPos(LCD_EN+0) 
;__Lib_Lcd.c,139 :: 		
0x059A	0xDD4A      	RCALL       _Delay_5500us
;__Lib_Lcd.c,142 :: 		
0x059C	0x9E83      	BCF         LCD_D7, BitPos(LCD_D7+0) 
;__Lib_Lcd.c,143 :: 		
0x059E	0x8883      	BSF         LCD_D4, BitPos(LCD_D4+0) 
;__Lib_Lcd.c,144 :: 		
0x05A0	0x8284      	BSF         LCD_EN, BitPos(LCD_EN+0) 
;__Lib_Lcd.c,145 :: 		
0x05A2	0xDD56      	RCALL       _Delay_1us
;__Lib_Lcd.c,146 :: 		
0x05A4	0x9284      	BCF         LCD_EN, BitPos(LCD_EN+0) 
;__Lib_Lcd.c,148 :: 		
0x05A6	0x9883      	BCF         LCD_D4, BitPos(LCD_D4+0) 
;__Lib_Lcd.c,149 :: 		
0x05A8	0x8284      	BSF         LCD_EN, BitPos(LCD_EN+0) 
;__Lib_Lcd.c,150 :: 		
0x05AA	0xDD52      	RCALL       _Delay_1us
;__Lib_Lcd.c,151 :: 		
0x05AC	0x9284      	BCF         LCD_EN, BitPos(LCD_EN+0) 
;__Lib_Lcd.c,152 :: 		
0x05AE	0xDD40      	RCALL       _Delay_5500us
;__Lib_Lcd.c,155 :: 		
0x05B0	0x8284      	BSF         LCD_EN, BitPos(LCD_EN+0) 
;__Lib_Lcd.c,156 :: 		
0x05B2	0xDD4E      	RCALL       _Delay_1us
;__Lib_Lcd.c,157 :: 		
0x05B4	0x9284      	BCF         LCD_EN, BitPos(LCD_EN+0) 
;__Lib_Lcd.c,159 :: 		
0x05B6	0x8883      	BSF         LCD_D4, BitPos(LCD_D4+0) 
;__Lib_Lcd.c,160 :: 		
0x05B8	0x8284      	BSF         LCD_EN, BitPos(LCD_EN+0) 
;__Lib_Lcd.c,161 :: 		
0x05BA	0xDD4A      	RCALL       _Delay_1us
;__Lib_Lcd.c,162 :: 		
0x05BC	0x9284      	BCF         LCD_EN, BitPos(LCD_EN+0) 
;__Lib_Lcd.c,163 :: 		
0x05BE	0xDD38      	RCALL       _Delay_5500us
;__Lib_Lcd.c,166 :: 		
0x05C0	0x9883      	BCF         LCD_D4, BitPos(LCD_D4+0) 
;__Lib_Lcd.c,167 :: 		
0x05C2	0x8284      	BSF         LCD_EN, BitPos(LCD_EN+0) 
;__Lib_Lcd.c,168 :: 		
0x05C4	0xDD45      	RCALL       _Delay_1us
;__Lib_Lcd.c,169 :: 		
0x05C6	0x9284      	BCF         LCD_EN, BitPos(LCD_EN+0) 
;__Lib_Lcd.c,171 :: 		
0x05C8	0x8E83      	BSF         LCD_D7, BitPos(LCD_D7+0) 
;__Lib_Lcd.c,172 :: 		
0x05CA	0x8C83      	BSF         LCD_D6, BitPos(LCD_D6+0) 
;__Lib_Lcd.c,173 :: 		
0x05CC	0x8A83      	BSF         LCD_D5, BitPos(LCD_D5+0) 
;__Lib_Lcd.c,174 :: 		
0x05CE	0x8883      	BSF         LCD_D4, BitPos(LCD_D4+0) 
;__Lib_Lcd.c,175 :: 		
0x05D0	0x8284      	BSF         LCD_EN, BitPos(LCD_EN+0) 
;__Lib_Lcd.c,176 :: 		
0x05D2	0xDD3E      	RCALL       _Delay_1us
;__Lib_Lcd.c,177 :: 		
0x05D4	0x9284      	BCF         LCD_EN, BitPos(LCD_EN+0) 
;__Lib_Lcd.c,179 :: 		
0x05D6	0xDD2C      	RCALL       _Delay_5500us
;__Lib_Lcd.c,181 :: 		
0x05D8	0x805C      	BSF         __Lib_Lcd_cmd_status, BitPos(__Lib_Lcd_cmd_status+0) 
;__Lib_Lcd.c,182 :: 		
L_end_Lcd_Init:
0x05DA	0x0012      	RETURN      0
; end of _Lcd_Init
_escreve_lcd:
;trabalhodoToni.c,110 :: 		void escreve_lcd(){
;trabalhodoToni.c,111 :: 		lcd_out(1,1,"");
0x05DC	0x0E01      	MOVLW       1
0x05DE	0x6E5D      	MOVWF       FARG_Lcd_Out_row 
0x05E0	0x0E01      	MOVLW       1
0x05E2	0x6E5E      	MOVWF       FARG_Lcd_Out_column 
0x05E4	0x0E33      	MOVLW       ?lstr1_trabalhodoToni
0x05E6	0x6E5F      	MOVWF       FARG_Lcd_Out_text 
0x05E8	0x0E00      	MOVLW       hi_addr(?lstr1_trabalhodoToni)
0x05EA	0x6E60      	MOVWF       FARG_Lcd_Out_text+1 
0x05EC	0xDEA2      	RCALL       _Lcd_Out
;trabalhodoToni.c,112 :: 		escreve_dia();
0x05EE	0xDEEA      	RCALL       _escreve_dia
;trabalhodoToni.c,113 :: 		escreve_mes();
0x05F0	0xDEDD      	RCALL       _escreve_mes
;trabalhodoToni.c,114 :: 		escreve_ano();
0x05F2	0xDF0F      	RCALL       _escreve_ano
;trabalhodoToni.c,115 :: 		lcd_out(2,1,"");
0x05F4	0x0E02      	MOVLW       2
0x05F6	0x6E5D      	MOVWF       FARG_Lcd_Out_row 
0x05F8	0x0E01      	MOVLW       1
0x05FA	0x6E5E      	MOVWF       FARG_Lcd_Out_column 
0x05FC	0x0E36      	MOVLW       ?lstr2_trabalhodoToni
0x05FE	0x6E5F      	MOVWF       FARG_Lcd_Out_text 
0x0600	0x0E00      	MOVLW       hi_addr(?lstr2_trabalhodoToni)
0x0602	0x6E60      	MOVWF       FARG_Lcd_Out_text+1 
0x0604	0xDE96      	RCALL       _Lcd_Out
;trabalhodoToni.c,116 :: 		escreve_dia_semana();
0x0606	0xDE89      	RCALL       _escreve_dia_semana
;trabalhodoToni.c,117 :: 		escreve_hora();
0x0608	0xDF18      	RCALL       _escreve_hora
;trabalhodoToni.c,118 :: 		}
L_end_escreve_lcd:
0x060A	0x0012      	RETURN      0
; end of _escreve_lcd
_relogio:
;trabalhodoToni.c,156 :: 		void relogio(){
;trabalhodoToni.c,157 :: 		if(segundo == 60){
0x060C	0x0E00      	MOVLW       0
0x060E	0x181B      	XORWF       _segundo+1, 0 
0x0610	0xE102      	BNZ         L__relogio67
0x0612	0x0E3C      	MOVLW       60
0x0614	0x181A      	XORWF       _segundo, 0 
L__relogio67:
0x0616	0xE102      	BNZ         L_relogio36
;trabalhodoToni.c,158 :: 		segundo = 0;
0x0618	0x6A1A      	CLRF        _segundo 
0x061A	0x6A1B      	CLRF        _segundo+1 
;trabalhodoToni.c,159 :: 		}
L_relogio36:
;trabalhodoToni.c,160 :: 		}
L_end_relogio:
0x061C	0x0012      	RETURN      0
; end of _relogio
_main:
0x061E	0xF003ECB6  	CALL        1900, 0
;trabalhodoToni.c,36 :: 		void main(){
;trabalhodoToni.c,37 :: 		setup_inicial();
0x0622	0xDF7C      	RCALL       _setup_inicial
;trabalhodoToni.c,38 :: 		lcd_init();
0x0624	0xDF90      	RCALL       _Lcd_Init
;trabalhodoToni.c,39 :: 		lcd_cmd(_LCD_CURSOR_OFF);
0x0626	0x0E0C      	MOVLW       12
0x0628	0x6E73      	MOVWF       FARG_Lcd_Cmd_out_char 
0x062A	0xDD33      	RCALL       _Lcd_Cmd
;trabalhodoToni.c,40 :: 		lcd_cmd(_LCD_CLEAR);
0x062C	0x0E01      	MOVLW       1
0x062E	0x6E73      	MOVWF       FARG_Lcd_Cmd_out_char 
0x0630	0xDD30      	RCALL       _Lcd_Cmd
;trabalhodoToni.c,41 :: 		while(1){
L_main0:
;trabalhodoToni.c,42 :: 		relogio();//atualiza o rel?gio
0x0632	0xDFEC      	RCALL       _relogio
;trabalhodoToni.c,43 :: 		escreve_lcd();//escreve no LCD os dados do rel?gio
0x0634	0xDFD3      	RCALL       _escreve_lcd
;trabalhodoToni.c,44 :: 		if(rb0_bit==0){//menu de op??es
0x0636	0xB081      	BTFSC       RB0_bit, BitPos(RB0_bit+0) 
0x0638	0xD024      	BRA         L_main2
;trabalhodoToni.c,45 :: 		while(rb0_bit == 0) delay_ms(100);
L_main3:
0x063A	0xB081      	BTFSC       RB0_bit, BitPos(RB0_bit+0) 
0x063C	0xD00F      	BRA         L_main4
0x063E	0x0E03      	MOVLW       3
0x0640	0x6E0B      	MOVWF       R11, 0
0x0642	0x0E8A      	MOVLW       138
0x0644	0x6E0C      	MOVWF       R12, 0
0x0646	0x0E55      	MOVLW       85
0x0648	0x6E0D      	MOVWF       R13, 0
L_main5:
0x064A	0x2E0D      	DECFSZ      R13, 1, 0
0x064C	0xD7FE      	BRA         L_main5
0x064E	0x2E0C      	DECFSZ      R12, 1, 0
0x0650	0xD7FC      	BRA         L_main5
0x0652	0x2E0B      	DECFSZ      R11, 1, 0
0x0654	0xD7FA      	BRA         L_main5
0x0656	0x0000      	NOP
0x0658	0x0000      	NOP
0x065A	0xD7EF      	BRA         L_main3
L_main4:
;trabalhodoToni.c,46 :: 		if(conta_menu < 7) conta_menu ++;
0x065C	0x0E80      	MOVLW       128
0x065E	0x1842      	XORWF       _conta_menu+1, 0 
0x0660	0x6E00      	MOVWF       R0 
0x0662	0x0E80      	MOVLW       128
0x0664	0x5C00      	SUBWF       R0, 0 
0x0666	0xE102      	BNZ         L__main39
0x0668	0x0E07      	MOVLW       7
0x066A	0x5C41      	SUBWF       _conta_menu, 0 
L__main39:
0x066C	0xE202      	BC          L_main6
0x066E	0x4A41      	INFSNZ      _conta_menu, 1 
0x0670	0x2A42      	INCF        _conta_menu+1, 1 
L_main6:
;trabalhodoToni.c,47 :: 		if(conta_menu == 7) conta_menu = 0;
0x0672	0x0E00      	MOVLW       0
0x0674	0x1842      	XORWF       _conta_menu+1, 0 
0x0676	0xE102      	BNZ         L__main40
0x0678	0x0E07      	MOVLW       7
0x067A	0x1841      	XORWF       _conta_menu, 0 
L__main40:
0x067C	0xE102      	BNZ         L_main7
0x067E	0x6A41      	CLRF        _conta_menu 
0x0680	0x6A42      	CLRF        _conta_menu+1 
L_main7:
;trabalhodoToni.c,48 :: 		}
L_main2:
;trabalhodoToni.c,49 :: 		if(rb1_bit == 0){//ok
0x0682	0xB281      	BTFSC       RB1_bit, BitPos(RB1_bit+0) 
0x0684	0xD013      	BRA         L_main8
;trabalhodoToni.c,50 :: 		while(rb1_bit == 0) delay_ms(100);
L_main9:
0x0686	0xB281      	BTFSC       RB1_bit, BitPos(RB1_bit+0) 
0x0688	0xD00F      	BRA         L_main10
0x068A	0x0E03      	MOVLW       3
0x068C	0x6E0B      	MOVWF       R11, 0
0x068E	0x0E8A      	MOVLW       138
0x0690	0x6E0C      	MOVWF       R12, 0
0x0692	0x0E55      	MOVLW       85
0x0694	0x6E0D      	MOVWF       R13, 0
L_main11:
0x0696	0x2E0D      	DECFSZ      R13, 1, 0
0x0698	0xD7FE      	BRA         L_main11
0x069A	0x2E0C      	DECFSZ      R12, 1, 0
0x069C	0xD7FC      	BRA         L_main11
0x069E	0x2E0B      	DECFSZ      R11, 1, 0
0x06A0	0xD7FA      	BRA         L_main11
0x06A2	0x0000      	NOP
0x06A4	0x0000      	NOP
0x06A6	0xD7EF      	BRA         L_main9
L_main10:
;trabalhodoToni.c,51 :: 		conta_menu = 0;//menu desligado
0x06A8	0x6A41      	CLRF        _conta_menu 
0x06AA	0x6A42      	CLRF        _conta_menu+1 
;trabalhodoToni.c,52 :: 		}
L_main8:
;trabalhodoToni.c,53 :: 		if(conta_menu == 1){
0x06AC	0x0E00      	MOVLW       0
0x06AE	0x1842      	XORWF       _conta_menu+1, 0 
0x06B0	0xE102      	BNZ         L__main41
0x06B2	0x0E01      	MOVLW       1
0x06B4	0x1841      	XORWF       _conta_menu, 0 
L__main41:
0x06B6	0xE11E      	BNZ         L_main12
;trabalhodoToni.c,55 :: 		if(rb2_bit==0){//sobe
0x06B8	0xB481      	BTFSC       RB2_bit, BitPos(RB2_bit+0) 
0x06BA	0xD01C      	BRA         L_main13
;trabalhodoToni.c,56 :: 		while(rb2_bit == 0) delay_ms(100);
L_main14:
0x06BC	0xB481      	BTFSC       RB2_bit, BitPos(RB2_bit+0) 
0x06BE	0xD00F      	BRA         L_main15
0x06C0	0x0E03      	MOVLW       3
0x06C2	0x6E0B      	MOVWF       R11, 0
0x06C4	0x0E8A      	MOVLW       138
0x06C6	0x6E0C      	MOVWF       R12, 0
0x06C8	0x0E55      	MOVLW       85
0x06CA	0x6E0D      	MOVWF       R13, 0
L_main16:
0x06CC	0x2E0D      	DECFSZ      R13, 1, 0
0x06CE	0xD7FE      	BRA         L_main16
0x06D0	0x2E0C      	DECFSZ      R12, 1, 0
0x06D2	0xD7FC      	BRA         L_main16
0x06D4	0x2E0B      	DECFSZ      R11, 1, 0
0x06D6	0xD7FA      	BRA         L_main16
0x06D8	0x0000      	NOP
0x06DA	0x0000      	NOP
0x06DC	0xD7EF      	BRA         L_main14
L_main15:
;trabalhodoToni.c,57 :: 		if(minuto < 60) minuto ++;
0x06DE	0x0E80      	MOVLW       128
0x06E0	0x184A      	XORWF       _minuto+1, 0 
0x06E2	0x6E00      	MOVWF       R0 
0x06E4	0x0E80      	MOVLW       128
0x06E6	0x5C00      	SUBWF       R0, 0 
0x06E8	0xE102      	BNZ         L__main42
0x06EA	0x0E3C      	MOVLW       60
0x06EC	0x5C49      	SUBWF       _minuto, 0 
L__main42:
0x06EE	0xE202      	BC          L_main17
0x06F0	0x4A49      	INFSNZ      _minuto, 1 
0x06F2	0x2A4A      	INCF        _minuto+1, 1 
L_main17:
;trabalhodoToni.c,58 :: 		}
L_main13:
;trabalhodoToni.c,60 :: 		}
L_main12:
;trabalhodoToni.c,61 :: 		if(conta_menu == 2){
0x06F4	0x0E00      	MOVLW       0
0x06F6	0x1842      	XORWF       _conta_menu+1, 0 
0x06F8	0xE102      	BNZ         L__main43
0x06FA	0x0E02      	MOVLW       2
0x06FC	0x1841      	XORWF       _conta_menu, 0 
L__main43:
0x06FE	0xE100      	BNZ         L_main18
;trabalhodoToni.c,63 :: 		}
L_main18:
;trabalhodoToni.c,64 :: 		if(conta_menu == 3){
0x0700	0x0E00      	MOVLW       0
0x0702	0x1842      	XORWF       _conta_menu+1, 0 
0x0704	0xE102      	BNZ         L__main44
0x0706	0x0E03      	MOVLW       3
0x0708	0x1841      	XORWF       _conta_menu, 0 
L__main44:
0x070A	0xE100      	BNZ         L_main19
;trabalhodoToni.c,66 :: 		}
L_main19:
;trabalhodoToni.c,67 :: 		if(conta_menu == 4){
0x070C	0x0E00      	MOVLW       0
0x070E	0x1842      	XORWF       _conta_menu+1, 0 
0x0710	0xE102      	BNZ         L__main45
0x0712	0x0E04      	MOVLW       4
0x0714	0x1841      	XORWF       _conta_menu, 0 
L__main45:
0x0716	0xE100      	BNZ         L_main20
;trabalhodoToni.c,69 :: 		}
L_main20:
;trabalhodoToni.c,70 :: 		if(conta_menu == 5){
0x0718	0x0E00      	MOVLW       0
0x071A	0x1842      	XORWF       _conta_menu+1, 0 
0x071C	0xE102      	BNZ         L__main46
0x071E	0x0E05      	MOVLW       5
0x0720	0x1841      	XORWF       _conta_menu, 0 
L__main46:
0x0722	0xE100      	BNZ         L_main21
;trabalhodoToni.c,72 :: 		}
L_main21:
;trabalhodoToni.c,73 :: 		if(conta_menu == 6){
0x0724	0x0E00      	MOVLW       0
0x0726	0x1842      	XORWF       _conta_menu+1, 0 
0x0728	0xE102      	BNZ         L__main47
0x072A	0x0E06      	MOVLW       6
0x072C	0x1841      	XORWF       _conta_menu, 0 
L__main47:
0x072E	0xE100      	BNZ         L_main22
;trabalhodoToni.c,75 :: 		}
L_main22:
;trabalhodoToni.c,76 :: 		}
0x0730	0xD780      	BRA         L_main0
;trabalhodoToni.c,77 :: 		}
L_end_main:
0x0732	0xD7FF      	BRA         $+0
; end of _main
0x076C	0xF016EE10  	LFSR        1, 22
0x0770	0x0E38      	MOVLW       56
0x0772	0x6E00      	MOVWF       R0 
0x0774	0x0E01      	MOVLW       1
0x0776	0x6E01      	MOVWF       R1 
0x0778	0x0E34      	MOVLW       52
0x077A	0x6EF6      	MOVWF       TBLPTR 
0x077C	0x0E07      	MOVLW       7
0x077E	0x6EF7      	MOVWF       TBLPTRH 
0x0780	0x0E00      	MOVLW       0
0x0782	0x6EF8      	MOVWF       TBLPTRU 
0x0784	0xF002EC9B  	CALL        1334, 0
0x0788	0x0012      	RETURN      0
;trabalhodoToni.c,0 :: ?ICS_dia
0x0734	0x0008 ;?ICS_dia+0
; end of ?ICS_dia
;trabalhodoToni.c,0 :: ?ICS?lstr3_trabalhodoToni
0x0736	0x0030 ;?ICS?lstr3_trabalhodoToni+0
; end of ?ICS?lstr3_trabalhodoToni
;trabalhodoToni.c,0 :: ?ICS_segundo
0x0738	0x0000 ;?ICS_segundo+0
; end of ?ICS_segundo
;trabalhodoToni.c,0 :: ?ICS?lstr4_trabalhodoToni
0x073A	0x0020 ;?ICS?lstr4_trabalhodoToni+0
; end of ?ICS?lstr4_trabalhodoToni
;trabalhodoToni.c,0 :: ?ICS?lstr6_trabalhodoToni
0x073C	0x6554 ;?ICS?lstr6_trabalhodoToni+0
0x073E	0x6372 ;?ICS?lstr6_trabalhodoToni+2
0x0740	0x2061 ;?ICS?lstr6_trabalhodoToni+4
0x0742	0x2020 ;?ICS?lstr6_trabalhodoToni+6
0x0744	0x00 ;?ICS?lstr6_trabalhodoToni+8
; end of ?ICS?lstr6_trabalhodoToni
;trabalhodoToni.c,0 :: ?ICS?lstr5_trabalhodoToni
0x0745	0x754F ;?ICS?lstr5_trabalhodoToni+0
0x0747	0x7574 ;?ICS?lstr5_trabalhodoToni+2
0x0749	0x7262 ;?ICS?lstr5_trabalhodoToni+4
0x074B	0x206F ;?ICS?lstr5_trabalhodoToni+6
0x074D	0x0020 ;?ICS?lstr5_trabalhodoToni+8
; end of ?ICS?lstr5_trabalhodoToni
;trabalhodoToni.c,0 :: ?ICS_mes
0x074F	0x000A ;?ICS_mes+0
; end of ?ICS_mes
;trabalhodoToni.c,0 :: ?ICS?lstr1_trabalhodoToni
0x0751	0x00 ;?ICS?lstr1_trabalhodoToni+0
; end of ?ICS?lstr1_trabalhodoToni
;trabalhodoToni.c,0 :: ?ICS_dia_semana
0x0752	0x0003 ;?ICS_dia_semana+0
; end of ?ICS_dia_semana
;trabalhodoToni.c,0 :: ?ICS?lstr2_trabalhodoToni
0x0754	0x00 ;?ICS?lstr2_trabalhodoToni+0
; end of ?ICS?lstr2_trabalhodoToni
;trabalhodoToni.c,0 :: ?ICS?lstr11_trabalhodoToni
0x0755	0x0020 ;?ICS?lstr11_trabalhodoToni+0
; end of ?ICS?lstr11_trabalhodoToni
;trabalhodoToni.c,0 :: ?ICS?lstr10_trabalhodoToni
0x0757	0x003A ;?ICS?lstr10_trabalhodoToni+0
; end of ?ICS?lstr10_trabalhodoToni
;trabalhodoToni.c,0 :: ?ICS?lstr12_trabalhodoToni
0x0759	0x0030 ;?ICS?lstr12_trabalhodoToni+0
; end of ?ICS?lstr12_trabalhodoToni
;trabalhodoToni.c,0 :: ?ICS_ano
0x075B	0x07E8 ;?ICS_ano+0
; end of ?ICS_ano
;trabalhodoToni.c,0 :: ?ICS?lstr9_trabalhodoToni
0x075D	0x0030 ;?ICS?lstr9_trabalhodoToni+0
; end of ?ICS?lstr9_trabalhodoToni
;trabalhodoToni.c,0 :: ?ICS_conta_menu
0x075F	0x0000 ;?ICS_conta_menu+0
; end of ?ICS_conta_menu
;trabalhodoToni.c,0 :: ?ICS?lstr7_trabalhodoToni
0x0761	0x3830 ;?ICS?lstr7_trabalhodoToni+0
0x0763	0x003A ;?ICS?lstr7_trabalhodoToni+2
; end of ?ICS?lstr7_trabalhodoToni
;trabalhodoToni.c,0 :: ?ICS_contador
0x0765	0x0000 ;?ICS_contador+0
; end of ?ICS_contador
;trabalhodoToni.c,0 :: ?ICS_minuto
0x0767	0x0006 ;?ICS_minuto+0
; end of ?ICS_minuto
;trabalhodoToni.c,0 :: ?ICS?lstr8_trabalhodoToni
0x0769	0x2020 ;?ICS?lstr8_trabalhodoToni+0
0x076B	0x00 ;?ICS?lstr8_trabalhodoToni+2
; end of ?ICS?lstr8_trabalhodoToni
Symbol List:
//** Routines locations **
//ADDRESS    SIZE    PROCEDURE
//----------------------------------------------
0x0008      [40]    _interrupt
0x0030      [22]    _Delay_5500us
0x0046      [10]    _Delay_50us
0x0050      [12]    _Delay_1us
0x005C      [54]    _Div_16X16_U
0x0092     [124]    _Lcd_Cmd
0x010E     [144]    _WordToStr
0x019E      [12]    _Lcd_Chr_CP
0x01AA      [42]    _Lcd_Out_CP
0x01D4     [216]    _IntToStr
0x02AC     [110]    _Ltrim
0x031A      [24]    _escreve_dia_semana
0x0332     [122]    _Lcd_Out
0x03AC      [24]    _escreve_mes
0x03C4      [78]    _escreve_dia
0x0412      [40]    _escreve_ano
0x043A     [226]    _escreve_hora
0x051C      [26]    _setup_inicial
0x0536      [16]    ___CC2DW
0x0546     [150]    _Lcd_Init
0x05DC      [48]    _escreve_lcd
0x060C      [18]    _relogio
0x061E     [278]    _main
//** Variables locations ** 
//ADDRESS    SIZE    VARIABLE
//----------------------------------------------
0x0000       [1]    R0
0x0001       [1]    __Lib_Conversions_Adjust_Hex_tmp_L0
0x0001       [1]    R1
0x0002       [2]    memcpy_dd_L0
0x0002       [2]    memchr_s_L0
0x0002       [1]    R2
0x0002       [2]    memset_pp_L0
0x0002       [2]    strlen_cp_L0
0x0003       [2]    Ltrim_original_L0
0x0003       [1]    R3
0x0003       [2]    memmove_tt_L0
0x0004       [2]    strcat_cp_L0
0x0004       [2]    strcpy_cp_L0
0x0004       [2]    strncpy_cp_L0
0x0004       [2]    strncat_cp_L0
0x0004       [1]    R4
0x0004       [2]    memcpy_ss_L0
0x0005       [2]    LongIntToHex_input_half_L0
0x0005       [2]    memmove_ff_L0
0x0005       [2]    LongWordToHex_input_half_L0
0x0005       [1]    R5
0x0005       [2]    Ltrim_p_L0
0x0006       [1]    R6
0x0007       [1]    R7
0x0008       [1]    R8
0x0009       [1]    R9
0x000A       [1]    R10
0x000B       [1]    R11
0x000C       [1]    R12
0x000D       [1]    R13
0x000E       [1]    R14
0x000F       [1]    R15
0x0010       [1]    R16
0x0011       [1]    R17
0x0012       [1]    R18
0x0013       [1]    R19
0x0014       [1]    R20
0x0016       [2]    _dia
0x0018       [2]    ?lstr3_trabalhodoToni
0x001A       [2]    _segundo
0x001C       [2]    ?lstr4_trabalhodoToni
0x001E       [9]    ?lstr6_trabalhodoToni
0x0027      [10]    ?lstr5_trabalhodoToni
0x0031       [2]    _mes
0x0033       [1]    ?lstr1_trabalhodoToni
0x0034       [2]    _dia_semana
0x0036       [1]    ?lstr2_trabalhodoToni
0x0037       [2]    ?lstr11_trabalhodoToni
0x0039       [2]    ?lstr10_trabalhodoToni
0x003B       [2]    ?lstr12_trabalhodoToni
0x003D       [2]    _ano
0x003F       [2]    ?lstr9_trabalhodoToni
0x0041       [2]    _conta_menu
0x0043       [4]    ?lstr7_trabalhodoToni
0x0047       [2]    _contador
0x0049       [2]    _minuto
0x004B       [3]    ?lstr8_trabalhodoToni
0x004E      [14]    _txt
0x005C       [0]    __Lib_Lcd_cmd_status
0x005D       [1]    FARG_Lcd_Out_row
0x005E       [1]    FARG_Lcd_Out_column
0x005F       [2]    FARG_Lcd_Out_text
0x0061       [1]    Lcd_Out_i_L0
0x0062       [2]    FARG_Ltrim_string
0x0062       [2]    FARG_IntToStr_input
0x0062       [2]    FARG_Lcd_Out_CP_text
0x0064       [2]    Ltrim_trimmed_L0
0x0064       [1]    Lcd_Out_CP_i_L0
0x0064       [2]    FARG_IntToStr_output
0x0066       [2]    IntToStr_i_L0
0x0068       [2]    IntToStr_negative_L0
0x006A       [2]    IntToStr_inword_L0
0x006C       [1]    FARG_Lcd_Chr_CP_out_char
0x006C       [2]    FARG_WordToStr_input
0x006E       [2]    FARG_WordToStr_output
0x0070       [1]    WordToStr_len_L0
0x0071       [2]    FLOC__WordToStr
0x0073       [1]    FARG_Lcd_Cmd_out_char
0x0F81       [0]    RB0_bit
0x0F81       [0]    RB1_bit
0x0F81       [0]    RB2_bit
0x0F81       [1]    PORTB
0x0F83       [0]    RD5_bit
0x0F83       [0]    RD4_bit
0x0F83       [0]    LCD_D6
0x0F83       [0]    LCD_D7
0x0F83       [0]    RD6_bit
0x0F83       [0]    LCD_D4
0x0F83       [0]    LCD_D5
0x0F83       [0]    RD7_bit
0x0F84       [0]    LCD_RS
0x0F84       [0]    RE1_bit
0x0F84       [0]    LCD_EN
0x0F84       [0]    RE0_bit
0x0F93       [1]    TRISB
0x0F95       [0]    TRISD4_bit
0x0F95       [0]    TRISD6_bit
0x0F95       [0]    TRISD5_bit
0x0F95       [0]    TRISD7_bit
0x0F95       [0]    LCD_D4_Direction
0x0F95       [0]    LCD_D6_Direction
0x0F95       [0]    LCD_D5_Direction
0x0F95       [0]    LCD_D7_Direction
0x0F96       [0]    TRISE0_bit
0x0F96       [0]    TRISE1_bit
0x0F96       [0]    LCD_RS_Direction
0x0F96       [0]    LCD_EN_Direction
0x0FB4       [1]    CMCON
0x0FC1       [1]    ADCON1
0x0FD5       [1]    T0CON
0x0FD8       [1]    STATUS
0x0FD9       [1]    FSR2L
0x0FDA       [1]    FSR2H
0x0FDE       [1]    POSTINC2
0x0FE0       [1]    BSR
0x0FE1       [1]    FSR1L
0x0FE2       [1]    FSR1H
0x0FE4       [1]    PREINC1
0x0FE6       [1]    POSTINC1
0x0FE7       [1]    INDF1
0x0FE8       [1]    WREG
0x0FE9       [1]    FSR0L
0x0FEA       [1]    FSR0H
0x0FEE       [1]    POSTINC0
0x0FF1       [1]    INTCON2
0x0FF2       [0]    TMR0IF_bit
0x0FF2       [1]    INTCON
0x0FF3       [1]    PRODL
0x0FF4       [1]    PRODH
0x0FF5       [1]    TABLAT
0x0FF6       [1]    TBLPTRL
0x0FF6       [3]    TBLPTR
0x0FF7       [1]    TBLPTRH
0x0FF8       [1]    TBLPTRU
//** Constants locations ** 
//ADDRESS    SIZE    CONSTANT
//----------------------------------------------
0x0734       [2]    ?ICS_dia
0x0736       [2]    ?ICS?lstr3_trabalhodoToni
0x0738       [2]    ?ICS_segundo
0x073A       [2]    ?ICS?lstr4_trabalhodoToni
0x073C       [9]    ?ICS?lstr6_trabalhodoToni
0x0745      [10]    ?ICS?lstr5_trabalhodoToni
0x074F       [2]    ?ICS_mes
0x0751       [1]    ?ICS?lstr1_trabalhodoToni
0x0752       [2]    ?ICS_dia_semana
0x0754       [1]    ?ICS?lstr2_trabalhodoToni
0x0755       [2]    ?ICS?lstr11_trabalhodoToni
0x0757       [2]    ?ICS?lstr10_trabalhodoToni
0x0759       [2]    ?ICS?lstr12_trabalhodoToni
0x075B       [2]    ?ICS_ano
0x075D       [2]    ?ICS?lstr9_trabalhodoToni
0x075F       [2]    ?ICS_conta_menu
0x0761       [4]    ?ICS?lstr7_trabalhodoToni
0x0765       [2]    ?ICS_contador
0x0767       [2]    ?ICS_minuto
0x0769       [3]    ?ICS?lstr8_trabalhodoToni
