;  LST file generated by mikroListExporter - v.2.0 
; Date/Time: 12/3/2024 7:53:32 PM
;----------------------------------------------

;Address Opcode 	ASM
0x0000	0xF001EF4C  	GOTO        664
0x0004	0x0000      	NOP
0x0006	0x0000      	NOP
0x0008	0xF000EF00  	GOTO        0
0x000C	0x0000      	NOP
0x000E	0x0000      	NOP
0x0010	0x0000      	NOP
0x0012	0x0000      	NOP
0x0014	0x0000      	NOP
0x0016	0x0000      	NOP
0x0018	0xD7F3      	BRA         0
_Delay_5500us:
;__Lib_Delays.c,31 :: 		void Delay_5500us() {
;__Lib_Delays.c,32 :: 		Delay_us(5500);
0x001C	0x0E24      	MOVLW       36
0x001E	0x6E0C      	MOVWF       R12, 0
0x0020	0x0EB5      	MOVLW       181
0x0022	0x6E0D      	MOVWF       R13, 0
L_Delay_5500us5:
0x0024	0x2E0D      	DECFSZ      R13, 1, 0
0x0026	0xD7FE      	BRA         L_Delay_5500us5
0x0028	0x2E0C      	DECFSZ      R12, 1, 0
0x002A	0xD7FC      	BRA         L_Delay_5500us5
0x002C	0x0000      	NOP
0x002E	0x0000      	NOP
;__Lib_Delays.c,33 :: 		}
L_end_Delay_5500us:
0x0030	0x0012      	RETURN      0
; end of _Delay_5500us
_Delay_1us:
;__Lib_Delays.c,7 :: 		void Delay_1us() {
;__Lib_Delays.c,8 :: 		Delay_us(1);
0x0032	0x0000      	NOP
0x0034	0x0000      	NOP
0x0036	0x0000      	NOP
0x0038	0x0000      	NOP
0x003A	0x0000      	NOP
;__Lib_Delays.c,9 :: 		}
L_end_Delay_1us:
0x003C	0x0012      	RETURN      0
; end of _Delay_1us
_Delay_50us:
;__Lib_Delays.c,19 :: 		void Delay_50us() {
;__Lib_Delays.c,20 :: 		Delay_us(50);
0x003E	0x0E53      	MOVLW       83
0x0040	0x6E0D      	MOVWF       R13, 0
L_Delay_50us2:
0x0042	0x2E0D      	DECFSZ      R13, 1, 0
0x0044	0xD7FE      	BRA         L_Delay_50us2
;__Lib_Delays.c,21 :: 		}
L_end_Delay_50us:
0x0046	0x0012      	RETURN      0
; end of _Delay_50us
_Lcd_Cmd:
;__Lib_Lcd.c,18 :: 		
;__Lib_Lcd.c,20 :: 		
0x0048	0xBE39      	BTFSC       FARG_Lcd_Cmd_out_char, 7 
0x004A	0xD002      	BRA         L__Lcd_Cmd21
0x004C	0x9E83      	BCF         LCD_D7, BitPos(LCD_D7+0) 
0x004E	0xD001      	BRA         L__Lcd_Cmd22
L__Lcd_Cmd21:
0x0050	0x8E83      	BSF         LCD_D7, BitPos(LCD_D7+0) 
L__Lcd_Cmd22:
;__Lib_Lcd.c,21 :: 		
0x0052	0xBC39      	BTFSC       FARG_Lcd_Cmd_out_char, 6 
0x0054	0xD002      	BRA         L__Lcd_Cmd23
0x0056	0x9C83      	BCF         LCD_D6, BitPos(LCD_D6+0) 
0x0058	0xD001      	BRA         L__Lcd_Cmd24
L__Lcd_Cmd23:
0x005A	0x8C83      	BSF         LCD_D6, BitPos(LCD_D6+0) 
L__Lcd_Cmd24:
;__Lib_Lcd.c,22 :: 		
0x005C	0xBA39      	BTFSC       FARG_Lcd_Cmd_out_char, 5 
0x005E	0xD002      	BRA         L__Lcd_Cmd25
0x0060	0x9A83      	BCF         LCD_D5, BitPos(LCD_D5+0) 
0x0062	0xD001      	BRA         L__Lcd_Cmd26
L__Lcd_Cmd25:
0x0064	0x8A83      	BSF         LCD_D5, BitPos(LCD_D5+0) 
L__Lcd_Cmd26:
;__Lib_Lcd.c,23 :: 		
0x0066	0xB839      	BTFSC       FARG_Lcd_Cmd_out_char, 4 
0x0068	0xD002      	BRA         L__Lcd_Cmd27
0x006A	0x9883      	BCF         LCD_D4, BitPos(LCD_D4+0) 
0x006C	0xD001      	BRA         L__Lcd_Cmd28
L__Lcd_Cmd27:
0x006E	0x8883      	BSF         LCD_D4, BitPos(LCD_D4+0) 
L__Lcd_Cmd28:
;__Lib_Lcd.c,25 :: 		
0x0070	0xB42E      	BTFSC       __Lib_Lcd_cmd_status, BitPos(__Lib_Lcd_cmd_status+0) 
0x0072	0xD002      	BRA         L__Lcd_Cmd29
0x0074	0x8084      	BSF         LCD_RS, BitPos(LCD_RS+0) 
0x0076	0xD001      	BRA         L__Lcd_Cmd30
L__Lcd_Cmd29:
0x0078	0x9084      	BCF         LCD_RS, BitPos(LCD_RS+0) 
L__Lcd_Cmd30:
;__Lib_Lcd.c,28 :: 		
0x007A	0x8284      	BSF         LCD_EN, BitPos(LCD_EN+0) 
;__Lib_Lcd.c,29 :: 		
0x007C	0xDFDA      	RCALL       _Delay_1us
;__Lib_Lcd.c,30 :: 		
0x007E	0x9284      	BCF         LCD_EN, BitPos(LCD_EN+0) 
;__Lib_Lcd.c,33 :: 		
0x0080	0xB639      	BTFSC       FARG_Lcd_Cmd_out_char, 3 
0x0082	0xD002      	BRA         L__Lcd_Cmd31
0x0084	0x9E83      	BCF         LCD_D7, BitPos(LCD_D7+0) 
0x0086	0xD001      	BRA         L__Lcd_Cmd32
L__Lcd_Cmd31:
0x0088	0x8E83      	BSF         LCD_D7, BitPos(LCD_D7+0) 
L__Lcd_Cmd32:
;__Lib_Lcd.c,34 :: 		
0x008A	0xB439      	BTFSC       FARG_Lcd_Cmd_out_char, 2 
0x008C	0xD002      	BRA         L__Lcd_Cmd33
0x008E	0x9C83      	BCF         LCD_D6, BitPos(LCD_D6+0) 
0x0090	0xD001      	BRA         L__Lcd_Cmd34
L__Lcd_Cmd33:
0x0092	0x8C83      	BSF         LCD_D6, BitPos(LCD_D6+0) 
L__Lcd_Cmd34:
;__Lib_Lcd.c,35 :: 		
0x0094	0xB239      	BTFSC       FARG_Lcd_Cmd_out_char, 1 
0x0096	0xD002      	BRA         L__Lcd_Cmd35
0x0098	0x9A83      	BCF         LCD_D5, BitPos(LCD_D5+0) 
0x009A	0xD001      	BRA         L__Lcd_Cmd36
L__Lcd_Cmd35:
0x009C	0x8A83      	BSF         LCD_D5, BitPos(LCD_D5+0) 
L__Lcd_Cmd36:
;__Lib_Lcd.c,36 :: 		
0x009E	0xB039      	BTFSC       FARG_Lcd_Cmd_out_char, 0 
0x00A0	0xD002      	BRA         L__Lcd_Cmd37
0x00A2	0x9883      	BCF         LCD_D4, BitPos(LCD_D4+0) 
0x00A4	0xD001      	BRA         L__Lcd_Cmd38
L__Lcd_Cmd37:
0x00A6	0x8883      	BSF         LCD_D4, BitPos(LCD_D4+0) 
L__Lcd_Cmd38:
;__Lib_Lcd.c,38 :: 		
0x00A8	0xB42E      	BTFSC       __Lib_Lcd_cmd_status, BitPos(__Lib_Lcd_cmd_status+0) 
0x00AA	0xD002      	BRA         L__Lcd_Cmd39
0x00AC	0x8084      	BSF         LCD_RS, BitPos(LCD_RS+0) 
0x00AE	0xD001      	BRA         L__Lcd_Cmd40
L__Lcd_Cmd39:
0x00B0	0x9084      	BCF         LCD_RS, BitPos(LCD_RS+0) 
L__Lcd_Cmd40:
;__Lib_Lcd.c,40 :: 		
0x00B2	0x8284      	BSF         LCD_EN, BitPos(LCD_EN+0) 
;__Lib_Lcd.c,41 :: 		
0x00B4	0xDFBE      	RCALL       _Delay_1us
;__Lib_Lcd.c,42 :: 		
0x00B6	0x9284      	BCF         LCD_EN, BitPos(LCD_EN+0) 
;__Lib_Lcd.c,44 :: 		
0x00B8	0xA42E      	BTFSS       __Lib_Lcd_cmd_status, BitPos(__Lib_Lcd_cmd_status+0) 
0x00BA	0xD002      	BRA         L_Lcd_Cmd0
;__Lib_Lcd.c,45 :: 		
0x00BC	0xDFAF      	RCALL       _Delay_5500us
0x00BE	0xD001      	BRA         L_Lcd_Cmd1
L_Lcd_Cmd0:
;__Lib_Lcd.c,47 :: 		
0x00C0	0xDFBE      	RCALL       _Delay_50us
L_Lcd_Cmd1:
;__Lib_Lcd.c,48 :: 		
L_end_Lcd_Cmd:
0x00C2	0x0012      	RETURN      0
; end of _Lcd_Cmd
_Lcd_Chr_CP:
;__Lib_Lcd.c,50 :: 		
;__Lib_Lcd.c,52 :: 		
0x00C4	0x942E      	BCF         __Lib_Lcd_cmd_status, BitPos(__Lib_Lcd_cmd_status+0) 
;__Lib_Lcd.c,53 :: 		
0x00C6	0xF039C038  	MOVFF       FARG_Lcd_Chr_CP_out_char, FARG_Lcd_Cmd_out_char
0x00CA	0xDFBE      	RCALL       _Lcd_Cmd
;__Lib_Lcd.c,54 :: 		
0x00CC	0x842E      	BSF         __Lib_Lcd_cmd_status, BitPos(__Lib_Lcd_cmd_status+0) 
;__Lib_Lcd.c,55 :: 		
L_end_Lcd_Chr_CP:
0x00CE	0x0012      	RETURN      0
; end of _Lcd_Chr_CP
_displayNumber:
;ProvaGBFelipeW2.c,35 :: 		void displayNumber(unsigned char digit, unsigned char position) {
;ProvaGBFelipeW2.c,36 :: 		PORTD = segment_codes[digit]; // Envia o código do dígito para os segmentos
0x00D0	0x0E8F      	MOVLW       _segment_codes
0x00D2	0x2433      	ADDWF       FARG_displayNumber_digit, 0 
0x00D4	0x6EF6      	MOVWF       TBLPTR 
0x00D6	0x0E03      	MOVLW       hi_addr(_segment_codes)
0x00D8	0x6EF7      	MOVWF       TBLPTR+1 
0x00DA	0x0E00      	MOVLW       0
0x00DC	0x22F7      	ADDWFC      TBLPTR+1, 1 
0x00DE	0x0E00      	MOVLW       higher_addr(_segment_codes)
0x00E0	0x6EF8      	MOVWF       TBLPTR+2 
0x00E2	0x0E00      	MOVLW       0
0x00E4	0x22F8      	ADDWFC      TBLPTR+2, 1 
0x00E6	0x0009      	TBLRD*+
0x00E8	0xFF83CFF5  	MOVFF       TABLAT, PORTD
;ProvaGBFelipeW2.c,37 :: 		switch (position) {
0x00EC	0xD008      	BRA         L_displayNumber0
;ProvaGBFelipeW2.c,38 :: 		case 1: RB7_bit = 1; break; // Unidade de milhar
L_displayNumber2:
0x00EE	0x8E81      	BSF         RB7_bit, BitPos(RB7_bit+0) 
0x00F0	0xD012      	BRA         L_displayNumber1
;ProvaGBFelipeW2.c,39 :: 		case 2: RB6_bit = 1; break; // Centena
L_displayNumber3:
0x00F2	0x8C81      	BSF         RB6_bit, BitPos(RB6_bit+0) 
0x00F4	0xD010      	BRA         L_displayNumber1
;ProvaGBFelipeW2.c,40 :: 		case 3: RB5_bit = 1; break; // Dezena
L_displayNumber4:
0x00F6	0x8A81      	BSF         RB5_bit, BitPos(RB5_bit+0) 
0x00F8	0xD00E      	BRA         L_displayNumber1
;ProvaGBFelipeW2.c,41 :: 		case 4: RB4_bit = 1; break; // Unidade
L_displayNumber5:
0x00FA	0x8881      	BSF         RB4_bit, BitPos(RB4_bit+0) 
0x00FC	0xD00C      	BRA         L_displayNumber1
;ProvaGBFelipeW2.c,42 :: 		}
L_displayNumber0:
0x00FE	0x5034      	MOVF        FARG_displayNumber_position, 0 
0x0100	0x0A01      	XORLW       1
0x0102	0xE0F5      	BZ          L_displayNumber2
0x0104	0x5034      	MOVF        FARG_displayNumber_position, 0 
0x0106	0x0A02      	XORLW       2
0x0108	0xE0F4      	BZ          L_displayNumber3
0x010A	0x5034      	MOVF        FARG_displayNumber_position, 0 
0x010C	0x0A03      	XORLW       3
0x010E	0xE0F3      	BZ          L_displayNumber4
0x0110	0x5034      	MOVF        FARG_displayNumber_position, 0 
0x0112	0x0A04      	XORLW       4
0x0114	0xE0F2      	BZ          L_displayNumber5
L_displayNumber1:
;ProvaGBFelipeW2.c,43 :: 		Delay_ms(200); // Breve atraso para estabilizar a exibição
0x0116	0x0E06      	MOVLW       6
0x0118	0x6E0B      	MOVWF       R11, 0
0x011A	0x0E13      	MOVLW       19
0x011C	0x6E0C      	MOVWF       R12, 0
0x011E	0x0EAD      	MOVLW       173
0x0120	0x6E0D      	MOVWF       R13, 0
L_displayNumber6:
0x0122	0x2E0D      	DECFSZ      R13, 1, 0
0x0124	0xD7FE      	BRA         L_displayNumber6
0x0126	0x2E0C      	DECFSZ      R12, 1, 0
0x0128	0xD7FC      	BRA         L_displayNumber6
0x012A	0x2E0B      	DECFSZ      R11, 1, 0
0x012C	0xD7FA      	BRA         L_displayNumber6
0x012E	0x0000      	NOP
0x0130	0x0000      	NOP
;ProvaGBFelipeW2.c,44 :: 		RB7_bit = RB6_bit = RB5_bit = RB4_bit = 0; // Desliga os displays
0x0132	0x9881      	BCF         RB4_bit, BitPos(RB4_bit+0) 
0x0134	0xB881      	BTFSC       RB4_bit, BitPos(RB4_bit+0) 
0x0136	0xD002      	BRA         L__displayNumber24
0x0138	0x9A81      	BCF         RB5_bit, BitPos(RB5_bit+0) 
0x013A	0xD001      	BRA         L__displayNumber25
L__displayNumber24:
0x013C	0x8A81      	BSF         RB5_bit, BitPos(RB5_bit+0) 
L__displayNumber25:
0x013E	0xBA81      	BTFSC       RB5_bit, BitPos(RB5_bit+0) 
0x0140	0xD002      	BRA         L__displayNumber26
0x0142	0x9C81      	BCF         RB6_bit, BitPos(RB6_bit+0) 
0x0144	0xD001      	BRA         L__displayNumber27
L__displayNumber26:
0x0146	0x8C81      	BSF         RB6_bit, BitPos(RB6_bit+0) 
L__displayNumber27:
0x0148	0xBC81      	BTFSC       RB6_bit, BitPos(RB6_bit+0) 
0x014A	0xD002      	BRA         L__displayNumber28
0x014C	0x9E81      	BCF         RB7_bit, BitPos(RB7_bit+0) 
0x014E	0xD001      	BRA         L__displayNumber29
L__displayNumber28:
0x0150	0x8E81      	BSF         RB7_bit, BitPos(RB7_bit+0) 
L__displayNumber29:
;ProvaGBFelipeW2.c,45 :: 		}
L_end_displayNumber:
0x0152	0x0012      	RETURN      0
; end of _displayNumber
_ADC_Init:
;__Lib_ADC_A_D.c,13 :: 		
;__Lib_ADC_A_D.c,14 :: 		
0x0154	0x0EFF      	MOVLW       _ADC_Get_Sample
0x0156	0x6E2F      	MOVWF       _ADC_Get_Sample_Ptr 
0x0158	0x0EFF      	MOVLW       hi_addr(_ADC_Get_Sample)
0x015A	0x6E30      	MOVWF       _ADC_Get_Sample_Ptr+1 
0x015C	0x0EFF      	MOVLW       FARG_ADC_Get_Sample_channel
0x015E	0x6E31      	MOVWF       _ADC_Get_Sample_Ptr+2 
0x0160	0x0EFF      	MOVLW       hi_addr(FARG_ADC_Get_Sample_channel)
0x0162	0x6E32      	MOVWF       _ADC_Get_Sample_Ptr+3 
;__Lib_ADC_A_D.c,16 :: 		
0x0164	0x6AC2      	CLRF        ADCON0 
;__Lib_ADC_A_D.c,17 :: 		
0x0166	0x1C2D      	COMF        _vref_mask, 0 
0x0168	0x6E00      	MOVWF       R0 
0x016A	0x5000      	MOVF        R0, 0 
0x016C	0x16C1      	ANDWF       ADCON1, 1 
;__Lib_ADC_A_D.c,18 :: 		
0x016E	0x0E07      	MOVLW       7
0x0170	0x12C0      	IORWF       ADCON2, 1 
;__Lib_ADC_A_D.c,19 :: 		
0x0172	0x8EC0      	BSF         ADCON2, 7 
;__Lib_ADC_A_D.c,20 :: 		
0x0174	0x80C2      	BSF         ADCON0, 0 
;__Lib_ADC_A_D.c,21 :: 		
L_end_ADC_Init:
0x0176	0x0012      	RETURN      0
; end of _ADC_Init
___CC2DW:
;__Lib_System.c,21 :: 		
;__Lib_System.c,23 :: 		
_CC2DL_Loop1:
;__Lib_System.c,24 :: 		
0x0178	0x0009      	TBLRD*+
;__Lib_System.c,25 :: 		
0x017A	0xFFE6CFF5  	MOVFF       TABLAT, POSTINC1
;__Lib_System.c,26 :: 		
0x017E	0x0600      	DECF        R0, 1, 0
;__Lib_System.c,27 :: 		
0x0180	0xE1FB      	BNZ         _CC2DL_Loop1
;__Lib_System.c,28 :: 		
0x0182	0x0601      	DECF        R1, 1, 0
;__Lib_System.c,29 :: 		
0x0184	0xE1F9      	BNZ         _CC2DL_Loop1
;__Lib_System.c,31 :: 		
L_end___CC2DW:
0x0186	0x0012      	RETURN      0
; end of ___CC2DW
_Lcd_Out:
;__Lib_Lcd.c,184 :: 		
;__Lib_Lcd.c,187 :: 		
0x0188	0xD00F      	BRA         L_Lcd_Out11
;__Lib_Lcd.c,188 :: 		
L_Lcd_Out13:
0x018A	0x0E80      	MOVLW       128
0x018C	0x6E33      	MOVWF       FARG_Lcd_Out_row 
0x018E	0xD019      	BRA         L_Lcd_Out12
;__Lib_Lcd.c,189 :: 		
L_Lcd_Out14:
0x0190	0x0EC0      	MOVLW       192
0x0192	0x6E33      	MOVWF       FARG_Lcd_Out_row 
0x0194	0xD016      	BRA         L_Lcd_Out12
;__Lib_Lcd.c,190 :: 		
L_Lcd_Out15:
0x0196	0x0E94      	MOVLW       148
0x0198	0x6E33      	MOVWF       FARG_Lcd_Out_row 
0x019A	0xD013      	BRA         L_Lcd_Out12
;__Lib_Lcd.c,191 :: 		
L_Lcd_Out16:
0x019C	0x0ED4      	MOVLW       212
0x019E	0x6E33      	MOVWF       FARG_Lcd_Out_row 
0x01A0	0xD010      	BRA         L_Lcd_Out12
;__Lib_Lcd.c,192 :: 		
L_Lcd_Out17:
0x01A2	0x0E80      	MOVLW       128
0x01A4	0x6E33      	MOVWF       FARG_Lcd_Out_row 
;__Lib_Lcd.c,193 :: 		
0x01A6	0xD00D      	BRA         L_Lcd_Out12
L_Lcd_Out11:
0x01A8	0x5033      	MOVF        FARG_Lcd_Out_row, 0 
0x01AA	0x0A01      	XORLW       1
0x01AC	0xE0EE      	BZ          L_Lcd_Out13
0x01AE	0x5033      	MOVF        FARG_Lcd_Out_row, 0 
0x01B0	0x0A02      	XORLW       2
0x01B2	0xE0EE      	BZ          L_Lcd_Out14
0x01B4	0x5033      	MOVF        FARG_Lcd_Out_row, 0 
0x01B6	0x0A03      	XORLW       3
0x01B8	0xE0EE      	BZ          L_Lcd_Out15
0x01BA	0x5033      	MOVF        FARG_Lcd_Out_row, 0 
0x01BC	0x0A04      	XORLW       4
0x01BE	0xE0EE      	BZ          L_Lcd_Out16
0x01C0	0xD7F0      	BRA         L_Lcd_Out17
L_Lcd_Out12:
;__Lib_Lcd.c,194 :: 		
0x01C2	0x0434      	DECF        FARG_Lcd_Out_column, 0 
0x01C4	0x6E00      	MOVWF       R0 
0x01C6	0x5033      	MOVF        FARG_Lcd_Out_row, 0 
0x01C8	0x2600      	ADDWF       R0, 1 
0x01CA	0xF033C000  	MOVFF       R0, FARG_Lcd_Out_row
;__Lib_Lcd.c,196 :: 		
0x01CE	0xF039C000  	MOVFF       R0, FARG_Lcd_Cmd_out_char
0x01D2	0xDF3A      	RCALL       _Lcd_Cmd
;__Lib_Lcd.c,197 :: 		
0x01D4	0x942E      	BCF         __Lib_Lcd_cmd_status, BitPos(__Lib_Lcd_cmd_status+0) 
;__Lib_Lcd.c,198 :: 		
0x01D6	0x6A37      	CLRF        Lcd_Out_i_L0 
;__Lib_Lcd.c,199 :: 		
L_Lcd_Out18:
0x01D8	0x5037      	MOVF        Lcd_Out_i_L0, 0 
0x01DA	0x2435      	ADDWF       FARG_Lcd_Out_text, 0 
0x01DC	0x6EE9      	MOVWF       FSR0L 
0x01DE	0x0E00      	MOVLW       0
0x01E0	0x2036      	ADDWFC      FARG_Lcd_Out_text+1, 0 
0x01E2	0x6EEA      	MOVWF       FSR0L+1 
0x01E4	0x52EE      	MOVF        POSTINC0, 1 
0x01E6	0xE00B      	BZ          L_Lcd_Out19
;__Lib_Lcd.c,200 :: 		
0x01E8	0x5037      	MOVF        Lcd_Out_i_L0, 0 
0x01EA	0x2435      	ADDWF       FARG_Lcd_Out_text, 0 
0x01EC	0x6EE9      	MOVWF       FSR0L 
0x01EE	0x0E00      	MOVLW       0
0x01F0	0x2036      	ADDWFC      FARG_Lcd_Out_text+1, 0 
0x01F2	0x6EEA      	MOVWF       FSR0L+1 
0x01F4	0xF038CFEE  	MOVFF       POSTINC0, FARG_Lcd_Chr_CP_out_char
0x01F8	0xDF65      	RCALL       _Lcd_Chr_CP
0x01FA	0x2A37      	INCF        Lcd_Out_i_L0, 1 
0x01FC	0xD7ED      	BRA         L_Lcd_Out18
L_Lcd_Out19:
;__Lib_Lcd.c,201 :: 		
0x01FE	0x842E      	BSF         __Lib_Lcd_cmd_status, BitPos(__Lib_Lcd_cmd_status+0) 
;__Lib_Lcd.c,202 :: 		
L_end_Lcd_Out:
0x0200	0x0012      	RETURN      0
; end of _Lcd_Out
_Lcd_Init:
;__Lib_Lcd.c,84 :: 		
;__Lib_Lcd.c,86 :: 		
0x0202	0x9296      	BCF         LCD_EN_Direction, BitPos(LCD_EN_Direction+0) 
;__Lib_Lcd.c,87 :: 		
0x0204	0x9096      	BCF         LCD_RS_Direction, BitPos(LCD_RS_Direction+0) 
;__Lib_Lcd.c,88 :: 		
0x0206	0x9895      	BCF         LCD_D4_Direction, BitPos(LCD_D4_Direction+0) 
;__Lib_Lcd.c,89 :: 		
0x0208	0x9A95      	BCF         LCD_D5_Direction, BitPos(LCD_D5_Direction+0) 
;__Lib_Lcd.c,90 :: 		
0x020A	0x9C95      	BCF         LCD_D6_Direction, BitPos(LCD_D6_Direction+0) 
;__Lib_Lcd.c,91 :: 		
0x020C	0x9E95      	BCF         LCD_D7_Direction, BitPos(LCD_D7_Direction+0) 
;__Lib_Lcd.c,93 :: 		
0x020E	0x9284      	BCF         LCD_EN, BitPos(LCD_EN+0) 
;__Lib_Lcd.c,94 :: 		
0x0210	0x9084      	BCF         LCD_RS, BitPos(LCD_RS+0) 
;__Lib_Lcd.c,95 :: 		
0x0212	0x9E83      	BCF         LCD_D7, BitPos(LCD_D7+0) 
;__Lib_Lcd.c,96 :: 		
0x0214	0x9C83      	BCF         LCD_D6, BitPos(LCD_D6+0) 
;__Lib_Lcd.c,97 :: 		
0x0216	0x9A83      	BCF         LCD_D5, BitPos(LCD_D5+0) 
;__Lib_Lcd.c,98 :: 		
0x0218	0x9883      	BCF         LCD_D4, BitPos(LCD_D4+0) 
;__Lib_Lcd.c,100 :: 		
0x021A	0xDF00      	RCALL       _Delay_5500us
;__Lib_Lcd.c,101 :: 		
0x021C	0xDEFF      	RCALL       _Delay_5500us
;__Lib_Lcd.c,102 :: 		
0x021E	0xDEFE      	RCALL       _Delay_5500us
;__Lib_Lcd.c,105 :: 		
0x0220	0x8A83      	BSF         LCD_D5, BitPos(LCD_D5+0) 
;__Lib_Lcd.c,106 :: 		
0x0222	0x8883      	BSF         LCD_D4, BitPos(LCD_D4+0) 
;__Lib_Lcd.c,107 :: 		
0x0224	0x8284      	BSF         LCD_EN, BitPos(LCD_EN+0) 
;__Lib_Lcd.c,108 :: 		
0x0226	0xDF05      	RCALL       _Delay_1us
;__Lib_Lcd.c,109 :: 		
0x0228	0x9284      	BCF         LCD_EN, BitPos(LCD_EN+0) 
;__Lib_Lcd.c,110 :: 		
0x022A	0xDEF8      	RCALL       _Delay_5500us
;__Lib_Lcd.c,112 :: 		
0x022C	0x8284      	BSF         LCD_EN, BitPos(LCD_EN+0) 
;__Lib_Lcd.c,113 :: 		
0x022E	0xDF01      	RCALL       _Delay_1us
;__Lib_Lcd.c,114 :: 		
0x0230	0x9284      	BCF         LCD_EN, BitPos(LCD_EN+0) 
;__Lib_Lcd.c,115 :: 		
0x0232	0xDEF4      	RCALL       _Delay_5500us
;__Lib_Lcd.c,117 :: 		
0x0234	0x8284      	BSF         LCD_EN, BitPos(LCD_EN+0) 
;__Lib_Lcd.c,118 :: 		
0x0236	0xDEFD      	RCALL       _Delay_1us
;__Lib_Lcd.c,119 :: 		
0x0238	0x9284      	BCF         LCD_EN, BitPos(LCD_EN+0) 
;__Lib_Lcd.c,120 :: 		
0x023A	0xDEF0      	RCALL       _Delay_5500us
;__Lib_Lcd.c,123 :: 		
0x023C	0x9883      	BCF         LCD_D4, BitPos(LCD_D4+0) 
;__Lib_Lcd.c,124 :: 		
0x023E	0x8284      	BSF         LCD_EN, BitPos(LCD_EN+0) 
;__Lib_Lcd.c,125 :: 		
0x0240	0xDEF8      	RCALL       _Delay_1us
;__Lib_Lcd.c,126 :: 		
0x0242	0x9284      	BCF         LCD_EN, BitPos(LCD_EN+0) 
;__Lib_Lcd.c,127 :: 		
0x0244	0xDEEB      	RCALL       _Delay_5500us
;__Lib_Lcd.c,130 :: 		
0x0246	0x8284      	BSF         LCD_EN, BitPos(LCD_EN+0) 
;__Lib_Lcd.c,131 :: 		
0x0248	0xDEF4      	RCALL       _Delay_1us
;__Lib_Lcd.c,132 :: 		
0x024A	0x9284      	BCF         LCD_EN, BitPos(LCD_EN+0) 
;__Lib_Lcd.c,134 :: 		
0x024C	0x9A83      	BCF         LCD_D5, BitPos(LCD_D5+0) 
;__Lib_Lcd.c,135 :: 		
0x024E	0x8E83      	BSF         LCD_D7, BitPos(LCD_D7+0) 
;__Lib_Lcd.c,136 :: 		
0x0250	0x8284      	BSF         LCD_EN, BitPos(LCD_EN+0) 
;__Lib_Lcd.c,137 :: 		
0x0252	0xDEEF      	RCALL       _Delay_1us
;__Lib_Lcd.c,138 :: 		
0x0254	0x9284      	BCF         LCD_EN, BitPos(LCD_EN+0) 
;__Lib_Lcd.c,139 :: 		
0x0256	0xDEE2      	RCALL       _Delay_5500us
;__Lib_Lcd.c,142 :: 		
0x0258	0x9E83      	BCF         LCD_D7, BitPos(LCD_D7+0) 
;__Lib_Lcd.c,143 :: 		
0x025A	0x8883      	BSF         LCD_D4, BitPos(LCD_D4+0) 
;__Lib_Lcd.c,144 :: 		
0x025C	0x8284      	BSF         LCD_EN, BitPos(LCD_EN+0) 
;__Lib_Lcd.c,145 :: 		
0x025E	0xDEE9      	RCALL       _Delay_1us
;__Lib_Lcd.c,146 :: 		
0x0260	0x9284      	BCF         LCD_EN, BitPos(LCD_EN+0) 
;__Lib_Lcd.c,148 :: 		
0x0262	0x9883      	BCF         LCD_D4, BitPos(LCD_D4+0) 
;__Lib_Lcd.c,149 :: 		
0x0264	0x8284      	BSF         LCD_EN, BitPos(LCD_EN+0) 
;__Lib_Lcd.c,150 :: 		
0x0266	0xDEE5      	RCALL       _Delay_1us
;__Lib_Lcd.c,151 :: 		
0x0268	0x9284      	BCF         LCD_EN, BitPos(LCD_EN+0) 
;__Lib_Lcd.c,152 :: 		
0x026A	0xDED8      	RCALL       _Delay_5500us
;__Lib_Lcd.c,155 :: 		
0x026C	0x8284      	BSF         LCD_EN, BitPos(LCD_EN+0) 
;__Lib_Lcd.c,156 :: 		
0x026E	0xDEE1      	RCALL       _Delay_1us
;__Lib_Lcd.c,157 :: 		
0x0270	0x9284      	BCF         LCD_EN, BitPos(LCD_EN+0) 
;__Lib_Lcd.c,159 :: 		
0x0272	0x8883      	BSF         LCD_D4, BitPos(LCD_D4+0) 
;__Lib_Lcd.c,160 :: 		
0x0274	0x8284      	BSF         LCD_EN, BitPos(LCD_EN+0) 
;__Lib_Lcd.c,161 :: 		
0x0276	0xDEDD      	RCALL       _Delay_1us
;__Lib_Lcd.c,162 :: 		
0x0278	0x9284      	BCF         LCD_EN, BitPos(LCD_EN+0) 
;__Lib_Lcd.c,163 :: 		
0x027A	0xDED0      	RCALL       _Delay_5500us
;__Lib_Lcd.c,166 :: 		
0x027C	0x9883      	BCF         LCD_D4, BitPos(LCD_D4+0) 
;__Lib_Lcd.c,167 :: 		
0x027E	0x8284      	BSF         LCD_EN, BitPos(LCD_EN+0) 
;__Lib_Lcd.c,168 :: 		
0x0280	0xDED8      	RCALL       _Delay_1us
;__Lib_Lcd.c,169 :: 		
0x0282	0x9284      	BCF         LCD_EN, BitPos(LCD_EN+0) 
;__Lib_Lcd.c,171 :: 		
0x0284	0x8E83      	BSF         LCD_D7, BitPos(LCD_D7+0) 
;__Lib_Lcd.c,172 :: 		
0x0286	0x8C83      	BSF         LCD_D6, BitPos(LCD_D6+0) 
;__Lib_Lcd.c,173 :: 		
0x0288	0x8A83      	BSF         LCD_D5, BitPos(LCD_D5+0) 
;__Lib_Lcd.c,174 :: 		
0x028A	0x8883      	BSF         LCD_D4, BitPos(LCD_D4+0) 
;__Lib_Lcd.c,175 :: 		
0x028C	0x8284      	BSF         LCD_EN, BitPos(LCD_EN+0) 
;__Lib_Lcd.c,176 :: 		
0x028E	0xDED1      	RCALL       _Delay_1us
;__Lib_Lcd.c,177 :: 		
0x0290	0x9284      	BCF         LCD_EN, BitPos(LCD_EN+0) 
;__Lib_Lcd.c,179 :: 		
0x0292	0xDEC4      	RCALL       _Delay_5500us
;__Lib_Lcd.c,181 :: 		
0x0294	0x842E      	BSF         __Lib_Lcd_cmd_status, BitPos(__Lib_Lcd_cmd_status+0) 
;__Lib_Lcd.c,182 :: 		
L_end_Lcd_Init:
0x0296	0x0012      	RETURN      0
; end of _Lcd_Init
_main:
0x0298	0xF001ECCD  	CALL        922, 0
;ProvaGBFelipeW2.c,47 :: 		void main() {
;ProvaGBFelipeW2.c,48 :: 		previousStateRB0 = 0; // Inicializa estados anteriores
0x029C	0x902E      	BCF         _previousStateRB0, BitPos(_previousStateRB0+0) 
;ProvaGBFelipeW2.c,49 :: 		previousStateRB1 = 0;
0x029E	0x922E      	BCF         _previousStateRB1, BitPos(_previousStateRB1+0) 
;ProvaGBFelipeW2.c,52 :: 		PORTA = 0;
0x02A0	0x6A80      	CLRF        PORTA 
;ProvaGBFelipeW2.c,53 :: 		TRISA = 1;          // Configura RA como entrada
0x02A2	0x0E01      	MOVLW       1
0x02A4	0x6E92      	MOVWF       TRISA 
;ProvaGBFelipeW2.c,54 :: 		ADCON1 = 14;        // Configura RA como portas digitais
0x02A6	0x0E0E      	MOVLW       14
0x02A8	0x6EC1      	MOVWF       ADCON1 
;ProvaGBFelipeW2.c,55 :: 		CMCON = 7;          // Desabilita comparadores
0x02AA	0x0E07      	MOVLW       7
0x02AC	0x6EB4      	MOVWF       CMCON 
;ProvaGBFelipeW2.c,56 :: 		INTCON2 = 0;
0x02AE	0x6AF1      	CLRF        INTCON2 
;ProvaGBFelipeW2.c,58 :: 		TRISB0_bit = 1;     // Configura RB0 como entrada
0x02B0	0x8093      	BSF         TRISB0_bit, BitPos(TRISB0_bit+0) 
;ProvaGBFelipeW2.c,59 :: 		TRISB1_bit = 1;     // Configura RB1 como entrada
0x02B2	0x8293      	BSF         TRISB1_bit, BitPos(TRISB1_bit+0) 
;ProvaGBFelipeW2.c,61 :: 		TRISD = 0;          // Configura PORTD como saída
0x02B4	0x6A95      	CLRF        TRISD 
;ProvaGBFelipeW2.c,62 :: 		TRISB4_bit = 0;     // Configura RB4 (unidade) como saída
0x02B6	0x9893      	BCF         TRISB4_bit, BitPos(TRISB4_bit+0) 
;ProvaGBFelipeW2.c,63 :: 		TRISB5_bit = 0;     // Configura RB5 (dezena) como saída
0x02B8	0x9A93      	BCF         TRISB5_bit, BitPos(TRISB5_bit+0) 
;ProvaGBFelipeW2.c,64 :: 		TRISB6_bit = 0;     // Configura RB6 (centena) como saída
0x02BA	0x9C93      	BCF         TRISB6_bit, BitPos(TRISB6_bit+0) 
;ProvaGBFelipeW2.c,65 :: 		TRISB7_bit = 0;     // Configura RB7 (milhar) como saída
0x02BC	0x9E93      	BCF         TRISB7_bit, BitPos(TRISB7_bit+0) 
;ProvaGBFelipeW2.c,67 :: 		ADC_Init();         // Inicializa ADC
0x02BE	0xDF4A      	RCALL       _ADC_Init
;ProvaGBFelipeW2.c,68 :: 		Lcd_Init();         // Inicializa LCD
0x02C0	0xDFA0      	RCALL       _Lcd_Init
;ProvaGBFelipeW2.c,69 :: 		Lcd_Cmd(_LCD_CURSOR_OFF);
0x02C2	0x0E0C      	MOVLW       12
0x02C4	0x6E39      	MOVWF       FARG_Lcd_Cmd_out_char 
0x02C6	0xDEC0      	RCALL       _Lcd_Cmd
;ProvaGBFelipeW2.c,70 :: 		Lcd_Cmd(_LCD_CLEAR);
0x02C8	0x0E01      	MOVLW       1
0x02CA	0x6E39      	MOVWF       FARG_Lcd_Cmd_out_char 
0x02CC	0xDEBD      	RCALL       _Lcd_Cmd
;ProvaGBFelipeW2.c,72 :: 		while (1) {
L_main7:
;ProvaGBFelipeW2.c,74 :: 		if (RB0_bit == 1 && previousStateRB0 == 0) {
0x02CE	0xA081      	BTFSS       RB0_bit, BitPos(RB0_bit+0) 
0x02D0	0xD024      	BRA         L_main11
0x02D2	0xB02E      	BTFSC       _previousStateRB0, BitPos(_previousStateRB0+0) 
0x02D4	0xD022      	BRA         L_main11
L__main22:
;ProvaGBFelipeW2.c,75 :: 		previousStateRB0 = 1;
0x02D6	0x802E      	BSF         _previousStateRB0, BitPos(_previousStateRB0+0) 
;ProvaGBFelipeW2.c,78 :: 		Lcd_Out(1, 1, "Felipe Wormmat");
0x02D8	0x0E01      	MOVLW       1
0x02DA	0x6E33      	MOVWF       FARG_Lcd_Out_row 
0x02DC	0x0E01      	MOVLW       1
0x02DE	0x6E34      	MOVWF       FARG_Lcd_Out_column 
0x02E0	0x0E15      	MOVLW       ?lstr1_ProvaGBFelipeW2
0x02E2	0x6E35      	MOVWF       FARG_Lcd_Out_text 
0x02E4	0x0E00      	MOVLW       hi_addr(?lstr1_ProvaGBFelipeW2)
0x02E6	0x6E36      	MOVWF       FARG_Lcd_Out_text+1 
0x02E8	0xDF4F      	RCALL       _Lcd_Out
;ProvaGBFelipeW2.c,79 :: 		Lcd_Out(2, 1, "RA 38579");
0x02EA	0x0E02      	MOVLW       2
0x02EC	0x6E33      	MOVWF       FARG_Lcd_Out_row 
0x02EE	0x0E01      	MOVLW       1
0x02F0	0x6E34      	MOVWF       FARG_Lcd_Out_column 
0x02F2	0x0E24      	MOVLW       ?lstr2_ProvaGBFelipeW2
0x02F4	0x6E35      	MOVWF       FARG_Lcd_Out_text 
0x02F6	0x0E00      	MOVLW       hi_addr(?lstr2_ProvaGBFelipeW2)
0x02F8	0x6E36      	MOVWF       FARG_Lcd_Out_text+1 
0x02FA	0xDF46      	RCALL       _Lcd_Out
;ProvaGBFelipeW2.c,81 :: 		Delay_ms(200);    // Aguarda 2 segundos
0x02FC	0x0E06      	MOVLW       6
0x02FE	0x6E0B      	MOVWF       R11, 0
0x0300	0x0E13      	MOVLW       19
0x0302	0x6E0C      	MOVWF       R12, 0
0x0304	0x0EAD      	MOVLW       173
0x0306	0x6E0D      	MOVWF       R13, 0
L_main12:
0x0308	0x2E0D      	DECFSZ      R13, 1, 0
0x030A	0xD7FE      	BRA         L_main12
0x030C	0x2E0C      	DECFSZ      R12, 1, 0
0x030E	0xD7FC      	BRA         L_main12
0x0310	0x2E0B      	DECFSZ      R11, 1, 0
0x0312	0xD7FA      	BRA         L_main12
0x0314	0x0000      	NOP
0x0316	0x0000      	NOP
;ProvaGBFelipeW2.c,82 :: 		} else if (RB0_bit == 0) {
0x0318	0xD002      	BRA         L_main13
L_main11:
0x031A	0xA081      	BTFSS       RB0_bit, BitPos(RB0_bit+0) 
;ProvaGBFelipeW2.c,83 :: 		previousStateRB0 = 0;
0x031C	0x902E      	BCF         _previousStateRB0, BitPos(_previousStateRB0+0) 
;ProvaGBFelipeW2.c,84 :: 		}
L_main14:
L_main13:
;ProvaGBFelipeW2.c,87 :: 		if (RB1_bit == 1 && previousStateRB1 == 0) {
0x031E	0xA281      	BTFSS       RB1_bit, BitPos(RB1_bit+0) 
0x0320	0xD026      	BRA         L_main17
0x0322	0xB22E      	BTFSC       _previousStateRB1, BitPos(_previousStateRB1+0) 
0x0324	0xD024      	BRA         L_main17
L__main21:
;ProvaGBFelipeW2.c,88 :: 		previousStateRB1 = 1;
0x0326	0x822E      	BSF         _previousStateRB1, BitPos(_previousStateRB1+0) 
;ProvaGBFelipeW2.c,91 :: 		displayNumber(3, 1); // Milhar
0x0328	0x0E03      	MOVLW       3
0x032A	0x6E33      	MOVWF       FARG_displayNumber_digit 
0x032C	0x0E01      	MOVLW       1
0x032E	0x6E34      	MOVWF       FARG_displayNumber_position 
0x0330	0xDECF      	RCALL       _displayNumber
;ProvaGBFelipeW2.c,92 :: 		displayNumber(8, 2); // Centena
0x0332	0x0E08      	MOVLW       8
0x0334	0x6E33      	MOVWF       FARG_displayNumber_digit 
0x0336	0x0E02      	MOVLW       2
0x0338	0x6E34      	MOVWF       FARG_displayNumber_position 
0x033A	0xDECA      	RCALL       _displayNumber
;ProvaGBFelipeW2.c,93 :: 		displayNumber(5, 3); // Dezena
0x033C	0x0E05      	MOVLW       5
0x033E	0x6E33      	MOVWF       FARG_displayNumber_digit 
0x0340	0x0E03      	MOVLW       3
0x0342	0x6E34      	MOVWF       FARG_displayNumber_position 
0x0344	0xDEC5      	RCALL       _displayNumber
;ProvaGBFelipeW2.c,94 :: 		displayNumber(7, 4); // Unidade
0x0346	0x0E07      	MOVLW       7
0x0348	0x6E33      	MOVWF       FARG_displayNumber_digit 
0x034A	0x0E04      	MOVLW       4
0x034C	0x6E34      	MOVWF       FARG_displayNumber_position 
0x034E	0xDEC0      	RCALL       _displayNumber
;ProvaGBFelipeW2.c,96 :: 		Delay_ms(200); // Pequeno atraso para evitar múltiplas detecções
0x0350	0x0E06      	MOVLW       6
0x0352	0x6E0B      	MOVWF       R11, 0
0x0354	0x0E13      	MOVLW       19
0x0356	0x6E0C      	MOVWF       R12, 0
0x0358	0x0EAD      	MOVLW       173
0x035A	0x6E0D      	MOVWF       R13, 0
L_main18:
0x035C	0x2E0D      	DECFSZ      R13, 1, 0
0x035E	0xD7FE      	BRA         L_main18
0x0360	0x2E0C      	DECFSZ      R12, 1, 0
0x0362	0xD7FC      	BRA         L_main18
0x0364	0x2E0B      	DECFSZ      R11, 1, 0
0x0366	0xD7FA      	BRA         L_main18
0x0368	0x0000      	NOP
0x036A	0x0000      	NOP
;ProvaGBFelipeW2.c,97 :: 		} else if (RB1_bit == 0) {
0x036C	0xD002      	BRA         L_main19
L_main17:
0x036E	0xA281      	BTFSS       RB1_bit, BitPos(RB1_bit+0) 
;ProvaGBFelipeW2.c,98 :: 		previousStateRB1 = 0;
0x0370	0x922E      	BCF         _previousStateRB1, BitPos(_previousStateRB1+0) 
;ProvaGBFelipeW2.c,99 :: 		}
L_main20:
L_main19:
;ProvaGBFelipeW2.c,100 :: 		}
0x0372	0xD7AD      	BRA         L_main7
;ProvaGBFelipeW2.c,101 :: 		}
L_end_main:
0x0374	0xD7FF      	BRA         $+0
; end of _main
0x039A	0xF015EE10  	LFSR        1, 21
0x039E	0x0E19      	MOVLW       25
0x03A0	0x6E00      	MOVWF       R0 
0x03A2	0x0E01      	MOVLW       1
0x03A4	0x6E01      	MOVWF       R1 
0x03A6	0x0E76      	MOVLW       118
0x03A8	0x6EF6      	MOVWF       TBLPTR 
0x03AA	0x0E03      	MOVLW       3
0x03AC	0x6EF7      	MOVWF       TBLPTRH 
0x03AE	0x0E00      	MOVLW       0
0x03B0	0x6EF8      	MOVWF       TBLPTRU 
0x03B2	0xF000ECBC  	CALL        376, 0
0x03B6	0x0012      	RETURN      0
;ProvaGBFelipeW2.c,0 :: ?ICS?lstr1_ProvaGBFelipeW2
0x0376	0x6546 ;?ICS?lstr1_ProvaGBFelipeW2+0
0x0378	0x696C ;?ICS?lstr1_ProvaGBFelipeW2+2
0x037A	0x6570 ;?ICS?lstr1_ProvaGBFelipeW2+4
0x037C	0x5720 ;?ICS?lstr1_ProvaGBFelipeW2+6
0x037E	0x726F ;?ICS?lstr1_ProvaGBFelipeW2+8
0x0380	0x6D6D ;?ICS?lstr1_ProvaGBFelipeW2+10
0x0382	0x7461 ;?ICS?lstr1_ProvaGBFelipeW2+12
0x0384	0x00 ;?ICS?lstr1_ProvaGBFelipeW2+14
; end of ?ICS?lstr1_ProvaGBFelipeW2
;ProvaGBFelipeW2.c,0 :: ?ICS?lstr2_ProvaGBFelipeW2
0x0385	0x4152 ;?ICS?lstr2_ProvaGBFelipeW2+0
0x0387	0x3320 ;?ICS?lstr2_ProvaGBFelipeW2+2
0x0389	0x3538 ;?ICS?lstr2_ProvaGBFelipeW2+4
0x038B	0x3937 ;?ICS?lstr2_ProvaGBFelipeW2+6
0x038D	0x00 ;?ICS?lstr2_ProvaGBFelipeW2+8
; end of ?ICS?lstr2_ProvaGBFelipeW2
;__Lib_ADC_A_D.c,0 :: ?ICS_vref_mask
0x038E	0x30 ;?ICS_vref_mask+0
; end of ?ICS_vref_mask
;ProvaGBFelipeW2.c,22 :: _segment_codes
0x038F	0x063F ;_segment_codes+0
0x0391	0x4F5B ;_segment_codes+2
0x0393	0x6D66 ;_segment_codes+4
0x0395	0x077D ;_segment_codes+6
0x0397	0x6F7F ;_segment_codes+8
; end of _segment_codes
Symbol List:
//** Routines locations **
//ADDRESS    SIZE    PROCEDURE
//----------------------------------------------
0x001C      [22]    _Delay_5500us
0x0032      [12]    _Delay_1us
0x003E      [10]    _Delay_50us
0x0048     [124]    _Lcd_Cmd
0x00C4      [12]    _Lcd_Chr_CP
0x00D0     [132]    _displayNumber
0x0154      [36]    _ADC_Init
0x0178      [16]    ___CC2DW
0x0188     [122]    _Lcd_Out
0x0202     [150]    _Lcd_Init
0x0298     [222]    _main
//** Variables locations ** 
//ADDRESS    SIZE    VARIABLE
//----------------------------------------------
0x0000       [1]    UART1_Init_tmp_L0
0x0000       [1]    FLASH_Erase_64_SaveINTCON_L0
0x0000       [1]    R0
0x0001       [1]    UART1_Read___tmp_UART1_Read_L0
0x0001       [2]    FLASH_Read_N_Bytes_i_L0
0x0001       [1]    R1
0x0001       [1]    FLASH_Erase_Write_64_i_L0
0x0001       [1]    __Lib_Conversions_Adjust_Hex_tmp_L0
0x0001       [1]    FLASH_Write_32_i_L0
0x0002       [2]    memchr_s_L0
0x0002       [2]    strlen_cp_L0
0x0002       [1]    FLASH_Erase_Write_64_j_L0
0x0002       [2]    memcpy_dd_L0
0x0002       [1]    R2
0x0002       [2]    memset_pp_L0
0x0002       [1]    FLASH_Write_32_SaveINTCON_L0
0x0003       [1]    FLASH_Erase_Write_64_SaveINTCON_L0
0x0003       [1]    R3
0x0003       [2]    memmove_tt_L0
0x0003       [2]    Ltrim_original_L0
0x0004       [2]    strncat_cp_L0
0x0004       [2]    strncpy_cp_L0
0x0004       [2]    strcat_cp_L0
0x0004       [1]    R4
0x0004       [2]    memcpy_ss_L0
0x0004       [2]    strcpy_cp_L0
0x0005       [2]    memmove_ff_L0
0x0005       [1]    R5
0x0005       [2]    LongWordToHex_input_half_L0
0x0005       [2]    LongIntToHex_input_half_L0
0x0005       [2]    Ltrim_p_L0
0x0006       [1]    R6
0x0007       [1]    R7
0x0008       [1]    R8
0x0009       [1]    R9
0x000A       [1]    R10
0x000B       [1]    R11
0x000C       [1]    R12
0x000D       [1]    R13
0x000E       [1]    R14
0x000F       [1]    R15
0x0010       [1]    R16
0x0011       [1]    R17
0x0012       [1]    R18
0x0013       [1]    R19
0x0014       [1]    R20
0x0015      [15]    ?lstr1_ProvaGBFelipeW2
0x0024       [9]    ?lstr2_ProvaGBFelipeW2
0x002D       [1]    _vref_mask
0x002E       [0]    _previousStateRB0
0x002E       [0]    _previousStateRB1
0x002E       [0]    __Lib_Lcd_cmd_status
0x002F       [4]    _ADC_Get_Sample_Ptr
0x0033       [1]    FARG_displayNumber_digit
0x0033       [1]    FARG_Lcd_Out_row
0x0034       [1]    FARG_Lcd_Out_column
0x0034       [1]    FARG_displayNumber_position
0x0035       [2]    FARG_Lcd_Out_text
0x0037       [1]    Lcd_Out_i_L0
0x0038       [1]    FARG_Lcd_Chr_CP_out_char
0x0039       [1]    FARG_Lcd_Cmd_out_char
0x0F80       [1]    PORTA
0x0F81       [0]    RB1_bit
0x0F81       [0]    RB6_bit
0x0F81       [0]    RB5_bit
0x0F81       [0]    RB7_bit
0x0F81       [0]    RB4_bit
0x0F81       [0]    RB0_bit
0x0F83       [0]    RD7_bit
0x0F83       [0]    LCD_D5
0x0F83       [0]    LCD_D6
0x0F83       [0]    LCD_D4
0x0F83       [1]    PORTD
0x0F83       [0]    LCD_D7
0x0F83       [0]    RD4_bit
0x0F83       [0]    RD5_bit
0x0F83       [0]    RD6_bit
0x0F84       [0]    RE0_bit
0x0F84       [0]    RE1_bit
0x0F84       [0]    LCD_EN
0x0F84       [0]    LCD_RS
0x0F92       [1]    TRISA
0x0F93       [0]    TRISB4_bit
0x0F93       [0]    TRISB0_bit
0x0F93       [0]    TRISB1_bit
0x0F93       [0]    TRISB7_bit
0x0F93       [0]    TRISB5_bit
0x0F93       [0]    TRISB6_bit
0x0F95       [0]    LCD_D5_Direction
0x0F95       [0]    LCD_D4_Direction
0x0F95       [1]    TRISD
0x0F95       [0]    LCD_D7_Direction
0x0F95       [0]    LCD_D6_Direction
0x0F95       [0]    TRISD5_bit
0x0F95       [0]    TRISD6_bit
0x0F95       [0]    TRISD7_bit
0x0F95       [0]    TRISD4_bit
0x0F96       [0]    LCD_RS_Direction
0x0F96       [0]    TRISE1_bit
0x0F96       [0]    LCD_EN_Direction
0x0F96       [0]    TRISE0_bit
0x0FB4       [1]    CMCON
0x0FC0       [1]    ADCON2
0x0FC1       [1]    ADCON1
0x0FC2       [1]    ADCON0
0x0FD8       [1]    STATUS
0x0FD9       [1]    FSR2L
0x0FDA       [1]    FSR2H
0x0FDE       [1]    POSTINC2
0x0FE0       [1]    BSR
0x0FE1       [1]    FSR1L
0x0FE2       [1]    FSR1H
0x0FE4       [1]    PREINC1
0x0FE6       [1]    POSTINC1
0x0FE7       [1]    INDF1
0x0FE8       [1]    WREG
0x0FE9       [1]    FSR0L
0x0FEA       [1]    FSR0H
0x0FEE       [1]    POSTINC0
0x0FF1       [1]    INTCON2
0x0FF3       [1]    PRODL
0x0FF4       [1]    PRODH
0x0FF5       [1]    TABLAT
0x0FF6       [3]    TBLPTR
0x0FF6       [1]    TBLPTRL
0x0FF7       [1]    TBLPTRH
0x0FF8       [1]    TBLPTRU
//** Constants locations ** 
//ADDRESS    SIZE    CONSTANT
//----------------------------------------------
0x0376      [15]    ?ICS?lstr1_ProvaGBFelipeW2
0x0385       [9]    ?ICS?lstr2_ProvaGBFelipeW2
0x038E       [1]    ?ICS_vref_mask
0x038F      [10]    _segment_codes
