;  LST file generated by mikroListExporter - v.2.0 
; Date/Time: 12/3/2024 9:58:52 PM
;----------------------------------------------

;Address Opcode 	ASM
0x0000	0xF004EF49  	GOTO        2194
0x0004	0x0000      	NOP
0x0006	0x0000      	NOP
0x0008	0xF000EF00  	GOTO        0
0x000C	0x0000      	NOP
0x000E	0x0000      	NOP
0x0010	0x0000      	NOP
0x0012	0x0000      	NOP
0x0014	0x0000      	NOP
0x0016	0x0000      	NOP
0x0018	0xD7F3      	BRA         0
_Delay_50us:
;__Lib_Delays.c,19 :: 		void Delay_50us() {
;__Lib_Delays.c,20 :: 		Delay_us(50);
0x001C	0x0E21      	MOVLW       33
0x001E	0x6E0D      	MOVWF       R13, 0
L_Delay_50us2:
0x0020	0x2E0D      	DECFSZ      R13, 1, 0
0x0022	0xD7FE      	BRA         L_Delay_50us2
;__Lib_Delays.c,21 :: 		}
L_end_Delay_50us:
0x0024	0x0012      	RETURN      0
; end of _Delay_50us
_Delay_5500us:
;__Lib_Delays.c,31 :: 		void Delay_5500us() {
;__Lib_Delays.c,32 :: 		Delay_us(5500);
0x0026	0x0E0F      	MOVLW       15
0x0028	0x6E0C      	MOVWF       R12, 0
0x002A	0x0E47      	MOVLW       71
0x002C	0x6E0D      	MOVWF       R13, 0
L_Delay_5500us5:
0x002E	0x2E0D      	DECFSZ      R13, 1, 0
0x0030	0xD7FE      	BRA         L_Delay_5500us5
0x0032	0x2E0C      	DECFSZ      R12, 1, 0
0x0034	0xD7FC      	BRA         L_Delay_5500us5
0x0036	0x0000      	NOP
0x0038	0x0000      	NOP
;__Lib_Delays.c,33 :: 		}
L_end_Delay_5500us:
0x003A	0x0012      	RETURN      0
; end of _Delay_5500us
_Delay_1us:
;__Lib_Delays.c,7 :: 		void Delay_1us() {
;__Lib_Delays.c,8 :: 		Delay_us(1);
0x003C	0x0000      	NOP
0x003E	0x0000      	NOP
;__Lib_Delays.c,9 :: 		}
L_end_Delay_1us:
0x0040	0x0012      	RETURN      0
; end of _Delay_1us
_Lcd_Cmd:
;__Lib_Lcd.c,18 :: 		
;__Lib_Lcd.c,20 :: 		
0x0042	0x0100      	MOVLB       0
0x0044	0xBF91      	BTFSC       FARG_Lcd_Cmd_out_char, 7, 1
0x0046	0xD002      	BRA         L__Lcd_Cmd21
0x0048	0x9E83      	BCF         LCD_D7, BitPos(LCD_D7+0) 
0x004A	0xD001      	BRA         L__Lcd_Cmd22
L__Lcd_Cmd21:
0x004C	0x8E83      	BSF         LCD_D7, BitPos(LCD_D7+0) 
L__Lcd_Cmd22:
;__Lib_Lcd.c,21 :: 		
0x004E	0xBD91      	BTFSC       FARG_Lcd_Cmd_out_char, 6, 1
0x0050	0xD002      	BRA         L__Lcd_Cmd23
0x0052	0x9C83      	BCF         LCD_D6, BitPos(LCD_D6+0) 
0x0054	0xD001      	BRA         L__Lcd_Cmd24
L__Lcd_Cmd23:
0x0056	0x8C83      	BSF         LCD_D6, BitPos(LCD_D6+0) 
L__Lcd_Cmd24:
;__Lib_Lcd.c,22 :: 		
0x0058	0xBB91      	BTFSC       FARG_Lcd_Cmd_out_char, 5, 1
0x005A	0xD002      	BRA         L__Lcd_Cmd25
0x005C	0x9A83      	BCF         LCD_D5, BitPos(LCD_D5+0) 
0x005E	0xD001      	BRA         L__Lcd_Cmd26
L__Lcd_Cmd25:
0x0060	0x8A83      	BSF         LCD_D5, BitPos(LCD_D5+0) 
L__Lcd_Cmd26:
;__Lib_Lcd.c,23 :: 		
0x0062	0xB991      	BTFSC       FARG_Lcd_Cmd_out_char, 4, 1
0x0064	0xD002      	BRA         L__Lcd_Cmd27
0x0066	0x9883      	BCF         LCD_D4, BitPos(LCD_D4+0) 
0x0068	0xD001      	BRA         L__Lcd_Cmd28
L__Lcd_Cmd27:
0x006A	0x8883      	BSF         LCD_D4, BitPos(LCD_D4+0) 
L__Lcd_Cmd28:
;__Lib_Lcd.c,25 :: 		
0x006C	0xB076      	BTFSC       __Lib_Lcd_cmd_status, BitPos(__Lib_Lcd_cmd_status+0) 
0x006E	0xD002      	BRA         L__Lcd_Cmd29
0x0070	0x8084      	BSF         LCD_RS, BitPos(LCD_RS+0) 
0x0072	0xD001      	BRA         L__Lcd_Cmd30
L__Lcd_Cmd29:
0x0074	0x9084      	BCF         LCD_RS, BitPos(LCD_RS+0) 
L__Lcd_Cmd30:
;__Lib_Lcd.c,28 :: 		
0x0076	0x8284      	BSF         LCD_EN, BitPos(LCD_EN+0) 
;__Lib_Lcd.c,29 :: 		
0x0078	0xDFE1      	RCALL       _Delay_1us
;__Lib_Lcd.c,30 :: 		
0x007A	0x9284      	BCF         LCD_EN, BitPos(LCD_EN+0) 
;__Lib_Lcd.c,33 :: 		
0x007C	0xB791      	BTFSC       FARG_Lcd_Cmd_out_char, 3, 1
0x007E	0xD002      	BRA         L__Lcd_Cmd31
0x0080	0x9E83      	BCF         LCD_D7, BitPos(LCD_D7+0) 
0x0082	0xD001      	BRA         L__Lcd_Cmd32
L__Lcd_Cmd31:
0x0084	0x8E83      	BSF         LCD_D7, BitPos(LCD_D7+0) 
L__Lcd_Cmd32:
;__Lib_Lcd.c,34 :: 		
0x0086	0xB591      	BTFSC       FARG_Lcd_Cmd_out_char, 2, 1
0x0088	0xD002      	BRA         L__Lcd_Cmd33
0x008A	0x9C83      	BCF         LCD_D6, BitPos(LCD_D6+0) 
0x008C	0xD001      	BRA         L__Lcd_Cmd34
L__Lcd_Cmd33:
0x008E	0x8C83      	BSF         LCD_D6, BitPos(LCD_D6+0) 
L__Lcd_Cmd34:
;__Lib_Lcd.c,35 :: 		
0x0090	0xB391      	BTFSC       FARG_Lcd_Cmd_out_char, 1, 1
0x0092	0xD002      	BRA         L__Lcd_Cmd35
0x0094	0x9A83      	BCF         LCD_D5, BitPos(LCD_D5+0) 
0x0096	0xD001      	BRA         L__Lcd_Cmd36
L__Lcd_Cmd35:
0x0098	0x8A83      	BSF         LCD_D5, BitPos(LCD_D5+0) 
L__Lcd_Cmd36:
;__Lib_Lcd.c,36 :: 		
0x009A	0xB191      	BTFSC       FARG_Lcd_Cmd_out_char, 0, 1
0x009C	0xD002      	BRA         L__Lcd_Cmd37
0x009E	0x9883      	BCF         LCD_D4, BitPos(LCD_D4+0) 
0x00A0	0xD001      	BRA         L__Lcd_Cmd38
L__Lcd_Cmd37:
0x00A2	0x8883      	BSF         LCD_D4, BitPos(LCD_D4+0) 
L__Lcd_Cmd38:
;__Lib_Lcd.c,38 :: 		
0x00A4	0xB076      	BTFSC       __Lib_Lcd_cmd_status, BitPos(__Lib_Lcd_cmd_status+0) 
0x00A6	0xD002      	BRA         L__Lcd_Cmd39
0x00A8	0x8084      	BSF         LCD_RS, BitPos(LCD_RS+0) 
0x00AA	0xD001      	BRA         L__Lcd_Cmd40
L__Lcd_Cmd39:
0x00AC	0x9084      	BCF         LCD_RS, BitPos(LCD_RS+0) 
L__Lcd_Cmd40:
;__Lib_Lcd.c,40 :: 		
0x00AE	0x8284      	BSF         LCD_EN, BitPos(LCD_EN+0) 
;__Lib_Lcd.c,41 :: 		
0x00B0	0xDFC5      	RCALL       _Delay_1us
;__Lib_Lcd.c,42 :: 		
0x00B2	0x9284      	BCF         LCD_EN, BitPos(LCD_EN+0) 
;__Lib_Lcd.c,44 :: 		
0x00B4	0xA076      	BTFSS       __Lib_Lcd_cmd_status, BitPos(__Lib_Lcd_cmd_status+0) 
0x00B6	0xD002      	BRA         L_Lcd_Cmd0
;__Lib_Lcd.c,45 :: 		
0x00B8	0xDFB6      	RCALL       _Delay_5500us
0x00BA	0xD001      	BRA         L_Lcd_Cmd1
L_Lcd_Cmd0:
;__Lib_Lcd.c,47 :: 		
0x00BC	0xDFAF      	RCALL       _Delay_50us
L_Lcd_Cmd1:
;__Lib_Lcd.c,48 :: 		
L_end_Lcd_Cmd:
0x00BE	0x0012      	RETURN      0
; end of _Lcd_Cmd
_Div_16X16_U:
;__Lib_Math.c,102 :: 		
;__Lib_Math.c,109 :: 		
0x00C0	0x6A08      	CLRF        R8, 0
;__Lib_Math.c,110 :: 		
0x00C2	0x6A09      	CLRF        R9, 0
;__Lib_Math.c,111 :: 		
0x00C4	0x0E10      	MOVLW       16
;__Lib_Math.c,112 :: 		
0x00C6	0x6E0C      	MOVWF       R12, 0
;__Lib_Math.c,113 :: 		
0x00C8	0x3401      	RLCF        R1, 0, 0
;__Lib_Math.c,114 :: 		
0x00CA	0x3608      	RLCF        R8, 1, 0
;__Lib_Math.c,115 :: 		
0x00CC	0x3609      	RLCF        R9, 1, 0
;__Lib_Math.c,116 :: 		
0x00CE	0x5004      	MOVF        R4, 0, 0
;__Lib_Math.c,117 :: 		
0x00D0	0x5E08      	SUBWF       R8, 1, 0
;__Lib_Math.c,118 :: 		
0x00D2	0x5005      	MOVF        R5, 0, 0
;__Lib_Math.c,119 :: 		
0x00D4	0xA0D8      	BTFSS       STATUS, 0, 0
;__Lib_Math.c,120 :: 		
0x00D6	0x3C05      	INCFSZ      R5, 0, 0
;__Lib_Math.c,121 :: 		
0x00D8	0x5E09      	SUBWF       R9, 1, 0
;__Lib_Math.c,122 :: 		
0x00DA	0xB0D8      	BTFSC       STATUS, 0, 0
;__Lib_Math.c,123 :: 		
0x00DC	0xD007      	BRA         $+16
;__Lib_Math.c,124 :: 		
0x00DE	0x5004      	MOVF        R4, 0, 0
;__Lib_Math.c,125 :: 		
0x00E0	0x2608      	ADDWF       R8, 1, 0
;__Lib_Math.c,126 :: 		
0x00E2	0x5005      	MOVF        R5, 0, 0
;__Lib_Math.c,127 :: 		
0x00E4	0xB0D8      	BTFSC       STATUS, 0, 0
;__Lib_Math.c,128 :: 		
0x00E6	0x3C05      	INCFSZ      R5, 0, 0
;__Lib_Math.c,129 :: 		
0x00E8	0x2609      	ADDWF       R9, 1, 0
;__Lib_Math.c,130 :: 		
0x00EA	0x90D8      	BCF         STATUS, 0, 0
;__Lib_Math.c,131 :: 		
0x00EC	0x3600      	RLCF        R0, 1, 0
;__Lib_Math.c,132 :: 		
0x00EE	0x3601      	RLCF        R1, 1, 0
;__Lib_Math.c,133 :: 		
0x00F0	0x2E0C      	DECFSZ      R12, 1, 0
;__Lib_Math.c,134 :: 		
0x00F2	0xD7EA      	BRA         $-42
;__Lib_Math.c,136 :: 		
L_end_Div_16X16_U:
0x00F4	0x0012      	RETURN      0
; end of _Div_16X16_U
_Lcd_Chr_CP:
;__Lib_Lcd.c,50 :: 		
;__Lib_Lcd.c,52 :: 		
0x00F6	0x9076      	BCF         __Lib_Lcd_cmd_status, BitPos(__Lib_Lcd_cmd_status+0) 
;__Lib_Lcd.c,53 :: 		
0x00F8	0xF091C080  	MOVFF       FARG_Lcd_Chr_CP_out_char, FARG_Lcd_Cmd_out_char
0x00FC	0xDFA2      	RCALL       _Lcd_Cmd
;__Lib_Lcd.c,54 :: 		
0x00FE	0x8076      	BSF         __Lib_Lcd_cmd_status, BitPos(__Lib_Lcd_cmd_status+0) 
;__Lib_Lcd.c,55 :: 		
L_end_Lcd_Chr_CP:
0x0100	0x0012      	RETURN      0
; end of _Lcd_Chr_CP
_Lcd_Chr:
;__Lib_Lcd.c,65 :: 		
;__Lib_Lcd.c,66 :: 		
0x0102	0xD010      	BRA         L_Lcd_Chr4
;__Lib_Lcd.c,67 :: 		
L_Lcd_Chr6:
0x0104	0x0E80      	MOVLW       128
0x0106	0x0100      	MOVLB       0
0x0108	0x6F8B      	MOVWF       FARG_Lcd_Chr_row, 1
0x010A	0xD01A      	BRA         L_Lcd_Chr5
;__Lib_Lcd.c,68 :: 		
L_Lcd_Chr7:
0x010C	0x0EC0      	MOVLW       192
0x010E	0x6F8B      	MOVWF       FARG_Lcd_Chr_row, 1
0x0110	0xD017      	BRA         L_Lcd_Chr5
;__Lib_Lcd.c,69 :: 		
L_Lcd_Chr8:
0x0112	0x0E94      	MOVLW       148
0x0114	0x6F8B      	MOVWF       FARG_Lcd_Chr_row, 1
0x0116	0xD014      	BRA         L_Lcd_Chr5
;__Lib_Lcd.c,70 :: 		
L_Lcd_Chr9:
0x0118	0x0ED4      	MOVLW       212
0x011A	0x6F8B      	MOVWF       FARG_Lcd_Chr_row, 1
0x011C	0xD011      	BRA         L_Lcd_Chr5
;__Lib_Lcd.c,71 :: 		
L_Lcd_Chr10:
0x011E	0x0E80      	MOVLW       128
0x0120	0x6F8B      	MOVWF       FARG_Lcd_Chr_row, 1
;__Lib_Lcd.c,72 :: 		
0x0122	0xD00E      	BRA         L_Lcd_Chr5
L_Lcd_Chr4:
0x0124	0x0100      	MOVLB       0
0x0126	0x518B      	MOVF        FARG_Lcd_Chr_row, 0, 1
0x0128	0x0A01      	XORLW       1
0x012A	0xE0EC      	BZ          L_Lcd_Chr6
0x012C	0x518B      	MOVF        FARG_Lcd_Chr_row, 0, 1
0x012E	0x0A02      	XORLW       2
0x0130	0xE0ED      	BZ          L_Lcd_Chr7
0x0132	0x518B      	MOVF        FARG_Lcd_Chr_row, 0, 1
0x0134	0x0A03      	XORLW       3
0x0136	0xE0ED      	BZ          L_Lcd_Chr8
0x0138	0x518B      	MOVF        FARG_Lcd_Chr_row, 0, 1
0x013A	0x0A04      	XORLW       4
0x013C	0xE0ED      	BZ          L_Lcd_Chr9
0x013E	0xD7EF      	BRA         L_Lcd_Chr10
L_Lcd_Chr5:
;__Lib_Lcd.c,74 :: 		
0x0140	0x058C      	DECF        FARG_Lcd_Chr_column, 0, 1
0x0142	0x6E00      	MOVWF       R0 
0x0144	0x518B      	MOVF        FARG_Lcd_Chr_row, 0, 1
0x0146	0x2600      	ADDWF       R0, 1 
0x0148	0xF08BC000  	MOVFF       R0, FARG_Lcd_Chr_row
;__Lib_Lcd.c,76 :: 		
0x014C	0x8076      	BSF         __Lib_Lcd_cmd_status, BitPos(__Lib_Lcd_cmd_status+0) 
;__Lib_Lcd.c,77 :: 		
0x014E	0xF091C000  	MOVFF       R0, FARG_Lcd_Cmd_out_char
0x0152	0xDF77      	RCALL       _Lcd_Cmd
;__Lib_Lcd.c,79 :: 		
0x0154	0x9076      	BCF         __Lib_Lcd_cmd_status, BitPos(__Lib_Lcd_cmd_status+0) 
;__Lib_Lcd.c,80 :: 		
0x0156	0xF091C08D  	MOVFF       FARG_Lcd_Chr_out_char, FARG_Lcd_Cmd_out_char
0x015A	0xDF73      	RCALL       _Lcd_Cmd
;__Lib_Lcd.c,81 :: 		
0x015C	0x8076      	BSF         __Lib_Lcd_cmd_status, BitPos(__Lib_Lcd_cmd_status+0) 
;__Lib_Lcd.c,82 :: 		
L_end_Lcd_Chr:
0x015E	0x0012      	RETURN      0
; end of _Lcd_Chr
_WordToStr:
;__Lib_Conversions.c,98 :: 		
;__Lib_Conversions.c,103 :: 		
0x0160	0x0100      	MOVLB       0
0x0162	0x6B80      	CLRF        WordToStr_len_L0, 1
L_WordToStr11:
0x0164	0x0E05      	MOVLW       5
0x0166	0x5D80      	SUBWF       WordToStr_len_L0, 0, 1
0x0168	0xE20A      	BC          L_WordToStr12
;__Lib_Conversions.c,104 :: 		
0x016A	0x5180      	MOVF        WordToStr_len_L0, 0, 1
0x016C	0x258D      	ADDWF       FARG_WordToStr_output, 0, 1
0x016E	0x6EE1      	MOVWF       FSR1L 
0x0170	0x0E00      	MOVLW       0
0x0172	0x218E      	ADDWFC      FARG_WordToStr_output+1, 0, 1
0x0174	0x6EE2      	MOVWF       FSR1L+1 
0x0176	0x0E20      	MOVLW       32
0x0178	0x6EE6      	MOVWF       POSTINC1 
;__Lib_Conversions.c,103 :: 		
0x017A	0x2B80      	INCF        WordToStr_len_L0, 1, 1
;__Lib_Conversions.c,104 :: 		
0x017C	0xD7F3      	BRA         L_WordToStr11
L_WordToStr12:
;__Lib_Conversions.c,105 :: 		
0x017E	0x5180      	MOVF        WordToStr_len_L0, 0, 1
0x0180	0x258D      	ADDWF       FARG_WordToStr_output, 0, 1
0x0182	0x6EE1      	MOVWF       FSR1L 
0x0184	0x0E00      	MOVLW       0
0x0186	0x218E      	ADDWFC      FARG_WordToStr_output+1, 0, 1
0x0188	0x6EE2      	MOVWF       FSR1L+1 
0x018A	0x6AE6      	CLRF        POSTINC1 
0x018C	0x0780      	DECF        WordToStr_len_L0, 1, 1
;__Lib_Conversions.c,107 :: 		
L_WordToStr14:
;__Lib_Conversions.c,108 :: 		
0x018E	0x5180      	MOVF        WordToStr_len_L0, 0, 1
0x0190	0x258D      	ADDWF       FARG_WordToStr_output, 0, 1
0x0192	0x6F8F      	MOVWF       FLOC__WordToStr, 1
0x0194	0x0E00      	MOVLW       0
0x0196	0x218E      	ADDWFC      FARG_WordToStr_output+1, 0, 1
0x0198	0x6F90      	MOVWF       FLOC__WordToStr+1, 1
0x019A	0x0E0A      	MOVLW       10
0x019C	0x6E04      	MOVWF       R4 
0x019E	0x0E00      	MOVLW       0
0x01A0	0x6E05      	MOVWF       R5 
0x01A2	0xF000C08B  	MOVFF       FARG_WordToStr_input, R0
0x01A6	0xF001C08C  	MOVFF       FARG_WordToStr_input+1, R1
0x01AA	0xDF8A      	RCALL       _Div_16X16_U
0x01AC	0xF000C008  	MOVFF       R8, R0
0x01B0	0xF001C009  	MOVFF       R9, R1
0x01B4	0x0E30      	MOVLW       48
0x01B6	0x2600      	ADDWF       R0, 1 
0x01B8	0xFFE1C08F  	MOVFF       FLOC__WordToStr, FSR1L
0x01BC	0xFFE2C090  	MOVFF       FLOC__WordToStr+1, FSR1H
0x01C0	0xFFE6C000  	MOVFF       R0, POSTINC1
;__Lib_Conversions.c,109 :: 		
0x01C4	0x0E0A      	MOVLW       10
0x01C6	0x6E04      	MOVWF       R4 
0x01C8	0x0E00      	MOVLW       0
0x01CA	0x6E05      	MOVWF       R5 
0x01CC	0xF000C08B  	MOVFF       FARG_WordToStr_input, R0
0x01D0	0xF001C08C  	MOVFF       FARG_WordToStr_input+1, R1
0x01D4	0xDF75      	RCALL       _Div_16X16_U
0x01D6	0xF08BC000  	MOVFF       R0, FARG_WordToStr_input
0x01DA	0xF08CC001  	MOVFF       R1, FARG_WordToStr_input+1
;__Lib_Conversions.c,110 :: 		
0x01DE	0x0E00      	MOVLW       0
0x01E0	0x1801      	XORWF       R1, 0 
0x01E2	0xE102      	BNZ         L__WordToStr379
0x01E4	0x0E00      	MOVLW       0
0x01E6	0x1800      	XORWF       R0, 0 
L__WordToStr379:
0x01E8	0xE101      	BNZ         L_WordToStr16
;__Lib_Conversions.c,111 :: 		
0x01EA	0xD002      	BRA         L_WordToStr15
L_WordToStr16:
;__Lib_Conversions.c,112 :: 		
0x01EC	0x0780      	DECF        WordToStr_len_L0, 1, 1
;__Lib_Conversions.c,113 :: 		
0x01EE	0xD7CF      	BRA         L_WordToStr14
L_WordToStr15:
;__Lib_Conversions.c,114 :: 		
L_end_WordToStr:
0x01F0	0x0012      	RETURN      0
; end of _WordToStr
_Delay_22us:
;__Lib_Delays.c,15 :: 		void Delay_22us() {
;__Lib_Delays.c,16 :: 		Delay_us(22);
0x01F2	0x0E0E      	MOVLW       14
0x01F4	0x6E0D      	MOVWF       R13, 0
L_Delay_22us1:
0x01F6	0x2E0D      	DECFSZ      R13, 1, 0
0x01F8	0xD7FE      	BRA         L_Delay_22us1
0x01FA	0x0000      	NOP
;__Lib_Delays.c,17 :: 		}
L_end_Delay_22us:
0x01FC	0x0012      	RETURN      0
; end of _Delay_22us
_CustomChar:
;todasFelipeW.c,154 :: 		void CustomChar(char pos_row, char pos_char) {
;todasFelipeW.c,156 :: 		Lcd_Cmd(64);
0x01FE	0x0E40      	MOVLW       64
0x0200	0x0100      	MOVLB       0
0x0202	0x6F91      	MOVWF       FARG_Lcd_Cmd_out_char, 1
0x0204	0xDF1E      	RCALL       _Lcd_Cmd
;todasFelipeW.c,157 :: 		for (i = 0; i<=7; i++) Lcd_Chr_CP(character[i]);
0x0206	0x6A7F      	CLRF        CustomChar_i_L0 
L_CustomChar24:
0x0208	0x507F      	MOVF        CustomChar_i_L0, 0 
0x020A	0x0807      	SUBLW       7
0x020C	0xE311      	BNC         L_CustomChar25
0x020E	0x0E10      	MOVLW       _character
0x0210	0x247F      	ADDWF       CustomChar_i_L0, 0 
0x0212	0x6EF6      	MOVWF       TBLPTR 
0x0214	0x0E0A      	MOVLW       hi_addr(_character)
0x0216	0x6EF7      	MOVWF       TBLPTR+1 
0x0218	0x0E00      	MOVLW       0
0x021A	0x22F7      	ADDWFC      TBLPTR+1, 1 
0x021C	0x0E00      	MOVLW       higher_addr(_character)
0x021E	0x6EF8      	MOVWF       TBLPTR+2 
0x0220	0x0E00      	MOVLW       0
0x0222	0x22F8      	ADDWFC      TBLPTR+2, 1 
0x0224	0x0009      	TBLRD*+
0x0226	0xF080CFF5  	MOVFF       TABLAT, FARG_Lcd_Chr_CP_out_char
0x022A	0xDF65      	RCALL       _Lcd_Chr_CP
0x022C	0x2A7F      	INCF        CustomChar_i_L0, 1 
0x022E	0xD7EC      	BRA         L_CustomChar24
L_CustomChar25:
;todasFelipeW.c,158 :: 		Lcd_Cmd(_LCD_RETURN_HOME);
0x0230	0x0E02      	MOVLW       2
0x0232	0x6F91      	MOVWF       FARG_Lcd_Cmd_out_char, 1
0x0234	0xDF06      	RCALL       _Lcd_Cmd
;todasFelipeW.c,159 :: 		Lcd_Chr(pos_row, pos_char, 0);
0x0236	0xF08BC081  	MOVFF       FARG_CustomChar_pos_row, FARG_Lcd_Chr_row
0x023A	0xF08CC082  	MOVFF       FARG_CustomChar_pos_char, FARG_Lcd_Chr_column
0x023E	0x6B8D      	CLRF        FARG_Lcd_Chr_out_char, 1
0x0240	0xDF60      	RCALL       _Lcd_Chr
;todasFelipeW.c,160 :: 		}
L_end_CustomChar:
0x0242	0x0012      	RETURN      0
; end of _CustomChar
_IntToStr:
;__Lib_Conversions.c,195 :: 		
;__Lib_Conversions.c,201 :: 		
0x0244	0x0100      	MOVLB       0
0x0246	0x6B87      	CLRF        IntToStr_negative_L0, 1
0x0248	0x6B88      	CLRF        IntToStr_negative_L0+1, 1
;__Lib_Conversions.c,202 :: 		
0x024A	0xF089C081  	MOVFF       FARG_IntToStr_input, IntToStr_inword_L0
0x024E	0xF08AC082  	MOVFF       FARG_IntToStr_input+1, IntToStr_inword_L0+1
;__Lib_Conversions.c,203 :: 		
0x0252	0x0E80      	MOVLW       128
0x0254	0x1982      	XORWF       FARG_IntToStr_input+1, 0, 1
0x0256	0x6E00      	MOVWF       R0 
0x0258	0x0E80      	MOVLW       128
0x025A	0x5C00      	SUBWF       R0, 0 
0x025C	0xE102      	BNZ         L__IntToStr387
0x025E	0x0E00      	MOVLW       0
0x0260	0x5D81      	SUBWF       FARG_IntToStr_input, 0, 1
L__IntToStr387:
0x0262	0xE20B      	BC          L_IntToStr37
;__Lib_Conversions.c,204 :: 		
0x0264	0x0E01      	MOVLW       1
0x0266	0x6F87      	MOVWF       IntToStr_negative_L0, 1
0x0268	0x0E00      	MOVLW       0
0x026A	0x6F88      	MOVWF       IntToStr_negative_L0+1, 1
;__Lib_Conversions.c,205 :: 		
0x026C	0x5181      	MOVF        FARG_IntToStr_input, 0, 1
0x026E	0x0800      	SUBLW       0
0x0270	0x6F89      	MOVWF       IntToStr_inword_L0, 1
0x0272	0xF08AC082  	MOVFF       FARG_IntToStr_input+1, IntToStr_inword_L0+1
0x0276	0x0E00      	MOVLW       0
0x0278	0x578A      	SUBFWB      IntToStr_inword_L0+1, 1, 1
;__Lib_Conversions.c,206 :: 		
L_IntToStr37:
;__Lib_Conversions.c,207 :: 		
0x027A	0xF08BC089  	MOVFF       IntToStr_inword_L0, FARG_WordToStr_input
0x027E	0xF08CC08A  	MOVFF       IntToStr_inword_L0+1, FARG_WordToStr_input+1
0x0282	0xF08DC083  	MOVFF       FARG_IntToStr_output, FARG_WordToStr_output
0x0286	0xF08EC084  	MOVFF       FARG_IntToStr_output+1, FARG_WordToStr_output+1
0x028A	0xDF6A      	RCALL       _WordToStr
;__Lib_Conversions.c,209 :: 		
0x028C	0x0E06      	MOVLW       6
0x028E	0x6F85      	MOVWF       IntToStr_i_L0, 1
0x0290	0x0E00      	MOVLW       0
0x0292	0x6F86      	MOVWF       IntToStr_i_L0+1, 1
;__Lib_Conversions.c,210 :: 		
L_IntToStr38:
0x0294	0x0E00      	MOVLW       0
0x0296	0x6E00      	MOVWF       R0 
0x0298	0x5186      	MOVF        IntToStr_i_L0+1, 0, 1
0x029A	0x5C00      	SUBWF       R0, 0 
0x029C	0xE102      	BNZ         L__IntToStr388
0x029E	0x5185      	MOVF        IntToStr_i_L0, 0, 1
0x02A0	0x0800      	SUBLW       0
L__IntToStr388:
0x02A2	0xE219      	BC          L_IntToStr39
;__Lib_Conversions.c,211 :: 		
0x02A4	0x5185      	MOVF        IntToStr_i_L0, 0, 1
0x02A6	0x2583      	ADDWF       FARG_IntToStr_output, 0, 1
0x02A8	0x6EE1      	MOVWF       FSR1L 
0x02AA	0x5186      	MOVF        IntToStr_i_L0+1, 0, 1
0x02AC	0x2184      	ADDWFC      FARG_IntToStr_output+1, 0, 1
0x02AE	0x6EE2      	MOVWF       FSR1L+1 
0x02B0	0x0E01      	MOVLW       1
0x02B2	0x5D85      	SUBWF       IntToStr_i_L0, 0, 1
0x02B4	0x6E00      	MOVWF       R0 
0x02B6	0x0E00      	MOVLW       0
0x02B8	0x5986      	SUBWFB      IntToStr_i_L0+1, 0, 1
0x02BA	0x6E01      	MOVWF       R1 
0x02BC	0x5000      	MOVF        R0, 0 
0x02BE	0x2583      	ADDWF       FARG_IntToStr_output, 0, 1
0x02C0	0x6EE9      	MOVWF       FSR0L 
0x02C2	0x5001      	MOVF        R1, 0 
0x02C4	0x2184      	ADDWFC      FARG_IntToStr_output+1, 0, 1
0x02C6	0x6EEA      	MOVWF       FSR0L+1 
0x02C8	0xFFE6CFEE  	MOVFF       POSTINC0, POSTINC1
;__Lib_Conversions.c,212 :: 		
0x02CC	0x0E01      	MOVLW       1
0x02CE	0x5F85      	SUBWF       IntToStr_i_L0, 1, 1
0x02D0	0x0E00      	MOVLW       0
0x02D2	0x5B86      	SUBWFB      IntToStr_i_L0+1, 1, 1
;__Lib_Conversions.c,213 :: 		
0x02D4	0xD7DF      	BRA         L_IntToStr38
L_IntToStr39:
;__Lib_Conversions.c,214 :: 		
0x02D6	0xFFE1C083  	MOVFF       FARG_IntToStr_output, FSR1L
0x02DA	0xFFE2C084  	MOVFF       FARG_IntToStr_output+1, FSR1H
0x02DE	0x0E20      	MOVLW       32
0x02E0	0x6EE6      	MOVWF       POSTINC1 
;__Lib_Conversions.c,215 :: 		
0x02E2	0x5187      	MOVF        IntToStr_negative_L0, 0, 1
0x02E4	0x1188      	IORWF       IntToStr_negative_L0+1, 0, 1
0x02E6	0xE01A      	BZ          L_IntToStr40
;__Lib_Conversions.c,216 :: 		
0x02E8	0x6B85      	CLRF        IntToStr_i_L0, 1
0x02EA	0x6B86      	CLRF        IntToStr_i_L0+1, 1
;__Lib_Conversions.c,217 :: 		
L_IntToStr41:
0x02EC	0x5185      	MOVF        IntToStr_i_L0, 0, 1
0x02EE	0x2583      	ADDWF       FARG_IntToStr_output, 0, 1
0x02F0	0x6EE9      	MOVWF       FSR0L 
0x02F2	0x5186      	MOVF        IntToStr_i_L0+1, 0, 1
0x02F4	0x2184      	ADDWFC      FARG_IntToStr_output+1, 0, 1
0x02F6	0x6EEA      	MOVWF       FSR0L+1 
0x02F8	0x50EE      	MOVF        POSTINC0, 0 
0x02FA	0x0A20      	XORLW       32
0x02FC	0xE103      	BNZ         L_IntToStr42
0x02FE	0x4B85      	INFSNZ      IntToStr_i_L0, 1, 1
0x0300	0x2B86      	INCF        IntToStr_i_L0+1, 1, 1
0x0302	0xD7F4      	BRA         L_IntToStr41
L_IntToStr42:
;__Lib_Conversions.c,218 :: 		
0x0304	0x0E01      	MOVLW       1
0x0306	0x5F85      	SUBWF       IntToStr_i_L0, 1, 1
0x0308	0x0E00      	MOVLW       0
0x030A	0x5B86      	SUBWFB      IntToStr_i_L0+1, 1, 1
;__Lib_Conversions.c,219 :: 		
0x030C	0x5185      	MOVF        IntToStr_i_L0, 0, 1
0x030E	0x2583      	ADDWF       FARG_IntToStr_output, 0, 1
0x0310	0x6EE1      	MOVWF       FSR1L 
0x0312	0x5186      	MOVF        IntToStr_i_L0+1, 0, 1
0x0314	0x2184      	ADDWFC      FARG_IntToStr_output+1, 0, 1
0x0316	0x6EE2      	MOVWF       FSR1L+1 
0x0318	0x0E2D      	MOVLW       45
0x031A	0x6EE6      	MOVWF       POSTINC1 
L_IntToStr40:
;__Lib_Conversions.c,220 :: 		
L_end_IntToStr:
0x031C	0x0012      	RETURN      0
; end of _IntToStr
_Mul_16X16_U:
;__Lib_Math.c,440 :: 		
;__Lib_Math.c,447 :: 		
0x031E	0x6A0B      	CLRF        R11, 0
;__Lib_Math.c,448 :: 		
0x0320	0x6A0A      	CLRF        R10, 0
;__Lib_Math.c,449 :: 		
0x0322	0x6A09      	CLRF        R9, 0
;__Lib_Math.c,450 :: 		
0x0324	0x5000      	MOVF        R0, 0, 0
;__Lib_Math.c,451 :: 		
0x0326	0x0204      	MULWF       R4, 0
;__Lib_Math.c,453 :: 		
0x0328	0xF009CFF4  	MOVFF       PRODH, R9
;__Lib_Math.c,454 :: 		
0x032C	0xF008CFF3  	MOVFF       PRODL, R8
;__Lib_Math.c,455 :: 		
0x0330	0x5001      	MOVF        R1, 0, 0
;__Lib_Math.c,456 :: 		
0x0332	0x0205      	MULWF       R5, 0
;__Lib_Math.c,458 :: 		
0x0334	0xF00BCFF4  	MOVFF       PRODH, R11
;__Lib_Math.c,459 :: 		
0x0338	0xF00ACFF3  	MOVFF       PRODL, R10
;__Lib_Math.c,460 :: 		
0x033C	0x5000      	MOVF        R0, 0, 0
;__Lib_Math.c,461 :: 		
0x033E	0x0205      	MULWF       R5, 0
;__Lib_Math.c,463 :: 		
0x0340	0x50F3      	MOVF        PRODL, 0, 0
;__Lib_Math.c,464 :: 		
0x0342	0x2609      	ADDWF       R9, 1, 0
;__Lib_Math.c,465 :: 		
0x0344	0x50F4      	MOVF        PRODH, 0, 0
;__Lib_Math.c,466 :: 		
0x0346	0x220A      	ADDWFC      R10, 1, 0
;__Lib_Math.c,467 :: 		
0x0348	0x6AE8      	CLRF        WREG, 0
;__Lib_Math.c,468 :: 		
0x034A	0x220B      	ADDWFC      R11, 1, 0
;__Lib_Math.c,469 :: 		
0x034C	0x5001      	MOVF        R1, 0, 0
;__Lib_Math.c,470 :: 		
0x034E	0x0204      	MULWF       R4, 0
;__Lib_Math.c,472 :: 		
0x0350	0x50F3      	MOVF        PRODL, 0, 0
;__Lib_Math.c,473 :: 		
0x0352	0x2609      	ADDWF       R9, 1, 0
;__Lib_Math.c,474 :: 		
0x0354	0x50F4      	MOVF        PRODH, 0, 0
;__Lib_Math.c,475 :: 		
0x0356	0x220A      	ADDWFC      R10, 1, 0
;__Lib_Math.c,476 :: 		
0x0358	0x6AE8      	CLRF        WREG, 0
;__Lib_Math.c,477 :: 		
0x035A	0x220B      	ADDWFC      R11, 1, 0
;__Lib_Math.c,479 :: 		
0x035C	0xF000C008  	MOVFF       R8, R0
;__Lib_Math.c,480 :: 		
0x0360	0xF001C009  	MOVFF       R9, R1
;__Lib_Math.c,481 :: 		
0x0364	0xF002C00A  	MOVFF       R10, R2
;__Lib_Math.c,482 :: 		
0x0368	0xF003C00B  	MOVFF       R11, R3
;__Lib_Math.c,485 :: 		
L_end_Mul_16X16_U:
0x036C	0x0012      	RETURN      0
; end of _Mul_16X16_U
_ADC_Read:
;__Lib_ADC_A_D.c,51 :: 		
;__Lib_ADC_A_D.c,54 :: 		
0x036E	0x6AC2      	CLRF        ADCON0 
;__Lib_ADC_A_D.c,55 :: 		
0x0370	0x1C4A      	COMF        _vref_mask, 0 
0x0372	0x6E00      	MOVWF       R0 
0x0374	0x5000      	MOVF        R0, 0 
0x0376	0x16C1      	ANDWF       ADCON1, 1 
;__Lib_ADC_A_D.c,56 :: 		
0x0378	0x0E07      	MOVLW       7
0x037A	0x12C0      	IORWF       ADCON2, 1 
;__Lib_ADC_A_D.c,57 :: 		
0x037C	0x8EC0      	BSF         ADCON2, 7 
;__Lib_ADC_A_D.c,58 :: 		
0x037E	0xF000C07F  	MOVFF       FARG_ADC_Read_channel, R0
0x0382	0x3600      	RLCF        R0, 1 
0x0384	0x9000      	BCF         R0, 0 
0x0386	0x3600      	RLCF        R0, 1 
0x0388	0x9000      	BCF         R0, 0 
0x038A	0x5000      	MOVF        R0, 0 
0x038C	0x12C2      	IORWF       ADCON0, 1 
;__Lib_ADC_A_D.c,59 :: 		
0x038E	0x80C2      	BSF         ADCON0, 0 
;__Lib_ADC_A_D.c,60 :: 		
0x0390	0xDF30      	RCALL       _Delay_22us
;__Lib_ADC_A_D.c,61 :: 		
0x0392	0x82C2      	BSF         ADCON0, 1 
;__Lib_ADC_A_D.c,62 :: 		
L_ADC_Read2:
0x0394	0xA2C2      	BTFSS       ADCON0, 1 
0x0396	0xD001      	BRA         L_ADC_Read3
;__Lib_ADC_A_D.c,63 :: 		
0x0398	0xD7FD      	BRA         L_ADC_Read2
L_ADC_Read3:
;__Lib_ADC_A_D.c,64 :: 		
0x039A	0xF001CFC4  	MOVFF       ADRESH, R1
0x039E	0x6A00      	CLRF        R0 
;__Lib_ADC_A_D.c,65 :: 		
0x03A0	0x50C3      	MOVF        ADRESL, 0 
0x03A2	0x1200      	IORWF       R0, 1 
0x03A4	0x0E00      	MOVLW       0
0x03A6	0x1201      	IORWF       R1, 1 
;__Lib_ADC_A_D.c,66 :: 		
0x03A8	0x90C2      	BCF         ADCON0, 0 
;__Lib_ADC_A_D.c,68 :: 		
;__Lib_ADC_A_D.c,69 :: 		
L_end_ADC_Read:
0x03AA	0x0012      	RETURN      0
; end of _ADC_Read
_Ltrim:
;__Lib_Conversions.c,421 :: 		
;__Lib_Conversions.c,425 :: 		
0x03AC	0x0100      	MOVLB       0
0x03AE	0x6B83      	CLRF        Ltrim_trimmed_L0, 1
0x03B0	0x6B84      	CLRF        Ltrim_trimmed_L0+1, 1
;__Lib_Conversions.c,426 :: 		
0x03B2	0xF003C081  	MOVFF       FARG_Ltrim_string, R3
0x03B6	0xF004C082  	MOVFF       FARG_Ltrim_string+1, R4
;__Lib_Conversions.c,427 :: 		
0x03BA	0xF005C081  	MOVFF       FARG_Ltrim_string, R5
0x03BE	0xF006C082  	MOVFF       FARG_Ltrim_string+1, R6
;__Lib_Conversions.c,428 :: 		
L_Ltrim84:
;__Lib_Conversions.c,429 :: 		
0x03C2	0xFFE9C003  	MOVFF       R3, FSR0L
0x03C6	0xFFEAC004  	MOVFF       R4, FSR0H
0x03CA	0x50EE      	MOVF        POSTINC0, 0 
0x03CC	0x0A20      	XORLW       32
0x03CE	0xE104      	BNZ         L__Ltrim345
0x03D0	0x5183      	MOVF        Ltrim_trimmed_L0, 0, 1
0x03D2	0x1184      	IORWF       Ltrim_trimmed_L0+1, 0, 1
0x03D4	0xE101      	BNZ         L__Ltrim345
0x03D6	0xD010      	BRA         L_Ltrim89
L__Ltrim345:
;__Lib_Conversions.c,430 :: 		
0x03D8	0x0E01      	MOVLW       1
0x03DA	0x6F83      	MOVWF       Ltrim_trimmed_L0, 1
0x03DC	0x0E00      	MOVLW       0
0x03DE	0x6F84      	MOVWF       Ltrim_trimmed_L0+1, 1
;__Lib_Conversions.c,431 :: 		
0x03E0	0xFFE9C003  	MOVFF       R3, FSR0L
0x03E4	0xFFEAC004  	MOVFF       R4, FSR0H
0x03E8	0xFFE1C005  	MOVFF       R5, FSR1L
0x03EC	0xFFE2C006  	MOVFF       R6, FSR1H
0x03F0	0xFFE6CFEE  	MOVFF       POSTINC0, POSTINC1
0x03F4	0x4A05      	INFSNZ      R5, 1 
0x03F6	0x2A06      	INCF        R6, 1 
;__Lib_Conversions.c,432 :: 		
L_Ltrim89:
;__Lib_Conversions.c,434 :: 		
0x03F8	0xF001C003  	MOVFF       R3, R1
0x03FC	0xF002C004  	MOVFF       R4, R2
0x0400	0x4A03      	INFSNZ      R3, 1 
0x0402	0x2A04      	INCF        R4, 1 
0x0404	0xFFE9C001  	MOVFF       R1, FSR0L
0x0408	0xFFEAC002  	MOVFF       R2, FSR0H
0x040C	0x50EE      	MOVF        POSTINC0, 0 
0x040E	0x0A00      	XORLW       0
0x0410	0xE1D8      	BNZ         L_Ltrim84
;__Lib_Conversions.c,435 :: 		
0x0412	0xF000C081  	MOVFF       FARG_Ltrim_string, R0
0x0416	0xF001C082  	MOVFF       FARG_Ltrim_string+1, R1
;__Lib_Conversions.c,436 :: 		
L_end_Ltrim:
0x041A	0x0012      	RETURN      0
; end of _Ltrim
_Lcd_Out_CP:
;__Lib_Lcd.c,57 :: 		
;__Lib_Lcd.c,59 :: 		
0x041C	0x6A7F      	CLRF        Lcd_Out_CP_i_L0 
;__Lib_Lcd.c,60 :: 		
L_Lcd_Out_CP2:
0x041E	0x507F      	MOVF        Lcd_Out_CP_i_L0, 0 
0x0420	0x0100      	MOVLB       0
0x0422	0x2581      	ADDWF       FARG_Lcd_Out_CP_text, 0, 1
0x0424	0x6EE9      	MOVWF       FSR0L 
0x0426	0x0E00      	MOVLW       0
0x0428	0x2182      	ADDWFC      FARG_Lcd_Out_CP_text+1, 0, 1
0x042A	0x6EEA      	MOVWF       FSR0L+1 
0x042C	0x52EE      	MOVF        POSTINC0, 1 
0x042E	0xE00B      	BZ          L_Lcd_Out_CP3
;__Lib_Lcd.c,61 :: 		
0x0430	0x507F      	MOVF        Lcd_Out_CP_i_L0, 0 
0x0432	0x2581      	ADDWF       FARG_Lcd_Out_CP_text, 0, 1
0x0434	0x6EE9      	MOVWF       FSR0L 
0x0436	0x0E00      	MOVLW       0
0x0438	0x2182      	ADDWFC      FARG_Lcd_Out_CP_text+1, 0, 1
0x043A	0x6EEA      	MOVWF       FSR0L+1 
0x043C	0xF080CFEE  	MOVFF       POSTINC0, FARG_Lcd_Chr_CP_out_char
0x0440	0xDE5A      	RCALL       _Lcd_Chr_CP
0x0442	0x2A7F      	INCF        Lcd_Out_CP_i_L0, 1 
;__Lib_Lcd.c,62 :: 		
0x0444	0xD7EC      	BRA         L_Lcd_Out_CP2
L_Lcd_Out_CP3:
;__Lib_Lcd.c,63 :: 		
L_end_Lcd_Out_CP:
0x0446	0x0012      	RETURN      0
; end of _Lcd_Out_CP
_Lcd_Out:
;__Lib_Lcd.c,184 :: 		
;__Lib_Lcd.c,187 :: 		
0x0448	0xD010      	BRA         L_Lcd_Out11
;__Lib_Lcd.c,188 :: 		
L_Lcd_Out13:
0x044A	0x0E80      	MOVLW       128
0x044C	0x0100      	MOVLB       0
0x044E	0x6F81      	MOVWF       FARG_Lcd_Out_row, 1
0x0450	0xD01A      	BRA         L_Lcd_Out12
;__Lib_Lcd.c,189 :: 		
L_Lcd_Out14:
0x0452	0x0EC0      	MOVLW       192
0x0454	0x6F81      	MOVWF       FARG_Lcd_Out_row, 1
0x0456	0xD017      	BRA         L_Lcd_Out12
;__Lib_Lcd.c,190 :: 		
L_Lcd_Out15:
0x0458	0x0E94      	MOVLW       148
0x045A	0x6F81      	MOVWF       FARG_Lcd_Out_row, 1
0x045C	0xD014      	BRA         L_Lcd_Out12
;__Lib_Lcd.c,191 :: 		
L_Lcd_Out16:
0x045E	0x0ED4      	MOVLW       212
0x0460	0x6F81      	MOVWF       FARG_Lcd_Out_row, 1
0x0462	0xD011      	BRA         L_Lcd_Out12
;__Lib_Lcd.c,192 :: 		
L_Lcd_Out17:
0x0464	0x0E80      	MOVLW       128
0x0466	0x6F81      	MOVWF       FARG_Lcd_Out_row, 1
;__Lib_Lcd.c,193 :: 		
0x0468	0xD00E      	BRA         L_Lcd_Out12
L_Lcd_Out11:
0x046A	0x0100      	MOVLB       0
0x046C	0x5181      	MOVF        FARG_Lcd_Out_row, 0, 1
0x046E	0x0A01      	XORLW       1
0x0470	0xE0EC      	BZ          L_Lcd_Out13
0x0472	0x5181      	MOVF        FARG_Lcd_Out_row, 0, 1
0x0474	0x0A02      	XORLW       2
0x0476	0xE0ED      	BZ          L_Lcd_Out14
0x0478	0x5181      	MOVF        FARG_Lcd_Out_row, 0, 1
0x047A	0x0A03      	XORLW       3
0x047C	0xE0ED      	BZ          L_Lcd_Out15
0x047E	0x5181      	MOVF        FARG_Lcd_Out_row, 0, 1
0x0480	0x0A04      	XORLW       4
0x0482	0xE0ED      	BZ          L_Lcd_Out16
0x0484	0xD7EF      	BRA         L_Lcd_Out17
L_Lcd_Out12:
;__Lib_Lcd.c,194 :: 		
0x0486	0x0582      	DECF        FARG_Lcd_Out_column, 0, 1
0x0488	0x6E00      	MOVWF       R0 
0x048A	0x5181      	MOVF        FARG_Lcd_Out_row, 0, 1
0x048C	0x2600      	ADDWF       R0, 1 
0x048E	0xF081C000  	MOVFF       R0, FARG_Lcd_Out_row
;__Lib_Lcd.c,196 :: 		
0x0492	0xF091C000  	MOVFF       R0, FARG_Lcd_Cmd_out_char
0x0496	0xDDD5      	RCALL       _Lcd_Cmd
;__Lib_Lcd.c,197 :: 		
0x0498	0x9076      	BCF         __Lib_Lcd_cmd_status, BitPos(__Lib_Lcd_cmd_status+0) 
;__Lib_Lcd.c,198 :: 		
0x049A	0x6A7F      	CLRF        Lcd_Out_i_L0 
;__Lib_Lcd.c,199 :: 		
L_Lcd_Out18:
0x049C	0x507F      	MOVF        Lcd_Out_i_L0, 0 
0x049E	0x2583      	ADDWF       FARG_Lcd_Out_text, 0, 1
0x04A0	0x6EE9      	MOVWF       FSR0L 
0x04A2	0x0E00      	MOVLW       0
0x04A4	0x2184      	ADDWFC      FARG_Lcd_Out_text+1, 0, 1
0x04A6	0x6EEA      	MOVWF       FSR0L+1 
0x04A8	0x52EE      	MOVF        POSTINC0, 1 
0x04AA	0xE00B      	BZ          L_Lcd_Out19
;__Lib_Lcd.c,200 :: 		
0x04AC	0x507F      	MOVF        Lcd_Out_i_L0, 0 
0x04AE	0x2583      	ADDWF       FARG_Lcd_Out_text, 0, 1
0x04B0	0x6EE9      	MOVWF       FSR0L 
0x04B2	0x0E00      	MOVLW       0
0x04B4	0x2184      	ADDWFC      FARG_Lcd_Out_text+1, 0, 1
0x04B6	0x6EEA      	MOVWF       FSR0L+1 
0x04B8	0xF080CFEE  	MOVFF       POSTINC0, FARG_Lcd_Chr_CP_out_char
0x04BC	0xDE1C      	RCALL       _Lcd_Chr_CP
0x04BE	0x2A7F      	INCF        Lcd_Out_i_L0, 1 
0x04C0	0xD7ED      	BRA         L_Lcd_Out18
L_Lcd_Out19:
;__Lib_Lcd.c,201 :: 		
0x04C2	0x8076      	BSF         __Lib_Lcd_cmd_status, BitPos(__Lib_Lcd_cmd_status+0) 
;__Lib_Lcd.c,202 :: 		
L_end_Lcd_Out:
0x04C4	0x0012      	RETURN      0
; end of _Lcd_Out
_decodifica:
;todasFelipeW.c,188 :: 		char decodifica(char uni)
;todasFelipeW.c,190 :: 		switch (uni)
0x04C6	0xD01E      	BRA         L_decodifica31
;todasFelipeW.c,192 :: 		case 0:
L_decodifica33:
;todasFelipeW.c,193 :: 		return 63;
0x04C8	0x0E3F      	MOVLW       63
0x04CA	0x6E00      	MOVWF       R0 
0x04CC	0xD039      	BRA         L_end_decodifica
;todasFelipeW.c,196 :: 		case 1:
L_decodifica34:
;todasFelipeW.c,197 :: 		return 6;
0x04CE	0x0E06      	MOVLW       6
0x04D0	0x6E00      	MOVWF       R0 
0x04D2	0xD036      	BRA         L_end_decodifica
;todasFelipeW.c,200 :: 		case 2:
L_decodifica35:
;todasFelipeW.c,201 :: 		return 91;
0x04D4	0x0E5B      	MOVLW       91
0x04D6	0x6E00      	MOVWF       R0 
0x04D8	0xD033      	BRA         L_end_decodifica
;todasFelipeW.c,204 :: 		case 3:
L_decodifica36:
;todasFelipeW.c,205 :: 		return 79;
0x04DA	0x0E4F      	MOVLW       79
0x04DC	0x6E00      	MOVWF       R0 
0x04DE	0xD030      	BRA         L_end_decodifica
;todasFelipeW.c,208 :: 		case 4:
L_decodifica37:
;todasFelipeW.c,209 :: 		return 102;
0x04E0	0x0E66      	MOVLW       102
0x04E2	0x6E00      	MOVWF       R0 
0x04E4	0xD02D      	BRA         L_end_decodifica
;todasFelipeW.c,212 :: 		case 5:
L_decodifica38:
;todasFelipeW.c,213 :: 		return 109;
0x04E6	0x0E6D      	MOVLW       109
0x04E8	0x6E00      	MOVWF       R0 
0x04EA	0xD02A      	BRA         L_end_decodifica
;todasFelipeW.c,216 :: 		case 6:
L_decodifica39:
;todasFelipeW.c,217 :: 		return 125;
0x04EC	0x0E7D      	MOVLW       125
0x04EE	0x6E00      	MOVWF       R0 
0x04F0	0xD027      	BRA         L_end_decodifica
;todasFelipeW.c,220 :: 		case 7:
L_decodifica40:
;todasFelipeW.c,221 :: 		return 7;
0x04F2	0x0E07      	MOVLW       7
0x04F4	0x6E00      	MOVWF       R0 
0x04F6	0xD024      	BRA         L_end_decodifica
;todasFelipeW.c,224 :: 		case 8:
L_decodifica41:
;todasFelipeW.c,225 :: 		return 127;
0x04F8	0x0E7F      	MOVLW       127
0x04FA	0x6E00      	MOVWF       R0 
0x04FC	0xD021      	BRA         L_end_decodifica
;todasFelipeW.c,228 :: 		case 9:
L_decodifica42:
;todasFelipeW.c,229 :: 		return 111;
0x04FE	0x0E6F      	MOVLW       111
0x0500	0x6E00      	MOVWF       R0 
0x0502	0xD01E      	BRA         L_end_decodifica
;todasFelipeW.c,231 :: 		}
L_decodifica31:
0x0504	0x507F      	MOVF        FARG_decodifica_uni, 0 
0x0506	0x0A00      	XORLW       0
0x0508	0xE0DF      	BZ          L_decodifica33
0x050A	0x507F      	MOVF        FARG_decodifica_uni, 0 
0x050C	0x0A01      	XORLW       1
0x050E	0xE0DF      	BZ          L_decodifica34
0x0510	0x507F      	MOVF        FARG_decodifica_uni, 0 
0x0512	0x0A02      	XORLW       2
0x0514	0xE0DF      	BZ          L_decodifica35
0x0516	0x507F      	MOVF        FARG_decodifica_uni, 0 
0x0518	0x0A03      	XORLW       3
0x051A	0xE0DF      	BZ          L_decodifica36
0x051C	0x507F      	MOVF        FARG_decodifica_uni, 0 
0x051E	0x0A04      	XORLW       4
0x0520	0xE0DF      	BZ          L_decodifica37
0x0522	0x507F      	MOVF        FARG_decodifica_uni, 0 
0x0524	0x0A05      	XORLW       5
0x0526	0xE0DF      	BZ          L_decodifica38
0x0528	0x507F      	MOVF        FARG_decodifica_uni, 0 
0x052A	0x0A06      	XORLW       6
0x052C	0xE0DF      	BZ          L_decodifica39
0x052E	0x507F      	MOVF        FARG_decodifica_uni, 0 
0x0530	0x0A07      	XORLW       7
0x0532	0xE0DF      	BZ          L_decodifica40
0x0534	0x507F      	MOVF        FARG_decodifica_uni, 0 
0x0536	0x0A08      	XORLW       8
0x0538	0xE0DF      	BZ          L_decodifica41
0x053A	0x507F      	MOVF        FARG_decodifica_uni, 0 
0x053C	0x0A09      	XORLW       9
0x053E	0xE0DF      	BZ          L_decodifica42
;todasFelipeW.c,232 :: 		}
L_end_decodifica:
0x0540	0x0012      	RETURN      0
; end of _decodifica
_PWM1_Init:
;__Lib_PWM_c21.c,35 :: 		
;__Lib_PWM_c21.c,36 :: 		
;__Lib_PWM_c21.c,37 :: 		
0x0542	0x6ABE      	CLRF        CCPR1L 
;__Lib_PWM_c21.c,38 :: 		
0x0544	0x98BD      	BCF         CCP1CON, 4 
;__Lib_PWM_c21.c,39 :: 		
0x0546	0x9ABD      	BCF         CCP1CON, 5 
;__Lib_PWM_c21.c,40 :: 		
L_end_PWM1_Init:
0x0548	0x0012      	RETURN      0
; end of _PWM1_Init
_PWM1_Set_Duty:
;__Lib_PWM_c21.c,42 :: 		
;__Lib_PWM_c21.c,46 :: 		
0x054A	0x50CB      	MOVF        PR2, 0 
0x054C	0x0F01      	ADDLW       1
0x054E	0x6E00      	MOVWF       R0 
0x0550	0x6A01      	CLRF        R1 
0x0552	0x0E00      	MOVLW       0
0x0554	0x2201      	ADDWFC      R1, 1 
0x0556	0xF004C07B  	MOVFF       FARG_PWM1_Set_Duty_new_duty, R4
0x055A	0x0E00      	MOVLW       0
0x055C	0x6E05      	MOVWF       R5 
0x055E	0xDEDF      	RCALL       _Mul_16X16_U
0x0560	0x0E06      	MOVLW       6
0x0562	0x6E02      	MOVWF       R2 
0x0564	0xF004C000  	MOVFF       R0, R4
0x0568	0xF005C001  	MOVFF       R1, R5
0x056C	0x5002      	MOVF        R2, 0 
L__PWM1_Set_Duty10:
0x056E	0xE005      	BZ          L__PWM1_Set_Duty11
0x0570	0x3205      	RRCF        R5, 1 
0x0572	0x3204      	RRCF        R4, 1 
0x0574	0x9E05      	BCF         R5, 7 
0x0576	0x0FFF      	ADDLW       255
0x0578	0xD7FA      	BRA         L__PWM1_Set_Duty10
L__PWM1_Set_Duty11:
;__Lib_PWM_c21.c,47 :: 		
0x057A	0x0E04      	MOVLW       4
0x057C	0x6E01      	MOVWF       R1 
0x057E	0xF000C004  	MOVFF       R4, R0
0x0582	0x5001      	MOVF        R1, 0 
L__PWM1_Set_Duty12:
0x0584	0xE004      	BZ          L__PWM1_Set_Duty13
0x0586	0x3600      	RLCF        R0, 1 
0x0588	0x9000      	BCF         R0, 0 
0x058A	0x0FFF      	ADDLW       255
0x058C	0xD7FB      	BRA         L__PWM1_Set_Duty12
L__PWM1_Set_Duty13:
0x058E	0x0E30      	MOVLW       48
0x0590	0x1400      	ANDWF       R0, 0 
0x0592	0x6E03      	MOVWF       R3 
;__Lib_PWM_c21.c,48 :: 		
0x0594	0xF000C004  	MOVFF       R4, R0
0x0598	0xF001C005  	MOVFF       R5, R1
0x059C	0x3201      	RRCF        R1, 1 
0x059E	0x3200      	RRCF        R0, 1 
0x05A0	0x9E01      	BCF         R1, 7 
0x05A2	0x3201      	RRCF        R1, 1 
0x05A4	0x3200      	RRCF        R0, 1 
0x05A6	0x9E01      	BCF         R1, 7 
0x05A8	0xFFBEC000  	MOVFF       R0, CCPR1L
;__Lib_PWM_c21.c,49 :: 		
0x05AC	0x0E0F      	MOVLW       15
0x05AE	0x16BD      	ANDWF       CCP1CON, 1 
;__Lib_PWM_c21.c,50 :: 		
0x05B0	0x5003      	MOVF        R3, 0 
0x05B2	0x12BD      	IORWF       CCP1CON, 1 
;__Lib_PWM_c21.c,51 :: 		
L_end_PWM1_Set_Duty:
0x05B4	0x0012      	RETURN      0
; end of _PWM1_Set_Duty
_clearDisplay:
;todasFelipeW.c,126 :: 		void clearDisplay(){
;todasFelipeW.c,127 :: 		lcd_out(1,1,"                ");
0x05B6	0x0E01      	MOVLW       1
0x05B8	0x0100      	MOVLB       0
0x05BA	0x6F81      	MOVWF       FARG_Lcd_Out_row, 1
0x05BC	0x0E01      	MOVLW       1
0x05BE	0x6F82      	MOVWF       FARG_Lcd_Out_column, 1
0x05C0	0x0E30      	MOVLW       ?lstr1_todasFelipeW
0x05C2	0x6F83      	MOVWF       FARG_Lcd_Out_text, 1
0x05C4	0x0E00      	MOVLW       hi_addr(?lstr1_todasFelipeW)
0x05C6	0x6F84      	MOVWF       FARG_Lcd_Out_text+1, 1
0x05C8	0xDF3F      	RCALL       _Lcd_Out
;todasFelipeW.c,128 :: 		lcd_out(2,1,"                ");
0x05CA	0x0E02      	MOVLW       2
0x05CC	0x6F81      	MOVWF       FARG_Lcd_Out_row, 1
0x05CE	0x0E01      	MOVLW       1
0x05D0	0x6F82      	MOVWF       FARG_Lcd_Out_column, 1
0x05D2	0x0E1F      	MOVLW       ?lstr2_todasFelipeW
0x05D4	0x6F83      	MOVWF       FARG_Lcd_Out_text, 1
0x05D6	0x0E00      	MOVLW       hi_addr(?lstr2_todasFelipeW)
0x05D8	0x6F84      	MOVWF       FARG_Lcd_Out_text+1, 1
0x05DA	0xDF36      	RCALL       _Lcd_Out
;todasFelipeW.c,129 :: 		}
L_end_clearDisplay:
0x05DC	0x0012      	RETURN      0
; end of _clearDisplay
_ADC_Init:
;__Lib_ADC_A_D.c,13 :: 		
;__Lib_ADC_A_D.c,14 :: 		
0x05DE	0x0EFF      	MOVLW       _ADC_Get_Sample
0x05E0	0x6E77      	MOVWF       _ADC_Get_Sample_Ptr 
0x05E2	0x0EFF      	MOVLW       hi_addr(_ADC_Get_Sample)
0x05E4	0x6E78      	MOVWF       _ADC_Get_Sample_Ptr+1 
0x05E6	0x0EFF      	MOVLW       FARG_ADC_Get_Sample_channel
0x05E8	0x6E79      	MOVWF       _ADC_Get_Sample_Ptr+2 
0x05EA	0x0EFF      	MOVLW       hi_addr(FARG_ADC_Get_Sample_channel)
0x05EC	0x6E7A      	MOVWF       _ADC_Get_Sample_Ptr+3 
;__Lib_ADC_A_D.c,16 :: 		
0x05EE	0x6AC2      	CLRF        ADCON0 
;__Lib_ADC_A_D.c,17 :: 		
0x05F0	0x1C4A      	COMF        _vref_mask, 0 
0x05F2	0x6E00      	MOVWF       R0 
0x05F4	0x5000      	MOVF        R0, 0 
0x05F6	0x16C1      	ANDWF       ADCON1, 1 
;__Lib_ADC_A_D.c,18 :: 		
0x05F8	0x0E07      	MOVLW       7
0x05FA	0x12C0      	IORWF       ADCON2, 1 
;__Lib_ADC_A_D.c,19 :: 		
0x05FC	0x8EC0      	BSF         ADCON2, 7 
;__Lib_ADC_A_D.c,20 :: 		
0x05FE	0x80C2      	BSF         ADCON0, 0 
;__Lib_ADC_A_D.c,21 :: 		
L_end_ADC_Init:
0x0600	0x0012      	RETURN      0
; end of _ADC_Init
___CC2DW:
;__Lib_System.c,21 :: 		
;__Lib_System.c,23 :: 		
_CC2DL_Loop1:
;__Lib_System.c,24 :: 		
0x0602	0x0009      	TBLRD*+
;__Lib_System.c,25 :: 		
0x0604	0xFFE6CFF5  	MOVFF       TABLAT, POSTINC1
;__Lib_System.c,26 :: 		
0x0608	0x0600      	DECF        R0, 1, 0
;__Lib_System.c,27 :: 		
0x060A	0xE1FB      	BNZ         _CC2DL_Loop1
;__Lib_System.c,28 :: 		
0x060C	0x0601      	DECF        R1, 1, 0
;__Lib_System.c,29 :: 		
0x060E	0xE1F9      	BNZ         _CC2DL_Loop1
;__Lib_System.c,31 :: 		
L_end___CC2DW:
0x0610	0x0012      	RETURN      0
; end of ___CC2DW
_Lcd_Init:
;__Lib_Lcd.c,84 :: 		
;__Lib_Lcd.c,86 :: 		
0x0612	0x9296      	BCF         LCD_EN_Direction, BitPos(LCD_EN_Direction+0) 
;__Lib_Lcd.c,87 :: 		
0x0614	0x9096      	BCF         LCD_RS_Direction, BitPos(LCD_RS_Direction+0) 
;__Lib_Lcd.c,88 :: 		
0x0616	0x9895      	BCF         LCD_D4_Direction, BitPos(LCD_D4_Direction+0) 
;__Lib_Lcd.c,89 :: 		
0x0618	0x9A95      	BCF         LCD_D5_Direction, BitPos(LCD_D5_Direction+0) 
;__Lib_Lcd.c,90 :: 		
0x061A	0x9C95      	BCF         LCD_D6_Direction, BitPos(LCD_D6_Direction+0) 
;__Lib_Lcd.c,91 :: 		
0x061C	0x9E95      	BCF         LCD_D7_Direction, BitPos(LCD_D7_Direction+0) 
;__Lib_Lcd.c,93 :: 		
0x061E	0x9284      	BCF         LCD_EN, BitPos(LCD_EN+0) 
;__Lib_Lcd.c,94 :: 		
0x0620	0x9084      	BCF         LCD_RS, BitPos(LCD_RS+0) 
;__Lib_Lcd.c,95 :: 		
0x0622	0x9E83      	BCF         LCD_D7, BitPos(LCD_D7+0) 
;__Lib_Lcd.c,96 :: 		
0x0624	0x9C83      	BCF         LCD_D6, BitPos(LCD_D6+0) 
;__Lib_Lcd.c,97 :: 		
0x0626	0x9A83      	BCF         LCD_D5, BitPos(LCD_D5+0) 
;__Lib_Lcd.c,98 :: 		
0x0628	0x9883      	BCF         LCD_D4, BitPos(LCD_D4+0) 
;__Lib_Lcd.c,100 :: 		
0x062A	0xDCFD      	RCALL       _Delay_5500us
;__Lib_Lcd.c,101 :: 		
0x062C	0xDCFC      	RCALL       _Delay_5500us
;__Lib_Lcd.c,102 :: 		
0x062E	0xDCFB      	RCALL       _Delay_5500us
;__Lib_Lcd.c,105 :: 		
0x0630	0x8A83      	BSF         LCD_D5, BitPos(LCD_D5+0) 
;__Lib_Lcd.c,106 :: 		
0x0632	0x8883      	BSF         LCD_D4, BitPos(LCD_D4+0) 
;__Lib_Lcd.c,107 :: 		
0x0634	0x8284      	BSF         LCD_EN, BitPos(LCD_EN+0) 
;__Lib_Lcd.c,108 :: 		
0x0636	0xDD02      	RCALL       _Delay_1us
;__Lib_Lcd.c,109 :: 		
0x0638	0x9284      	BCF         LCD_EN, BitPos(LCD_EN+0) 
;__Lib_Lcd.c,110 :: 		
0x063A	0xDCF5      	RCALL       _Delay_5500us
;__Lib_Lcd.c,112 :: 		
0x063C	0x8284      	BSF         LCD_EN, BitPos(LCD_EN+0) 
;__Lib_Lcd.c,113 :: 		
0x063E	0xDCFE      	RCALL       _Delay_1us
;__Lib_Lcd.c,114 :: 		
0x0640	0x9284      	BCF         LCD_EN, BitPos(LCD_EN+0) 
;__Lib_Lcd.c,115 :: 		
0x0642	0xDCF1      	RCALL       _Delay_5500us
;__Lib_Lcd.c,117 :: 		
0x0644	0x8284      	BSF         LCD_EN, BitPos(LCD_EN+0) 
;__Lib_Lcd.c,118 :: 		
0x0646	0xDCFA      	RCALL       _Delay_1us
;__Lib_Lcd.c,119 :: 		
0x0648	0x9284      	BCF         LCD_EN, BitPos(LCD_EN+0) 
;__Lib_Lcd.c,120 :: 		
0x064A	0xDCED      	RCALL       _Delay_5500us
;__Lib_Lcd.c,123 :: 		
0x064C	0x9883      	BCF         LCD_D4, BitPos(LCD_D4+0) 
;__Lib_Lcd.c,124 :: 		
0x064E	0x8284      	BSF         LCD_EN, BitPos(LCD_EN+0) 
;__Lib_Lcd.c,125 :: 		
0x0650	0xDCF5      	RCALL       _Delay_1us
;__Lib_Lcd.c,126 :: 		
0x0652	0x9284      	BCF         LCD_EN, BitPos(LCD_EN+0) 
;__Lib_Lcd.c,127 :: 		
0x0654	0xDCE8      	RCALL       _Delay_5500us
;__Lib_Lcd.c,130 :: 		
0x0656	0x8284      	BSF         LCD_EN, BitPos(LCD_EN+0) 
;__Lib_Lcd.c,131 :: 		
0x0658	0xDCF1      	RCALL       _Delay_1us
;__Lib_Lcd.c,132 :: 		
0x065A	0x9284      	BCF         LCD_EN, BitPos(LCD_EN+0) 
;__Lib_Lcd.c,134 :: 		
0x065C	0x9A83      	BCF         LCD_D5, BitPos(LCD_D5+0) 
;__Lib_Lcd.c,135 :: 		
0x065E	0x8E83      	BSF         LCD_D7, BitPos(LCD_D7+0) 
;__Lib_Lcd.c,136 :: 		
0x0660	0x8284      	BSF         LCD_EN, BitPos(LCD_EN+0) 
;__Lib_Lcd.c,137 :: 		
0x0662	0xDCEC      	RCALL       _Delay_1us
;__Lib_Lcd.c,138 :: 		
0x0664	0x9284      	BCF         LCD_EN, BitPos(LCD_EN+0) 
;__Lib_Lcd.c,139 :: 		
0x0666	0xDCDF      	RCALL       _Delay_5500us
;__Lib_Lcd.c,142 :: 		
0x0668	0x9E83      	BCF         LCD_D7, BitPos(LCD_D7+0) 
;__Lib_Lcd.c,143 :: 		
0x066A	0x8883      	BSF         LCD_D4, BitPos(LCD_D4+0) 
;__Lib_Lcd.c,144 :: 		
0x066C	0x8284      	BSF         LCD_EN, BitPos(LCD_EN+0) 
;__Lib_Lcd.c,145 :: 		
0x066E	0xDCE6      	RCALL       _Delay_1us
;__Lib_Lcd.c,146 :: 		
0x0670	0x9284      	BCF         LCD_EN, BitPos(LCD_EN+0) 
;__Lib_Lcd.c,148 :: 		
0x0672	0x9883      	BCF         LCD_D4, BitPos(LCD_D4+0) 
;__Lib_Lcd.c,149 :: 		
0x0674	0x8284      	BSF         LCD_EN, BitPos(LCD_EN+0) 
;__Lib_Lcd.c,150 :: 		
0x0676	0xDCE2      	RCALL       _Delay_1us
;__Lib_Lcd.c,151 :: 		
0x0678	0x9284      	BCF         LCD_EN, BitPos(LCD_EN+0) 
;__Lib_Lcd.c,152 :: 		
0x067A	0xDCD5      	RCALL       _Delay_5500us
;__Lib_Lcd.c,155 :: 		
0x067C	0x8284      	BSF         LCD_EN, BitPos(LCD_EN+0) 
;__Lib_Lcd.c,156 :: 		
0x067E	0xDCDE      	RCALL       _Delay_1us
;__Lib_Lcd.c,157 :: 		
0x0680	0x9284      	BCF         LCD_EN, BitPos(LCD_EN+0) 
;__Lib_Lcd.c,159 :: 		
0x0682	0x8883      	BSF         LCD_D4, BitPos(LCD_D4+0) 
;__Lib_Lcd.c,160 :: 		
0x0684	0x8284      	BSF         LCD_EN, BitPos(LCD_EN+0) 
;__Lib_Lcd.c,161 :: 		
0x0686	0xDCDA      	RCALL       _Delay_1us
;__Lib_Lcd.c,162 :: 		
0x0688	0x9284      	BCF         LCD_EN, BitPos(LCD_EN+0) 
;__Lib_Lcd.c,163 :: 		
0x068A	0xDCCD      	RCALL       _Delay_5500us
;__Lib_Lcd.c,166 :: 		
0x068C	0x9883      	BCF         LCD_D4, BitPos(LCD_D4+0) 
;__Lib_Lcd.c,167 :: 		
0x068E	0x8284      	BSF         LCD_EN, BitPos(LCD_EN+0) 
;__Lib_Lcd.c,168 :: 		
0x0690	0xDCD5      	RCALL       _Delay_1us
;__Lib_Lcd.c,169 :: 		
0x0692	0x9284      	BCF         LCD_EN, BitPos(LCD_EN+0) 
;__Lib_Lcd.c,171 :: 		
0x0694	0x8E83      	BSF         LCD_D7, BitPos(LCD_D7+0) 
;__Lib_Lcd.c,172 :: 		
0x0696	0x8C83      	BSF         LCD_D6, BitPos(LCD_D6+0) 
;__Lib_Lcd.c,173 :: 		
0x0698	0x8A83      	BSF         LCD_D5, BitPos(LCD_D5+0) 
;__Lib_Lcd.c,174 :: 		
0x069A	0x8883      	BSF         LCD_D4, BitPos(LCD_D4+0) 
;__Lib_Lcd.c,175 :: 		
0x069C	0x8284      	BSF         LCD_EN, BitPos(LCD_EN+0) 
;__Lib_Lcd.c,176 :: 		
0x069E	0xDCCE      	RCALL       _Delay_1us
;__Lib_Lcd.c,177 :: 		
0x06A0	0x9284      	BCF         LCD_EN, BitPos(LCD_EN+0) 
;__Lib_Lcd.c,179 :: 		
0x06A2	0xDCC1      	RCALL       _Delay_5500us
;__Lib_Lcd.c,181 :: 		
0x06A4	0x8076      	BSF         __Lib_Lcd_cmd_status, BitPos(__Lib_Lcd_cmd_status+0) 
;__Lib_Lcd.c,182 :: 		
L_end_Lcd_Init:
0x06A6	0x0012      	RETURN      0
; end of _Lcd_Init
_leituraEntradaADC:
;todasFelipeW.c,145 :: 		void leituraEntradaADC(){
;todasFelipeW.c,146 :: 		valorMedido = adc_read(2);
0x06A8	0x0E02      	MOVLW       2
0x06AA	0x6E7F      	MOVWF       FARG_ADC_Read_channel 
0x06AC	0xDE60      	RCALL       _ADC_Read
0x06AE	0xF015C000  	MOVFF       R0, _valorMedido
0x06B2	0xF016C001  	MOVFF       R1, _valorMedido+1
;todasFelipeW.c,147 :: 		IntToStr(valorMedido,txt);
0x06B6	0xF081C000  	MOVFF       R0, FARG_IntToStr_input
0x06BA	0xF082C001  	MOVFF       R1, FARG_IntToStr_input+1
0x06BE	0x0E6F      	MOVLW       _txt
0x06C0	0x0100      	MOVLB       0
0x06C2	0x6F83      	MOVWF       FARG_IntToStr_output, 1
0x06C4	0x0E00      	MOVLW       hi_addr(_txt)
0x06C6	0x6F84      	MOVWF       FARG_IntToStr_output+1, 1
0x06C8	0xDDBD      	RCALL       _IntToStr
;todasFelipeW.c,148 :: 		Lcd_Out(2,1,"ADC2 ");
0x06CA	0x0E02      	MOVLW       2
0x06CC	0x6F81      	MOVWF       FARG_Lcd_Out_row, 1
0x06CE	0x0E01      	MOVLW       1
0x06D0	0x6F82      	MOVWF       FARG_Lcd_Out_column, 1
0x06D2	0x0E18      	MOVLW       ?lstr7_todasFelipeW
0x06D4	0x6F83      	MOVWF       FARG_Lcd_Out_text, 1
0x06D6	0x0E00      	MOVLW       hi_addr(?lstr7_todasFelipeW)
0x06D8	0x6F84      	MOVWF       FARG_Lcd_Out_text+1, 1
0x06DA	0xDEB6      	RCALL       _Lcd_Out
;todasFelipeW.c,149 :: 		Lcd_Out_CP(txt);
0x06DC	0x0E6F      	MOVLW       _txt
0x06DE	0x6F81      	MOVWF       FARG_Lcd_Out_CP_text, 1
0x06E0	0x0E00      	MOVLW       hi_addr(_txt)
0x06E2	0x6F82      	MOVWF       FARG_Lcd_Out_CP_text+1, 1
0x06E4	0xDE9B      	RCALL       _Lcd_Out_CP
;todasFelipeW.c,151 :: 		CustomChar(2,16);
0x06E6	0x0E02      	MOVLW       2
0x06E8	0x6F81      	MOVWF       FARG_CustomChar_pos_row, 1
0x06EA	0x0E10      	MOVLW       16
0x06EC	0x6F82      	MOVWF       FARG_CustomChar_pos_char, 1
0x06EE	0xDD87      	RCALL       _CustomChar
;todasFelipeW.c,152 :: 		}
L_end_leituraEntradaADC:
0x06F0	0x0012      	RETURN      0
; end of _leituraEntradaADC
_escreveDisplay:
;todasFelipeW.c,163 :: 		void escreveDisplay()
;todasFelipeW.c,165 :: 		PORTB = 0; // DESLIGA TODOS OS DISPLAYS
0x06F2	0x6A81      	CLRF        PORTB 
;todasFelipeW.c,167 :: 		PORTD = decodifica(unidade);
0x06F4	0xF07FC042  	MOVFF       _unidade, FARG_decodifica_uni
0x06F8	0xDEE6      	RCALL       _decodifica
0x06FA	0xFF83C000  	MOVFF       R0, PORTD
;todasFelipeW.c,168 :: 		RB7_bit = 1;
0x06FE	0x8E81      	BSF         RB7_bit, BitPos(RB7_bit+0) 
;todasFelipeW.c,169 :: 		delay_ms(500);
0x0700	0x0E06      	MOVLW       6
0x0702	0x6E0B      	MOVWF       R11, 0
0x0704	0x0E13      	MOVLW       19
0x0706	0x6E0C      	MOVWF       R12, 0
0x0708	0x0EAD      	MOVLW       173
0x070A	0x6E0D      	MOVWF       R13, 0
L_escreveDisplay27:
0x070C	0x2E0D      	DECFSZ      R13, 1, 0
0x070E	0xD7FE      	BRA         L_escreveDisplay27
0x0710	0x2E0C      	DECFSZ      R12, 1, 0
0x0712	0xD7FC      	BRA         L_escreveDisplay27
0x0714	0x2E0B      	DECFSZ      R11, 1, 0
0x0716	0xD7FA      	BRA         L_escreveDisplay27
0x0718	0x0000      	NOP
0x071A	0x0000      	NOP
;todasFelipeW.c,171 :: 		RB7_bit = 0;
0x071C	0x9E81      	BCF         RB7_bit, BitPos(RB7_bit+0) 
;todasFelipeW.c,172 :: 		PORTD = decodifica(dezena);
0x071E	0xF07FC041  	MOVFF       _dezena, FARG_decodifica_uni
0x0722	0xDED1      	RCALL       _decodifica
0x0724	0xFF83C000  	MOVFF       R0, PORTD
;todasFelipeW.c,173 :: 		RB6_bit = 1;
0x0728	0x8C81      	BSF         RB6_bit, BitPos(RB6_bit+0) 
;todasFelipeW.c,174 :: 		delay_ms(500);
0x072A	0x0E06      	MOVLW       6
0x072C	0x6E0B      	MOVWF       R11, 0
0x072E	0x0E13      	MOVLW       19
0x0730	0x6E0C      	MOVWF       R12, 0
0x0732	0x0EAD      	MOVLW       173
0x0734	0x6E0D      	MOVWF       R13, 0
L_escreveDisplay28:
0x0736	0x2E0D      	DECFSZ      R13, 1, 0
0x0738	0xD7FE      	BRA         L_escreveDisplay28
0x073A	0x2E0C      	DECFSZ      R12, 1, 0
0x073C	0xD7FC      	BRA         L_escreveDisplay28
0x073E	0x2E0B      	DECFSZ      R11, 1, 0
0x0740	0xD7FA      	BRA         L_escreveDisplay28
0x0742	0x0000      	NOP
0x0744	0x0000      	NOP
;todasFelipeW.c,176 :: 		RB6_bit = 0;
0x0746	0x9C81      	BCF         RB6_bit, BitPos(RB6_bit+0) 
;todasFelipeW.c,177 :: 		PORTD = decodifica(centena);
0x0748	0xF07FC01E  	MOVFF       _centena, FARG_decodifica_uni
0x074C	0xDEBC      	RCALL       _decodifica
0x074E	0xFF83C000  	MOVFF       R0, PORTD
;todasFelipeW.c,178 :: 		RB5_bit = 1;
0x0752	0x8A81      	BSF         RB5_bit, BitPos(RB5_bit+0) 
;todasFelipeW.c,179 :: 		delay_ms(500);
0x0754	0x0E06      	MOVLW       6
0x0756	0x6E0B      	MOVWF       R11, 0
0x0758	0x0E13      	MOVLW       19
0x075A	0x6E0C      	MOVWF       R12, 0
0x075C	0x0EAD      	MOVLW       173
0x075E	0x6E0D      	MOVWF       R13, 0
L_escreveDisplay29:
0x0760	0x2E0D      	DECFSZ      R13, 1, 0
0x0762	0xD7FE      	BRA         L_escreveDisplay29
0x0764	0x2E0C      	DECFSZ      R12, 1, 0
0x0766	0xD7FC      	BRA         L_escreveDisplay29
0x0768	0x2E0B      	DECFSZ      R11, 1, 0
0x076A	0xD7FA      	BRA         L_escreveDisplay29
0x076C	0x0000      	NOP
0x076E	0x0000      	NOP
;todasFelipeW.c,181 :: 		RB5_bit = 0;
0x0770	0x9A81      	BCF         RB5_bit, BitPos(RB5_bit+0) 
;todasFelipeW.c,182 :: 		PORTD = decodifica(milhar);
0x0772	0xF07FC017  	MOVFF       _milhar, FARG_decodifica_uni
0x0776	0xDEA7      	RCALL       _decodifica
0x0778	0xFF83C000  	MOVFF       R0, PORTD
;todasFelipeW.c,183 :: 		RB4_bit = 1;
0x077C	0x8881      	BSF         RB4_bit, BitPos(RB4_bit+0) 
;todasFelipeW.c,184 :: 		delay_ms(500);
0x077E	0x0E06      	MOVLW       6
0x0780	0x6E0B      	MOVWF       R11, 0
0x0782	0x0E13      	MOVLW       19
0x0784	0x6E0C      	MOVWF       R12, 0
0x0786	0x0EAD      	MOVLW       173
0x0788	0x6E0D      	MOVWF       R13, 0
L_escreveDisplay30:
0x078A	0x2E0D      	DECFSZ      R13, 1, 0
0x078C	0xD7FE      	BRA         L_escreveDisplay30
0x078E	0x2E0C      	DECFSZ      R12, 1, 0
0x0790	0xD7FC      	BRA         L_escreveDisplay30
0x0792	0x2E0B      	DECFSZ      R11, 1, 0
0x0794	0xD7FA      	BRA         L_escreveDisplay30
0x0796	0x0000      	NOP
0x0798	0x0000      	NOP
;todasFelipeW.c,186 :: 		RB4_bit = 0;
0x079A	0x9881      	BCF         RB4_bit, BitPos(RB4_bit+0) 
;todasFelipeW.c,187 :: 		}
L_end_escreveDisplay:
0x079C	0x0012      	RETURN      0
; end of _escreveDisplay
_escreveNome:
;todasFelipeW.c,121 :: 		void escreveNome(numero){
;todasFelipeW.c,122 :: 		lcd_out(1, 1, txt1);
0x079E	0x0E01      	MOVLW       1
0x07A0	0x0100      	MOVLB       0
0x07A2	0x6F81      	MOVWF       FARG_Lcd_Out_row, 1
0x07A4	0x0E01      	MOVLW       1
0x07A6	0x6F82      	MOVWF       FARG_Lcd_Out_column, 1
0x07A8	0x0E54      	MOVLW       _txt1
0x07AA	0x6F83      	MOVWF       FARG_Lcd_Out_text, 1
0x07AC	0x0E00      	MOVLW       hi_addr(_txt1)
0x07AE	0x6F84      	MOVWF       FARG_Lcd_Out_text+1, 1
0x07B0	0xDE4B      	RCALL       _Lcd_Out
;todasFelipeW.c,123 :: 		lcd_out(2, 1, txt2);
0x07B2	0x0E02      	MOVLW       2
0x07B4	0x6F81      	MOVWF       FARG_Lcd_Out_row, 1
0x07B6	0x0E01      	MOVLW       1
0x07B8	0x6F82      	MOVWF       FARG_Lcd_Out_column, 1
0x07BA	0x0E4B      	MOVLW       _txt2
0x07BC	0x6F83      	MOVWF       FARG_Lcd_Out_text, 1
0x07BE	0x0E00      	MOVLW       hi_addr(_txt2)
0x07C0	0x6F84      	MOVWF       FARG_Lcd_Out_text+1, 1
0x07C2	0xDE42      	RCALL       _Lcd_Out
;todasFelipeW.c,124 :: 		}
L_end_escreveNome:
0x07C4	0x0012      	RETURN      0
; end of _escreveNome
_PWM1_Start:
;__Lib_PWM_c21.c,53 :: 		
;__Lib_PWM_c21.c,54 :: 		
0x07C6	0x9494      	BCF         TRISC2_bit, BitPos(TRISC2_bit+0) 
;__Lib_PWM_c21.c,55 :: 		
0x07C8	0x84CA      	BSF         T2CON, 2 
;__Lib_PWM_c21.c,56 :: 		
0x07CA	0x0E0C      	MOVLW       12
0x07CC	0x12BD      	IORWF       CCP1CON, 1 
;__Lib_PWM_c21.c,57 :: 		
L_end_PWM1_Start:
0x07CE	0x0012      	RETURN      0
; end of _PWM1_Start
_setupInicial:
;todasFelipeW.c,97 :: 		void setupInicial()
;todasFelipeW.c,99 :: 		PORTA = 0;
0x07D0	0x6A80      	CLRF        PORTA 
;todasFelipeW.c,100 :: 		PORTC = 0;
0x07D2	0x6A82      	CLRF        PORTC 
;todasFelipeW.c,101 :: 		PORTD = 0;
0x07D4	0x6A83      	CLRF        PORTD 
;todasFelipeW.c,102 :: 		PORTE = 0;
0x07D6	0x6A84      	CLRF        PORTE 
;todasFelipeW.c,103 :: 		PORTB = 0; // desliga a porta B
0x07D8	0x6A81      	CLRF        PORTB 
;todasFelipeW.c,105 :: 		TRISA = 4;  // configura o porta como sa?da
0x07DA	0x0E04      	MOVLW       4
0x07DC	0x6E92      	MOVWF       TRISA 
;todasFelipeW.c,106 :: 		TRISB = 15; // rb0 como entrada
0x07DE	0x0E0F      	MOVLW       15
0x07E0	0x6E93      	MOVWF       TRISB 
;todasFelipeW.c,107 :: 		TRISC = 0;  // configura o porta como sa?da
0x07E2	0x6A94      	CLRF        TRISC 
;todasFelipeW.c,108 :: 		TRISD = 0;  // configura o porta como sa?da
0x07E4	0x6A95      	CLRF        TRISD 
;todasFelipeW.c,109 :: 		TRISE = 0;  // configura o portc como sa?da.
0x07E6	0x6A96      	CLRF        TRISE 
;todasFelipeW.c,111 :: 		CMCON = 7;   // comparadores desligados.
0x07E8	0x0E07      	MOVLW       7
0x07EA	0x6EB4      	MOVWF       CMCON 
;todasFelipeW.c,112 :: 		ADCON1 = 12; // todas as saidas digitais.
0x07EC	0x0E0C      	MOVLW       12
0x07EE	0x6EC1      	MOVWF       ADCON1 
;todasFelipeW.c,113 :: 		INTCON2 = 0; // liga resistor pull-up do PORTB
0x07F0	0x6AF1      	CLRF        INTCON2 
;todasFelipeW.c,115 :: 		unidade = 3;
0x07F2	0x0E03      	MOVLW       3
0x07F4	0x6E42      	MOVWF       _unidade 
;todasFelipeW.c,116 :: 		dezena = 8;
0x07F6	0x0E08      	MOVLW       8
0x07F8	0x6E41      	MOVWF       _dezena 
;todasFelipeW.c,117 :: 		centena = 5;
0x07FA	0x0E05      	MOVLW       5
0x07FC	0x6E1E      	MOVWF       _centena 
;todasFelipeW.c,118 :: 		milhar = 7;
0x07FE	0x0E07      	MOVLW       7
0x0800	0x6E17      	MOVWF       _milhar 
;todasFelipeW.c,119 :: 		}
L_end_setupInicial:
0x0802	0x0012      	RETURN      0
; end of _setupInicial
_contadorDisplay:
;todasFelipeW.c,131 :: 		void contadorDisplay(int numero){
;todasFelipeW.c,132 :: 		lcd_out(1, 1, "CONTA ");
0x0804	0x0E01      	MOVLW       1
0x0806	0x0100      	MOVLB       0
0x0808	0x6F81      	MOVWF       FARG_Lcd_Out_row, 1
0x080A	0x0E01      	MOVLW       1
0x080C	0x6F82      	MOVWF       FARG_Lcd_Out_column, 1
0x080E	0x0E43      	MOVLW       ?lstr3_todasFelipeW
0x0810	0x6F83      	MOVWF       FARG_Lcd_Out_text, 1
0x0812	0x0E00      	MOVLW       hi_addr(?lstr3_todasFelipeW)
0x0814	0x6F84      	MOVWF       FARG_Lcd_Out_text+1, 1
0x0816	0xDE18      	RCALL       _Lcd_Out
;todasFelipeW.c,133 :: 		IntToStr(numero, txt);
0x0818	0xF081C07B  	MOVFF       FARG_contadorDisplay_numero, FARG_IntToStr_input
0x081C	0xF082C07C  	MOVFF       FARG_contadorDisplay_numero+1, FARG_IntToStr_input+1
0x0820	0x0E6F      	MOVLW       _txt
0x0822	0x6F83      	MOVWF       FARG_IntToStr_output, 1
0x0824	0x0E00      	MOVLW       hi_addr(_txt)
0x0826	0x6F84      	MOVWF       FARG_IntToStr_output+1, 1
0x0828	0xDD0D      	RCALL       _IntToStr
;todasFelipeW.c,134 :: 		if(numero < 10){
0x082A	0x0E80      	MOVLW       128
0x082C	0x187C      	XORWF       FARG_contadorDisplay_numero+1, 0 
0x082E	0x6E00      	MOVWF       R0 
0x0830	0x0E80      	MOVLW       128
0x0832	0x5C00      	SUBWF       R0, 0 
0x0834	0xE102      	BNZ         L__contadorDisplay48
0x0836	0x0E0A      	MOVLW       10
0x0838	0x5C7B      	SUBWF       FARG_contadorDisplay_numero, 0 
L__contadorDisplay48:
0x083A	0xE206      	BC          L_contadorDisplay21
;todasFelipeW.c,135 :: 		lcd_out_cp("00");
0x083C	0x0E65      	MOVLW       ?lstr4_todasFelipeW
0x083E	0x6F81      	MOVWF       FARG_Lcd_Out_CP_text, 1
0x0840	0x0E00      	MOVLW       hi_addr(?lstr4_todasFelipeW)
0x0842	0x6F82      	MOVWF       FARG_Lcd_Out_CP_text+1, 1
0x0844	0xDDEB      	RCALL       _Lcd_Out_CP
;todasFelipeW.c,136 :: 		}else if(numero < 100){
0x0846	0xD00E      	BRA         L_contadorDisplay22
L_contadorDisplay21:
0x0848	0x0E80      	MOVLW       128
0x084A	0x187C      	XORWF       FARG_contadorDisplay_numero+1, 0 
0x084C	0x6E00      	MOVWF       R0 
0x084E	0x0E80      	MOVLW       128
0x0850	0x5C00      	SUBWF       R0, 0 
0x0852	0xE102      	BNZ         L__contadorDisplay49
0x0854	0x0E64      	MOVLW       100
0x0856	0x5C7B      	SUBWF       FARG_contadorDisplay_numero, 0 
L__contadorDisplay49:
0x0858	0xE205      	BC          L_contadorDisplay23
;todasFelipeW.c,137 :: 		lcd_out_cp("0");
0x085A	0x0E63      	MOVLW       ?lstr5_todasFelipeW
0x085C	0x6F81      	MOVWF       FARG_Lcd_Out_CP_text, 1
0x085E	0x0E00      	MOVLW       hi_addr(?lstr5_todasFelipeW)
0x0860	0x6F82      	MOVWF       FARG_Lcd_Out_CP_text+1, 1
0x0862	0xDDDC      	RCALL       _Lcd_Out_CP
;todasFelipeW.c,138 :: 		}
L_contadorDisplay23:
L_contadorDisplay22:
;todasFelipeW.c,140 :: 		lcd_out_cp(ltrim(txt));
0x0864	0x0E6F      	MOVLW       _txt
0x0866	0x6F81      	MOVWF       FARG_Ltrim_string, 1
0x0868	0x0E00      	MOVLW       hi_addr(_txt)
0x086A	0x6F82      	MOVWF       FARG_Ltrim_string+1, 1
0x086C	0xDD9F      	RCALL       _Ltrim
0x086E	0xF081C000  	MOVFF       R0, FARG_Lcd_Out_CP_text
0x0872	0xF082C001  	MOVFF       R1, FARG_Lcd_Out_CP_text+1
0x0876	0xDDD2      	RCALL       _Lcd_Out_CP
;todasFelipeW.c,141 :: 		lcd_out(1,11,"ASC  ");
0x0878	0x0E01      	MOVLW       1
0x087A	0x6F81      	MOVWF       FARG_Lcd_Out_row, 1
0x087C	0x0E0B      	MOVLW       11
0x087E	0x6F82      	MOVWF       FARG_Lcd_Out_column, 1
0x0880	0x0E69      	MOVLW       ?lstr6_todasFelipeW
0x0882	0x6F83      	MOVWF       FARG_Lcd_Out_text, 1
0x0884	0x0E00      	MOVLW       hi_addr(?lstr6_todasFelipeW)
0x0886	0x6F84      	MOVWF       FARG_Lcd_Out_text+1, 1
0x0888	0xDDDF      	RCALL       _Lcd_Out
;todasFelipeW.c,142 :: 		Lcd_Chr_CP(numero);
0x088A	0xF080C07B  	MOVFF       FARG_contadorDisplay_numero, FARG_Lcd_Chr_CP_out_char
0x088E	0xDC33      	RCALL       _Lcd_Chr_CP
;todasFelipeW.c,143 :: 		}
L_end_contadorDisplay:
0x0890	0x0012      	RETURN      0
; end of _contadorDisplay
_main:
0x0892	0xF005EC0C  	CALL        2584, 0
;todasFelipeW.c,38 :: 		void main(){
;todasFelipeW.c,40 :: 		lcd_init();
0x0896	0xDEBD      	RCALL       _Lcd_Init
;todasFelipeW.c,41 :: 		lcd_cmd(_LCD_CURSOR_OFF);
0x0898	0x0E0C      	MOVLW       12
0x089A	0x0100      	MOVLB       0
0x089C	0x6F91      	MOVWF       FARG_Lcd_Cmd_out_char, 1
0x089E	0xF000EC21  	CALL        _Lcd_Cmd, 0
;todasFelipeW.c,42 :: 		lcd_cmd(_LCD_CLEAR);
0x08A2	0x0E01      	MOVLW       1
0x08A4	0x6F91      	MOVWF       FARG_Lcd_Cmd_out_char, 1
0x08A6	0xF000EC21  	CALL        _Lcd_Cmd, 0
;todasFelipeW.c,44 :: 		ADC_Init();
0x08AA	0xDE99      	RCALL       _ADC_Init
;todasFelipeW.c,46 :: 		PWM1_Init(20000);
0x08AC	0x90CA      	BCF         T2CON, 0, 0
0x08AE	0x92CA      	BCF         T2CON, 1, 0
0x08B0	0x0E63      	MOVLW       99
0x08B2	0x6ECB      	MOVWF       PR2, 0
0x08B4	0xDE46      	RCALL       _PWM1_Init
;todasFelipeW.c,47 :: 		PWM1_Set_Duty(conta);
0x08B6	0xF07BC068  	MOVFF       _conta, FARG_PWM1_Set_Duty_new_duty
0x08BA	0xDE47      	RCALL       _PWM1_Set_Duty
;todasFelipeW.c,48 :: 		PWM1_Start();
0x08BC	0xDF84      	RCALL       _PWM1_Start
;todasFelipeW.c,50 :: 		setupInicial();
0x08BE	0xDF88      	RCALL       _setupInicial
;todasFelipeW.c,51 :: 		contadorDisplay(conta);
0x08C0	0xF07BC068  	MOVFF       _conta, FARG_contadorDisplay_numero
0x08C4	0x0E00      	MOVLW       0
0x08C6	0x6E7C      	MOVWF       FARG_contadorDisplay_numero+1 
0x08C8	0xDF9D      	RCALL       _contadorDisplay
;todasFelipeW.c,53 :: 		while(1){
L_main0:
;todasFelipeW.c,55 :: 		leituraEntradaADC();
0x08CA	0xDEEE      	RCALL       _leituraEntradaADC
;todasFelipeW.c,57 :: 		if(rb0_bit == 0){
0x08CC	0xB081      	BTFSC       RB0_bit, BitPos(RB0_bit+0) 
0x08CE	0xD025      	BRA         L_main2
;todasFelipeW.c,58 :: 		while(rb0_bit == 0) delay_ms(100);
L_main3:
0x08D0	0xB081      	BTFSC       RB0_bit, BitPos(RB0_bit+0) 
0x08D2	0xD00E      	BRA         L_main4
0x08D4	0x0E02      	MOVLW       2
0x08D6	0x6E0B      	MOVWF       R11, 0
0x08D8	0x0E04      	MOVLW       4
0x08DA	0x6E0C      	MOVWF       R12, 0
0x08DC	0x0EBA      	MOVLW       186
0x08DE	0x6E0D      	MOVWF       R13, 0
L_main5:
0x08E0	0x2E0D      	DECFSZ      R13, 1, 0
0x08E2	0xD7FE      	BRA         L_main5
0x08E4	0x2E0C      	DECFSZ      R12, 1, 0
0x08E6	0xD7FC      	BRA         L_main5
0x08E8	0x2E0B      	DECFSZ      R11, 1, 0
0x08EA	0xD7FA      	BRA         L_main5
0x08EC	0x0000      	NOP
0x08EE	0xD7F0      	BRA         L_main3
L_main4:
;todasFelipeW.c,59 :: 		clearDisplay();
0x08F0	0xDE62      	RCALL       _clearDisplay
;todasFelipeW.c,60 :: 		escreveNome();
0x08F2	0xDF55      	RCALL       _escreveNome
;todasFelipeW.c,61 :: 		delay_ms(2000);
0x08F4	0x0E15      	MOVLW       21
0x08F6	0x6E0B      	MOVWF       R11, 0
0x08F8	0x0E4B      	MOVLW       75
0x08FA	0x6E0C      	MOVWF       R12, 0
0x08FC	0x0EBE      	MOVLW       190
0x08FE	0x6E0D      	MOVWF       R13, 0
L_main6:
0x0900	0x2E0D      	DECFSZ      R13, 1, 0
0x0902	0xD7FE      	BRA         L_main6
0x0904	0x2E0C      	DECFSZ      R12, 1, 0
0x0906	0xD7FC      	BRA         L_main6
0x0908	0x2E0B      	DECFSZ      R11, 1, 0
0x090A	0xD7FA      	BRA         L_main6
0x090C	0x0000      	NOP
;todasFelipeW.c,62 :: 		clearDisplay();
0x090E	0xDE53      	RCALL       _clearDisplay
;todasFelipeW.c,63 :: 		contadorDisplay(conta);
0x0910	0xF07BC068  	MOVFF       _conta, FARG_contadorDisplay_numero
0x0914	0x0E00      	MOVLW       0
0x0916	0x6E7C      	MOVWF       FARG_contadorDisplay_numero+1 
0x0918	0xDF75      	RCALL       _contadorDisplay
;todasFelipeW.c,64 :: 		}
L_main2:
;todasFelipeW.c,66 :: 		if(rb1_bit == 0){
0x091A	0xB281      	BTFSC       RB1_bit, BitPos(RB1_bit+0) 
0x091C	0xD016      	BRA         L_main7
;todasFelipeW.c,67 :: 		while(rb1_bit == 0) delay_ms(100);
L_main8:
0x091E	0xB281      	BTFSC       RB1_bit, BitPos(RB1_bit+0) 
0x0920	0xD00E      	BRA         L_main9
0x0922	0x0E02      	MOVLW       2
0x0924	0x6E0B      	MOVWF       R11, 0
0x0926	0x0E04      	MOVLW       4
0x0928	0x6E0C      	MOVWF       R12, 0
0x092A	0x0EBA      	MOVLW       186
0x092C	0x6E0D      	MOVWF       R13, 0
L_main10:
0x092E	0x2E0D      	DECFSZ      R13, 1, 0
0x0930	0xD7FE      	BRA         L_main10
0x0932	0x2E0C      	DECFSZ      R12, 1, 0
0x0934	0xD7FC      	BRA         L_main10
0x0936	0x2E0B      	DECFSZ      R11, 1, 0
0x0938	0xD7FA      	BRA         L_main10
0x093A	0x0000      	NOP
0x093C	0xD7F0      	BRA         L_main8
L_main9:
;todasFelipeW.c,68 :: 		escreveDisplay();
0x093E	0xDED9      	RCALL       _escreveDisplay
;todasFelipeW.c,69 :: 		contadorDisplay(conta);
0x0940	0xF07BC068  	MOVFF       _conta, FARG_contadorDisplay_numero
0x0944	0x0E00      	MOVLW       0
0x0946	0x6E7C      	MOVWF       FARG_contadorDisplay_numero+1 
0x0948	0xDF5D      	RCALL       _contadorDisplay
;todasFelipeW.c,70 :: 		}
L_main7:
;todasFelipeW.c,72 :: 		if(rb2_bit == 0){
0x094A	0xB481      	BTFSC       RB2_bit, BitPos(RB2_bit+0) 
0x094C	0xD018      	BRA         L_main11
;todasFelipeW.c,73 :: 		delay_ms(10);
0x094E	0x0E1A      	MOVLW       26
0x0950	0x6E0C      	MOVWF       R12, 0
0x0952	0x0EF8      	MOVLW       248
0x0954	0x6E0D      	MOVWF       R13, 0
L_main12:
0x0956	0x2E0D      	DECFSZ      R13, 1, 0
0x0958	0xD7FE      	BRA         L_main12
0x095A	0x2E0C      	DECFSZ      R12, 1, 0
0x095C	0xD7FC      	BRA         L_main12
0x095E	0x0000      	NOP
;todasFelipeW.c,74 :: 		while(rb2_bit == 0) {
L_main13:
0x0960	0xB481      	BTFSC       RB2_bit, BitPos(RB2_bit+0) 
0x0962	0xD00D      	BRA         L_main14
;todasFelipeW.c,75 :: 		if(conta < 255){
0x0964	0x0EFF      	MOVLW       255
0x0966	0x5C68      	SUBWF       _conta, 0 
0x0968	0xE209      	BC          L_main15
;todasFelipeW.c,76 :: 		conta++;
0x096A	0x2A68      	INCF        _conta, 1 
;todasFelipeW.c,77 :: 		contadorDisplay(conta);
0x096C	0xF07BC068  	MOVFF       _conta, FARG_contadorDisplay_numero
0x0970	0x0E00      	MOVLW       0
0x0972	0x6E7C      	MOVWF       FARG_contadorDisplay_numero+1 
0x0974	0xDF47      	RCALL       _contadorDisplay
;todasFelipeW.c,78 :: 		PWM1_Set_Duty(conta);
0x0976	0xF07BC068  	MOVFF       _conta, FARG_PWM1_Set_Duty_new_duty
0x097A	0xDDE7      	RCALL       _PWM1_Set_Duty
;todasFelipeW.c,79 :: 		}
L_main15:
;todasFelipeW.c,80 :: 		}
0x097C	0xD7F1      	BRA         L_main13
L_main14:
;todasFelipeW.c,81 :: 		}
L_main11:
;todasFelipeW.c,83 :: 		if(rb3_bit == 0){
0x097E	0xB681      	BTFSC       RB3_bit, BitPos(RB3_bit+0) 
0x0980	0xD018      	BRA         L_main16
;todasFelipeW.c,84 :: 		delay_ms(10);
0x0982	0x0E1A      	MOVLW       26
0x0984	0x6E0C      	MOVWF       R12, 0
0x0986	0x0EF8      	MOVLW       248
0x0988	0x6E0D      	MOVWF       R13, 0
L_main17:
0x098A	0x2E0D      	DECFSZ      R13, 1, 0
0x098C	0xD7FE      	BRA         L_main17
0x098E	0x2E0C      	DECFSZ      R12, 1, 0
0x0990	0xD7FC      	BRA         L_main17
0x0992	0x0000      	NOP
;todasFelipeW.c,85 :: 		while(rb3_bit == 0) {
L_main18:
0x0994	0xB681      	BTFSC       RB3_bit, BitPos(RB3_bit+0) 
0x0996	0xD00D      	BRA         L_main19
;todasFelipeW.c,86 :: 		if(conta > 0){
0x0998	0x5068      	MOVF        _conta, 0 
0x099A	0x0800      	SUBLW       0
0x099C	0xE209      	BC          L_main20
;todasFelipeW.c,87 :: 		conta--;
0x099E	0x0668      	DECF        _conta, 1 
;todasFelipeW.c,88 :: 		contadorDisplay(conta);
0x09A0	0xF07BC068  	MOVFF       _conta, FARG_contadorDisplay_numero
0x09A4	0x0E00      	MOVLW       0
0x09A6	0x6E7C      	MOVWF       FARG_contadorDisplay_numero+1 
0x09A8	0xDF2D      	RCALL       _contadorDisplay
;todasFelipeW.c,89 :: 		PWM1_Set_Duty(conta);
0x09AA	0xF07BC068  	MOVFF       _conta, FARG_PWM1_Set_Duty_new_duty
0x09AE	0xDDCD      	RCALL       _PWM1_Set_Duty
;todasFelipeW.c,90 :: 		}
L_main20:
;todasFelipeW.c,91 :: 		}
0x09B0	0xD7F1      	BRA         L_main18
L_main19:
;todasFelipeW.c,92 :: 		}
L_main16:
;todasFelipeW.c,94 :: 		}
0x09B2	0xD78B      	BRA         L_main0
;todasFelipeW.c,95 :: 		}
L_end_main:
0x09B4	0xD7FF      	BRA         $+0
; end of _main
0x0A18	0xF015EE10  	LFSR        1, 21
0x0A1C	0x0E5A      	MOVLW       90
0x0A1E	0x6E00      	MOVWF       R0 
0x0A20	0x0E01      	MOVLW       1
0x0A22	0x6E01      	MOVWF       R1 
0x0A24	0x0EB6      	MOVLW       182
0x0A26	0x6EF6      	MOVWF       TBLPTR 
0x0A28	0x0E09      	MOVLW       9
0x0A2A	0x6EF7      	MOVWF       TBLPTRH 
0x0A2C	0x0E00      	MOVLW       0
0x0A2E	0x6EF8      	MOVWF       TBLPTRU 
0x0A30	0xF003EC01  	CALL        1538, 0
0x0A34	0x0012      	RETURN      0
;todasFelipeW.c,0 :: ?ICS_valorMedido
0x09B6	0x0000 ;?ICS_valorMedido+0
; end of ?ICS_valorMedido
;todasFelipeW.c,0 :: ?ICS_milhar
0x09B8	0x00 ;?ICS_milhar+0
; end of ?ICS_milhar
;todasFelipeW.c,0 :: ?ICS?lstr7_todasFelipeW
0x09B9	0x4441 ;?ICS?lstr7_todasFelipeW+0
0x09BB	0x3243 ;?ICS?lstr7_todasFelipeW+2
0x09BD	0x0020 ;?ICS?lstr7_todasFelipeW+4
; end of ?ICS?lstr7_todasFelipeW
;todasFelipeW.c,0 :: ?ICS_centena
0x09BF	0x00 ;?ICS_centena+0
; end of ?ICS_centena
;todasFelipeW.c,0 :: ?ICS?lstr2_todasFelipeW
0x09C0	0x2020 ;?ICS?lstr2_todasFelipeW+0
0x09C2	0x2020 ;?ICS?lstr2_todasFelipeW+2
0x09C4	0x2020 ;?ICS?lstr2_todasFelipeW+4
0x09C6	0x2020 ;?ICS?lstr2_todasFelipeW+6
0x09C8	0x2020 ;?ICS?lstr2_todasFelipeW+8
0x09CA	0x2020 ;?ICS?lstr2_todasFelipeW+10
0x09CC	0x2020 ;?ICS?lstr2_todasFelipeW+12
0x09CE	0x2020 ;?ICS?lstr2_todasFelipeW+14
0x09D0	0x00 ;?ICS?lstr2_todasFelipeW+16
; end of ?ICS?lstr2_todasFelipeW
;todasFelipeW.c,0 :: ?ICS?lstr1_todasFelipeW
0x09D1	0x2020 ;?ICS?lstr1_todasFelipeW+0
0x09D3	0x2020 ;?ICS?lstr1_todasFelipeW+2
0x09D5	0x2020 ;?ICS?lstr1_todasFelipeW+4
0x09D7	0x2020 ;?ICS?lstr1_todasFelipeW+6
0x09D9	0x2020 ;?ICS?lstr1_todasFelipeW+8
0x09DB	0x2020 ;?ICS?lstr1_todasFelipeW+10
0x09DD	0x2020 ;?ICS?lstr1_todasFelipeW+12
0x09DF	0x2020 ;?ICS?lstr1_todasFelipeW+14
0x09E1	0x00 ;?ICS?lstr1_todasFelipeW+16
; end of ?ICS?lstr1_todasFelipeW
;todasFelipeW.c,0 :: ?ICS_dezena
0x09E2	0x00 ;?ICS_dezena+0
; end of ?ICS_dezena
;todasFelipeW.c,0 :: ?ICS_unidade
0x09E3	0x00 ;?ICS_unidade+0
; end of ?ICS_unidade
;todasFelipeW.c,0 :: ?ICS?lstr3_todasFelipeW
0x09E4	0x4F43 ;?ICS?lstr3_todasFelipeW+0
0x09E6	0x544E ;?ICS?lstr3_todasFelipeW+2
0x09E8	0x2041 ;?ICS?lstr3_todasFelipeW+4
0x09EA	0x00 ;?ICS?lstr3_todasFelipeW+6
; end of ?ICS?lstr3_todasFelipeW
;__Lib_ADC_A_D.c,0 :: ?ICS_vref_mask
0x09EB	0x30 ;?ICS_vref_mask+0
; end of ?ICS_vref_mask
;todasFelipeW.c,0 :: ?ICS_txt2
0x09EC	0x4152 ;?ICS_txt2+0
0x09EE	0x333A ;?ICS_txt2+2
0x09F0	0x3538 ;?ICS_txt2+4
0x09F2	0x3937 ;?ICS_txt2+6
0x09F4	0x00 ;?ICS_txt2+8
; end of ?ICS_txt2
;todasFelipeW.c,0 :: ?ICS_txt1
0x09F5	0x6546 ;?ICS_txt1+0
0x09F7	0x696C ;?ICS_txt1+2
0x09F9	0x6570 ;?ICS_txt1+4
0x09FB	0x5720 ;?ICS_txt1+6
0x09FD	0x726F ;?ICS_txt1+8
0x09FF	0x6D6D ;?ICS_txt1+10
0x0A01	0x7461 ;?ICS_txt1+12
0x0A03	0x00 ;?ICS_txt1+14
; end of ?ICS_txt1
;todasFelipeW.c,0 :: ?ICS?lstr5_todasFelipeW
0x0A04	0x0030 ;?ICS?lstr5_todasFelipeW+0
; end of ?ICS?lstr5_todasFelipeW
;todasFelipeW.c,0 :: ?ICS?lstr4_todasFelipeW
0x0A06	0x3030 ;?ICS?lstr4_todasFelipeW+0
0x0A08	0x00 ;?ICS?lstr4_todasFelipeW+2
; end of ?ICS?lstr4_todasFelipeW
;todasFelipeW.c,0 :: ?ICS_conta
0x0A09	0x00 ;?ICS_conta+0
; end of ?ICS_conta
;todasFelipeW.c,0 :: ?ICS?lstr6_todasFelipeW
0x0A0A	0x5341 ;?ICS?lstr6_todasFelipeW+0
0x0A0C	0x2043 ;?ICS?lstr6_todasFelipeW+2
0x0A0E	0x0020 ;?ICS?lstr6_todasFelipeW+4
; end of ?ICS?lstr6_todasFelipeW
;todasFelipeW.c,34 :: _character
0x0A10	0x0000 ;_character+0
0x0A12	0x001B ;_character+2
0x0A14	0x1104 ;_character+4
0x0A16	0x000E ;_character+6
; end of _character
Symbol List:
//** Routines locations **
//ADDRESS    SIZE    PROCEDURE
//----------------------------------------------
0x001C      [10]    _Delay_50us
0x0026      [22]    _Delay_5500us
0x003C       [6]    _Delay_1us
0x0042     [126]    _Lcd_Cmd
0x00C0      [54]    _Div_16X16_U
0x00F6      [12]    _Lcd_Chr_CP
0x0102      [94]    _Lcd_Chr
0x0160     [146]    _WordToStr
0x01F2      [12]    _Delay_22us
0x01FE      [70]    _CustomChar
0x0244     [218]    _IntToStr
0x031E      [80]    _Mul_16X16_U
0x036E      [62]    _ADC_Read
0x03AC     [112]    _Ltrim
0x041C      [44]    _Lcd_Out_CP
0x0448     [126]    _Lcd_Out
0x04C6     [124]    _decodifica
0x0542       [8]    _PWM1_Init
0x054A     [108]    _PWM1_Set_Duty
0x05B6      [40]    _clearDisplay
0x05DE      [36]    _ADC_Init
0x0602      [16]    ___CC2DW
0x0612     [150]    _Lcd_Init
0x06A8      [74]    _leituraEntradaADC
0x06F2     [172]    _escreveDisplay
0x079E      [40]    _escreveNome
0x07C6      [10]    _PWM1_Start
0x07D0      [52]    _setupInicial
0x0804     [142]    _contadorDisplay
0x0892     [292]    _main
//** Variables locations ** 
//ADDRESS    SIZE    VARIABLE
//----------------------------------------------
0x0000       [1]    UART1_Init_tmp_L0
0x0000       [1]    R0
0x0001       [1]    __Lib_Conversions_Adjust_Hex_tmp_L0
0x0001       [1]    UART1_Read___tmp_UART1_Read_L0
0x0001       [1]    R1
0x0002       [2]    strlen_cp_L0
0x0002       [2]    memset_pp_L0
0x0002       [1]    R2
0x0002       [2]    memcpy_dd_L0
0x0002       [2]    memchr_s_L0
0x0003       [1]    R3
0x0003       [2]    memmove_tt_L0
0x0003       [2]    Ltrim_original_L0
0x0004       [2]    strcat_cp_L0
0x0004       [2]    strncat_cp_L0
0x0004       [1]    R4
0x0004       [2]    strncpy_cp_L0
0x0004       [2]    memcpy_ss_L0
0x0004       [2]    strcpy_cp_L0
0x0005       [1]    R5
0x0005       [2]    LongWordToHex_input_half_L0
0x0005       [2]    memmove_ff_L0
0x0005       [2]    LongIntToHex_input_half_L0
0x0005       [2]    Ltrim_p_L0
0x0006       [1]    R6
0x0007       [1]    R7
0x0008       [1]    R8
0x0009       [1]    R9
0x000A       [1]    R10
0x000B       [1]    R11
0x000C       [1]    R12
0x000D       [1]    R13
0x000E       [1]    R14
0x000F       [1]    R15
0x0010       [1]    R16
0x0011       [1]    R17
0x0012       [1]    R18
0x0013       [1]    R19
0x0014       [1]    R20
0x0015       [2]    _valorMedido
0x0017       [1]    _milhar
0x0018       [6]    ?lstr7_todasFelipeW
0x001E       [1]    _centena
0x001F      [17]    ?lstr2_todasFelipeW
0x0030      [17]    ?lstr1_todasFelipeW
0x0041       [1]    _dezena
0x0042       [1]    _unidade
0x0043       [7]    ?lstr3_todasFelipeW
0x004A       [1]    _vref_mask
0x004B       [9]    _txt2
0x0054      [15]    _txt1
0x0063       [2]    ?lstr5_todasFelipeW
0x0065       [3]    ?lstr4_todasFelipeW
0x0068       [1]    _conta
0x0069       [6]    ?lstr6_todasFelipeW
0x006F       [7]    _txt
0x0076       [0]    __Lib_Lcd_cmd_status
0x0077       [4]    _ADC_Get_Sample_Ptr
0x007B       [2]    FARG_contadorDisplay_numero
0x007B       [1]    FARG_PWM1_Set_Duty_new_duty
0x007B       [4]    FARG_PWM1_Init_PWM_Freq
0x007F       [1]    CustomChar_i_L0
0x007F       [1]    FARG_decodifica_uni
0x007F       [1]    FARG_ADC_Read_channel
0x007F       [1]    Lcd_Out_i_L0
0x007F       [1]    Lcd_Out_CP_i_L0
0x0080       [1]    FARG_Lcd_Chr_CP_out_char
0x0080       [1]    WordToStr_len_L0
0x0081       [2]    FARG_Ltrim_string
0x0081       [1]    FARG_Lcd_Out_row
0x0081       [1]    FARG_CustomChar_pos_row
0x0081       [2]    FARG_IntToStr_input
0x0081       [2]    FARG_Lcd_Out_CP_text
0x0082       [1]    FARG_CustomChar_pos_char
0x0082       [1]    FARG_Lcd_Out_column
0x0083       [2]    Ltrim_trimmed_L0
0x0083       [2]    FARG_Lcd_Out_text
0x0083       [2]    FARG_IntToStr_output
0x0085       [2]    IntToStr_i_L0
0x0087       [2]    IntToStr_negative_L0
0x0089       [2]    IntToStr_inword_L0
0x008B       [2]    FARG_WordToStr_input
0x008B       [1]    FARG_Lcd_Chr_row
0x008C       [1]    FARG_Lcd_Chr_column
0x008D       [2]    FARG_WordToStr_output
0x008D       [1]    FARG_Lcd_Chr_out_char
0x008F       [2]    FLOC__WordToStr
0x0091       [1]    FARG_Lcd_Cmd_out_char
0x0F80       [1]    PORTA
0x0F81       [0]    RB7_bit
0x0F81       [0]    RB6_bit
0x0F81       [0]    RB5_bit
0x0F81       [0]    RB2_bit
0x0F81       [0]    RB1_bit
0x0F81       [0]    RB0_bit
0x0F81       [0]    RB4_bit
0x0F81       [0]    RB3_bit
0x0F81       [1]    PORTB
0x0F82       [1]    PORTC
0x0F83       [0]    RD6_bit
0x0F83       [0]    RD7_bit
0x0F83       [0]    RD4_bit
0x0F83       [0]    RD5_bit
0x0F83       [0]    LCD_D5
0x0F83       [0]    LCD_D4
0x0F83       [1]    PORTD
0x0F83       [0]    LCD_D7
0x0F83       [0]    LCD_D6
0x0F84       [1]    PORTE
0x0F84       [0]    RE0_bit
0x0F84       [0]    RE1_bit
0x0F84       [0]    LCD_RS
0x0F84       [0]    LCD_EN
0x0F92       [1]    TRISA
0x0F93       [1]    TRISB
0x0F94       [0]    TRISC2_bit
0x0F94       [1]    TRISC
0x0F95       [0]    LCD_D4_Direction
0x0F95       [0]    LCD_D5_Direction
0x0F95       [0]    LCD_D7_Direction
0x0F95       [0]    LCD_D6_Direction
0x0F95       [0]    TRISD4_bit
0x0F95       [0]    TRISD5_bit
0x0F95       [0]    TRISD6_bit
0x0F95       [0]    TRISD7_bit
0x0F95       [1]    TRISD
0x0F96       [0]    LCD_RS_Direction
0x0F96       [0]    LCD_EN_Direction
0x0F96       [1]    TRISE
0x0F96       [0]    TRISE0_bit
0x0F96       [0]    TRISE1_bit
0x0FB4       [1]    CMCON
0x0FBD       [1]    CCP1CON
0x0FBE       [1]    CCPR1L
0x0FC0       [1]    ADCON2
0x0FC1       [1]    ADCON1
0x0FC2       [1]    ADCON0
0x0FC3       [1]    ADRESL
0x0FC4       [1]    ADRESH
0x0FCA       [1]    T2CON
0x0FCB       [1]    PR2
0x0FD8       [1]    STATUS
0x0FD9       [1]    FSR2L
0x0FDA       [1]    FSR2H
0x0FDE       [1]    POSTINC2
0x0FE0       [1]    BSR
0x0FE1       [1]    FSR1L
0x0FE2       [1]    FSR1H
0x0FE4       [1]    PREINC1
0x0FE6       [1]    POSTINC1
0x0FE7       [1]    INDF1
0x0FE8       [1]    WREG
0x0FE9       [1]    FSR0L
0x0FEA       [1]    FSR0H
0x0FEE       [1]    POSTINC0
0x0FF1       [1]    INTCON2
0x0FF3       [1]    PRODL
0x0FF4       [1]    PRODH
0x0FF5       [1]    TABLAT
0x0FF6       [3]    TBLPTR
0x0FF6       [1]    TBLPTRL
0x0FF7       [1]    TBLPTRH
0x0FF8       [1]    TBLPTRU
//** Constants locations ** 
//ADDRESS    SIZE    CONSTANT
//----------------------------------------------
0x09B6       [2]    ?ICS_valorMedido
0x09B8       [1]    ?ICS_milhar
0x09B9       [6]    ?ICS?lstr7_todasFelipeW
0x09BF       [1]    ?ICS_centena
0x09C0      [17]    ?ICS?lstr2_todasFelipeW
0x09D1      [17]    ?ICS?lstr1_todasFelipeW
0x09E2       [1]    ?ICS_dezena
0x09E3       [1]    ?ICS_unidade
0x09E4       [7]    ?ICS?lstr3_todasFelipeW
0x09EB       [1]    ?ICS_vref_mask
0x09EC       [9]    ?ICS_txt2
0x09F5      [15]    ?ICS_txt1
0x0A04       [2]    ?ICS?lstr5_todasFelipeW
0x0A06       [3]    ?ICS?lstr4_todasFelipeW
0x0A09       [1]    ?ICS_conta
0x0A0A       [6]    ?ICS?lstr6_todasFelipeW
0x0A10       [8]    _character
