;  LST file generated by mikroListExporter - v.2.0 
; Date/Time: 11/19/2024 10:49:13 PM
;----------------------------------------------

;Address Opcode 	ASM
0x0000	0xF004EFA7  	GOTO        2382
0x0004	0x0000      	NOP
0x0006	0x0000      	NOP
0x0008	0xF000EF00  	GOTO        0
0x000C	0x0000      	NOP
0x000E	0x0000      	NOP
0x0010	0x0000      	NOP
0x0012	0x0000      	NOP
0x0014	0x0000      	NOP
0x0016	0x0000      	NOP
0x0018	0xD7F3      	BRA         0
_Delay_50us:
;__Lib_Delays.c,19 :: 		void Delay_50us() {
;__Lib_Delays.c,20 :: 		Delay_us(50);
0x001C	0x0E53      	MOVLW       83
0x001E	0x6E0D      	MOVWF       R13, 0
L_Delay_50us2:
0x0020	0x2E0D      	DECFSZ      R13, 1, 0
0x0022	0xD7FE      	BRA         L_Delay_50us2
;__Lib_Delays.c,21 :: 		}
L_end_Delay_50us:
0x0024	0x0012      	RETURN      0
; end of _Delay_50us
_Delay_5500us:
;__Lib_Delays.c,31 :: 		void Delay_5500us() {
;__Lib_Delays.c,32 :: 		Delay_us(5500);
0x0026	0x0E24      	MOVLW       36
0x0028	0x6E0C      	MOVWF       R12, 0
0x002A	0x0EB5      	MOVLW       181
0x002C	0x6E0D      	MOVWF       R13, 0
L_Delay_5500us5:
0x002E	0x2E0D      	DECFSZ      R13, 1, 0
0x0030	0xD7FE      	BRA         L_Delay_5500us5
0x0032	0x2E0C      	DECFSZ      R12, 1, 0
0x0034	0xD7FC      	BRA         L_Delay_5500us5
0x0036	0x0000      	NOP
0x0038	0x0000      	NOP
;__Lib_Delays.c,33 :: 		}
L_end_Delay_5500us:
0x003A	0x0012      	RETURN      0
; end of _Delay_5500us
_Delay_1us:
;__Lib_Delays.c,7 :: 		void Delay_1us() {
;__Lib_Delays.c,8 :: 		Delay_us(1);
0x003C	0x0000      	NOP
0x003E	0x0000      	NOP
0x0040	0x0000      	NOP
0x0042	0x0000      	NOP
0x0044	0x0000      	NOP
;__Lib_Delays.c,9 :: 		}
L_end_Delay_1us:
0x0046	0x0012      	RETURN      0
; end of _Delay_1us
_Lcd_Cmd:
;__Lib_Lcd.c,18 :: 		
;__Lib_Lcd.c,20 :: 		
0x0048	0x0100      	MOVLB       0
0x004A	0xBF92      	BTFSC       FARG_Lcd_Cmd_out_char, 7, 1
0x004C	0xD002      	BRA         L__Lcd_Cmd21
0x004E	0x9E81      	BCF         LCD_D7, BitPos(LCD_D7+0) 
0x0050	0xD001      	BRA         L__Lcd_Cmd22
L__Lcd_Cmd21:
0x0052	0x8E81      	BSF         LCD_D7, BitPos(LCD_D7+0) 
L__Lcd_Cmd22:
;__Lib_Lcd.c,21 :: 		
0x0054	0xBD92      	BTFSC       FARG_Lcd_Cmd_out_char, 6, 1
0x0056	0xD002      	BRA         L__Lcd_Cmd23
0x0058	0x9C81      	BCF         LCD_D6, BitPos(LCD_D6+0) 
0x005A	0xD001      	BRA         L__Lcd_Cmd24
L__Lcd_Cmd23:
0x005C	0x8C81      	BSF         LCD_D6, BitPos(LCD_D6+0) 
L__Lcd_Cmd24:
;__Lib_Lcd.c,22 :: 		
0x005E	0xBB92      	BTFSC       FARG_Lcd_Cmd_out_char, 5, 1
0x0060	0xD002      	BRA         L__Lcd_Cmd25
0x0062	0x9A81      	BCF         LCD_D5, BitPos(LCD_D5+0) 
0x0064	0xD001      	BRA         L__Lcd_Cmd26
L__Lcd_Cmd25:
0x0066	0x8A81      	BSF         LCD_D5, BitPos(LCD_D5+0) 
L__Lcd_Cmd26:
;__Lib_Lcd.c,23 :: 		
0x0068	0xB992      	BTFSC       FARG_Lcd_Cmd_out_char, 4, 1
0x006A	0xD002      	BRA         L__Lcd_Cmd27
0x006C	0x9881      	BCF         LCD_D4, BitPos(LCD_D4+0) 
0x006E	0xD001      	BRA         L__Lcd_Cmd28
L__Lcd_Cmd27:
0x0070	0x8881      	BSF         LCD_D4, BitPos(LCD_D4+0) 
L__Lcd_Cmd28:
;__Lib_Lcd.c,25 :: 		
0x0072	0xB035      	BTFSC       __Lib_Lcd_cmd_status, BitPos(__Lib_Lcd_cmd_status+0) 
0x0074	0xD002      	BRA         L__Lcd_Cmd29
0x0076	0x8284      	BSF         LCD_RS, BitPos(LCD_RS+0) 
0x0078	0xD001      	BRA         L__Lcd_Cmd30
L__Lcd_Cmd29:
0x007A	0x9284      	BCF         LCD_RS, BitPos(LCD_RS+0) 
L__Lcd_Cmd30:
;__Lib_Lcd.c,28 :: 		
0x007C	0x8084      	BSF         LCD_EN, BitPos(LCD_EN+0) 
;__Lib_Lcd.c,29 :: 		
0x007E	0xDFDE      	RCALL       _Delay_1us
;__Lib_Lcd.c,30 :: 		
0x0080	0x9084      	BCF         LCD_EN, BitPos(LCD_EN+0) 
;__Lib_Lcd.c,33 :: 		
0x0082	0xB792      	BTFSC       FARG_Lcd_Cmd_out_char, 3, 1
0x0084	0xD002      	BRA         L__Lcd_Cmd31
0x0086	0x9E81      	BCF         LCD_D7, BitPos(LCD_D7+0) 
0x0088	0xD001      	BRA         L__Lcd_Cmd32
L__Lcd_Cmd31:
0x008A	0x8E81      	BSF         LCD_D7, BitPos(LCD_D7+0) 
L__Lcd_Cmd32:
;__Lib_Lcd.c,34 :: 		
0x008C	0xB592      	BTFSC       FARG_Lcd_Cmd_out_char, 2, 1
0x008E	0xD002      	BRA         L__Lcd_Cmd33
0x0090	0x9C81      	BCF         LCD_D6, BitPos(LCD_D6+0) 
0x0092	0xD001      	BRA         L__Lcd_Cmd34
L__Lcd_Cmd33:
0x0094	0x8C81      	BSF         LCD_D6, BitPos(LCD_D6+0) 
L__Lcd_Cmd34:
;__Lib_Lcd.c,35 :: 		
0x0096	0xB392      	BTFSC       FARG_Lcd_Cmd_out_char, 1, 1
0x0098	0xD002      	BRA         L__Lcd_Cmd35
0x009A	0x9A81      	BCF         LCD_D5, BitPos(LCD_D5+0) 
0x009C	0xD001      	BRA         L__Lcd_Cmd36
L__Lcd_Cmd35:
0x009E	0x8A81      	BSF         LCD_D5, BitPos(LCD_D5+0) 
L__Lcd_Cmd36:
;__Lib_Lcd.c,36 :: 		
0x00A0	0xB192      	BTFSC       FARG_Lcd_Cmd_out_char, 0, 1
0x00A2	0xD002      	BRA         L__Lcd_Cmd37
0x00A4	0x9881      	BCF         LCD_D4, BitPos(LCD_D4+0) 
0x00A6	0xD001      	BRA         L__Lcd_Cmd38
L__Lcd_Cmd37:
0x00A8	0x8881      	BSF         LCD_D4, BitPos(LCD_D4+0) 
L__Lcd_Cmd38:
;__Lib_Lcd.c,38 :: 		
0x00AA	0xB035      	BTFSC       __Lib_Lcd_cmd_status, BitPos(__Lib_Lcd_cmd_status+0) 
0x00AC	0xD002      	BRA         L__Lcd_Cmd39
0x00AE	0x8284      	BSF         LCD_RS, BitPos(LCD_RS+0) 
0x00B0	0xD001      	BRA         L__Lcd_Cmd40
L__Lcd_Cmd39:
0x00B2	0x9284      	BCF         LCD_RS, BitPos(LCD_RS+0) 
L__Lcd_Cmd40:
;__Lib_Lcd.c,40 :: 		
0x00B4	0x8084      	BSF         LCD_EN, BitPos(LCD_EN+0) 
;__Lib_Lcd.c,41 :: 		
0x00B6	0xDFC2      	RCALL       _Delay_1us
;__Lib_Lcd.c,42 :: 		
0x00B8	0x9084      	BCF         LCD_EN, BitPos(LCD_EN+0) 
;__Lib_Lcd.c,44 :: 		
0x00BA	0xA035      	BTFSS       __Lib_Lcd_cmd_status, BitPos(__Lib_Lcd_cmd_status+0) 
0x00BC	0xD002      	BRA         L_Lcd_Cmd0
;__Lib_Lcd.c,45 :: 		
0x00BE	0xDFB3      	RCALL       _Delay_5500us
0x00C0	0xD001      	BRA         L_Lcd_Cmd1
L_Lcd_Cmd0:
;__Lib_Lcd.c,47 :: 		
0x00C2	0xDFAC      	RCALL       _Delay_50us
L_Lcd_Cmd1:
;__Lib_Lcd.c,48 :: 		
L_end_Lcd_Cmd:
0x00C4	0x0012      	RETURN      0
; end of _Lcd_Cmd
_Div_16X16_U:
;__Lib_Math.c,102 :: 		
;__Lib_Math.c,109 :: 		
0x00C6	0x6A08      	CLRF        R8, 0
;__Lib_Math.c,110 :: 		
0x00C8	0x6A09      	CLRF        R9, 0
;__Lib_Math.c,111 :: 		
0x00CA	0x0E10      	MOVLW       16
;__Lib_Math.c,112 :: 		
0x00CC	0x6E0C      	MOVWF       R12, 0
;__Lib_Math.c,113 :: 		
0x00CE	0x3401      	RLCF        R1, 0, 0
;__Lib_Math.c,114 :: 		
0x00D0	0x3608      	RLCF        R8, 1, 0
;__Lib_Math.c,115 :: 		
0x00D2	0x3609      	RLCF        R9, 1, 0
;__Lib_Math.c,116 :: 		
0x00D4	0x5004      	MOVF        R4, 0, 0
;__Lib_Math.c,117 :: 		
0x00D6	0x5E08      	SUBWF       R8, 1, 0
;__Lib_Math.c,118 :: 		
0x00D8	0x5005      	MOVF        R5, 0, 0
;__Lib_Math.c,119 :: 		
0x00DA	0xA0D8      	BTFSS       STATUS, 0, 0
;__Lib_Math.c,120 :: 		
0x00DC	0x3C05      	INCFSZ      R5, 0, 0
;__Lib_Math.c,121 :: 		
0x00DE	0x5E09      	SUBWF       R9, 1, 0
;__Lib_Math.c,122 :: 		
0x00E0	0xB0D8      	BTFSC       STATUS, 0, 0
;__Lib_Math.c,123 :: 		
0x00E2	0xD007      	BRA         $+16
;__Lib_Math.c,124 :: 		
0x00E4	0x5004      	MOVF        R4, 0, 0
;__Lib_Math.c,125 :: 		
0x00E6	0x2608      	ADDWF       R8, 1, 0
;__Lib_Math.c,126 :: 		
0x00E8	0x5005      	MOVF        R5, 0, 0
;__Lib_Math.c,127 :: 		
0x00EA	0xB0D8      	BTFSC       STATUS, 0, 0
;__Lib_Math.c,128 :: 		
0x00EC	0x3C05      	INCFSZ      R5, 0, 0
;__Lib_Math.c,129 :: 		
0x00EE	0x2609      	ADDWF       R9, 1, 0
;__Lib_Math.c,130 :: 		
0x00F0	0x90D8      	BCF         STATUS, 0, 0
;__Lib_Math.c,131 :: 		
0x00F2	0x3600      	RLCF        R0, 1, 0
;__Lib_Math.c,132 :: 		
0x00F4	0x3601      	RLCF        R1, 1, 0
;__Lib_Math.c,133 :: 		
0x00F6	0x2E0C      	DECFSZ      R12, 1, 0
;__Lib_Math.c,134 :: 		
0x00F8	0xD7EA      	BRA         $-42
;__Lib_Math.c,136 :: 		
L_end_Div_16X16_U:
0x00FA	0x0012      	RETURN      0
; end of _Div_16X16_U
_Delay_22us:
;__Lib_Delays.c,15 :: 		void Delay_22us() {
;__Lib_Delays.c,16 :: 		Delay_us(22);
0x00FC	0x0E24      	MOVLW       36
0x00FE	0x6E0D      	MOVWF       R13, 0
L_Delay_22us1:
0x0100	0x2E0D      	DECFSZ      R13, 1, 0
0x0102	0xD7FE      	BRA         L_Delay_22us1
0x0104	0x0000      	NOP
;__Lib_Delays.c,17 :: 		}
L_end_Delay_22us:
0x0106	0x0012      	RETURN      0
; end of _Delay_22us
_WordToStr:
;__Lib_Conversions.c,98 :: 		
;__Lib_Conversions.c,103 :: 		
0x0108	0x0100      	MOVLB       0
0x010A	0x6B8F      	CLRF        WordToStr_len_L0, 1
L_WordToStr11:
0x010C	0x0E05      	MOVLW       5
0x010E	0x5D8F      	SUBWF       WordToStr_len_L0, 0, 1
0x0110	0xE20A      	BC          L_WordToStr12
;__Lib_Conversions.c,104 :: 		
0x0112	0x518F      	MOVF        WordToStr_len_L0, 0, 1
0x0114	0x258D      	ADDWF       FARG_WordToStr_output, 0, 1
0x0116	0x6EE1      	MOVWF       FSR1L 
0x0118	0x0E00      	MOVLW       0
0x011A	0x218E      	ADDWFC      FARG_WordToStr_output+1, 0, 1
0x011C	0x6EE2      	MOVWF       FSR1L+1 
0x011E	0x0E20      	MOVLW       32
0x0120	0x6EE6      	MOVWF       POSTINC1 
;__Lib_Conversions.c,103 :: 		
0x0122	0x2B8F      	INCF        WordToStr_len_L0, 1, 1
;__Lib_Conversions.c,104 :: 		
0x0124	0xD7F3      	BRA         L_WordToStr11
L_WordToStr12:
;__Lib_Conversions.c,105 :: 		
0x0126	0x518F      	MOVF        WordToStr_len_L0, 0, 1
0x0128	0x258D      	ADDWF       FARG_WordToStr_output, 0, 1
0x012A	0x6EE1      	MOVWF       FSR1L 
0x012C	0x0E00      	MOVLW       0
0x012E	0x218E      	ADDWFC      FARG_WordToStr_output+1, 0, 1
0x0130	0x6EE2      	MOVWF       FSR1L+1 
0x0132	0x6AE6      	CLRF        POSTINC1 
0x0134	0x078F      	DECF        WordToStr_len_L0, 1, 1
;__Lib_Conversions.c,107 :: 		
L_WordToStr14:
;__Lib_Conversions.c,108 :: 		
0x0136	0x518F      	MOVF        WordToStr_len_L0, 0, 1
0x0138	0x258D      	ADDWF       FARG_WordToStr_output, 0, 1
0x013A	0x6F90      	MOVWF       FLOC__WordToStr, 1
0x013C	0x0E00      	MOVLW       0
0x013E	0x218E      	ADDWFC      FARG_WordToStr_output+1, 0, 1
0x0140	0x6F91      	MOVWF       FLOC__WordToStr+1, 1
0x0142	0x0E0A      	MOVLW       10
0x0144	0x6E04      	MOVWF       R4 
0x0146	0x0E00      	MOVLW       0
0x0148	0x6E05      	MOVWF       R5 
0x014A	0xF000C08B  	MOVFF       FARG_WordToStr_input, R0
0x014E	0xF001C08C  	MOVFF       FARG_WordToStr_input+1, R1
0x0152	0xDFB9      	RCALL       _Div_16X16_U
0x0154	0xF000C008  	MOVFF       R8, R0
0x0158	0xF001C009  	MOVFF       R9, R1
0x015C	0x0E30      	MOVLW       48
0x015E	0x2600      	ADDWF       R0, 1 
0x0160	0xFFE1C090  	MOVFF       FLOC__WordToStr, FSR1L
0x0164	0xFFE2C091  	MOVFF       FLOC__WordToStr+1, FSR1H
0x0168	0xFFE6C000  	MOVFF       R0, POSTINC1
;__Lib_Conversions.c,109 :: 		
0x016C	0x0E0A      	MOVLW       10
0x016E	0x6E04      	MOVWF       R4 
0x0170	0x0E00      	MOVLW       0
0x0172	0x6E05      	MOVWF       R5 
0x0174	0xF000C08B  	MOVFF       FARG_WordToStr_input, R0
0x0178	0xF001C08C  	MOVFF       FARG_WordToStr_input+1, R1
0x017C	0xDFA4      	RCALL       _Div_16X16_U
0x017E	0xF08BC000  	MOVFF       R0, FARG_WordToStr_input
0x0182	0xF08CC001  	MOVFF       R1, FARG_WordToStr_input+1
;__Lib_Conversions.c,110 :: 		
0x0186	0x0E00      	MOVLW       0
0x0188	0x1801      	XORWF       R1, 0 
0x018A	0xE102      	BNZ         L__WordToStr379
0x018C	0x0E00      	MOVLW       0
0x018E	0x1800      	XORWF       R0, 0 
L__WordToStr379:
0x0190	0xE101      	BNZ         L_WordToStr16
;__Lib_Conversions.c,111 :: 		
0x0192	0xD002      	BRA         L_WordToStr15
L_WordToStr16:
;__Lib_Conversions.c,112 :: 		
0x0194	0x078F      	DECF        WordToStr_len_L0, 1, 1
;__Lib_Conversions.c,113 :: 		
0x0196	0xD7CF      	BRA         L_WordToStr14
L_WordToStr15:
;__Lib_Conversions.c,114 :: 		
L_end_WordToStr:
0x0198	0x0012      	RETURN      0
; end of _WordToStr
_COMFREM:
;__Lib_Math.c,922 :: 		
;__Lib_Math.c,927 :: 		
0x019A	0x1E0B      	COMF        R11, 1, 0
;__Lib_Math.c,928 :: 		
0x019C	0x1E0A      	COMF        R10, 1, 0
;__Lib_Math.c,929 :: 		
0x019E	0x1E09      	COMF        R9, 1, 0
;__Lib_Math.c,930 :: 		
0x01A0	0x1E08      	COMF        R8, 1, 0
;__Lib_Math.c,931 :: 		
0x01A2	0x2A08      	INCF        R8, 1, 0
;__Lib_Math.c,932 :: 		
0x01A4	0xB4D8      	BTFSC       STATUS, 2, 0
;__Lib_Math.c,933 :: 		
0x01A6	0x2A09      	INCF        R9, 1, 0
;__Lib_Math.c,934 :: 		
0x01A8	0xB4D8      	BTFSC       STATUS, 2, 0
;__Lib_Math.c,935 :: 		
0x01AA	0x2A0A      	INCF        R10, 1, 0
;__Lib_Math.c,936 :: 		
0x01AC	0xB4D8      	BTFSC       STATUS, 2, 0
;__Lib_Math.c,937 :: 		
0x01AE	0x2A0B      	INCF        R11, 1, 0
;__Lib_Math.c,939 :: 		
L_end_COMFREM:
0x01B0	0x0012      	RETURN      0
; end of _COMFREM
_SDIV3232L:
;__Lib_Math.c,553 :: 		
;__Lib_Math.c,563 :: 		
0x01B2	0x5004      	MOVF        R4, 0, 0
;__Lib_Math.c,564 :: 		
0x01B4	0x5E08      	SUBWF       R8, 1, 0
;__Lib_Math.c,565 :: 		
0x01B6	0x5005      	MOVF        R5, 0, 0
;__Lib_Math.c,566 :: 		
0x01B8	0xA0D8      	BTFSS       STATUS, 0, 0
;__Lib_Math.c,567 :: 		
0x01BA	0x3C05      	INCFSZ      R5, 0, 0
;__Lib_Math.c,568 :: 		
0x01BC	0x5E09      	SUBWF       R9, 1, 0
;__Lib_Math.c,569 :: 		
0x01BE	0x5006      	MOVF        R6, 0, 0
;__Lib_Math.c,570 :: 		
0x01C0	0xA0D8      	BTFSS       STATUS, 0, 0
;__Lib_Math.c,571 :: 		
0x01C2	0x3C06      	INCFSZ      R6, 0, 0
;__Lib_Math.c,572 :: 		
0x01C4	0x5E0A      	SUBWF       R10, 1, 0
;__Lib_Math.c,573 :: 		
0x01C6	0x5007      	MOVF        R7, 0, 0
;__Lib_Math.c,574 :: 		
0x01C8	0xA0D8      	BTFSS       STATUS, 0, 0
;__Lib_Math.c,575 :: 		
0x01CA	0x3C07      	INCFSZ      R7, 0, 0
;__Lib_Math.c,576 :: 		
0x01CC	0x5E0B      	SUBWF       R11, 1, 0
;__Lib_Math.c,577 :: 		
0x01CE	0x3603      	RLCF        R3, 1, 0
;__Lib_Math.c,579 :: 		
0x01D0	0x0E07      	MOVLW       7
;__Lib_Math.c,580 :: 		
0x01D2	0x6E0C      	MOVWF       R12, 0
;__Lib_Math.c,582 :: 		
LOOPS3232A:
;__Lib_Math.c,583 :: 		
0x01D4	0x3403      	RLCF        R3, 0, 0
;__Lib_Math.c,584 :: 		
0x01D6	0x3608      	RLCF        R8, 1, 0
;__Lib_Math.c,585 :: 		
0x01D8	0x3609      	RLCF        R9, 1, 0
;__Lib_Math.c,586 :: 		
0x01DA	0x360A      	RLCF        R10, 1, 0
;__Lib_Math.c,587 :: 		
0x01DC	0x360B      	RLCF        R11, 1, 0
;__Lib_Math.c,588 :: 		
0x01DE	0x5004      	MOVF        R4, 0, 0
;__Lib_Math.c,589 :: 		
0x01E0	0xA003      	BTFSS       R3, 0, 0
;__Lib_Math.c,590 :: 		
0x01E2	0xD00E      	BRA         SADD22LA
;__Lib_Math.c,592 :: 		
0x01E4	0x5E08      	SUBWF       R8, 1, 0
;__Lib_Math.c,593 :: 		
0x01E6	0x5005      	MOVF        R5, 0, 0
;__Lib_Math.c,594 :: 		
0x01E8	0xA0D8      	BTFSS       STATUS, 0, 0
;__Lib_Math.c,595 :: 		
0x01EA	0x3C05      	INCFSZ      R5, 0, 0
;__Lib_Math.c,596 :: 		
0x01EC	0x5E09      	SUBWF       R9, 1, 0
;__Lib_Math.c,597 :: 		
0x01EE	0x5006      	MOVF        R6, 0, 0
;__Lib_Math.c,598 :: 		
0x01F0	0xA0D8      	BTFSS       STATUS, 0, 0
;__Lib_Math.c,599 :: 		
0x01F2	0x3C06      	INCFSZ      R6, 0, 0
;__Lib_Math.c,600 :: 		
0x01F4	0x5E0A      	SUBWF       R10, 1, 0
;__Lib_Math.c,601 :: 		
0x01F6	0x5007      	MOVF        R7, 0, 0
;__Lib_Math.c,602 :: 		
0x01F8	0xA0D8      	BTFSS       STATUS, 0, 0
;__Lib_Math.c,603 :: 		
0x01FA	0x3C07      	INCFSZ      R7, 0, 0
;__Lib_Math.c,604 :: 		
0x01FC	0x5E0B      	SUBWF       R11, 1, 0
;__Lib_Math.c,605 :: 		
0x01FE	0xD00D      	BRA         SOK22LA
;__Lib_Math.c,607 :: 		
SADD22LA:
;__Lib_Math.c,608 :: 		
0x0200	0x2608      	ADDWF       R8, 1, 0
;__Lib_Math.c,609 :: 		
0x0202	0x5005      	MOVF        R5, 0, 0
;__Lib_Math.c,610 :: 		
0x0204	0xB0D8      	BTFSC       STATUS, 0, 0
;__Lib_Math.c,611 :: 		
0x0206	0x3C05      	INCFSZ      R5, 0, 0
;__Lib_Math.c,612 :: 		
0x0208	0x2609      	ADDWF       R9, 1, 0
;__Lib_Math.c,613 :: 		
0x020A	0x5006      	MOVF        R6, 0, 0
;__Lib_Math.c,614 :: 		
0x020C	0xB0D8      	BTFSC       STATUS, 0, 0
;__Lib_Math.c,615 :: 		
0x020E	0x3C06      	INCFSZ      R6, 0, 0
;__Lib_Math.c,616 :: 		
0x0210	0x260A      	ADDWF       R10, 1, 0
;__Lib_Math.c,617 :: 		
0x0212	0x5007      	MOVF        R7, 0, 0
;__Lib_Math.c,618 :: 		
0x0214	0xB0D8      	BTFSC       STATUS, 0, 0
;__Lib_Math.c,619 :: 		
0x0216	0x3C07      	INCFSZ      R7, 0, 0
;__Lib_Math.c,620 :: 		
0x0218	0x260B      	ADDWF       R11, 1, 0
;__Lib_Math.c,622 :: 		
SOK22LA:
;__Lib_Math.c,623 :: 		
0x021A	0x3603      	RLCF        R3, 1, 0
;__Lib_Math.c,625 :: 		
0x021C	0x2E0C      	DECFSZ      R12, 1, 0
;__Lib_Math.c,626 :: 		
0x021E	0xD7DA      	BRA         LOOPS3232A
;__Lib_Math.c,628 :: 		
0x0220	0x3402      	RLCF        R2, 0, 0
;__Lib_Math.c,629 :: 		
0x0222	0x3608      	RLCF        R8, 1, 0
;__Lib_Math.c,630 :: 		
0x0224	0x3609      	RLCF        R9, 1, 0
;__Lib_Math.c,631 :: 		
0x0226	0x360A      	RLCF        R10, 1, 0
;__Lib_Math.c,632 :: 		
0x0228	0x360B      	RLCF        R11, 1, 0
;__Lib_Math.c,633 :: 		
0x022A	0x5004      	MOVF        R4, 0, 0
;__Lib_Math.c,634 :: 		
0x022C	0xA003      	BTFSS       R3, 0, 0
;__Lib_Math.c,635 :: 		
0x022E	0xD00E      	BRA         SADD22L8
;__Lib_Math.c,637 :: 		
0x0230	0x5E08      	SUBWF       R8, 1, 0
;__Lib_Math.c,638 :: 		
0x0232	0x5005      	MOVF        R5, 0, 0
;__Lib_Math.c,639 :: 		
0x0234	0xA0D8      	BTFSS       STATUS, 0, 0
;__Lib_Math.c,640 :: 		
0x0236	0x3C05      	INCFSZ      R5, 0, 0
;__Lib_Math.c,641 :: 		
0x0238	0x5E09      	SUBWF       R9, 1, 0
;__Lib_Math.c,642 :: 		
0x023A	0x5006      	MOVF        R6, 0, 0
;__Lib_Math.c,643 :: 		
0x023C	0xA0D8      	BTFSS       STATUS, 0, 0
;__Lib_Math.c,644 :: 		
0x023E	0x3C06      	INCFSZ      R6, 0, 0
;__Lib_Math.c,645 :: 		
0x0240	0x5E0A      	SUBWF       R10, 1, 0
;__Lib_Math.c,646 :: 		
0x0242	0x5007      	MOVF        R7, 0, 0
;__Lib_Math.c,647 :: 		
0x0244	0xA0D8      	BTFSS       STATUS, 0, 0
;__Lib_Math.c,648 :: 		
0x0246	0x3C07      	INCFSZ      R7, 0, 0
;__Lib_Math.c,649 :: 		
0x0248	0x5E0B      	SUBWF       R11, 1, 0
;__Lib_Math.c,650 :: 		
0x024A	0xD00D      	BRA         SOK22L8
;__Lib_Math.c,652 :: 		
SADD22L8:
;__Lib_Math.c,653 :: 		
0x024C	0x2608      	ADDWF       R8, 1, 0
;__Lib_Math.c,654 :: 		
0x024E	0x5005      	MOVF        R5, 0, 0
;__Lib_Math.c,655 :: 		
0x0250	0xB0D8      	BTFSC       STATUS, 0, 0
;__Lib_Math.c,656 :: 		
0x0252	0x3C05      	INCFSZ      R5, 0, 0
;__Lib_Math.c,657 :: 		
0x0254	0x2609      	ADDWF       R9, 1, 0
;__Lib_Math.c,658 :: 		
0x0256	0x5006      	MOVF        R6, 0, 0
;__Lib_Math.c,659 :: 		
0x0258	0xB0D8      	BTFSC       STATUS, 0, 0
;__Lib_Math.c,660 :: 		
0x025A	0x3C06      	INCFSZ      R6, 0, 0
;__Lib_Math.c,661 :: 		
0x025C	0x260A      	ADDWF       R10, 1, 0
;__Lib_Math.c,662 :: 		
0x025E	0x5007      	MOVF        R7, 0, 0
;__Lib_Math.c,663 :: 		
0x0260	0xB0D8      	BTFSC       STATUS, 0, 0
;__Lib_Math.c,664 :: 		
0x0262	0x3C07      	INCFSZ      R7, 0, 0
;__Lib_Math.c,665 :: 		
0x0264	0x260B      	ADDWF       R11, 1, 0
;__Lib_Math.c,667 :: 		
SOK22L8:
;__Lib_Math.c,668 :: 		
0x0266	0x3602      	RLCF        R2, 1, 0
;__Lib_Math.c,670 :: 		
0x0268	0x0E07      	MOVLW       7
;__Lib_Math.c,671 :: 		
0x026A	0x6E0C      	MOVWF       R12, 0
;__Lib_Math.c,673 :: 		
LOOPS3232B:
;__Lib_Math.c,674 :: 		
0x026C	0x3402      	RLCF        R2, 0, 0
;__Lib_Math.c,675 :: 		
0x026E	0x3608      	RLCF        R8, 1, 0
;__Lib_Math.c,676 :: 		
0x0270	0x3609      	RLCF        R9, 1, 0
;__Lib_Math.c,677 :: 		
0x0272	0x360A      	RLCF        R10, 1, 0
;__Lib_Math.c,678 :: 		
0x0274	0x360B      	RLCF        R11, 1, 0
;__Lib_Math.c,679 :: 		
0x0276	0x5004      	MOVF        R4, 0, 0
;__Lib_Math.c,680 :: 		
0x0278	0xA002      	BTFSS       R2, 0, 0
;__Lib_Math.c,681 :: 		
0x027A	0xD00E      	BRA         SADD22LB
;__Lib_Math.c,683 :: 		
0x027C	0x5E08      	SUBWF       R8, 1, 0
;__Lib_Math.c,684 :: 		
0x027E	0x5005      	MOVF        R5, 0, 0
;__Lib_Math.c,685 :: 		
0x0280	0xA0D8      	BTFSS       STATUS, 0, 0
;__Lib_Math.c,686 :: 		
0x0282	0x3C05      	INCFSZ      R5, 0, 0
;__Lib_Math.c,687 :: 		
0x0284	0x5E09      	SUBWF       R9, 1, 0
;__Lib_Math.c,688 :: 		
0x0286	0x5006      	MOVF        R6, 0, 0
;__Lib_Math.c,689 :: 		
0x0288	0xA0D8      	BTFSS       STATUS, 0, 0
;__Lib_Math.c,690 :: 		
0x028A	0x3C06      	INCFSZ      R6, 0, 0
;__Lib_Math.c,691 :: 		
0x028C	0x5E0A      	SUBWF       R10, 1, 0
;__Lib_Math.c,692 :: 		
0x028E	0x5007      	MOVF        R7, 0, 0
;__Lib_Math.c,693 :: 		
0x0290	0xA0D8      	BTFSS       STATUS, 0, 0
;__Lib_Math.c,694 :: 		
0x0292	0x3C07      	INCFSZ      R7, 0, 0
;__Lib_Math.c,695 :: 		
0x0294	0x5E0B      	SUBWF       R11, 1, 0
;__Lib_Math.c,696 :: 		
0x0296	0xD00D      	BRA         SOK22LB
;__Lib_Math.c,698 :: 		
SADD22LB:
;__Lib_Math.c,699 :: 		
0x0298	0x2608      	ADDWF       R8, 1, 0
;__Lib_Math.c,700 :: 		
0x029A	0x5005      	MOVF        R5, 0, 0
;__Lib_Math.c,701 :: 		
0x029C	0xB0D8      	BTFSC       STATUS, 0, 0
;__Lib_Math.c,702 :: 		
0x029E	0x3C05      	INCFSZ      R5, 0, 0
;__Lib_Math.c,703 :: 		
0x02A0	0x2609      	ADDWF       R9, 1, 0
;__Lib_Math.c,704 :: 		
0x02A2	0x5006      	MOVF        R6, 0, 0
;__Lib_Math.c,705 :: 		
0x02A4	0xB0D8      	BTFSC       STATUS, 0, 0
;__Lib_Math.c,706 :: 		
0x02A6	0x3C06      	INCFSZ      R6, 0, 0
;__Lib_Math.c,707 :: 		
0x02A8	0x260A      	ADDWF       R10, 1, 0
;__Lib_Math.c,708 :: 		
0x02AA	0x5007      	MOVF        R7, 0, 0
;__Lib_Math.c,709 :: 		
0x02AC	0xB0D8      	BTFSC       STATUS, 0, 0
;__Lib_Math.c,710 :: 		
0x02AE	0x3C07      	INCFSZ      R7, 0, 0
;__Lib_Math.c,711 :: 		
0x02B0	0x260B      	ADDWF       R11, 1, 0
;__Lib_Math.c,713 :: 		
SOK22LB:
;__Lib_Math.c,714 :: 		
0x02B2	0x3602      	RLCF        R2, 1, 0
;__Lib_Math.c,716 :: 		
0x02B4	0x2E0C      	DECFSZ      R12, 1, 0
;__Lib_Math.c,717 :: 		
0x02B6	0xD7DA      	BRA         LOOPS3232B
;__Lib_Math.c,719 :: 		
0x02B8	0x3401      	RLCF        R1, 0, 0
;__Lib_Math.c,720 :: 		
0x02BA	0x3608      	RLCF        R8, 1, 0
;__Lib_Math.c,721 :: 		
0x02BC	0x3609      	RLCF        R9, 1, 0
;__Lib_Math.c,722 :: 		
0x02BE	0x360A      	RLCF        R10, 1, 0
;__Lib_Math.c,723 :: 		
0x02C0	0x360B      	RLCF        R11, 1, 0
;__Lib_Math.c,724 :: 		
0x02C2	0x5004      	MOVF        R4, 0, 0
;__Lib_Math.c,725 :: 		
0x02C4	0xA002      	BTFSS       R2, 0, 0
;__Lib_Math.c,726 :: 		
0x02C6	0xD00E      	BRA         SADD22L16
;__Lib_Math.c,728 :: 		
0x02C8	0x5E08      	SUBWF       R8, 1, 0
;__Lib_Math.c,729 :: 		
0x02CA	0x5005      	MOVF        R5, 0, 0
;__Lib_Math.c,730 :: 		
0x02CC	0xA0D8      	BTFSS       STATUS, 0, 0
;__Lib_Math.c,731 :: 		
0x02CE	0x3C05      	INCFSZ      R5, 0, 0
;__Lib_Math.c,732 :: 		
0x02D0	0x5E09      	SUBWF       R9, 1, 0
;__Lib_Math.c,733 :: 		
0x02D2	0x5006      	MOVF        R6, 0, 0
;__Lib_Math.c,734 :: 		
0x02D4	0xA0D8      	BTFSS       STATUS, 0, 0
;__Lib_Math.c,735 :: 		
0x02D6	0x3C06      	INCFSZ      R6, 0, 0
;__Lib_Math.c,736 :: 		
0x02D8	0x5E0A      	SUBWF       R10, 1, 0
;__Lib_Math.c,737 :: 		
0x02DA	0x5007      	MOVF        R7, 0, 0
;__Lib_Math.c,738 :: 		
0x02DC	0xA0D8      	BTFSS       STATUS, 0, 0
;__Lib_Math.c,739 :: 		
0x02DE	0x3C07      	INCFSZ      R7, 0, 0
;__Lib_Math.c,740 :: 		
0x02E0	0x5E0B      	SUBWF       R11, 1, 0
;__Lib_Math.c,741 :: 		
0x02E2	0xD00D      	BRA         SOK22L16
;__Lib_Math.c,743 :: 		
SADD22L16:
;__Lib_Math.c,744 :: 		
0x02E4	0x2608      	ADDWF       R8, 1, 0
;__Lib_Math.c,745 :: 		
0x02E6	0x5005      	MOVF        R5, 0, 0
;__Lib_Math.c,746 :: 		
0x02E8	0xB0D8      	BTFSC       STATUS, 0, 0
;__Lib_Math.c,747 :: 		
0x02EA	0x3C05      	INCFSZ      R5, 0, 0
;__Lib_Math.c,748 :: 		
0x02EC	0x2609      	ADDWF       R9, 1, 0
;__Lib_Math.c,749 :: 		
0x02EE	0x5006      	MOVF        R6, 0, 0
;__Lib_Math.c,750 :: 		
0x02F0	0xB0D8      	BTFSC       STATUS, 0, 0
;__Lib_Math.c,751 :: 		
0x02F2	0x3C06      	INCFSZ      R6, 0, 0
;__Lib_Math.c,752 :: 		
0x02F4	0x260A      	ADDWF       R10, 1, 0
;__Lib_Math.c,753 :: 		
0x02F6	0x5007      	MOVF        R7, 0, 0
;__Lib_Math.c,754 :: 		
0x02F8	0xB0D8      	BTFSC       STATUS, 0, 0
;__Lib_Math.c,755 :: 		
0x02FA	0x3C07      	INCFSZ      R7, 0, 0
;__Lib_Math.c,756 :: 		
0x02FC	0x260B      	ADDWF       R11, 1, 0
;__Lib_Math.c,758 :: 		
SOK22L16:
;__Lib_Math.c,759 :: 		
0x02FE	0x3601      	RLCF        R1, 1, 0
;__Lib_Math.c,761 :: 		
0x0300	0x0E07      	MOVLW       7
;__Lib_Math.c,762 :: 		
0x0302	0x6E0C      	MOVWF       R12, 0
;__Lib_Math.c,764 :: 		
LOOPS3232C:
;__Lib_Math.c,765 :: 		
0x0304	0x3401      	RLCF        R1, 0, 0
;__Lib_Math.c,766 :: 		
0x0306	0x3608      	RLCF        R8, 1, 0
;__Lib_Math.c,767 :: 		
0x0308	0x3609      	RLCF        R9, 1, 0
;__Lib_Math.c,768 :: 		
0x030A	0x360A      	RLCF        R10, 1, 0
;__Lib_Math.c,769 :: 		
0x030C	0x360B      	RLCF        R11, 1, 0
;__Lib_Math.c,770 :: 		
0x030E	0x5004      	MOVF        R4, 0, 0
;__Lib_Math.c,771 :: 		
0x0310	0xA001      	BTFSS       R1, 0, 0
;__Lib_Math.c,772 :: 		
0x0312	0xD00E      	BRA         SADD22LC
;__Lib_Math.c,774 :: 		
0x0314	0x5E08      	SUBWF       R8, 1, 0
;__Lib_Math.c,775 :: 		
0x0316	0x5005      	MOVF        R5, 0, 0
;__Lib_Math.c,776 :: 		
0x0318	0xA0D8      	BTFSS       STATUS, 0, 0
;__Lib_Math.c,777 :: 		
0x031A	0x3C05      	INCFSZ      R5, 0, 0
;__Lib_Math.c,778 :: 		
0x031C	0x5E09      	SUBWF       R9, 1, 0
;__Lib_Math.c,779 :: 		
0x031E	0x5006      	MOVF        R6, 0, 0
;__Lib_Math.c,780 :: 		
0x0320	0xA0D8      	BTFSS       STATUS, 0, 0
;__Lib_Math.c,781 :: 		
0x0322	0x3C06      	INCFSZ      R6, 0, 0
;__Lib_Math.c,782 :: 		
0x0324	0x5E0A      	SUBWF       R10, 1, 0
;__Lib_Math.c,783 :: 		
0x0326	0x5007      	MOVF        R7, 0, 0
;__Lib_Math.c,784 :: 		
0x0328	0xA0D8      	BTFSS       STATUS, 0, 0
;__Lib_Math.c,785 :: 		
0x032A	0x3C07      	INCFSZ      R7, 0, 0
;__Lib_Math.c,786 :: 		
0x032C	0x5E0B      	SUBWF       R11, 1, 0
;__Lib_Math.c,787 :: 		
0x032E	0xD00D      	BRA         SOK22LC
;__Lib_Math.c,789 :: 		
SADD22LC:
;__Lib_Math.c,790 :: 		
0x0330	0x2608      	ADDWF       R8, 1, 0
;__Lib_Math.c,791 :: 		
0x0332	0x5005      	MOVF        R5, 0, 0
;__Lib_Math.c,792 :: 		
0x0334	0xB0D8      	BTFSC       STATUS, 0, 0
;__Lib_Math.c,793 :: 		
0x0336	0x3C05      	INCFSZ      R5, 0, 0
;__Lib_Math.c,794 :: 		
0x0338	0x2609      	ADDWF       R9, 1, 0
;__Lib_Math.c,795 :: 		
0x033A	0x5006      	MOVF        R6, 0, 0
;__Lib_Math.c,796 :: 		
0x033C	0xB0D8      	BTFSC       STATUS, 0, 0
;__Lib_Math.c,797 :: 		
0x033E	0x3C06      	INCFSZ      R6, 0, 0
;__Lib_Math.c,798 :: 		
0x0340	0x260A      	ADDWF       R10, 1, 0
;__Lib_Math.c,799 :: 		
0x0342	0x5007      	MOVF        R7, 0, 0
;__Lib_Math.c,800 :: 		
0x0344	0xB0D8      	BTFSC       STATUS, 0, 0
;__Lib_Math.c,801 :: 		
0x0346	0x3C07      	INCFSZ      R7, 0, 0
;__Lib_Math.c,802 :: 		
0x0348	0x260B      	ADDWF       R11, 1, 0
;__Lib_Math.c,804 :: 		
SOK22LC:
;__Lib_Math.c,805 :: 		
0x034A	0x3601      	RLCF        R1, 1, 0
;__Lib_Math.c,807 :: 		
0x034C	0x2E0C      	DECFSZ      R12, 1, 0
;__Lib_Math.c,808 :: 		
0x034E	0xD7DA      	BRA         LOOPS3232C
;__Lib_Math.c,810 :: 		
0x0350	0x3400      	RLCF        R0, 0, 0
;__Lib_Math.c,811 :: 		
0x0352	0x3608      	RLCF        R8, 1, 0
;__Lib_Math.c,812 :: 		
0x0354	0x3609      	RLCF        R9, 1, 0
;__Lib_Math.c,813 :: 		
0x0356	0x360A      	RLCF        R10, 1, 0
;__Lib_Math.c,814 :: 		
0x0358	0x360B      	RLCF        R11, 1, 0
;__Lib_Math.c,815 :: 		
0x035A	0x5004      	MOVF        R4, 0, 0
;__Lib_Math.c,816 :: 		
0x035C	0xA001      	BTFSS       R1, 0, 0
;__Lib_Math.c,817 :: 		
0x035E	0xD00E      	BRA         SADD22L24
;__Lib_Math.c,819 :: 		
0x0360	0x5E08      	SUBWF       R8, 1, 0
;__Lib_Math.c,820 :: 		
0x0362	0x5005      	MOVF        R5, 0, 0
;__Lib_Math.c,821 :: 		
0x0364	0xA0D8      	BTFSS       STATUS, 0, 0
;__Lib_Math.c,822 :: 		
0x0366	0x3C05      	INCFSZ      R5, 0, 0
;__Lib_Math.c,823 :: 		
0x0368	0x5E09      	SUBWF       R9, 1, 0
;__Lib_Math.c,824 :: 		
0x036A	0x5006      	MOVF        R6, 0, 0
;__Lib_Math.c,825 :: 		
0x036C	0xA0D8      	BTFSS       STATUS, 0, 0
;__Lib_Math.c,826 :: 		
0x036E	0x3C06      	INCFSZ      R6, 0, 0
;__Lib_Math.c,827 :: 		
0x0370	0x5E0A      	SUBWF       R10, 1, 0
;__Lib_Math.c,828 :: 		
0x0372	0x5007      	MOVF        R7, 0, 0
;__Lib_Math.c,829 :: 		
0x0374	0xA0D8      	BTFSS       STATUS, 0, 0
;__Lib_Math.c,830 :: 		
0x0376	0x3C07      	INCFSZ      R7, 0, 0
;__Lib_Math.c,831 :: 		
0x0378	0x5E0B      	SUBWF       R11, 1, 0
;__Lib_Math.c,832 :: 		
0x037A	0xD00D      	BRA         SOK22L24
;__Lib_Math.c,834 :: 		
SADD22L24:
;__Lib_Math.c,835 :: 		
0x037C	0x2608      	ADDWF       R8, 1, 0
;__Lib_Math.c,836 :: 		
0x037E	0x5005      	MOVF        R5, 0, 0
;__Lib_Math.c,837 :: 		
0x0380	0xB0D8      	BTFSC       STATUS, 0, 0
;__Lib_Math.c,838 :: 		
0x0382	0x3C05      	INCFSZ      R5, 0, 0
;__Lib_Math.c,839 :: 		
0x0384	0x2609      	ADDWF       R9, 1, 0
;__Lib_Math.c,840 :: 		
0x0386	0x5006      	MOVF        R6, 0, 0
;__Lib_Math.c,841 :: 		
0x0388	0xB0D8      	BTFSC       STATUS, 0, 0
;__Lib_Math.c,842 :: 		
0x038A	0x3C06      	INCFSZ      R6, 0, 0
;__Lib_Math.c,843 :: 		
0x038C	0x260A      	ADDWF       R10, 1, 0
;__Lib_Math.c,844 :: 		
0x038E	0x5007      	MOVF        R7, 0, 0
;__Lib_Math.c,845 :: 		
0x0390	0xB0D8      	BTFSC       STATUS, 0, 0
;__Lib_Math.c,846 :: 		
0x0392	0x3C07      	INCFSZ      R7, 0, 0
;__Lib_Math.c,847 :: 		
0x0394	0x260B      	ADDWF       R11, 1, 0
;__Lib_Math.c,849 :: 		
SOK22L24:
;__Lib_Math.c,850 :: 		
0x0396	0x3600      	RLCF        R0, 1, 0
;__Lib_Math.c,852 :: 		
0x0398	0x0E07      	MOVLW       7
;__Lib_Math.c,853 :: 		
0x039A	0x6E0C      	MOVWF       R12, 0
;__Lib_Math.c,855 :: 		
LOOPS3232D:
;__Lib_Math.c,856 :: 		
0x039C	0x3400      	RLCF        R0, 0, 0
;__Lib_Math.c,857 :: 		
0x039E	0x3608      	RLCF        R8, 1, 0
;__Lib_Math.c,858 :: 		
0x03A0	0x3609      	RLCF        R9, 1, 0
;__Lib_Math.c,859 :: 		
0x03A2	0x360A      	RLCF        R10, 1, 0
;__Lib_Math.c,860 :: 		
0x03A4	0x360B      	RLCF        R11, 1, 0
;__Lib_Math.c,861 :: 		
0x03A6	0x5004      	MOVF        R4, 0, 0
;__Lib_Math.c,862 :: 		
0x03A8	0xA000      	BTFSS       R0, 0, 0
;__Lib_Math.c,863 :: 		
0x03AA	0xD00E      	BRA         SADD22LD
;__Lib_Math.c,865 :: 		
0x03AC	0x5E08      	SUBWF       R8, 1, 0
;__Lib_Math.c,866 :: 		
0x03AE	0x5005      	MOVF        R5, 0, 0
;__Lib_Math.c,867 :: 		
0x03B0	0xA0D8      	BTFSS       STATUS, 0, 0
;__Lib_Math.c,868 :: 		
0x03B2	0x3C05      	INCFSZ      R5, 0, 0
;__Lib_Math.c,869 :: 		
0x03B4	0x5E09      	SUBWF       R9, 1, 0
;__Lib_Math.c,870 :: 		
0x03B6	0x5006      	MOVF        R6, 0, 0
;__Lib_Math.c,871 :: 		
0x03B8	0xA0D8      	BTFSS       STATUS, 0, 0
;__Lib_Math.c,872 :: 		
0x03BA	0x3C06      	INCFSZ      R6, 0, 0
;__Lib_Math.c,873 :: 		
0x03BC	0x5E0A      	SUBWF       R10, 1, 0
;__Lib_Math.c,874 :: 		
0x03BE	0x5007      	MOVF        R7, 0, 0
;__Lib_Math.c,875 :: 		
0x03C0	0xA0D8      	BTFSS       STATUS, 0, 0
;__Lib_Math.c,876 :: 		
0x03C2	0x3C07      	INCFSZ      R7, 0, 0
;__Lib_Math.c,877 :: 		
0x03C4	0x5E0B      	SUBWF       R11, 1, 0
;__Lib_Math.c,878 :: 		
0x03C6	0xD00D      	BRA         SOK22LD
;__Lib_Math.c,880 :: 		
SADD22LD:
;__Lib_Math.c,881 :: 		
0x03C8	0x2608      	ADDWF       R8, 1, 0
;__Lib_Math.c,882 :: 		
0x03CA	0x5005      	MOVF        R5, 0, 0
;__Lib_Math.c,883 :: 		
0x03CC	0xB0D8      	BTFSC       STATUS, 0, 0
;__Lib_Math.c,884 :: 		
0x03CE	0x3C05      	INCFSZ      R5, 0, 0
;__Lib_Math.c,885 :: 		
0x03D0	0x2609      	ADDWF       R9, 1, 0
;__Lib_Math.c,886 :: 		
0x03D2	0x5006      	MOVF        R6, 0, 0
;__Lib_Math.c,887 :: 		
0x03D4	0xB0D8      	BTFSC       STATUS, 0, 0
;__Lib_Math.c,888 :: 		
0x03D6	0x3C06      	INCFSZ      R6, 0, 0
;__Lib_Math.c,889 :: 		
0x03D8	0x260A      	ADDWF       R10, 1, 0
;__Lib_Math.c,890 :: 		
0x03DA	0x5007      	MOVF        R7, 0, 0
;__Lib_Math.c,891 :: 		
0x03DC	0xB0D8      	BTFSC       STATUS, 0, 0
;__Lib_Math.c,893 :: 		
0x03DE	0x3C07      	INCFSZ      R7, 0, 0
;__Lib_Math.c,894 :: 		
0x03E0	0x260B      	ADDWF       R11, 1, 0
;__Lib_Math.c,896 :: 		
SOK22LD:
;__Lib_Math.c,897 :: 		
0x03E2	0x3600      	RLCF        R0, 1, 0
;__Lib_Math.c,899 :: 		
0x03E4	0x2E0C      	DECFSZ      R12, 1, 0
;__Lib_Math.c,900 :: 		
0x03E6	0xD7DA      	BRA         LOOPS3232D
;__Lib_Math.c,902 :: 		
0x03E8	0xB000      	BTFSC       R0, 0, 0
;__Lib_Math.c,903 :: 		
0x03EA	0xD00E      	BRA         SOK22L
;__Lib_Math.c,904 :: 		
0x03EC	0x5004      	MOVF        R4, 0, 0
;__Lib_Math.c,905 :: 		
0x03EE	0x2608      	ADDWF       R8, 1, 0
;__Lib_Math.c,906 :: 		
0x03F0	0x5005      	MOVF        R5, 0, 0
;__Lib_Math.c,907 :: 		
0x03F2	0xB0D8      	BTFSC       STATUS, 0, 0
;__Lib_Math.c,908 :: 		
0x03F4	0x3C05      	INCFSZ      R5, 0, 0
;__Lib_Math.c,909 :: 		
0x03F6	0x2609      	ADDWF       R9, 1, 0
;__Lib_Math.c,910 :: 		
0x03F8	0x5006      	MOVF        R6, 0, 0
;__Lib_Math.c,911 :: 		
0x03FA	0xB0D8      	BTFSC       STATUS, 0, 0
;__Lib_Math.c,912 :: 		
0x03FC	0x3C06      	INCFSZ      R6, 0, 0
;__Lib_Math.c,913 :: 		
0x03FE	0x260A      	ADDWF       R10, 1, 0
;__Lib_Math.c,914 :: 		
0x0400	0x5007      	MOVF        R7, 0, 0
;__Lib_Math.c,915 :: 		
0x0402	0xB0D8      	BTFSC       STATUS, 0, 0
;__Lib_Math.c,916 :: 		
0x0404	0x3C07      	INCFSZ      R7, 0, 0
;__Lib_Math.c,917 :: 		
0x0406	0x260B      	ADDWF       R11, 1, 0
;__Lib_Math.c,918 :: 		
SOK22L:
;__Lib_Math.c,920 :: 		
L_end_SDIV3232L:
0x0408	0x0012      	RETURN      0
; end of _SDIV3232L
_Lcd_Chr_CP:
;__Lib_Lcd.c,50 :: 		
;__Lib_Lcd.c,52 :: 		
0x040A	0x9035      	BCF         __Lib_Lcd_cmd_status, BitPos(__Lib_Lcd_cmd_status+0) 
;__Lib_Lcd.c,53 :: 		
0x040C	0xF092C08B  	MOVFF       FARG_Lcd_Chr_CP_out_char, FARG_Lcd_Cmd_out_char
0x0410	0xDE1B      	RCALL       _Lcd_Cmd
;__Lib_Lcd.c,54 :: 		
0x0412	0x8035      	BSF         __Lib_Lcd_cmd_status, BitPos(__Lib_Lcd_cmd_status+0) 
;__Lib_Lcd.c,55 :: 		
L_end_Lcd_Chr_CP:
0x0414	0x0012      	RETURN      0
; end of _Lcd_Chr_CP
_Lcd_Chr:
;__Lib_Lcd.c,65 :: 		
;__Lib_Lcd.c,66 :: 		
0x0416	0xD010      	BRA         L_Lcd_Chr4
;__Lib_Lcd.c,67 :: 		
L_Lcd_Chr6:
0x0418	0x0E80      	MOVLW       128
0x041A	0x0100      	MOVLB       0
0x041C	0x6F8B      	MOVWF       FARG_Lcd_Chr_row, 1
0x041E	0xD01A      	BRA         L_Lcd_Chr5
;__Lib_Lcd.c,68 :: 		
L_Lcd_Chr7:
0x0420	0x0EC0      	MOVLW       192
0x0422	0x6F8B      	MOVWF       FARG_Lcd_Chr_row, 1
0x0424	0xD017      	BRA         L_Lcd_Chr5
;__Lib_Lcd.c,69 :: 		
L_Lcd_Chr8:
0x0426	0x0E94      	MOVLW       148
0x0428	0x6F8B      	MOVWF       FARG_Lcd_Chr_row, 1
0x042A	0xD014      	BRA         L_Lcd_Chr5
;__Lib_Lcd.c,70 :: 		
L_Lcd_Chr9:
0x042C	0x0ED4      	MOVLW       212
0x042E	0x6F8B      	MOVWF       FARG_Lcd_Chr_row, 1
0x0430	0xD011      	BRA         L_Lcd_Chr5
;__Lib_Lcd.c,71 :: 		
L_Lcd_Chr10:
0x0432	0x0E80      	MOVLW       128
0x0434	0x6F8B      	MOVWF       FARG_Lcd_Chr_row, 1
;__Lib_Lcd.c,72 :: 		
0x0436	0xD00E      	BRA         L_Lcd_Chr5
L_Lcd_Chr4:
0x0438	0x0100      	MOVLB       0
0x043A	0x518B      	MOVF        FARG_Lcd_Chr_row, 0, 1
0x043C	0x0A01      	XORLW       1
0x043E	0xE0EC      	BZ          L_Lcd_Chr6
0x0440	0x518B      	MOVF        FARG_Lcd_Chr_row, 0, 1
0x0442	0x0A02      	XORLW       2
0x0444	0xE0ED      	BZ          L_Lcd_Chr7
0x0446	0x518B      	MOVF        FARG_Lcd_Chr_row, 0, 1
0x0448	0x0A03      	XORLW       3
0x044A	0xE0ED      	BZ          L_Lcd_Chr8
0x044C	0x518B      	MOVF        FARG_Lcd_Chr_row, 0, 1
0x044E	0x0A04      	XORLW       4
0x0450	0xE0ED      	BZ          L_Lcd_Chr9
0x0452	0xD7EF      	BRA         L_Lcd_Chr10
L_Lcd_Chr5:
;__Lib_Lcd.c,74 :: 		
0x0454	0x058C      	DECF        FARG_Lcd_Chr_column, 0, 1
0x0456	0x6E00      	MOVWF       R0 
0x0458	0x518B      	MOVF        FARG_Lcd_Chr_row, 0, 1
0x045A	0x2600      	ADDWF       R0, 1 
0x045C	0xF08BC000  	MOVFF       R0, FARG_Lcd_Chr_row
;__Lib_Lcd.c,76 :: 		
0x0460	0x8035      	BSF         __Lib_Lcd_cmd_status, BitPos(__Lib_Lcd_cmd_status+0) 
;__Lib_Lcd.c,77 :: 		
0x0462	0xF092C000  	MOVFF       R0, FARG_Lcd_Cmd_out_char
0x0466	0xDDF0      	RCALL       _Lcd_Cmd
;__Lib_Lcd.c,79 :: 		
0x0468	0x9035      	BCF         __Lib_Lcd_cmd_status, BitPos(__Lib_Lcd_cmd_status+0) 
;__Lib_Lcd.c,80 :: 		
0x046A	0xF092C08D  	MOVFF       FARG_Lcd_Chr_out_char, FARG_Lcd_Cmd_out_char
0x046E	0xDDEC      	RCALL       _Lcd_Cmd
;__Lib_Lcd.c,81 :: 		
0x0470	0x8035      	BSF         __Lib_Lcd_cmd_status, BitPos(__Lib_Lcd_cmd_status+0) 
;__Lib_Lcd.c,82 :: 		
L_end_Lcd_Chr:
0x0472	0x0012      	RETURN      0
; end of _Lcd_Chr
_CustomChar:
;Termometro_LCD.c,32 :: 		void CustomChar(char pos_row, char pos_char) {
;Termometro_LCD.c,34 :: 		Lcd_Cmd(64); // Manda para a posição da memória CGRAM
0x0474	0x0E40      	MOVLW       64
0x0476	0x0100      	MOVLB       0
0x0478	0x6F92      	MOVWF       FARG_Lcd_Cmd_out_char, 1
0x047A	0xDDE6      	RCALL       _Lcd_Cmd
;Termometro_LCD.c,35 :: 		for (i = 0; i <= 7; i++) {
0x047C	0x6B83      	CLRF        CustomChar_i_L0, 1
L_CustomChar0:
0x047E	0x5183      	MOVF        CustomChar_i_L0, 0, 1
0x0480	0x0807      	SUBLW       7
0x0482	0xE311      	BNC         L_CustomChar1
;Termometro_LCD.c,36 :: 		Lcd_Chr_CP(character[i]); // Carrega o caractere na memória
0x0484	0x0EA8      	MOVLW       _character
0x0486	0x2583      	ADDWF       CustomChar_i_L0, 0, 1
0x0488	0x6EF6      	MOVWF       TBLPTR 
0x048A	0x0E0B      	MOVLW       hi_addr(_character)
0x048C	0x6EF7      	MOVWF       TBLPTR+1 
0x048E	0x0E00      	MOVLW       0
0x0490	0x22F7      	ADDWFC      TBLPTR+1, 1 
0x0492	0x0E00      	MOVLW       higher_addr(_character)
0x0494	0x6EF8      	MOVWF       TBLPTR+2 
0x0496	0x0E00      	MOVLW       0
0x0498	0x22F8      	ADDWFC      TBLPTR+2, 1 
0x049A	0x0009      	TBLRD*+
0x049C	0xF08BCFF5  	MOVFF       TABLAT, FARG_Lcd_Chr_CP_out_char
0x04A0	0xDFB4      	RCALL       _Lcd_Chr_CP
;Termometro_LCD.c,35 :: 		for (i = 0; i <= 7; i++) {
0x04A2	0x2B83      	INCF        CustomChar_i_L0, 1, 1
;Termometro_LCD.c,37 :: 		}
0x04A4	0xD7EC      	BRA         L_CustomChar0
L_CustomChar1:
;Termometro_LCD.c,38 :: 		Lcd_Cmd(_LCD_RETURN_HOME); // Volta para o cursor inicial
0x04A6	0x0E02      	MOVLW       2
0x04A8	0x6F92      	MOVWF       FARG_Lcd_Cmd_out_char, 1
0x04AA	0xDDCE      	RCALL       _Lcd_Cmd
;Termometro_LCD.c,39 :: 		Lcd_Chr(pos_row, pos_char, 0); // Exibe o caractere na posição especificada
0x04AC	0xF08BC081  	MOVFF       FARG_CustomChar_pos_row, FARG_Lcd_Chr_row
0x04B0	0xF08CC082  	MOVFF       FARG_CustomChar_pos_char, FARG_Lcd_Chr_column
0x04B4	0x6B8D      	CLRF        FARG_Lcd_Chr_out_char, 1
0x04B6	0xDFAF      	RCALL       _Lcd_Chr
;Termometro_LCD.c,40 :: 		}
L_end_CustomChar:
0x04B8	0x0012      	RETURN      0
; end of _CustomChar
___CC2DW:
;__Lib_System.c,21 :: 		
;__Lib_System.c,23 :: 		
_CC2DL_Loop1:
;__Lib_System.c,24 :: 		
0x04BA	0x0009      	TBLRD*+
;__Lib_System.c,25 :: 		
0x04BC	0xFFE6CFF5  	MOVFF       TABLAT, POSTINC1
;__Lib_System.c,26 :: 		
0x04C0	0x0600      	DECF        R0, 1, 0
;__Lib_System.c,27 :: 		
0x04C2	0xE1FB      	BNZ         _CC2DL_Loop1
;__Lib_System.c,28 :: 		
0x04C4	0x0601      	DECF        R1, 1, 0
;__Lib_System.c,29 :: 		
0x04C6	0xE1F9      	BNZ         _CC2DL_Loop1
;__Lib_System.c,31 :: 		
L_end___CC2DW:
0x04C8	0x0012      	RETURN      0
; end of ___CC2DW
_ADC_Read:
;__Lib_ADC_A_D.c,51 :: 		
;__Lib_ADC_A_D.c,54 :: 		
0x04CA	0x6AC2      	CLRF        ADCON0 
;__Lib_ADC_A_D.c,55 :: 		
0x04CC	0x1C24      	COMF        _vref_mask, 0 
0x04CE	0x6E00      	MOVWF       R0 
0x04D0	0x5000      	MOVF        R0, 0 
0x04D2	0x16C1      	ANDWF       ADCON1, 1 
;__Lib_ADC_A_D.c,56 :: 		
0x04D4	0x0E07      	MOVLW       7
0x04D6	0x12C0      	IORWF       ADCON2, 1 
;__Lib_ADC_A_D.c,57 :: 		
0x04D8	0x8EC0      	BSF         ADCON2, 7 
;__Lib_ADC_A_D.c,58 :: 		
0x04DA	0xF000C081  	MOVFF       FARG_ADC_Read_channel, R0
0x04DE	0x3600      	RLCF        R0, 1 
0x04E0	0x9000      	BCF         R0, 0 
0x04E2	0x3600      	RLCF        R0, 1 
0x04E4	0x9000      	BCF         R0, 0 
0x04E6	0x5000      	MOVF        R0, 0 
0x04E8	0x12C2      	IORWF       ADCON0, 1 
;__Lib_ADC_A_D.c,59 :: 		
0x04EA	0x80C2      	BSF         ADCON0, 0 
;__Lib_ADC_A_D.c,60 :: 		
0x04EC	0xDE07      	RCALL       _Delay_22us
;__Lib_ADC_A_D.c,61 :: 		
0x04EE	0x82C2      	BSF         ADCON0, 1 
;__Lib_ADC_A_D.c,62 :: 		
L_ADC_Read2:
0x04F0	0xA2C2      	BTFSS       ADCON0, 1 
0x04F2	0xD001      	BRA         L_ADC_Read3
;__Lib_ADC_A_D.c,63 :: 		
0x04F4	0xD7FD      	BRA         L_ADC_Read2
L_ADC_Read3:
;__Lib_ADC_A_D.c,64 :: 		
0x04F6	0xF001CFC4  	MOVFF       ADRESH, R1
0x04FA	0x6A00      	CLRF        R0 
;__Lib_ADC_A_D.c,65 :: 		
0x04FC	0x50C3      	MOVF        ADRESL, 0 
0x04FE	0x1200      	IORWF       R0, 1 
0x0500	0x0E00      	MOVLW       0
0x0502	0x1201      	IORWF       R1, 1 
;__Lib_ADC_A_D.c,66 :: 		
0x0504	0x90C2      	BCF         ADCON0, 0 
;__Lib_ADC_A_D.c,68 :: 		
;__Lib_ADC_A_D.c,69 :: 		
L_end_ADC_Read:
0x0506	0x0012      	RETURN      0
; end of _ADC_Read
_Lcd_Init:
;__Lib_Lcd.c,84 :: 		
;__Lib_Lcd.c,86 :: 		
0x0508	0x9096      	BCF         LCD_EN_Direction, BitPos(LCD_EN_Direction+0) 
;__Lib_Lcd.c,87 :: 		
0x050A	0x9296      	BCF         LCD_RS_Direction, BitPos(LCD_RS_Direction+0) 
;__Lib_Lcd.c,88 :: 		
0x050C	0x9893      	BCF         LCD_D4_Direction, BitPos(LCD_D4_Direction+0) 
;__Lib_Lcd.c,89 :: 		
0x050E	0x9A93      	BCF         LCD_D5_Direction, BitPos(LCD_D5_Direction+0) 
;__Lib_Lcd.c,90 :: 		
0x0510	0x9C93      	BCF         LCD_D6_Direction, BitPos(LCD_D6_Direction+0) 
;__Lib_Lcd.c,91 :: 		
0x0512	0x9E93      	BCF         LCD_D7_Direction, BitPos(LCD_D7_Direction+0) 
;__Lib_Lcd.c,93 :: 		
0x0514	0x9084      	BCF         LCD_EN, BitPos(LCD_EN+0) 
;__Lib_Lcd.c,94 :: 		
0x0516	0x9284      	BCF         LCD_RS, BitPos(LCD_RS+0) 
;__Lib_Lcd.c,95 :: 		
0x0518	0x9E81      	BCF         LCD_D7, BitPos(LCD_D7+0) 
;__Lib_Lcd.c,96 :: 		
0x051A	0x9C81      	BCF         LCD_D6, BitPos(LCD_D6+0) 
;__Lib_Lcd.c,97 :: 		
0x051C	0x9A81      	BCF         LCD_D5, BitPos(LCD_D5+0) 
;__Lib_Lcd.c,98 :: 		
0x051E	0x9881      	BCF         LCD_D4, BitPos(LCD_D4+0) 
;__Lib_Lcd.c,100 :: 		
0x0520	0xDD82      	RCALL       _Delay_5500us
;__Lib_Lcd.c,101 :: 		
0x0522	0xDD81      	RCALL       _Delay_5500us
;__Lib_Lcd.c,102 :: 		
0x0524	0xDD80      	RCALL       _Delay_5500us
;__Lib_Lcd.c,105 :: 		
0x0526	0x8A81      	BSF         LCD_D5, BitPos(LCD_D5+0) 
;__Lib_Lcd.c,106 :: 		
0x0528	0x8881      	BSF         LCD_D4, BitPos(LCD_D4+0) 
;__Lib_Lcd.c,107 :: 		
0x052A	0x8084      	BSF         LCD_EN, BitPos(LCD_EN+0) 
;__Lib_Lcd.c,108 :: 		
0x052C	0xDD87      	RCALL       _Delay_1us
;__Lib_Lcd.c,109 :: 		
0x052E	0x9084      	BCF         LCD_EN, BitPos(LCD_EN+0) 
;__Lib_Lcd.c,110 :: 		
0x0530	0xDD7A      	RCALL       _Delay_5500us
;__Lib_Lcd.c,112 :: 		
0x0532	0x8084      	BSF         LCD_EN, BitPos(LCD_EN+0) 
;__Lib_Lcd.c,113 :: 		
0x0534	0xDD83      	RCALL       _Delay_1us
;__Lib_Lcd.c,114 :: 		
0x0536	0x9084      	BCF         LCD_EN, BitPos(LCD_EN+0) 
;__Lib_Lcd.c,115 :: 		
0x0538	0xDD76      	RCALL       _Delay_5500us
;__Lib_Lcd.c,117 :: 		
0x053A	0x8084      	BSF         LCD_EN, BitPos(LCD_EN+0) 
;__Lib_Lcd.c,118 :: 		
0x053C	0xDD7F      	RCALL       _Delay_1us
;__Lib_Lcd.c,119 :: 		
0x053E	0x9084      	BCF         LCD_EN, BitPos(LCD_EN+0) 
;__Lib_Lcd.c,120 :: 		
0x0540	0xDD72      	RCALL       _Delay_5500us
;__Lib_Lcd.c,123 :: 		
0x0542	0x9881      	BCF         LCD_D4, BitPos(LCD_D4+0) 
;__Lib_Lcd.c,124 :: 		
0x0544	0x8084      	BSF         LCD_EN, BitPos(LCD_EN+0) 
;__Lib_Lcd.c,125 :: 		
0x0546	0xDD7A      	RCALL       _Delay_1us
;__Lib_Lcd.c,126 :: 		
0x0548	0x9084      	BCF         LCD_EN, BitPos(LCD_EN+0) 
;__Lib_Lcd.c,127 :: 		
0x054A	0xDD6D      	RCALL       _Delay_5500us
;__Lib_Lcd.c,130 :: 		
0x054C	0x8084      	BSF         LCD_EN, BitPos(LCD_EN+0) 
;__Lib_Lcd.c,131 :: 		
0x054E	0xDD76      	RCALL       _Delay_1us
;__Lib_Lcd.c,132 :: 		
0x0550	0x9084      	BCF         LCD_EN, BitPos(LCD_EN+0) 
;__Lib_Lcd.c,134 :: 		
0x0552	0x9A81      	BCF         LCD_D5, BitPos(LCD_D5+0) 
;__Lib_Lcd.c,135 :: 		
0x0554	0x8E81      	BSF         LCD_D7, BitPos(LCD_D7+0) 
;__Lib_Lcd.c,136 :: 		
0x0556	0x8084      	BSF         LCD_EN, BitPos(LCD_EN+0) 
;__Lib_Lcd.c,137 :: 		
0x0558	0xDD71      	RCALL       _Delay_1us
;__Lib_Lcd.c,138 :: 		
0x055A	0x9084      	BCF         LCD_EN, BitPos(LCD_EN+0) 
;__Lib_Lcd.c,139 :: 		
0x055C	0xDD64      	RCALL       _Delay_5500us
;__Lib_Lcd.c,142 :: 		
0x055E	0x9E81      	BCF         LCD_D7, BitPos(LCD_D7+0) 
;__Lib_Lcd.c,143 :: 		
0x0560	0x8881      	BSF         LCD_D4, BitPos(LCD_D4+0) 
;__Lib_Lcd.c,144 :: 		
0x0562	0x8084      	BSF         LCD_EN, BitPos(LCD_EN+0) 
;__Lib_Lcd.c,145 :: 		
0x0564	0xDD6B      	RCALL       _Delay_1us
;__Lib_Lcd.c,146 :: 		
0x0566	0x9084      	BCF         LCD_EN, BitPos(LCD_EN+0) 
;__Lib_Lcd.c,148 :: 		
0x0568	0x9881      	BCF         LCD_D4, BitPos(LCD_D4+0) 
;__Lib_Lcd.c,149 :: 		
0x056A	0x8084      	BSF         LCD_EN, BitPos(LCD_EN+0) 
;__Lib_Lcd.c,150 :: 		
0x056C	0xDD67      	RCALL       _Delay_1us
;__Lib_Lcd.c,151 :: 		
0x056E	0x9084      	BCF         LCD_EN, BitPos(LCD_EN+0) 
;__Lib_Lcd.c,152 :: 		
0x0570	0xDD5A      	RCALL       _Delay_5500us
;__Lib_Lcd.c,155 :: 		
0x0572	0x8084      	BSF         LCD_EN, BitPos(LCD_EN+0) 
;__Lib_Lcd.c,156 :: 		
0x0574	0xDD63      	RCALL       _Delay_1us
;__Lib_Lcd.c,157 :: 		
0x0576	0x9084      	BCF         LCD_EN, BitPos(LCD_EN+0) 
;__Lib_Lcd.c,159 :: 		
0x0578	0x8881      	BSF         LCD_D4, BitPos(LCD_D4+0) 
;__Lib_Lcd.c,160 :: 		
0x057A	0x8084      	BSF         LCD_EN, BitPos(LCD_EN+0) 
;__Lib_Lcd.c,161 :: 		
0x057C	0xDD5F      	RCALL       _Delay_1us
;__Lib_Lcd.c,162 :: 		
0x057E	0x9084      	BCF         LCD_EN, BitPos(LCD_EN+0) 
;__Lib_Lcd.c,163 :: 		
0x0580	0xDD52      	RCALL       _Delay_5500us
;__Lib_Lcd.c,166 :: 		
0x0582	0x9881      	BCF         LCD_D4, BitPos(LCD_D4+0) 
;__Lib_Lcd.c,167 :: 		
0x0584	0x8084      	BSF         LCD_EN, BitPos(LCD_EN+0) 
;__Lib_Lcd.c,168 :: 		
0x0586	0xDD5A      	RCALL       _Delay_1us
;__Lib_Lcd.c,169 :: 		
0x0588	0x9084      	BCF         LCD_EN, BitPos(LCD_EN+0) 
;__Lib_Lcd.c,171 :: 		
0x058A	0x8E81      	BSF         LCD_D7, BitPos(LCD_D7+0) 
;__Lib_Lcd.c,172 :: 		
0x058C	0x8C81      	BSF         LCD_D6, BitPos(LCD_D6+0) 
;__Lib_Lcd.c,173 :: 		
0x058E	0x8A81      	BSF         LCD_D5, BitPos(LCD_D5+0) 
;__Lib_Lcd.c,174 :: 		
0x0590	0x8881      	BSF         LCD_D4, BitPos(LCD_D4+0) 
;__Lib_Lcd.c,175 :: 		
0x0592	0x8084      	BSF         LCD_EN, BitPos(LCD_EN+0) 
;__Lib_Lcd.c,176 :: 		
0x0594	0xDD53      	RCALL       _Delay_1us
;__Lib_Lcd.c,177 :: 		
0x0596	0x9084      	BCF         LCD_EN, BitPos(LCD_EN+0) 
;__Lib_Lcd.c,179 :: 		
0x0598	0xDD46      	RCALL       _Delay_5500us
;__Lib_Lcd.c,181 :: 		
0x059A	0x8035      	BSF         __Lib_Lcd_cmd_status, BitPos(__Lib_Lcd_cmd_status+0) 
;__Lib_Lcd.c,182 :: 		
L_end_Lcd_Init:
0x059C	0x0012      	RETURN      0
; end of _Lcd_Init
_ADC_Init:
;__Lib_ADC_A_D.c,13 :: 		
;__Lib_ADC_A_D.c,14 :: 		
0x059E	0x0EFF      	MOVLW       _ADC_Get_Sample
0x05A0	0x6E36      	MOVWF       _ADC_Get_Sample_Ptr 
0x05A2	0x0EFF      	MOVLW       hi_addr(_ADC_Get_Sample)
0x05A4	0x6E37      	MOVWF       _ADC_Get_Sample_Ptr+1 
0x05A6	0x0EFF      	MOVLW       FARG_ADC_Get_Sample_channel
0x05A8	0x6E38      	MOVWF       _ADC_Get_Sample_Ptr+2 
0x05AA	0x0EFF      	MOVLW       hi_addr(FARG_ADC_Get_Sample_channel)
0x05AC	0x6E39      	MOVWF       _ADC_Get_Sample_Ptr+3 
;__Lib_ADC_A_D.c,16 :: 		
0x05AE	0x6AC2      	CLRF        ADCON0 
;__Lib_ADC_A_D.c,17 :: 		
0x05B0	0x1C24      	COMF        _vref_mask, 0 
0x05B2	0x6E00      	MOVWF       R0 
0x05B4	0x5000      	MOVF        R0, 0 
0x05B6	0x16C1      	ANDWF       ADCON1, 1 
;__Lib_ADC_A_D.c,18 :: 		
0x05B8	0x0E07      	MOVLW       7
0x05BA	0x12C0      	IORWF       ADCON2, 1 
;__Lib_ADC_A_D.c,19 :: 		
0x05BC	0x8EC0      	BSF         ADCON2, 7 
;__Lib_ADC_A_D.c,20 :: 		
0x05BE	0x80C2      	BSF         ADCON0, 0 
;__Lib_ADC_A_D.c,21 :: 		
L_end_ADC_Init:
0x05C0	0x0012      	RETURN      0
; end of _ADC_Init
_FLASH_Read:
;__Lib_FLASH_w32_e64.c,116 :: 		
;__Lib_FLASH_w32_e64.c,118 :: 		
0x05C2	0xFFF6C081  	MOVFF       FARG_FLASH_Read_address, TBLPTRL
;__Lib_FLASH_w32_e64.c,119 :: 		
0x05C6	0xFFF7C082  	MOVFF       FARG_FLASH_Read_address+1, TBLPTRH
;__Lib_FLASH_w32_e64.c,120 :: 		
0x05CA	0xFFF8C083  	MOVFF       FARG_FLASH_Read_address+2, TBLPTRU
;__Lib_FLASH_w32_e64.c,121 :: 		
0x05CE	0x0008      	TBLRD*
;__Lib_FLASH_w32_e64.c,122 :: 		
0x05D0	0xF000CFF5  	MOVFF       TABLAT, R0
;__Lib_FLASH_w32_e64.c,123 :: 		
L_end_FLASH_Read:
0x05D4	0x0012      	RETURN      0
; end of _FLASH_Read
_setupInicial:
;Termometro_LCD.c,107 :: 		void setupInicial(){
;Termometro_LCD.c,108 :: 		PORTA = 0;
0x05D6	0x6A80      	CLRF        PORTA 
;Termometro_LCD.c,109 :: 		PORTB = 0;
0x05D8	0x6A81      	CLRF        PORTB 
;Termometro_LCD.c,110 :: 		PORTC = 0;
0x05DA	0x6A82      	CLRF        PORTC 
;Termometro_LCD.c,111 :: 		PORTD = 0;
0x05DC	0x6A83      	CLRF        PORTD 
;Termometro_LCD.c,112 :: 		PORTE = 0;
0x05DE	0x6A84      	CLRF        PORTE 
;Termometro_LCD.c,114 :: 		TRISA = 1;
0x05E0	0x0E01      	MOVLW       1
0x05E2	0x6E92      	MOVWF       TRISA 
;Termometro_LCD.c,115 :: 		TRISB = 15;
0x05E4	0x0E0F      	MOVLW       15
0x05E6	0x6E93      	MOVWF       TRISB 
;Termometro_LCD.c,116 :: 		TRISC = 0;
0x05E8	0x6A94      	CLRF        TRISC 
;Termometro_LCD.c,117 :: 		TRISD = 0;
0x05EA	0x6A95      	CLRF        TRISD 
;Termometro_LCD.c,118 :: 		TRISE = 0;
0x05EC	0x6A96      	CLRF        TRISE 
;Termometro_LCD.c,120 :: 		CMCON = 7; //comparadores desligados
0x05EE	0x0E07      	MOVLW       7
0x05F0	0x6EB4      	MOVWF       CMCON 
;Termometro_LCD.c,121 :: 		ADCON1 = 14; //todas as entradas digitais
0x05F2	0x0E0E      	MOVLW       14
0x05F4	0x6EC1      	MOVWF       ADCON1 
;Termometro_LCD.c,122 :: 		INTCON2 = 0; //liga os resistores pull up no portb
0x05F6	0x6AF1      	CLRF        INTCON2 
;Termometro_LCD.c,123 :: 		}
L_end_setupInicial:
0x05F8	0x0012      	RETURN      0
; end of _setupInicial
_Lcd_Out_CP:
;__Lib_Lcd.c,57 :: 		
;__Lib_Lcd.c,59 :: 		
0x05FA	0x0100      	MOVLB       0
0x05FC	0x6B83      	CLRF        Lcd_Out_CP_i_L0, 1
;__Lib_Lcd.c,60 :: 		
L_Lcd_Out_CP2:
0x05FE	0x5183      	MOVF        Lcd_Out_CP_i_L0, 0, 1
0x0600	0x2581      	ADDWF       FARG_Lcd_Out_CP_text, 0, 1
0x0602	0x6EE9      	MOVWF       FSR0L 
0x0604	0x0E00      	MOVLW       0
0x0606	0x2182      	ADDWFC      FARG_Lcd_Out_CP_text+1, 0, 1
0x0608	0x6EEA      	MOVWF       FSR0L+1 
0x060A	0x52EE      	MOVF        POSTINC0, 1 
0x060C	0xE00B      	BZ          L_Lcd_Out_CP3
;__Lib_Lcd.c,61 :: 		
0x060E	0x5183      	MOVF        Lcd_Out_CP_i_L0, 0, 1
0x0610	0x2581      	ADDWF       FARG_Lcd_Out_CP_text, 0, 1
0x0612	0x6EE9      	MOVWF       FSR0L 
0x0614	0x0E00      	MOVLW       0
0x0616	0x2182      	ADDWFC      FARG_Lcd_Out_CP_text+1, 0, 1
0x0618	0x6EEA      	MOVWF       FSR0L+1 
0x061A	0xF08BCFEE  	MOVFF       POSTINC0, FARG_Lcd_Chr_CP_out_char
0x061E	0xDEF5      	RCALL       _Lcd_Chr_CP
0x0620	0x2B83      	INCF        Lcd_Out_CP_i_L0, 1, 1
;__Lib_Lcd.c,62 :: 		
0x0622	0xD7ED      	BRA         L_Lcd_Out_CP2
L_Lcd_Out_CP3:
;__Lib_Lcd.c,63 :: 		
L_end_Lcd_Out_CP:
0x0624	0x0012      	RETURN      0
; end of _Lcd_Out_CP
_FLASH_Erase_Write_64:
;__Lib_FLASH_w32_e64.c,66 :: 		
;__Lib_FLASH_w32_e64.c,70 :: 		
0x0626	0xF003CFF2  	MOVFF       INTCON, R3
;__Lib_FLASH_w32_e64.c,71 :: 		
0x062A	0x9EF2      	BCF         INTCON, 7 
;__Lib_FLASH_w32_e64.c,72 :: 		
0x062C	0xFFF6C081  	MOVFF       FARG_FLASH_Erase_Write_64_address, TBLPTRL
;__Lib_FLASH_w32_e64.c,73 :: 		
0x0630	0xFFF7C082  	MOVFF       FARG_FLASH_Erase_Write_64_address+1, TBLPTRH
;__Lib_FLASH_w32_e64.c,74 :: 		
0x0634	0xFFF8C083  	MOVFF       FARG_FLASH_Erase_Write_64_address+2, TBLPTRU
;__Lib_FLASH_w32_e64.c,75 :: 		
0x0638	0x8EA6      	BSF         EECON1, 7 
;__Lib_FLASH_w32_e64.c,76 :: 		
0x063A	0x0EBF      	MOVLW       191
0x063C	0x16A6      	ANDWF       EECON1, 1 
;__Lib_FLASH_w32_e64.c,77 :: 		
0x063E	0x84A6      	BSF         EECON1, 2 
;__Lib_FLASH_w32_e64.c,78 :: 		
0x0640	0x88A6      	BSF         EECON1, 4 
;__Lib_FLASH_w32_e64.c,79 :: 		
0x0642	0x0E55      	MOVLW       85
0x0644	0x6EA7      	MOVWF       EECON2 
;__Lib_FLASH_w32_e64.c,80 :: 		
0x0646	0x0EAA      	MOVLW       170
0x0648	0x6EA7      	MOVWF       EECON2 
;__Lib_FLASH_w32_e64.c,81 :: 		
0x064A	0x82A6      	BSF         EECON1, 1 
;__Lib_FLASH_w32_e64.c,83 :: 		
0x064C	0x0000      	NOP
;__Lib_FLASH_w32_e64.c,84 :: 		
0x064E	0x000A      	TBLRD*-
;__Lib_FLASH_w32_e64.c,85 :: 		
0x0650	0x0000      	NOP
;__Lib_FLASH_w32_e64.c,87 :: 		
0x0652	0x6A02      	CLRF        R2 
;__Lib_FLASH_w32_e64.c,88 :: 		
0x0654	0xFFE9C085  	MOVFF       FARG_FLASH_Erase_Write_64_data_, FSR0
0x0658	0xFFEAC086  	MOVFF       FARG_FLASH_Erase_Write_64_data_+1, FSR0+1
;__Lib_FLASH_w32_e64.c,89 :: 		
L_FLASH_Erase_Write_642:
0x065C	0x0E02      	MOVLW       2
0x065E	0x5C02      	SUBWF       R2, 0 
0x0660	0xE216      	BC          L_FLASH_Erase_Write_643
;__Lib_FLASH_w32_e64.c,91 :: 		
0x0662	0x6A01      	CLRF        R1 
;__Lib_FLASH_w32_e64.c,92 :: 		
L_FLASH_Erase_Write_644:
0x0664	0x0E20      	MOVLW       32
0x0666	0x5C01      	SUBWF       R1, 0 
0x0668	0xE207      	BC          L_FLASH_Erase_Write_645
;__Lib_FLASH_w32_e64.c,94 :: 		
0x066A	0xFFF5CFEE  	MOVFF       POSTINC0, TABLAT
;__Lib_FLASH_w32_e64.c,96 :: 		
0x066E	0x0000      	NOP
;__Lib_FLASH_w32_e64.c,97 :: 		
0x0670	0x000F      	TBLWT+*
;__Lib_FLASH_w32_e64.c,98 :: 		
0x0672	0x0000      	NOP
;__Lib_FLASH_w32_e64.c,100 :: 		
0x0674	0x2A01      	INCF        R1, 1 
;__Lib_FLASH_w32_e64.c,101 :: 		
0x0676	0xD7F6      	BRA         L_FLASH_Erase_Write_644
L_FLASH_Erase_Write_645:
;__Lib_FLASH_w32_e64.c,102 :: 		
0x0678	0x8EA6      	BSF         EECON1, 7 
;__Lib_FLASH_w32_e64.c,103 :: 		
0x067A	0x0EBF      	MOVLW       191
0x067C	0x16A6      	ANDWF       EECON1, 1 
;__Lib_FLASH_w32_e64.c,104 :: 		
0x067E	0x84A6      	BSF         EECON1, 2 
;__Lib_FLASH_w32_e64.c,105 :: 		
0x0680	0x0E55      	MOVLW       85
0x0682	0x6EA7      	MOVWF       EECON2 
;__Lib_FLASH_w32_e64.c,106 :: 		
0x0684	0x0EAA      	MOVLW       170
0x0686	0x6EA7      	MOVWF       EECON2 
;__Lib_FLASH_w32_e64.c,107 :: 		
0x0688	0x82A6      	BSF         EECON1, 1 
;__Lib_FLASH_w32_e64.c,108 :: 		
0x068A	0x2A02      	INCF        R2, 1 
;__Lib_FLASH_w32_e64.c,109 :: 		
0x068C	0xD7E7      	BRA         L_FLASH_Erase_Write_642
L_FLASH_Erase_Write_643:
;__Lib_FLASH_w32_e64.c,110 :: 		
0x068E	0x94A6      	BCF         EECON1, 2 
;__Lib_FLASH_w32_e64.c,111 :: 		
0x0690	0xBE03      	BTFSC       R3, 7 
0x0692	0xD002      	BRA         L__FLASH_Erase_Write_6415
0x0694	0x9EF2      	BCF         INTCON, 7 
0x0696	0xD001      	BRA         L__FLASH_Erase_Write_6416
L__FLASH_Erase_Write_6415:
0x0698	0x8EF2      	BSF         INTCON, 7 
L__FLASH_Erase_Write_6416:
;__Lib_FLASH_w32_e64.c,112 :: 		
L_end_FLASH_Erase_Write_64:
0x069A	0x0012      	RETURN      0
; end of _FLASH_Erase_Write_64
_Lcd_Out:
;__Lib_Lcd.c,184 :: 		
;__Lib_Lcd.c,187 :: 		
0x069C	0xD010      	BRA         L_Lcd_Out11
;__Lib_Lcd.c,188 :: 		
L_Lcd_Out13:
0x069E	0x0E80      	MOVLW       128
0x06A0	0x0100      	MOVLB       0
0x06A2	0x6F81      	MOVWF       FARG_Lcd_Out_row, 1
0x06A4	0xD01A      	BRA         L_Lcd_Out12
;__Lib_Lcd.c,189 :: 		
L_Lcd_Out14:
0x06A6	0x0EC0      	MOVLW       192
0x06A8	0x6F81      	MOVWF       FARG_Lcd_Out_row, 1
0x06AA	0xD017      	BRA         L_Lcd_Out12
;__Lib_Lcd.c,190 :: 		
L_Lcd_Out15:
0x06AC	0x0E94      	MOVLW       148
0x06AE	0x6F81      	MOVWF       FARG_Lcd_Out_row, 1
0x06B0	0xD014      	BRA         L_Lcd_Out12
;__Lib_Lcd.c,191 :: 		
L_Lcd_Out16:
0x06B2	0x0ED4      	MOVLW       212
0x06B4	0x6F81      	MOVWF       FARG_Lcd_Out_row, 1
0x06B6	0xD011      	BRA         L_Lcd_Out12
;__Lib_Lcd.c,192 :: 		
L_Lcd_Out17:
0x06B8	0x0E80      	MOVLW       128
0x06BA	0x6F81      	MOVWF       FARG_Lcd_Out_row, 1
;__Lib_Lcd.c,193 :: 		
0x06BC	0xD00E      	BRA         L_Lcd_Out12
L_Lcd_Out11:
0x06BE	0x0100      	MOVLB       0
0x06C0	0x5181      	MOVF        FARG_Lcd_Out_row, 0, 1
0x06C2	0x0A01      	XORLW       1
0x06C4	0xE0EC      	BZ          L_Lcd_Out13
0x06C6	0x5181      	MOVF        FARG_Lcd_Out_row, 0, 1
0x06C8	0x0A02      	XORLW       2
0x06CA	0xE0ED      	BZ          L_Lcd_Out14
0x06CC	0x5181      	MOVF        FARG_Lcd_Out_row, 0, 1
0x06CE	0x0A03      	XORLW       3
0x06D0	0xE0ED      	BZ          L_Lcd_Out15
0x06D2	0x5181      	MOVF        FARG_Lcd_Out_row, 0, 1
0x06D4	0x0A04      	XORLW       4
0x06D6	0xE0ED      	BZ          L_Lcd_Out16
0x06D8	0xD7EF      	BRA         L_Lcd_Out17
L_Lcd_Out12:
;__Lib_Lcd.c,194 :: 		
0x06DA	0x0582      	DECF        FARG_Lcd_Out_column, 0, 1
0x06DC	0x6E00      	MOVWF       R0 
0x06DE	0x5181      	MOVF        FARG_Lcd_Out_row, 0, 1
0x06E0	0x2600      	ADDWF       R0, 1 
0x06E2	0xF081C000  	MOVFF       R0, FARG_Lcd_Out_row
;__Lib_Lcd.c,196 :: 		
0x06E6	0xF092C000  	MOVFF       R0, FARG_Lcd_Cmd_out_char
0x06EA	0xDCAE      	RCALL       _Lcd_Cmd
;__Lib_Lcd.c,197 :: 		
0x06EC	0x9035      	BCF         __Lib_Lcd_cmd_status, BitPos(__Lib_Lcd_cmd_status+0) 
;__Lib_Lcd.c,198 :: 		
0x06EE	0x6B85      	CLRF        Lcd_Out_i_L0, 1
;__Lib_Lcd.c,199 :: 		
L_Lcd_Out18:
0x06F0	0x5185      	MOVF        Lcd_Out_i_L0, 0, 1
0x06F2	0x2583      	ADDWF       FARG_Lcd_Out_text, 0, 1
0x06F4	0x6EE9      	MOVWF       FSR0L 
0x06F6	0x0E00      	MOVLW       0
0x06F8	0x2184      	ADDWFC      FARG_Lcd_Out_text+1, 0, 1
0x06FA	0x6EEA      	MOVWF       FSR0L+1 
0x06FC	0x52EE      	MOVF        POSTINC0, 1 
0x06FE	0xE00B      	BZ          L_Lcd_Out19
;__Lib_Lcd.c,200 :: 		
0x0700	0x5185      	MOVF        Lcd_Out_i_L0, 0, 1
0x0702	0x2583      	ADDWF       FARG_Lcd_Out_text, 0, 1
0x0704	0x6EE9      	MOVWF       FSR0L 
0x0706	0x0E00      	MOVLW       0
0x0708	0x2184      	ADDWFC      FARG_Lcd_Out_text+1, 0, 1
0x070A	0x6EEA      	MOVWF       FSR0L+1 
0x070C	0xF08BCFEE  	MOVFF       POSTINC0, FARG_Lcd_Chr_CP_out_char
0x0710	0xDE7C      	RCALL       _Lcd_Chr_CP
0x0712	0x2B85      	INCF        Lcd_Out_i_L0, 1, 1
0x0714	0xD7ED      	BRA         L_Lcd_Out18
L_Lcd_Out19:
;__Lib_Lcd.c,201 :: 		
0x0716	0x8035      	BSF         __Lib_Lcd_cmd_status, BitPos(__Lib_Lcd_cmd_status+0) 
;__Lib_Lcd.c,202 :: 		
L_end_Lcd_Out:
0x0718	0x0012      	RETURN      0
; end of _Lcd_Out
_Div_32x32_S:
;__Lib_Math.c,942 :: 		
;__Lib_Math.c,955 :: 		
0x071A	0x5004      	MOVF        R4, 0 
0x071C	0x0A00      	XORLW       0
0x071E	0xE112      	BNZ         L_Div_32x32_S6
;__Lib_Math.c,956 :: 		
0x0720	0x5005      	MOVF        R5, 0 
0x0722	0x0A00      	XORLW       0
0x0724	0xE10F      	BNZ         L_Div_32x32_S7
;__Lib_Math.c,957 :: 		
0x0726	0x5006      	MOVF        R6, 0 
0x0728	0x0A00      	XORLW       0
0x072A	0xE10C      	BNZ         L_Div_32x32_S8
;__Lib_Math.c,958 :: 		
0x072C	0x5007      	MOVF        R7, 0 
0x072E	0x0A00      	XORLW       0
0x0730	0xE109      	BNZ         L_Div_32x32_S9
;__Lib_Math.c,959 :: 		
0x0732	0x0EFF      	MOVLW       255
0x0734	0x6E00      	MOVWF       R0 
;__Lib_Math.c,960 :: 		
0x0736	0x0EFF      	MOVLW       255
0x0738	0x6E01      	MOVWF       R1 
;__Lib_Math.c,961 :: 		
0x073A	0x0EFF      	MOVLW       255
0x073C	0x6E02      	MOVWF       R2 
;__Lib_Math.c,962 :: 		
0x073E	0x0E7F      	MOVLW       127
0x0740	0x6E03      	MOVWF       R3 
;__Lib_Math.c,963 :: 		
0x0742	0xD097      	BRA         L_end_Div_32x32_S
;__Lib_Math.c,964 :: 		
L_Div_32x32_S9:
L_Div_32x32_S8:
L_Div_32x32_S7:
L_Div_32x32_S6:
;__Lib_Math.c,968 :: 		
0x0744	0x6A0C      	CLRF        R12, 0
;__Lib_Math.c,969 :: 		
0x0746	0xBE07      	BTFSC       R7, 7, 0
;__Lib_Math.c,970 :: 		
0x0748	0x2A0C      	INCF        R12, 1, 0
;__Lib_Math.c,972 :: 		
0x074A	0x6A0D      	CLRF        R13, 0
;__Lib_Math.c,973 :: 		
0x074C	0x6A0B      	CLRF        R11, 0
;__Lib_Math.c,974 :: 		
0x074E	0x6A0A      	CLRF        R10, 0
;__Lib_Math.c,975 :: 		
0x0750	0x6A09      	CLRF        R9, 0
;__Lib_Math.c,976 :: 		
0x0752	0x6A08      	CLRF        R8, 0
;__Lib_Math.c,977 :: 		
0x0754	0x5003      	MOVF        R3, 0, 0
;__Lib_Math.c,978 :: 		
0x0756	0x1002      	IORWF       R2, 0, 0
;__Lib_Math.c,979 :: 		
0x0758	0x1001      	IORWF       R1, 0, 0
;__Lib_Math.c,980 :: 		
0x075A	0x1000      	IORWF       R0, 0, 0
;__Lib_Math.c,981 :: 		
0x075C	0xB4D8      	BTFSC       STATUS, 2, 0
;__Lib_Math.c,982 :: 		
0x075E	0xD084      	BRA         END_ALL
;__Lib_Math.c,986 :: 		
0x0760	0x5003      	MOVF        R3, 0, 0
;__Lib_Math.c,987 :: 		
0x0762	0x1807      	XORWF       R7, 0, 0
;__Lib_Math.c,988 :: 		
0x0764	0x6E0E      	MOVWF       R14, 0
;__Lib_Math.c,989 :: 		
0x0766	0xBE0E      	BTFSC       R14, 7, 0
;__Lib_Math.c,990 :: 		
0x0768	0x1E0D      	COMF        R13, 1, 0
;__Lib_Math.c,993 :: 		
0x076A	0xAE07      	BTFSS       R7, 7, 0
;__Lib_Math.c,994 :: 		
0x076C	0xD00B      	BRA         CA3232S
;__Lib_Math.c,996 :: 		
0x076E	0x1E04      	COMF        R4, 1, 0
;__Lib_Math.c,997 :: 		
0x0770	0x1E05      	COMF        R5, 1, 0
;__Lib_Math.c,998 :: 		
0x0772	0x1E06      	COMF        R6, 1, 0
;__Lib_Math.c,999 :: 		
0x0774	0x1E07      	COMF        R7, 1, 0
;__Lib_Math.c,1000 :: 		
0x0776	0x2A04      	INCF        R4, 1, 0
;__Lib_Math.c,1001 :: 		
0x0778	0xB4D8      	BTFSC       STATUS, 2, 0
;__Lib_Math.c,1002 :: 		
0x077A	0x2A05      	INCF        R5, 1, 0
;__Lib_Math.c,1003 :: 		
0x077C	0xB4D8      	BTFSC       STATUS, 2, 0
;__Lib_Math.c,1004 :: 		
0x077E	0x2A06      	INCF        R6, 1, 0
;__Lib_Math.c,1005 :: 		
0x0780	0xB4D8      	BTFSC       STATUS, 2, 0
;__Lib_Math.c,1006 :: 		
0x0782	0x2A07      	INCF        R7, 1, 0
;__Lib_Math.c,1008 :: 		
CA3232S:
;__Lib_Math.c,1009 :: 		
0x0784	0xAE03      	BTFSS       R3, 7, 0
;__Lib_Math.c,1010 :: 		
0x0786	0xD00B      	BRA         C3232SX
;__Lib_Math.c,1012 :: 		
0x0788	0x1E00      	COMF        R0, 1, 0
;__Lib_Math.c,1013 :: 		
0x078A	0x1E01      	COMF        R1, 1, 0
;__Lib_Math.c,1014 :: 		
0x078C	0x1E02      	COMF        R2, 1, 0
;__Lib_Math.c,1015 :: 		
0x078E	0x1E03      	COMF        R3, 1, 0
;__Lib_Math.c,1016 :: 		
0x0790	0x2A00      	INCF        R0, 1, 0
;__Lib_Math.c,1017 :: 		
0x0792	0xB4D8      	BTFSC       STATUS, 2, 0
;__Lib_Math.c,1018 :: 		
0x0794	0x2A01      	INCF        R1, 1, 0
;__Lib_Math.c,1019 :: 		
0x0796	0xB4D8      	BTFSC       STATUS, 2, 0
;__Lib_Math.c,1020 :: 		
0x0798	0x2A02      	INCF        R2, 1, 0
;__Lib_Math.c,1021 :: 		
0x079A	0xB4D8      	BTFSC       STATUS, 2, 0
;__Lib_Math.c,1022 :: 		
0x079C	0x2A03      	INCF        R3, 1, 0
;__Lib_Math.c,1024 :: 		
C3232SX:
;__Lib_Math.c,1025 :: 		
0x079E	0x5003      	MOVF        R3, 0, 0
;__Lib_Math.c,1026 :: 		
0x07A0	0x1007      	IORWF       R7, 0, 0
;__Lib_Math.c,1027 :: 		
0x07A2	0x6E0E      	MOVWF       R14, 0
;__Lib_Math.c,1028 :: 		
0x07A4	0xBE0E      	BTFSC       R14, 7, 0
;__Lib_Math.c,1029 :: 		
0x07A6	0xD01C      	BRA         C3232SX1
;__Lib_Math.c,1030 :: 		
C3232S:
;__Lib_Math.c,1034 :: 		
0x07A8	0xDD04      	RCALL       _SDIV3232L
;__Lib_Math.c,1038 :: 		
0x07AA	0xBE0C      	BTFSC       R12, 7, 0
;__Lib_Math.c,1039 :: 		
0x07AC	0xD036      	BRA         C3232SX4
;__Lib_Math.c,1041 :: 		
C3232SOK:
;__Lib_Math.c,1042 :: 		
0x07AE	0xAE0D      	BTFSS       R13, 7, 0
;__Lib_Math.c,1043 :: 		
0x07B0	0xD05B      	BRA         END_ALL
;__Lib_Math.c,1045 :: 		
0x07B2	0x1E00      	COMF        R0, 1, 0
;__Lib_Math.c,1046 :: 		
0x07B4	0x1E01      	COMF        R1, 1, 0
;__Lib_Math.c,1047 :: 		
0x07B6	0x1E02      	COMF        R2, 1, 0
;__Lib_Math.c,1048 :: 		
0x07B8	0x1E03      	COMF        R3, 1, 0
;__Lib_Math.c,1049 :: 		
0x07BA	0x2A00      	INCF        R0, 1, 0
;__Lib_Math.c,1050 :: 		
0x07BC	0xB4D8      	BTFSC       STATUS, 2, 0
;__Lib_Math.c,1051 :: 		
0x07BE	0x2A01      	INCF        R1, 1, 0
;__Lib_Math.c,1052 :: 		
0x07C0	0xB4D8      	BTFSC       STATUS, 2, 0
;__Lib_Math.c,1053 :: 		
0x07C2	0x2A02      	INCF        R2, 1, 0
;__Lib_Math.c,1054 :: 		
0x07C4	0xB4D8      	BTFSC       STATUS, 2, 0
;__Lib_Math.c,1055 :: 		
0x07C6	0x2A03      	INCF        R3, 1, 0
;__Lib_Math.c,1057 :: 		
0x07C8	0x1E08      	COMF        R8, 1, 0
;__Lib_Math.c,1058 :: 		
0x07CA	0x1E09      	COMF        R9, 1, 0
;__Lib_Math.c,1059 :: 		
0x07CC	0x1E0A      	COMF        R10, 1, 0
;__Lib_Math.c,1060 :: 		
0x07CE	0x1E0B      	COMF        R11, 1, 0
;__Lib_Math.c,1061 :: 		
0x07D0	0x2A08      	INCF        R8, 1, 0
;__Lib_Math.c,1062 :: 		
0x07D2	0xB4D8      	BTFSC       STATUS, 2, 0
;__Lib_Math.c,1063 :: 		
0x07D4	0x2A09      	INCF        R9, 1, 0
;__Lib_Math.c,1064 :: 		
0x07D6	0xB4D8      	BTFSC       STATUS, 2, 0
;__Lib_Math.c,1065 :: 		
0x07D8	0x2A0A      	INCF        R10, 1, 0
;__Lib_Math.c,1066 :: 		
0x07DA	0xB4D8      	BTFSC       STATUS, 2, 0
;__Lib_Math.c,1067 :: 		
0x07DC	0x2A0B      	INCF        R11, 1, 0
;__Lib_Math.c,1068 :: 		
0x07DE	0xD044      	BRA         END_ALL
;__Lib_Math.c,1069 :: 		
C3232SX1:
;__Lib_Math.c,1072 :: 		
0x07E0	0xAE07      	BTFSS       R7, 7, 0
;__Lib_Math.c,1073 :: 		
0x07E2	0xD015      	BRA         C3232SX3
;__Lib_Math.c,1074 :: 		
0x07E4	0xBE03      	BTFSC       R3, 7, 0
;__Lib_Math.c,1075 :: 		
0x07E6	0xD00D      	BRA         C3232SX2
;__Lib_Math.c,1076 :: 		
0x07E8	0x5003      	MOVF        R3, 0, 0
;__Lib_Math.c,1077 :: 		
0x07EA	0x6E0B      	MOVWF       R11, 0
;__Lib_Math.c,1078 :: 		
0x07EC	0x5002      	MOVF        R2, 0, 0
;__Lib_Math.c,1079 :: 		
0x07EE	0x6E0A      	MOVWF       R10, 0
;__Lib_Math.c,1080 :: 		
0x07F0	0x5001      	MOVF        R1, 0, 0
;__Lib_Math.c,1081 :: 		
0x07F2	0x6E09      	MOVWF       R9, 0
;__Lib_Math.c,1082 :: 		
0x07F4	0x5000      	MOVF        R0, 0, 0
;__Lib_Math.c,1083 :: 		
0x07F6	0x6E08      	MOVWF       R8, 0
;__Lib_Math.c,1084 :: 		
0x07F8	0x6A03      	CLRF        R3, 0
;__Lib_Math.c,1085 :: 		
0x07FA	0x6A02      	CLRF        R2, 0
;__Lib_Math.c,1086 :: 		
0x07FC	0x6A01      	CLRF        R1, 0
;__Lib_Math.c,1087 :: 		
0x07FE	0x6A00      	CLRF        R0, 0
;__Lib_Math.c,1088 :: 		
0x0800	0xD7D6      	BRA         C3232SOK
;__Lib_Math.c,1089 :: 		
C3232SX2:
;__Lib_Math.c,1090 :: 		
0x0802	0x6A03      	CLRF        R3, 0
;__Lib_Math.c,1091 :: 		
0x0804	0x6A02      	CLRF        R2, 0
;__Lib_Math.c,1092 :: 		
0x0806	0x6A01      	CLRF        R1, 0
;__Lib_Math.c,1093 :: 		
0x0808	0x6A00      	CLRF        R0, 0
;__Lib_Math.c,1094 :: 		
0x080A	0x2A00      	INCF        R0, 1, 0
;__Lib_Math.c,1095 :: 		
0x080C	0x0C00      	RETLW       0
;__Lib_Math.c,1097 :: 		
C3232SX3:
;__Lib_Math.c,1098 :: 		
0x080E	0x1E03      	COMF        R3, 1, 0
;__Lib_Math.c,1099 :: 		
0x0810	0x1E02      	COMF        R2, 1, 0
;__Lib_Math.c,1100 :: 		
0x0812	0x1E01      	COMF        R1, 1, 0
;__Lib_Math.c,1101 :: 		
0x0814	0x1E00      	COMF        R0, 1, 0
;__Lib_Math.c,1103 :: 		
0x0816	0x8E0C      	BSF         R12, 7, 0
;__Lib_Math.c,1104 :: 		
0x0818	0xD7C7      	BRA         C3232S
;__Lib_Math.c,1105 :: 		
C3232SX4:
;__Lib_Math.c,1108 :: 		
0x081A	0x2A08      	INCF        R8, 1, 0
;__Lib_Math.c,1109 :: 		
0x081C	0xB4D8      	BTFSC       STATUS, 2, 0
;__Lib_Math.c,1110 :: 		
0x081E	0x2A09      	INCF        R9, 1, 0
;__Lib_Math.c,1111 :: 		
0x0820	0xB4D8      	BTFSC       STATUS, 2, 0
;__Lib_Math.c,1112 :: 		
0x0822	0x2A0A      	INCF        R10, 1, 0
;__Lib_Math.c,1113 :: 		
0x0824	0xB4D8      	BTFSC       STATUS, 2, 0
;__Lib_Math.c,1114 :: 		
0x0826	0x2A0B      	INCF        R11, 1, 0
;__Lib_Math.c,1115 :: 		
0x0828	0x5004      	MOVF        R4, 0, 0
;__Lib_Math.c,1116 :: 		
0x082A	0x5C08      	SUBWF       R8, 0, 0
;__Lib_Math.c,1117 :: 		
0x082C	0xA4D8      	BTFSS       STATUS, 2, 0
;__Lib_Math.c,1118 :: 		
0x082E	0xD7BF      	BRA         C3232SOK
;__Lib_Math.c,1119 :: 		
0x0830	0x5005      	MOVF        R5, 0, 0
;__Lib_Math.c,1120 :: 		
0x0832	0x5C09      	SUBWF       R9, 0, 0
;__Lib_Math.c,1121 :: 		
0x0834	0xA4D8      	BTFSS       STATUS, 2, 0
;__Lib_Math.c,1122 :: 		
0x0836	0xD7BB      	BRA         C3232SOK
;__Lib_Math.c,1123 :: 		
0x0838	0x5006      	MOVF        R6, 0, 0
;__Lib_Math.c,1124 :: 		
0x083A	0x5C0A      	SUBWF       R10, 0, 0
;__Lib_Math.c,1125 :: 		
0x083C	0xA4D8      	BTFSS       STATUS, 2, 0
;__Lib_Math.c,1126 :: 		
0x083E	0xD7B7      	BRA         C3232SOK
;__Lib_Math.c,1127 :: 		
0x0840	0x5007      	MOVF        R7, 0, 0
;__Lib_Math.c,1128 :: 		
0x0842	0x5C0B      	SUBWF       R11, 0, 0
;__Lib_Math.c,1129 :: 		
0x0844	0xA4D8      	BTFSS       STATUS, 2, 0
;__Lib_Math.c,1130 :: 		
0x0846	0xD7B3      	BRA         C3232SOK
;__Lib_Math.c,1131 :: 		
0x0848	0x6A0B      	CLRF        R11, 0
;__Lib_Math.c,1132 :: 		
0x084A	0x6A0A      	CLRF        R10, 0
;__Lib_Math.c,1133 :: 		
0x084C	0x6A09      	CLRF        R9, 0
;__Lib_Math.c,1134 :: 		
0x084E	0x6A08      	CLRF        R8, 0
;__Lib_Math.c,1135 :: 		
0x0850	0x2A00      	INCF        R0, 1, 0
;__Lib_Math.c,1136 :: 		
0x0852	0xB4D8      	BTFSC       STATUS, 2, 0
;__Lib_Math.c,1137 :: 		
0x0854	0x2A01      	INCF        R1, 1, 0
;__Lib_Math.c,1138 :: 		
0x0856	0xB4D8      	BTFSC       STATUS, 2, 0
;__Lib_Math.c,1139 :: 		
0x0858	0x2A02      	INCF        R2, 1, 0
;__Lib_Math.c,1140 :: 		
0x085A	0xB4D8      	BTFSC       STATUS, 2, 0
;__Lib_Math.c,1141 :: 		
0x085C	0x2A03      	INCF        R3, 1, 0
;__Lib_Math.c,1142 :: 		
0x085E	0xAE03      	BTFSS       R3, 7, 0
;__Lib_Math.c,1143 :: 		
0x0860	0xD7A6      	BRA         C3232SOK
;__Lib_Math.c,1144 :: 		
0x0862	0x6A0E      	CLRF        R14, 0
;__Lib_Math.c,1145 :: 		
0x0864	0x880E      	BSF         R14, 4, 0
;__Lib_Math.c,1146 :: 		
0x0866	0x0CFF      	RETLW       255
;__Lib_Math.c,1147 :: 		
END_ALL:
;__Lib_Math.c,1148 :: 		
0x0868	0x6A0E      	CLRF        R14, 0
;__Lib_Math.c,1149 :: 		
0x086A	0xA00C      	BTFSS       R12, 0, 0
;__Lib_Math.c,1150 :: 		
0x086C	0xD001      	BRA         avoid_comfrem
;__Lib_Math.c,1153 :: 		
0x086E	0xDC95      	RCALL       _COMFREM
;__Lib_Math.c,1155 :: 		
avoid_comfrem:
;__Lib_Math.c,1156 :: 		
0x0870	0x0F00      	ADDLW       0
;__Lib_Math.c,1158 :: 		
L_end_Div_32x32_S:
0x0872	0x0012      	RETURN      0
; end of _Div_32x32_S
_IntToStr:
;__Lib_Conversions.c,195 :: 		
;__Lib_Conversions.c,201 :: 		
0x0874	0x0100      	MOVLB       0
0x0876	0x6B87      	CLRF        IntToStr_negative_L0, 1
0x0878	0x6B88      	CLRF        IntToStr_negative_L0+1, 1
;__Lib_Conversions.c,202 :: 		
0x087A	0xF089C081  	MOVFF       FARG_IntToStr_input, IntToStr_inword_L0
0x087E	0xF08AC082  	MOVFF       FARG_IntToStr_input+1, IntToStr_inword_L0+1
;__Lib_Conversions.c,203 :: 		
0x0882	0x0E80      	MOVLW       128
0x0884	0x1982      	XORWF       FARG_IntToStr_input+1, 0, 1
0x0886	0x6E00      	MOVWF       R0 
0x0888	0x0E80      	MOVLW       128
0x088A	0x5C00      	SUBWF       R0, 0 
0x088C	0xE102      	BNZ         L__IntToStr387
0x088E	0x0E00      	MOVLW       0
0x0890	0x5D81      	SUBWF       FARG_IntToStr_input, 0, 1
L__IntToStr387:
0x0892	0xE20B      	BC          L_IntToStr37
;__Lib_Conversions.c,204 :: 		
0x0894	0x0E01      	MOVLW       1
0x0896	0x6F87      	MOVWF       IntToStr_negative_L0, 1
0x0898	0x0E00      	MOVLW       0
0x089A	0x6F88      	MOVWF       IntToStr_negative_L0+1, 1
;__Lib_Conversions.c,205 :: 		
0x089C	0x5181      	MOVF        FARG_IntToStr_input, 0, 1
0x089E	0x0800      	SUBLW       0
0x08A0	0x6F89      	MOVWF       IntToStr_inword_L0, 1
0x08A2	0xF08AC082  	MOVFF       FARG_IntToStr_input+1, IntToStr_inword_L0+1
0x08A6	0x0E00      	MOVLW       0
0x08A8	0x578A      	SUBFWB      IntToStr_inword_L0+1, 1, 1
;__Lib_Conversions.c,206 :: 		
L_IntToStr37:
;__Lib_Conversions.c,207 :: 		
0x08AA	0xF08BC089  	MOVFF       IntToStr_inword_L0, FARG_WordToStr_input
0x08AE	0xF08CC08A  	MOVFF       IntToStr_inword_L0+1, FARG_WordToStr_input+1
0x08B2	0xF08DC083  	MOVFF       FARG_IntToStr_output, FARG_WordToStr_output
0x08B6	0xF08EC084  	MOVFF       FARG_IntToStr_output+1, FARG_WordToStr_output+1
0x08BA	0xDC26      	RCALL       _WordToStr
;__Lib_Conversions.c,209 :: 		
0x08BC	0x0E06      	MOVLW       6
0x08BE	0x6F85      	MOVWF       IntToStr_i_L0, 1
0x08C0	0x0E00      	MOVLW       0
0x08C2	0x6F86      	MOVWF       IntToStr_i_L0+1, 1
;__Lib_Conversions.c,210 :: 		
L_IntToStr38:
0x08C4	0x0E00      	MOVLW       0
0x08C6	0x6E00      	MOVWF       R0 
0x08C8	0x5186      	MOVF        IntToStr_i_L0+1, 0, 1
0x08CA	0x5C00      	SUBWF       R0, 0 
0x08CC	0xE102      	BNZ         L__IntToStr388
0x08CE	0x5185      	MOVF        IntToStr_i_L0, 0, 1
0x08D0	0x0800      	SUBLW       0
L__IntToStr388:
0x08D2	0xE219      	BC          L_IntToStr39
;__Lib_Conversions.c,211 :: 		
0x08D4	0x5185      	MOVF        IntToStr_i_L0, 0, 1
0x08D6	0x2583      	ADDWF       FARG_IntToStr_output, 0, 1
0x08D8	0x6EE1      	MOVWF       FSR1L 
0x08DA	0x5186      	MOVF        IntToStr_i_L0+1, 0, 1
0x08DC	0x2184      	ADDWFC      FARG_IntToStr_output+1, 0, 1
0x08DE	0x6EE2      	MOVWF       FSR1L+1 
0x08E0	0x0E01      	MOVLW       1
0x08E2	0x5D85      	SUBWF       IntToStr_i_L0, 0, 1
0x08E4	0x6E00      	MOVWF       R0 
0x08E6	0x0E00      	MOVLW       0
0x08E8	0x5986      	SUBWFB      IntToStr_i_L0+1, 0, 1
0x08EA	0x6E01      	MOVWF       R1 
0x08EC	0x5000      	MOVF        R0, 0 
0x08EE	0x2583      	ADDWF       FARG_IntToStr_output, 0, 1
0x08F0	0x6EE9      	MOVWF       FSR0L 
0x08F2	0x5001      	MOVF        R1, 0 
0x08F4	0x2184      	ADDWFC      FARG_IntToStr_output+1, 0, 1
0x08F6	0x6EEA      	MOVWF       FSR0L+1 
0x08F8	0xFFE6CFEE  	MOVFF       POSTINC0, POSTINC1
;__Lib_Conversions.c,212 :: 		
0x08FC	0x0E01      	MOVLW       1
0x08FE	0x5F85      	SUBWF       IntToStr_i_L0, 1, 1
0x0900	0x0E00      	MOVLW       0
0x0902	0x5B86      	SUBWFB      IntToStr_i_L0+1, 1, 1
;__Lib_Conversions.c,213 :: 		
0x0904	0xD7DF      	BRA         L_IntToStr38
L_IntToStr39:
;__Lib_Conversions.c,214 :: 		
0x0906	0xFFE1C083  	MOVFF       FARG_IntToStr_output, FSR1L
0x090A	0xFFE2C084  	MOVFF       FARG_IntToStr_output+1, FSR1H
0x090E	0x0E20      	MOVLW       32
0x0910	0x6EE6      	MOVWF       POSTINC1 
;__Lib_Conversions.c,215 :: 		
0x0912	0x5187      	MOVF        IntToStr_negative_L0, 0, 1
0x0914	0x1188      	IORWF       IntToStr_negative_L0+1, 0, 1
0x0916	0xE01A      	BZ          L_IntToStr40
;__Lib_Conversions.c,216 :: 		
0x0918	0x6B85      	CLRF        IntToStr_i_L0, 1
0x091A	0x6B86      	CLRF        IntToStr_i_L0+1, 1
;__Lib_Conversions.c,217 :: 		
L_IntToStr41:
0x091C	0x5185      	MOVF        IntToStr_i_L0, 0, 1
0x091E	0x2583      	ADDWF       FARG_IntToStr_output, 0, 1
0x0920	0x6EE9      	MOVWF       FSR0L 
0x0922	0x5186      	MOVF        IntToStr_i_L0+1, 0, 1
0x0924	0x2184      	ADDWFC      FARG_IntToStr_output+1, 0, 1
0x0926	0x6EEA      	MOVWF       FSR0L+1 
0x0928	0x50EE      	MOVF        POSTINC0, 0 
0x092A	0x0A20      	XORLW       32
0x092C	0xE103      	BNZ         L_IntToStr42
0x092E	0x4B85      	INFSNZ      IntToStr_i_L0, 1, 1
0x0930	0x2B86      	INCF        IntToStr_i_L0+1, 1, 1
0x0932	0xD7F4      	BRA         L_IntToStr41
L_IntToStr42:
;__Lib_Conversions.c,218 :: 		
0x0934	0x0E01      	MOVLW       1
0x0936	0x5F85      	SUBWF       IntToStr_i_L0, 1, 1
0x0938	0x0E00      	MOVLW       0
0x093A	0x5B86      	SUBWFB      IntToStr_i_L0+1, 1, 1
;__Lib_Conversions.c,219 :: 		
0x093C	0x5185      	MOVF        IntToStr_i_L0, 0, 1
0x093E	0x2583      	ADDWF       FARG_IntToStr_output, 0, 1
0x0940	0x6EE1      	MOVWF       FSR1L 
0x0942	0x5186      	MOVF        IntToStr_i_L0+1, 0, 1
0x0944	0x2184      	ADDWFC      FARG_IntToStr_output+1, 0, 1
0x0946	0x6EE2      	MOVWF       FSR1L+1 
0x0948	0x0E2D      	MOVLW       45
0x094A	0x6EE6      	MOVWF       POSTINC1 
L_IntToStr40:
;__Lib_Conversions.c,220 :: 		
L_end_IntToStr:
0x094C	0x0012      	RETURN      0
; end of _IntToStr
_main:
0x094E	0xF005ECD8  	CALL        2992, 0
;Termometro_LCD.c,42 :: 		void main() {
;Termometro_LCD.c,43 :: 		setupInicial();
0x0952	0xDE41      	RCALL       _setupInicial
;Termometro_LCD.c,44 :: 		conta = FLASH_Read(0x7f00);
0x0954	0x0E00      	MOVLW       0
0x0956	0x0100      	MOVLB       0
0x0958	0x6F81      	MOVWF       FARG_FLASH_Read_address, 1
0x095A	0x0E7F      	MOVLW       127
0x095C	0x6F82      	MOVWF       FARG_FLASH_Read_address+1, 1
0x095E	0x0E00      	MOVLW       0
0x0960	0x6F83      	MOVWF       FARG_FLASH_Read_address+2, 1
0x0962	0x6F84      	MOVWF       FARG_FLASH_Read_address+3, 1
0x0964	0xDE2E      	RCALL       _FLASH_Read
0x0966	0xF025C000  	MOVFF       R0, _conta
0x096A	0x0E00      	MOVLW       0
0x096C	0x6E26      	MOVWF       _conta+1 
;Termometro_LCD.c,46 :: 		adc_init();
0x096E	0xDE17      	RCALL       _ADC_Init
;Termometro_LCD.c,48 :: 		Lcd_Init();
0x0970	0xDDCB      	RCALL       _Lcd_Init
;Termometro_LCD.c,49 :: 		Lcd_Cmd(_LCD_CURSOR_OFF);
0x0972	0x0E0C      	MOVLW       12
0x0974	0x6F92      	MOVWF       FARG_Lcd_Cmd_out_char, 1
0x0976	0xF000EC24  	CALL        _Lcd_Cmd, 0
;Termometro_LCD.c,50 :: 		Lcd_Cmd(_LCD_CLEAR);
0x097A	0x0E01      	MOVLW       1
0x097C	0x6F92      	MOVWF       FARG_Lcd_Cmd_out_char, 1
0x097E	0xF000EC24  	CALL        _Lcd_Cmd, 0
;Termometro_LCD.c,52 :: 		while(1){
L_main3:
0x0982	0x0100      	MOVLB       0
;Termometro_LCD.c,54 :: 		somaMedia = somaMedia + adc_read(0);
0x0984	0x6B81      	CLRF        FARG_ADC_Read_channel, 1
0x0986	0xDDA1      	RCALL       _ADC_Read
0x0988	0x5000      	MOVF        R0, 0 
0x098A	0x262D      	ADDWF       _somaMedia, 1 
0x098C	0x5001      	MOVF        R1, 0 
0x098E	0x222E      	ADDWFC      _somaMedia+1, 1 
0x0990	0x0E00      	MOVLW       0
0x0992	0x222F      	ADDWFC      _somaMedia+2, 1 
0x0994	0x2230      	ADDWFC      _somaMedia+3, 1 
;Termometro_LCD.c,55 :: 		contaMedidas++;
0x0996	0x4A31      	INFSNZ      _contaMedidas, 1 
0x0998	0x2A32      	INCF        _contaMedidas+1, 1 
;Termometro_LCD.c,57 :: 		if(contaMedidas >= 100){
0x099A	0x0E80      	MOVLW       128
0x099C	0x1832      	XORWF       _contaMedidas+1, 0 
0x099E	0x6E00      	MOVWF       R0 
0x09A0	0x0E80      	MOVLW       128
0x09A2	0x5C00      	SUBWF       R0, 0 
0x09A4	0xE102      	BNZ         L__main22
0x09A6	0x0E64      	MOVLW       100
0x09A8	0x5C31      	SUBWF       _contaMedidas, 0 
L__main22:
0x09AA	0xE334      	BNC         L_main5
;Termometro_LCD.c,58 :: 		valorMedio = somaMedia / contaMedidas;
0x09AC	0xF004C031  	MOVFF       _contaMedidas, R4
0x09B0	0xF005C032  	MOVFF       _contaMedidas+1, R5
0x09B4	0x0E00      	MOVLW       0
0x09B6	0xBE32      	BTFSC       _contaMedidas+1, 7 
0x09B8	0x0EFF      	MOVLW       255
0x09BA	0x6E06      	MOVWF       R6 
0x09BC	0x6E07      	MOVWF       R7 
0x09BE	0xF000C02D  	MOVFF       _somaMedia, R0
0x09C2	0xF001C02E  	MOVFF       _somaMedia+1, R1
0x09C6	0xF002C02F  	MOVFF       _somaMedia+2, R2
0x09CA	0xF003C030  	MOVFF       _somaMedia+3, R3
0x09CE	0xDEA5      	RCALL       _Div_32x32_S
0x09D0	0xF033C000  	MOVFF       R0, _valorMedio
0x09D4	0xF034C001  	MOVFF       R1, _valorMedio+1
;Termometro_LCD.c,59 :: 		contaMedidas = 0;
0x09D8	0x6A31      	CLRF        _contaMedidas 
0x09DA	0x6A32      	CLRF        _contaMedidas+1 
;Termometro_LCD.c,60 :: 		somaMedia = 0;
0x09DC	0x6A2D      	CLRF        _somaMedia 
0x09DE	0x6A2E      	CLRF        _somaMedia+1 
0x09E0	0x6A2F      	CLRF        _somaMedia+2 
0x09E2	0x6A30      	CLRF        _somaMedia+3 
;Termometro_LCD.c,61 :: 		IntToStr(valorMedio,txt);
0x09E4	0xF081C000  	MOVFF       R0, FARG_IntToStr_input
0x09E8	0xF082C001  	MOVFF       R1, FARG_IntToStr_input+1
0x09EC	0x0E3A      	MOVLW       _txt
0x09EE	0x0100      	MOVLB       0
0x09F0	0x6F83      	MOVWF       FARG_IntToStr_output, 1
0x09F2	0x0E00      	MOVLW       hi_addr(_txt)
0x09F4	0x6F84      	MOVWF       FARG_IntToStr_output+1, 1
0x09F6	0xDF3E      	RCALL       _IntToStr
;Termometro_LCD.c,62 :: 		Lcd_Out(2,1,"ADC0=");
0x09F8	0x0E02      	MOVLW       2
0x09FA	0x6F81      	MOVWF       FARG_Lcd_Out_row, 1
0x09FC	0x0E01      	MOVLW       1
0x09FE	0x6F82      	MOVWF       FARG_Lcd_Out_column, 1
0x0A00	0x0E27      	MOVLW       ?lstr1_Termometro_LCD
0x0A02	0x6F83      	MOVWF       FARG_Lcd_Out_text, 1
0x0A04	0x0E00      	MOVLW       hi_addr(?lstr1_Termometro_LCD)
0x0A06	0x6F84      	MOVWF       FARG_Lcd_Out_text+1, 1
0x0A08	0xDE49      	RCALL       _Lcd_Out
;Termometro_LCD.c,63 :: 		Lcd_Out_CP(txt);
0x0A0A	0x0E3A      	MOVLW       _txt
0x0A0C	0x6F81      	MOVWF       FARG_Lcd_Out_CP_text, 1
0x0A0E	0x0E00      	MOVLW       hi_addr(_txt)
0x0A10	0x6F82      	MOVWF       FARG_Lcd_Out_CP_text+1, 1
0x0A12	0xDDF3      	RCALL       _Lcd_Out_CP
;Termometro_LCD.c,64 :: 		}
L_main5:
;Termometro_LCD.c,72 :: 		if(rb0_bit ==0 ){
0x0A14	0xB081      	BTFSC       RB0_bit, BitPos(RB0_bit+0) 
0x0A16	0xD024      	BRA         L_main6
;Termometro_LCD.c,73 :: 		while(rb0_bit ==0) Delay_ms(100);
L_main7:
0x0A18	0xB081      	BTFSC       RB0_bit, BitPos(RB0_bit+0) 
0x0A1A	0xD00F      	BRA         L_main8
0x0A1C	0x0E03      	MOVLW       3
0x0A1E	0x6E0B      	MOVWF       R11, 0
0x0A20	0x0E8A      	MOVLW       138
0x0A22	0x6E0C      	MOVWF       R12, 0
0x0A24	0x0E55      	MOVLW       85
0x0A26	0x6E0D      	MOVWF       R13, 0
L_main9:
0x0A28	0x2E0D      	DECFSZ      R13, 1, 0
0x0A2A	0xD7FE      	BRA         L_main9
0x0A2C	0x2E0C      	DECFSZ      R12, 1, 0
0x0A2E	0xD7FC      	BRA         L_main9
0x0A30	0x2E0B      	DECFSZ      R11, 1, 0
0x0A32	0xD7FA      	BRA         L_main9
0x0A34	0x0000      	NOP
0x0A36	0x0000      	NOP
0x0A38	0xD7EF      	BRA         L_main7
L_main8:
0x0A3A	0x0100      	MOVLB       0
;Termometro_LCD.c,74 :: 		conta++;
0x0A3C	0x4A25      	INFSNZ      _conta, 1 
0x0A3E	0x2A26      	INCF        _conta+1, 1 
;Termometro_LCD.c,75 :: 		vetor[0] = conta;
0x0A40	0xF041C025  	MOVFF       _conta, _vetor
0x0A44	0xF042C026  	MOVFF       _conta+1, _vetor+1
;Termometro_LCD.c,76 :: 		FLASH_Erase_Write_64(0x7f00,vetor);
0x0A48	0x0E00      	MOVLW       0
0x0A4A	0x6F81      	MOVWF       FARG_FLASH_Erase_Write_64_address, 1
0x0A4C	0x0E7F      	MOVLW       127
0x0A4E	0x6F82      	MOVWF       FARG_FLASH_Erase_Write_64_address+1, 1
0x0A50	0x0E00      	MOVLW       0
0x0A52	0x6F83      	MOVWF       FARG_FLASH_Erase_Write_64_address+2, 1
0x0A54	0x6F84      	MOVWF       FARG_FLASH_Erase_Write_64_address+3, 1
0x0A56	0x0E41      	MOVLW       _vetor
0x0A58	0x6F85      	MOVWF       FARG_FLASH_Erase_Write_64_data_, 1
0x0A5A	0x0E00      	MOVLW       hi_addr(_vetor)
0x0A5C	0x6F86      	MOVWF       FARG_FLASH_Erase_Write_64_data_+1, 1
0x0A5E	0xDDE3      	RCALL       _FLASH_Erase_Write_64
;Termometro_LCD.c,77 :: 		}
L_main6:
;Termometro_LCD.c,78 :: 		if(rb1_bit ==0 ){
0x0A60	0xB281      	BTFSC       RB1_bit, BitPos(RB1_bit+0) 
0x0A62	0xD026      	BRA         L_main10
;Termometro_LCD.c,79 :: 		while(rb1_bit ==0) Delay_ms(100);
L_main11:
0x0A64	0xB281      	BTFSC       RB1_bit, BitPos(RB1_bit+0) 
0x0A66	0xD00F      	BRA         L_main12
0x0A68	0x0E03      	MOVLW       3
0x0A6A	0x6E0B      	MOVWF       R11, 0
0x0A6C	0x0E8A      	MOVLW       138
0x0A6E	0x6E0C      	MOVWF       R12, 0
0x0A70	0x0E55      	MOVLW       85
0x0A72	0x6E0D      	MOVWF       R13, 0
L_main13:
0x0A74	0x2E0D      	DECFSZ      R13, 1, 0
0x0A76	0xD7FE      	BRA         L_main13
0x0A78	0x2E0C      	DECFSZ      R12, 1, 0
0x0A7A	0xD7FC      	BRA         L_main13
0x0A7C	0x2E0B      	DECFSZ      R11, 1, 0
0x0A7E	0xD7FA      	BRA         L_main13
0x0A80	0x0000      	NOP
0x0A82	0x0000      	NOP
0x0A84	0xD7EF      	BRA         L_main11
L_main12:
;Termometro_LCD.c,80 :: 		conta--;
0x0A86	0x0E01      	MOVLW       1
0x0A88	0x5E25      	SUBWF       _conta, 1 
0x0A8A	0x0E00      	MOVLW       0
0x0A8C	0x5A26      	SUBWFB      _conta+1, 1 
;Termometro_LCD.c,81 :: 		vetor[0] = conta;
0x0A8E	0xF041C025  	MOVFF       _conta, _vetor
0x0A92	0xF042C026  	MOVFF       _conta+1, _vetor+1
;Termometro_LCD.c,82 :: 		FLASH_Erase_Write_64(0x7f00,vetor);
0x0A96	0x0E00      	MOVLW       0
0x0A98	0x0100      	MOVLB       0
0x0A9A	0x6F81      	MOVWF       FARG_FLASH_Erase_Write_64_address, 1
0x0A9C	0x0E7F      	MOVLW       127
0x0A9E	0x6F82      	MOVWF       FARG_FLASH_Erase_Write_64_address+1, 1
0x0AA0	0x0E00      	MOVLW       0
0x0AA2	0x6F83      	MOVWF       FARG_FLASH_Erase_Write_64_address+2, 1
0x0AA4	0x6F84      	MOVWF       FARG_FLASH_Erase_Write_64_address+3, 1
0x0AA6	0x0E41      	MOVLW       _vetor
0x0AA8	0x6F85      	MOVWF       FARG_FLASH_Erase_Write_64_data_, 1
0x0AAA	0x0E00      	MOVLW       hi_addr(_vetor)
0x0AAC	0x6F86      	MOVWF       FARG_FLASH_Erase_Write_64_data_+1, 1
0x0AAE	0xDDBB      	RCALL       _FLASH_Erase_Write_64
;Termometro_LCD.c,83 :: 		}
L_main10:
;Termometro_LCD.c,84 :: 		if(rb2_bit ==0 ){
0x0AB0	0xB481      	BTFSC       RB2_bit, BitPos(RB2_bit+0) 
0x0AB2	0xD022      	BRA         L_main14
;Termometro_LCD.c,85 :: 		while(rb2_bit ==0) Delay_ms(100);
L_main15:
0x0AB4	0xB481      	BTFSC       RB2_bit, BitPos(RB2_bit+0) 
0x0AB6	0xD00F      	BRA         L_main16
0x0AB8	0x0E03      	MOVLW       3
0x0ABA	0x6E0B      	MOVWF       R11, 0
0x0ABC	0x0E8A      	MOVLW       138
0x0ABE	0x6E0C      	MOVWF       R12, 0
0x0AC0	0x0E55      	MOVLW       85
0x0AC2	0x6E0D      	MOVWF       R13, 0
L_main17:
0x0AC4	0x2E0D      	DECFSZ      R13, 1, 0
0x0AC6	0xD7FE      	BRA         L_main17
0x0AC8	0x2E0C      	DECFSZ      R12, 1, 0
0x0ACA	0xD7FC      	BRA         L_main17
0x0ACC	0x2E0B      	DECFSZ      R11, 1, 0
0x0ACE	0xD7FA      	BRA         L_main17
0x0AD0	0x0000      	NOP
0x0AD2	0x0000      	NOP
0x0AD4	0xD7EF      	BRA         L_main15
L_main16:
;Termometro_LCD.c,87 :: 		conta = 0;
0x0AD6	0x6A25      	CLRF        _conta 
0x0AD8	0x6A26      	CLRF        _conta+1 
;Termometro_LCD.c,88 :: 		vetor[0]= conta;
0x0ADA	0x6A41      	CLRF        _vetor 
0x0ADC	0x6A42      	CLRF        _vetor+1 
;Termometro_LCD.c,89 :: 		FLASH_Erase_Write_64(0x7f00,vetor);
0x0ADE	0x0E00      	MOVLW       0
0x0AE0	0x0100      	MOVLB       0
0x0AE2	0x6F81      	MOVWF       FARG_FLASH_Erase_Write_64_address, 1
0x0AE4	0x0E7F      	MOVLW       127
0x0AE6	0x6F82      	MOVWF       FARG_FLASH_Erase_Write_64_address+1, 1
0x0AE8	0x0E00      	MOVLW       0
0x0AEA	0x6F83      	MOVWF       FARG_FLASH_Erase_Write_64_address+2, 1
0x0AEC	0x6F84      	MOVWF       FARG_FLASH_Erase_Write_64_address+3, 1
0x0AEE	0x0E41      	MOVLW       _vetor
0x0AF0	0x6F85      	MOVWF       FARG_FLASH_Erase_Write_64_data_, 1
0x0AF2	0x0E00      	MOVLW       hi_addr(_vetor)
0x0AF4	0x6F86      	MOVWF       FARG_FLASH_Erase_Write_64_data_+1, 1
0x0AF6	0xDD97      	RCALL       _FLASH_Erase_Write_64
;Termometro_LCD.c,90 :: 		}
L_main14:
;Termometro_LCD.c,91 :: 		lcd_out(1,1,"Conta=");
0x0AF8	0x0E01      	MOVLW       1
0x0AFA	0x0100      	MOVLB       0
0x0AFC	0x6F81      	MOVWF       FARG_Lcd_Out_row, 1
0x0AFE	0x0E01      	MOVLW       1
0x0B00	0x6F82      	MOVWF       FARG_Lcd_Out_column, 1
0x0B02	0x0E1D      	MOVLW       ?lstr2_Termometro_LCD
0x0B04	0x6F83      	MOVWF       FARG_Lcd_Out_text, 1
0x0B06	0x0E00      	MOVLW       hi_addr(?lstr2_Termometro_LCD)
0x0B08	0x6F84      	MOVWF       FARG_Lcd_Out_text+1, 1
0x0B0A	0xDDC8      	RCALL       _Lcd_Out
;Termometro_LCD.c,92 :: 		IntToStr(conta,txt);
0x0B0C	0xF081C025  	MOVFF       _conta, FARG_IntToStr_input
0x0B10	0xF082C026  	MOVFF       _conta+1, FARG_IntToStr_input+1
0x0B14	0x0E3A      	MOVLW       _txt
0x0B16	0x6F83      	MOVWF       FARG_IntToStr_output, 1
0x0B18	0x0E00      	MOVLW       hi_addr(_txt)
0x0B1A	0x6F84      	MOVWF       FARG_IntToStr_output+1, 1
0x0B1C	0xDEAB      	RCALL       _IntToStr
;Termometro_LCD.c,93 :: 		Lcd_Out_CP(txt);
0x0B1E	0x0E3A      	MOVLW       _txt
0x0B20	0x6F81      	MOVWF       FARG_Lcd_Out_CP_text, 1
0x0B22	0x0E00      	MOVLW       hi_addr(_txt)
0x0B24	0x6F82      	MOVWF       FARG_Lcd_Out_CP_text+1, 1
0x0B26	0xDD69      	RCALL       _Lcd_Out_CP
;Termometro_LCD.c,94 :: 		lcd_out(2,1,"Temp=");
0x0B28	0x0E02      	MOVLW       2
0x0B2A	0x6F81      	MOVWF       FARG_Lcd_Out_row, 1
0x0B2C	0x0E01      	MOVLW       1
0x0B2E	0x6F82      	MOVWF       FARG_Lcd_Out_column, 1
0x0B30	0x0E17      	MOVLW       ?lstr3_Termometro_LCD
0x0B32	0x6F83      	MOVWF       FARG_Lcd_Out_text, 1
0x0B34	0x0E00      	MOVLW       hi_addr(?lstr3_Termometro_LCD)
0x0B36	0x6F84      	MOVWF       FARG_Lcd_Out_text+1, 1
0x0B38	0xDDB1      	RCALL       _Lcd_Out
;Termometro_LCD.c,95 :: 		inttostr(valorMedio,txt);
0x0B3A	0xF081C033  	MOVFF       _valorMedio, FARG_IntToStr_input
0x0B3E	0xF082C034  	MOVFF       _valorMedio+1, FARG_IntToStr_input+1
0x0B42	0x0E3A      	MOVLW       _txt
0x0B44	0x6F83      	MOVWF       FARG_IntToStr_output, 1
0x0B46	0x0E00      	MOVLW       hi_addr(_txt)
0x0B48	0x6F84      	MOVWF       FARG_IntToStr_output+1, 1
0x0B4A	0xDE94      	RCALL       _IntToStr
;Termometro_LCD.c,96 :: 		lcd_out_cp(txt);
0x0B4C	0x0E3A      	MOVLW       _txt
0x0B4E	0x6F81      	MOVWF       FARG_Lcd_Out_CP_text, 1
0x0B50	0x0E00      	MOVLW       hi_addr(_txt)
0x0B52	0x6F82      	MOVWF       FARG_Lcd_Out_CP_text+1, 1
0x0B54	0xDD52      	RCALL       _Lcd_Out_CP
;Termometro_LCD.c,97 :: 		CustomChar(2,15);
0x0B56	0x0E02      	MOVLW       2
0x0B58	0x6F81      	MOVWF       FARG_CustomChar_pos_row, 1
0x0B5A	0x0E0F      	MOVLW       15
0x0B5C	0x6F82      	MOVWF       FARG_CustomChar_pos_char, 1
0x0B5E	0xDC8A      	RCALL       _CustomChar
;Termometro_LCD.c,98 :: 		lcd_out_cp("C");
0x0B60	0x0E15      	MOVLW       ?lstr4_Termometro_LCD
0x0B62	0x6F81      	MOVWF       FARG_Lcd_Out_CP_text, 1
0x0B64	0x0E00      	MOVLW       hi_addr(?lstr4_Termometro_LCD)
0x0B66	0x6F82      	MOVWF       FARG_Lcd_Out_CP_text+1, 1
0x0B68	0xDD48      	RCALL       _Lcd_Out_CP
;Termometro_LCD.c,99 :: 		if(valorMedio > conta){
0x0B6A	0x0E80      	MOVLW       128
0x0B6C	0x1826      	XORWF       _conta+1, 0 
0x0B6E	0x6E00      	MOVWF       R0 
0x0B70	0x0E80      	MOVLW       128
0x0B72	0x1834      	XORWF       _valorMedio+1, 0 
0x0B74	0x5C00      	SUBWF       R0, 0 
0x0B76	0xE102      	BNZ         L__main23
0x0B78	0x5033      	MOVF        _valorMedio, 0 
0x0B7A	0x5C25      	SUBWF       _conta, 0 
L__main23:
0x0B7C	0xE202      	BC          L_main18
;Termometro_LCD.c,100 :: 		rc0_bit = 1;
0x0B7E	0x8082      	BSF         RC0_bit, BitPos(RC0_bit+0) 
;Termometro_LCD.c,101 :: 		}else{
0x0B80	0xD001      	BRA         L_main19
L_main18:
;Termometro_LCD.c,102 :: 		rc0_bit = 0;
0x0B82	0x9082      	BCF         RC0_bit, BitPos(RC0_bit+0) 
;Termometro_LCD.c,103 :: 		}
L_main19:
;Termometro_LCD.c,104 :: 		}
0x0B84	0xD6FE      	BRA         L_main3
;Termometro_LCD.c,105 :: 		}
L_end_main:
0x0B86	0xD7FF      	BRA         $+0
; end of _main
0x0BB0	0xF015EE10  	LFSR        1, 21
0x0BB4	0x0E20      	MOVLW       32
0x0BB6	0x6E00      	MOVWF       R0 
0x0BB8	0x0E01      	MOVLW       1
0x0BBA	0x6E01      	MOVWF       R1 
0x0BBC	0x0E88      	MOVLW       136
0x0BBE	0x6EF6      	MOVWF       TBLPTR 
0x0BC0	0x0E0B      	MOVLW       11
0x0BC2	0x6EF7      	MOVWF       TBLPTRH 
0x0BC4	0x0E00      	MOVLW       0
0x0BC6	0x6EF8      	MOVWF       TBLPTRU 
0x0BC8	0xF002EC5D  	CALL        1210, 0
0x0BCC	0x0012      	RETURN      0
;Termometro_LCD.c,0 :: ?ICS?lstr4_Termometro_LCD
0x0B88	0x0043 ;?ICS?lstr4_Termometro_LCD+0
; end of ?ICS?lstr4_Termometro_LCD
;Termometro_LCD.c,0 :: ?ICS?lstr3_Termometro_LCD
0x0B8A	0x6554 ;?ICS?lstr3_Termometro_LCD+0
0x0B8C	0x706D ;?ICS?lstr3_Termometro_LCD+2
0x0B8E	0x003D ;?ICS?lstr3_Termometro_LCD+4
; end of ?ICS?lstr3_Termometro_LCD
;Termometro_LCD.c,0 :: ?ICS?lstr2_Termometro_LCD
0x0B90	0x6F43 ;?ICS?lstr2_Termometro_LCD+0
0x0B92	0x746E ;?ICS?lstr2_Termometro_LCD+2
0x0B94	0x3D61 ;?ICS?lstr2_Termometro_LCD+4
0x0B96	0x00 ;?ICS?lstr2_Termometro_LCD+6
; end of ?ICS?lstr2_Termometro_LCD
;__Lib_ADC_A_D.c,0 :: ?ICS_vref_mask
0x0B97	0x30 ;?ICS_vref_mask+0
; end of ?ICS_vref_mask
;Termometro_LCD.c,0 :: ?ICS_conta
0x0B98	0x0000 ;?ICS_conta+0
; end of ?ICS_conta
;Termometro_LCD.c,0 :: ?ICS?lstr1_Termometro_LCD
0x0B9A	0x4441 ;?ICS?lstr1_Termometro_LCD+0
0x0B9C	0x3043 ;?ICS?lstr1_Termometro_LCD+2
0x0B9E	0x003D ;?ICS?lstr1_Termometro_LCD+4
; end of ?ICS?lstr1_Termometro_LCD
;Termometro_LCD.c,0 :: ?ICS_somaMedia
0x0BA0	0x0000 ;?ICS_somaMedia+0
0x0BA2	0x0000 ;?ICS_somaMedia+2
; end of ?ICS_somaMedia
;Termometro_LCD.c,0 :: ?ICS_contaMedidas
0x0BA4	0x0000 ;?ICS_contaMedidas+0
; end of ?ICS_contaMedidas
;Termometro_LCD.c,0 :: ?ICS_valorMedio
0x0BA6	0x0000 ;?ICS_valorMedio+0
; end of ?ICS_valorMedio
;Termometro_LCD.c,30 :: _character
0x0BA8	0x0507 ;_character+0
0x0BAA	0x0007 ;_character+2
0x0BAC	0x0000 ;_character+4
0x0BAE	0x0000 ;_character+6
; end of _character
Symbol List:
//** Routines locations **
//ADDRESS    SIZE    PROCEDURE
//----------------------------------------------
0x001C      [10]    _Delay_50us
0x0026      [22]    _Delay_5500us
0x003C      [12]    _Delay_1us
0x0048     [126]    _Lcd_Cmd
0x00C6      [54]    _Div_16X16_U
0x00FC      [12]    _Delay_22us
0x0108     [146]    _WordToStr
0x019A      [24]    _COMFREM
0x01B2     [600]    _SDIV3232L
0x040A      [12]    _Lcd_Chr_CP
0x0416      [94]    _Lcd_Chr
0x0474      [70]    _CustomChar
0x04BA      [16]    ___CC2DW
0x04CA      [62]    _ADC_Read
0x0508     [150]    _Lcd_Init
0x059E      [36]    _ADC_Init
0x05C2      [20]    _FLASH_Read
0x05D6      [36]    _setupInicial
0x05FA      [44]    _Lcd_Out_CP
0x0626     [118]    _FLASH_Erase_Write_64
0x069C     [126]    _Lcd_Out
0x071A     [346]    _Div_32x32_S
0x0874     [218]    _IntToStr
0x094E     [570]    _main
//** Variables locations ** 
//ADDRESS    SIZE    VARIABLE
//----------------------------------------------
0x0000       [1]    R0
0x0000       [1]    FLASH_Erase_64_SaveINTCON_L0
0x0001       [1]    __Lib_Conversions_Adjust_Hex_tmp_L0
0x0001       [1]    FLASH_Write_32_i_L0
0x0001       [1]    FLASH_Erase_Write_64_i_L0
0x0001       [1]    R1
0x0001       [2]    FLASH_Read_N_Bytes_i_L0
0x0002       [2]    strlen_cp_L0
0x0002       [2]    memset_pp_L0
0x0002       [2]    memcpy_dd_L0
0x0002       [1]    R2
0x0002       [2]    memchr_s_L0
0x0002       [1]    FLASH_Erase_Write_64_j_L0
0x0002       [1]    FLASH_Write_32_SaveINTCON_L0
0x0003       [1]    FLASH_Erase_Write_64_SaveINTCON_L0
0x0003       [1]    R3
0x0003       [2]    Ltrim_original_L0
0x0003       [2]    memmove_tt_L0
0x0004       [2]    strcpy_cp_L0
0x0004       [2]    memcpy_ss_L0
0x0004       [1]    R4
0x0004       [2]    strcat_cp_L0
0x0004       [2]    strncat_cp_L0
0x0004       [2]    strncpy_cp_L0
0x0005       [2]    LongWordToHex_input_half_L0
0x0005       [2]    LongIntToHex_input_half_L0
0x0005       [1]    R5
0x0005       [2]    Ltrim_p_L0
0x0005       [2]    memmove_ff_L0
0x0006       [1]    R6
0x0007       [1]    R7
0x0008       [1]    R8
0x0009       [1]    R9
0x000A       [1]    R10
0x000B       [1]    R11
0x000C       [1]    R12
0x000D       [1]    R13
0x000E       [1]    R14
0x000F       [1]    R15
0x0010       [1]    R16
0x0011       [1]    R17
0x0012       [1]    R18
0x0013       [1]    R19
0x0014       [1]    R20
0x0015       [2]    ?lstr4_Termometro_LCD
0x0017       [6]    ?lstr3_Termometro_LCD
0x001D       [7]    ?lstr2_Termometro_LCD
0x0024       [1]    _vref_mask
0x0025       [2]    _conta
0x0027       [6]    ?lstr1_Termometro_LCD
0x002D       [4]    _somaMedia
0x0031       [2]    _contaMedidas
0x0033       [2]    _valorMedio
0x0035       [0]    __Lib_Lcd_cmd_status
0x0036       [4]    _ADC_Get_Sample_Ptr
0x003A       [7]    _txt
0x0041      [64]    _vetor
0x0081       [4]    FARG_FLASH_Read_address
0x0081       [1]    FARG_ADC_Read_channel
0x0081       [2]    FARG_IntToStr_input
0x0081       [1]    FARG_Lcd_Out_row
0x0081       [1]    FARG_CustomChar_pos_row
0x0081       [4]    FARG_FLASH_Erase_Write_64_address
0x0081       [2]    FARG_Lcd_Out_CP_text
0x0082       [1]    FARG_Lcd_Out_column
0x0082       [1]    FARG_CustomChar_pos_char
0x0083       [2]    FARG_Lcd_Out_text
0x0083       [2]    FARG_IntToStr_output
0x0083       [1]    CustomChar_i_L0
0x0083       [1]    Lcd_Out_CP_i_L0
0x0085       [2]    IntToStr_i_L0
0x0085       [2]    FARG_FLASH_Erase_Write_64_data_
0x0085       [1]    Lcd_Out_i_L0
0x0087       [2]    IntToStr_negative_L0
0x0089       [2]    IntToStr_inword_L0
0x008B       [1]    FARG_Lcd_Chr_row
0x008B       [1]    FARG_Lcd_Chr_CP_out_char
0x008B       [2]    FARG_WordToStr_input
0x008C       [1]    FARG_Lcd_Chr_column
0x008D       [2]    FARG_WordToStr_output
0x008D       [1]    FARG_Lcd_Chr_out_char
0x008F       [1]    WordToStr_len_L0
0x0090       [2]    FLOC__WordToStr
0x0092       [1]    FARG_Lcd_Cmd_out_char
0x0F80       [1]    PORTA
0x0F81       [1]    PORTB
0x0F81       [0]    RB6_bit
0x0F81       [0]    LCD_D6
0x0F81       [0]    LCD_D7
0x0F81       [0]    RB1_bit
0x0F81       [0]    RB0_bit
0x0F81       [0]    RB2_bit
0x0F81       [0]    RB7_bit
0x0F81       [0]    RB4_bit
0x0F81       [0]    RB5_bit
0x0F81       [0]    LCD_D5
0x0F81       [0]    LCD_D4
0x0F82       [0]    RC0_bit
0x0F82       [1]    PORTC
0x0F83       [1]    PORTD
0x0F84       [0]    RE1_bit
0x0F84       [0]    RE0_bit
0x0F84       [0]    LCD_RS
0x0F84       [1]    PORTE
0x0F84       [0]    LCD_EN
0x0F92       [1]    TRISA
0x0F93       [0]    LCD_D7_Direction
0x0F93       [1]    TRISB
0x0F93       [0]    TRISB6_bit
0x0F93       [0]    LCD_D5_Direction
0x0F93       [0]    LCD_D6_Direction
0x0F93       [0]    TRISB7_bit
0x0F93       [0]    LCD_D4_Direction
0x0F93       [0]    TRISB4_bit
0x0F93       [0]    TRISB5_bit
0x0F94       [1]    TRISC
0x0F95       [1]    TRISD
0x0F96       [1]    TRISE
0x0F96       [0]    LCD_RS_Direction
0x0F96       [0]    TRISE1_bit
0x0F96       [0]    TRISE0_bit
0x0F96       [0]    LCD_EN_Direction
0x0FA6       [1]    EECON1
0x0FA7       [1]    EECON2
0x0FB4       [1]    CMCON
0x0FC0       [1]    ADCON2
0x0FC1       [1]    ADCON1
0x0FC2       [1]    ADCON0
0x0FC3       [1]    ADRESL
0x0FC4       [1]    ADRESH
0x0FD8       [1]    STATUS
0x0FD9       [1]    FSR2L
0x0FDA       [1]    FSR2H
0x0FDE       [1]    POSTINC2
0x0FE0       [1]    BSR
0x0FE1       [1]    FSR1L
0x0FE2       [1]    FSR1H
0x0FE4       [1]    PREINC1
0x0FE6       [1]    POSTINC1
0x0FE7       [1]    INDF1
0x0FE8       [1]    WREG
0x0FE9       [1]    FSR0L
0x0FE9       [2]    FSR0
0x0FEA       [1]    FSR0H
0x0FEE       [1]    POSTINC0
0x0FF1       [1]    INTCON2
0x0FF2       [1]    INTCON
0x0FF3       [1]    PRODL
0x0FF4       [1]    PRODH
0x0FF5       [1]    TABLAT
0x0FF6       [3]    TBLPTR
0x0FF6       [1]    TBLPTRL
0x0FF7       [1]    TBLPTRH
0x0FF8       [1]    TBLPTRU
//** Constants locations ** 
//ADDRESS    SIZE    CONSTANT
//----------------------------------------------
0x0B88       [2]    ?ICS?lstr4_Termometro_LCD
0x0B8A       [6]    ?ICS?lstr3_Termometro_LCD
0x0B90       [7]    ?ICS?lstr2_Termometro_LCD
0x0B97       [1]    ?ICS_vref_mask
0x0B98       [2]    ?ICS_conta
0x0B9A       [6]    ?ICS?lstr1_Termometro_LCD
0x0BA0       [4]    ?ICS_somaMedia
0x0BA4       [2]    ?ICS_contaMedidas
0x0BA6       [2]    ?ICS_valorMedio
0x0BA8       [8]    _character
