;  LST file generated by mikroListExporter - v.2.0 
; Date/Time: 15/10/2024 21:32:40
;----------------------------------------------

;Address Opcode 	ASM
0x0000	0xF004EFCE  	GOTO        2460
0x0004	0x0000      	NOP
0x0006	0x0000      	NOP
0x0008	0xF000EF00  	GOTO        0
0x000C	0x0000      	NOP
0x000E	0x0000      	NOP
0x0010	0x0000      	NOP
0x0012	0x0000      	NOP
0x0014	0x0000      	NOP
0x0016	0x0000      	NOP
0x0018	0xD7F3      	BRA         0
_Delay_5500us:
;__Lib_Delays.c,31 :: 		void Delay_5500us() {
;__Lib_Delays.c,32 :: 		Delay_us(5500);
0x001C	0x0E0F      	MOVLW       15
0x001E	0x6E0C      	MOVWF       R12, 0
0x0020	0x0E47      	MOVLW       71
0x0022	0x6E0D      	MOVWF       R13, 0
L_Delay_5500us5:
0x0024	0x2E0D      	DECFSZ      R13, 1, 0
0x0026	0xD7FE      	BRA         L_Delay_5500us5
0x0028	0x2E0C      	DECFSZ      R12, 1, 0
0x002A	0xD7FC      	BRA         L_Delay_5500us5
0x002C	0x0000      	NOP
0x002E	0x0000      	NOP
;__Lib_Delays.c,33 :: 		}
L_end_Delay_5500us:
0x0030	0x0012      	RETURN      0
; end of _Delay_5500us
_Delay_1us:
;__Lib_Delays.c,7 :: 		void Delay_1us() {
;__Lib_Delays.c,8 :: 		Delay_us(1);
0x0032	0x0000      	NOP
0x0034	0x0000      	NOP
;__Lib_Delays.c,9 :: 		}
L_end_Delay_1us:
0x0036	0x0012      	RETURN      0
; end of _Delay_1us
_Delay_50us:
;__Lib_Delays.c,19 :: 		void Delay_50us() {
;__Lib_Delays.c,20 :: 		Delay_us(50);
0x0038	0x0E21      	MOVLW       33
0x003A	0x6E0D      	MOVWF       R13, 0
L_Delay_50us2:
0x003C	0x2E0D      	DECFSZ      R13, 1, 0
0x003E	0xD7FE      	BRA         L_Delay_50us2
;__Lib_Delays.c,21 :: 		}
L_end_Delay_50us:
0x0040	0x0012      	RETURN      0
; end of _Delay_50us
_Div_16X16_U:
;__Lib_Math.c,102 :: 		
;__Lib_Math.c,109 :: 		
0x0042	0x6A08      	CLRF        R8, 0
;__Lib_Math.c,110 :: 		
0x0044	0x6A09      	CLRF        R9, 0
;__Lib_Math.c,111 :: 		
0x0046	0x0E10      	MOVLW       16
;__Lib_Math.c,112 :: 		
0x0048	0x6E0C      	MOVWF       R12, 0
;__Lib_Math.c,113 :: 		
0x004A	0x3401      	RLCF        R1, 0, 0
;__Lib_Math.c,114 :: 		
0x004C	0x3608      	RLCF        R8, 1, 0
;__Lib_Math.c,115 :: 		
0x004E	0x3609      	RLCF        R9, 1, 0
;__Lib_Math.c,116 :: 		
0x0050	0x5004      	MOVF        R4, 0, 0
;__Lib_Math.c,117 :: 		
0x0052	0x5E08      	SUBWF       R8, 1, 0
;__Lib_Math.c,118 :: 		
0x0054	0x5005      	MOVF        R5, 0, 0
;__Lib_Math.c,119 :: 		
0x0056	0xA0D8      	BTFSS       STATUS, 0, 0
;__Lib_Math.c,120 :: 		
0x0058	0x3C05      	INCFSZ      R5, 0, 0
;__Lib_Math.c,121 :: 		
0x005A	0x5E09      	SUBWF       R9, 1, 0
;__Lib_Math.c,122 :: 		
0x005C	0xB0D8      	BTFSC       STATUS, 0, 0
;__Lib_Math.c,123 :: 		
0x005E	0xD007      	BRA         $+16
;__Lib_Math.c,124 :: 		
0x0060	0x5004      	MOVF        R4, 0, 0
;__Lib_Math.c,125 :: 		
0x0062	0x2608      	ADDWF       R8, 1, 0
;__Lib_Math.c,126 :: 		
0x0064	0x5005      	MOVF        R5, 0, 0
;__Lib_Math.c,127 :: 		
0x0066	0xB0D8      	BTFSC       STATUS, 0, 0
;__Lib_Math.c,128 :: 		
0x0068	0x3C05      	INCFSZ      R5, 0, 0
;__Lib_Math.c,129 :: 		
0x006A	0x2609      	ADDWF       R9, 1, 0
;__Lib_Math.c,130 :: 		
0x006C	0x90D8      	BCF         STATUS, 0, 0
;__Lib_Math.c,131 :: 		
0x006E	0x3600      	RLCF        R0, 1, 0
;__Lib_Math.c,132 :: 		
0x0070	0x3601      	RLCF        R1, 1, 0
;__Lib_Math.c,133 :: 		
0x0072	0x2E0C      	DECFSZ      R12, 1, 0
;__Lib_Math.c,134 :: 		
0x0074	0xD7EA      	BRA         $-42
;__Lib_Math.c,136 :: 		
L_end_Div_16X16_U:
0x0076	0x0012      	RETURN      0
; end of _Div_16X16_U
_Lcd_Cmd:
;__Lib_Lcd.c,18 :: 		
;__Lib_Lcd.c,20 :: 		
0x0078	0xBE63      	BTFSC       FARG_Lcd_Cmd_out_char, 7 
0x007A	0xD002      	BRA         L__Lcd_Cmd21
0x007C	0x9E83      	BCF         LCD_D7, BitPos(LCD_D7+0) 
0x007E	0xD001      	BRA         L__Lcd_Cmd22
L__Lcd_Cmd21:
0x0080	0x8E83      	BSF         LCD_D7, BitPos(LCD_D7+0) 
L__Lcd_Cmd22:
;__Lib_Lcd.c,21 :: 		
0x0082	0xBC63      	BTFSC       FARG_Lcd_Cmd_out_char, 6 
0x0084	0xD002      	BRA         L__Lcd_Cmd23
0x0086	0x9C83      	BCF         LCD_D6, BitPos(LCD_D6+0) 
0x0088	0xD001      	BRA         L__Lcd_Cmd24
L__Lcd_Cmd23:
0x008A	0x8C83      	BSF         LCD_D6, BitPos(LCD_D6+0) 
L__Lcd_Cmd24:
;__Lib_Lcd.c,22 :: 		
0x008C	0xBA63      	BTFSC       FARG_Lcd_Cmd_out_char, 5 
0x008E	0xD002      	BRA         L__Lcd_Cmd25
0x0090	0x9A83      	BCF         LCD_D5, BitPos(LCD_D5+0) 
0x0092	0xD001      	BRA         L__Lcd_Cmd26
L__Lcd_Cmd25:
0x0094	0x8A83      	BSF         LCD_D5, BitPos(LCD_D5+0) 
L__Lcd_Cmd26:
;__Lib_Lcd.c,23 :: 		
0x0096	0xB863      	BTFSC       FARG_Lcd_Cmd_out_char, 4 
0x0098	0xD002      	BRA         L__Lcd_Cmd27
0x009A	0x9883      	BCF         LCD_D4, BitPos(LCD_D4+0) 
0x009C	0xD001      	BRA         L__Lcd_Cmd28
L__Lcd_Cmd27:
0x009E	0x8883      	BSF         LCD_D4, BitPos(LCD_D4+0) 
L__Lcd_Cmd28:
;__Lib_Lcd.c,25 :: 		
0x00A0	0xB04D      	BTFSC       __Lib_Lcd_cmd_status, BitPos(__Lib_Lcd_cmd_status+0) 
0x00A2	0xD002      	BRA         L__Lcd_Cmd29
0x00A4	0x8084      	BSF         LCD_RS, BitPos(LCD_RS+0) 
0x00A6	0xD001      	BRA         L__Lcd_Cmd30
L__Lcd_Cmd29:
0x00A8	0x9084      	BCF         LCD_RS, BitPos(LCD_RS+0) 
L__Lcd_Cmd30:
;__Lib_Lcd.c,28 :: 		
0x00AA	0x8284      	BSF         LCD_EN, BitPos(LCD_EN+0) 
;__Lib_Lcd.c,29 :: 		
0x00AC	0xDFC2      	RCALL       _Delay_1us
;__Lib_Lcd.c,30 :: 		
0x00AE	0x9284      	BCF         LCD_EN, BitPos(LCD_EN+0) 
;__Lib_Lcd.c,33 :: 		
0x00B0	0xB663      	BTFSC       FARG_Lcd_Cmd_out_char, 3 
0x00B2	0xD002      	BRA         L__Lcd_Cmd31
0x00B4	0x9E83      	BCF         LCD_D7, BitPos(LCD_D7+0) 
0x00B6	0xD001      	BRA         L__Lcd_Cmd32
L__Lcd_Cmd31:
0x00B8	0x8E83      	BSF         LCD_D7, BitPos(LCD_D7+0) 
L__Lcd_Cmd32:
;__Lib_Lcd.c,34 :: 		
0x00BA	0xB463      	BTFSC       FARG_Lcd_Cmd_out_char, 2 
0x00BC	0xD002      	BRA         L__Lcd_Cmd33
0x00BE	0x9C83      	BCF         LCD_D6, BitPos(LCD_D6+0) 
0x00C0	0xD001      	BRA         L__Lcd_Cmd34
L__Lcd_Cmd33:
0x00C2	0x8C83      	BSF         LCD_D6, BitPos(LCD_D6+0) 
L__Lcd_Cmd34:
;__Lib_Lcd.c,35 :: 		
0x00C4	0xB263      	BTFSC       FARG_Lcd_Cmd_out_char, 1 
0x00C6	0xD002      	BRA         L__Lcd_Cmd35
0x00C8	0x9A83      	BCF         LCD_D5, BitPos(LCD_D5+0) 
0x00CA	0xD001      	BRA         L__Lcd_Cmd36
L__Lcd_Cmd35:
0x00CC	0x8A83      	BSF         LCD_D5, BitPos(LCD_D5+0) 
L__Lcd_Cmd36:
;__Lib_Lcd.c,36 :: 		
0x00CE	0xB063      	BTFSC       FARG_Lcd_Cmd_out_char, 0 
0x00D0	0xD002      	BRA         L__Lcd_Cmd37
0x00D2	0x9883      	BCF         LCD_D4, BitPos(LCD_D4+0) 
0x00D4	0xD001      	BRA         L__Lcd_Cmd38
L__Lcd_Cmd37:
0x00D6	0x8883      	BSF         LCD_D4, BitPos(LCD_D4+0) 
L__Lcd_Cmd38:
;__Lib_Lcd.c,38 :: 		
0x00D8	0xB04D      	BTFSC       __Lib_Lcd_cmd_status, BitPos(__Lib_Lcd_cmd_status+0) 
0x00DA	0xD002      	BRA         L__Lcd_Cmd39
0x00DC	0x8084      	BSF         LCD_RS, BitPos(LCD_RS+0) 
0x00DE	0xD001      	BRA         L__Lcd_Cmd40
L__Lcd_Cmd39:
0x00E0	0x9084      	BCF         LCD_RS, BitPos(LCD_RS+0) 
L__Lcd_Cmd40:
;__Lib_Lcd.c,40 :: 		
0x00E2	0x8284      	BSF         LCD_EN, BitPos(LCD_EN+0) 
;__Lib_Lcd.c,41 :: 		
0x00E4	0xDFA6      	RCALL       _Delay_1us
;__Lib_Lcd.c,42 :: 		
0x00E6	0x9284      	BCF         LCD_EN, BitPos(LCD_EN+0) 
;__Lib_Lcd.c,44 :: 		
0x00E8	0xA04D      	BTFSS       __Lib_Lcd_cmd_status, BitPos(__Lib_Lcd_cmd_status+0) 
0x00EA	0xD002      	BRA         L_Lcd_Cmd0
;__Lib_Lcd.c,45 :: 		
0x00EC	0xDF97      	RCALL       _Delay_5500us
0x00EE	0xD001      	BRA         L_Lcd_Cmd1
L_Lcd_Cmd0:
;__Lib_Lcd.c,47 :: 		
0x00F0	0xDFA3      	RCALL       _Delay_50us
L_Lcd_Cmd1:
;__Lib_Lcd.c,48 :: 		
L_end_Lcd_Cmd:
0x00F2	0x0012      	RETURN      0
; end of _Lcd_Cmd
_Delay_22us:
;__Lib_Delays.c,15 :: 		void Delay_22us() {
;__Lib_Delays.c,16 :: 		Delay_us(22);
0x00F4	0x0E0E      	MOVLW       14
0x00F6	0x6E0D      	MOVWF       R13, 0
L_Delay_22us1:
0x00F8	0x2E0D      	DECFSZ      R13, 1, 0
0x00FA	0xD7FE      	BRA         L_Delay_22us1
0x00FC	0x0000      	NOP
;__Lib_Delays.c,17 :: 		}
L_end_Delay_22us:
0x00FE	0x0012      	RETURN      0
; end of _Delay_22us
_ADC_Init:
;__Lib_ADC_A_D.c,13 :: 		
;__Lib_ADC_A_D.c,14 :: 		
0x0100	0x0EFF      	MOVLW       _ADC_Get_Sample
0x0102	0x6E4E      	MOVWF       _ADC_Get_Sample_Ptr 
0x0104	0x0EFF      	MOVLW       hi_addr(_ADC_Get_Sample)
0x0106	0x6E4F      	MOVWF       _ADC_Get_Sample_Ptr+1 
0x0108	0x0EFF      	MOVLW       FARG_ADC_Get_Sample_channel
0x010A	0x6E50      	MOVWF       _ADC_Get_Sample_Ptr+2 
0x010C	0x0EFF      	MOVLW       hi_addr(FARG_ADC_Get_Sample_channel)
0x010E	0x6E51      	MOVWF       _ADC_Get_Sample_Ptr+3 
;__Lib_ADC_A_D.c,16 :: 		
0x0110	0x6AC2      	CLRF        ADCON0 
;__Lib_ADC_A_D.c,17 :: 		
0x0112	0x1C3B      	COMF        _vref_mask, 0 
0x0114	0x6E00      	MOVWF       R0 
0x0116	0x5000      	MOVF        R0, 0 
0x0118	0x16C1      	ANDWF       ADCON1, 1 
;__Lib_ADC_A_D.c,18 :: 		
0x011A	0x0E07      	MOVLW       7
0x011C	0x12C0      	IORWF       ADCON2, 1 
;__Lib_ADC_A_D.c,19 :: 		
0x011E	0x8EC0      	BSF         ADCON2, 7 
;__Lib_ADC_A_D.c,20 :: 		
0x0120	0x80C2      	BSF         ADCON0, 0 
;__Lib_ADC_A_D.c,21 :: 		
L_end_ADC_Init:
0x0122	0x0012      	RETURN      0
; end of _ADC_Init
_Div_16x16_S_L:
;__Lib_Math.c,139 :: 		
;__Lib_Math.c,146 :: 		
0x0124	0x3401      	RLCF        R1, 0, 0
;__Lib_Math.c,147 :: 		
0x0126	0x3608      	RLCF        R8, 1, 0
;__Lib_Math.c,148 :: 		
0x0128	0x3609      	RLCF        R9, 1, 0
;__Lib_Math.c,149 :: 		
0x012A	0x5004      	MOVF        R4, 0, 0
;__Lib_Math.c,150 :: 		
0x012C	0x5E08      	SUBWF       R8, 1, 0
;__Lib_Math.c,151 :: 		
0x012E	0x5005      	MOVF        R5, 0, 0
;__Lib_Math.c,152 :: 		
0x0130	0xA0D8      	BTFSS       STATUS, 0, 0
;__Lib_Math.c,153 :: 		
0x0132	0x3C05      	INCFSZ      R5, 0, 0
;__Lib_Math.c,154 :: 		
0x0134	0x5E09      	SUBWF       R9, 1, 0
;__Lib_Math.c,155 :: 		
0x0136	0x3600      	RLCF        R0, 1, 0
;__Lib_Math.c,156 :: 		
0x0138	0x3601      	RLCF        R1, 1, 0
;__Lib_Math.c,158 :: 		
0x013A	0x0E0F      	MOVLW       15
;__Lib_Math.c,159 :: 		
0x013C	0x6E0C      	MOVWF       R12, 0
;__Lib_Math.c,161 :: 		
0x013E	0x3401      	RLCF        R1, 0, 0
;__Lib_Math.c,162 :: 		
0x0140	0x3608      	RLCF        R8, 1, 0
;__Lib_Math.c,163 :: 		
0x0142	0x3609      	RLCF        R9, 1, 0
;__Lib_Math.c,164 :: 		
0x0144	0x5004      	MOVF        R4, 0, 0
;__Lib_Math.c,166 :: 		
0x0146	0xA000      	BTFSS       R0, 0, 0
;__Lib_Math.c,167 :: 		
0x0148	0xD006      	BRA         $+14
;__Lib_Math.c,168 :: 		
0x014A	0x5E08      	SUBWF       R8, 1, 0
;__Lib_Math.c,169 :: 		
0x014C	0x5005      	MOVF        R5, 0, 0
;__Lib_Math.c,170 :: 		
0x014E	0xA0D8      	BTFSS       STATUS, 0, 0
;__Lib_Math.c,171 :: 		
0x0150	0x3C05      	INCFSZ      R5, 0, 0
;__Lib_Math.c,172 :: 		
0x0152	0x5E09      	SUBWF       R9, 1, 0
;__Lib_Math.c,173 :: 		
0x0154	0xD005      	BRA         $+12
;__Lib_Math.c,175 :: 		
0x0156	0x2608      	ADDWF       R8, 1, 0
;__Lib_Math.c,176 :: 		
0x0158	0x5005      	MOVF        R5, 0, 0
;__Lib_Math.c,177 :: 		
0x015A	0xB0D8      	BTFSC       STATUS, 0, 0
;__Lib_Math.c,178 :: 		
0x015C	0x3C05      	INCFSZ      R5, 0, 0
;__Lib_Math.c,179 :: 		
0x015E	0x2609      	ADDWF       R9, 1, 0
;__Lib_Math.c,181 :: 		
0x0160	0x3600      	RLCF        R0, 1, 0
;__Lib_Math.c,182 :: 		
0x0162	0x3601      	RLCF        R1, 1, 0
;__Lib_Math.c,184 :: 		
0x0164	0x2E0C      	DECFSZ      R12, 1, 0
;__Lib_Math.c,185 :: 		
0x0166	0xD7EB      	BRA         $-40
;__Lib_Math.c,187 :: 		
0x0168	0xB000      	BTFSC       R0, 0, 0
;__Lib_Math.c,188 :: 		
0x016A	0xD006      	BRA         $+14
;__Lib_Math.c,189 :: 		
0x016C	0x5004      	MOVF        R4, 0, 0
;__Lib_Math.c,190 :: 		
0x016E	0x2608      	ADDWF       R8, 1, 0
;__Lib_Math.c,191 :: 		
0x0170	0x5005      	MOVF        R5, 0, 0
;__Lib_Math.c,192 :: 		
0x0172	0xB0D8      	BTFSC       STATUS, 0, 0
;__Lib_Math.c,193 :: 		
0x0174	0x3C05      	INCFSZ      R5, 0, 0
;__Lib_Math.c,194 :: 		
0x0176	0x2609      	ADDWF       R9, 1, 0
;__Lib_Math.c,195 :: 		
0x0178	0x0000      	NOP
;__Lib_Math.c,197 :: 		
L_end_Div_16x16_S_L:
0x017A	0x0012      	RETURN      0
; end of _Div_16x16_S_L
_SDIV3232L:
;__Lib_Math.c,553 :: 		
;__Lib_Math.c,563 :: 		
0x017C	0x5004      	MOVF        R4, 0, 0
;__Lib_Math.c,564 :: 		
0x017E	0x5E08      	SUBWF       R8, 1, 0
;__Lib_Math.c,565 :: 		
0x0180	0x5005      	MOVF        R5, 0, 0
;__Lib_Math.c,566 :: 		
0x0182	0xA0D8      	BTFSS       STATUS, 0, 0
;__Lib_Math.c,567 :: 		
0x0184	0x3C05      	INCFSZ      R5, 0, 0
;__Lib_Math.c,568 :: 		
0x0186	0x5E09      	SUBWF       R9, 1, 0
;__Lib_Math.c,569 :: 		
0x0188	0x5006      	MOVF        R6, 0, 0
;__Lib_Math.c,570 :: 		
0x018A	0xA0D8      	BTFSS       STATUS, 0, 0
;__Lib_Math.c,571 :: 		
0x018C	0x3C06      	INCFSZ      R6, 0, 0
;__Lib_Math.c,572 :: 		
0x018E	0x5E0A      	SUBWF       R10, 1, 0
;__Lib_Math.c,573 :: 		
0x0190	0x5007      	MOVF        R7, 0, 0
;__Lib_Math.c,574 :: 		
0x0192	0xA0D8      	BTFSS       STATUS, 0, 0
;__Lib_Math.c,575 :: 		
0x0194	0x3C07      	INCFSZ      R7, 0, 0
;__Lib_Math.c,576 :: 		
0x0196	0x5E0B      	SUBWF       R11, 1, 0
;__Lib_Math.c,577 :: 		
0x0198	0x3603      	RLCF        R3, 1, 0
;__Lib_Math.c,579 :: 		
0x019A	0x0E07      	MOVLW       7
;__Lib_Math.c,580 :: 		
0x019C	0x6E0C      	MOVWF       R12, 0
;__Lib_Math.c,582 :: 		
LOOPS3232A:
;__Lib_Math.c,583 :: 		
0x019E	0x3403      	RLCF        R3, 0, 0
;__Lib_Math.c,584 :: 		
0x01A0	0x3608      	RLCF        R8, 1, 0
;__Lib_Math.c,585 :: 		
0x01A2	0x3609      	RLCF        R9, 1, 0
;__Lib_Math.c,586 :: 		
0x01A4	0x360A      	RLCF        R10, 1, 0
;__Lib_Math.c,587 :: 		
0x01A6	0x360B      	RLCF        R11, 1, 0
;__Lib_Math.c,588 :: 		
0x01A8	0x5004      	MOVF        R4, 0, 0
;__Lib_Math.c,589 :: 		
0x01AA	0xA003      	BTFSS       R3, 0, 0
;__Lib_Math.c,590 :: 		
0x01AC	0xD00E      	BRA         SADD22LA
;__Lib_Math.c,592 :: 		
0x01AE	0x5E08      	SUBWF       R8, 1, 0
;__Lib_Math.c,593 :: 		
0x01B0	0x5005      	MOVF        R5, 0, 0
;__Lib_Math.c,594 :: 		
0x01B2	0xA0D8      	BTFSS       STATUS, 0, 0
;__Lib_Math.c,595 :: 		
0x01B4	0x3C05      	INCFSZ      R5, 0, 0
;__Lib_Math.c,596 :: 		
0x01B6	0x5E09      	SUBWF       R9, 1, 0
;__Lib_Math.c,597 :: 		
0x01B8	0x5006      	MOVF        R6, 0, 0
;__Lib_Math.c,598 :: 		
0x01BA	0xA0D8      	BTFSS       STATUS, 0, 0
;__Lib_Math.c,599 :: 		
0x01BC	0x3C06      	INCFSZ      R6, 0, 0
;__Lib_Math.c,600 :: 		
0x01BE	0x5E0A      	SUBWF       R10, 1, 0
;__Lib_Math.c,601 :: 		
0x01C0	0x5007      	MOVF        R7, 0, 0
;__Lib_Math.c,602 :: 		
0x01C2	0xA0D8      	BTFSS       STATUS, 0, 0
;__Lib_Math.c,603 :: 		
0x01C4	0x3C07      	INCFSZ      R7, 0, 0
;__Lib_Math.c,604 :: 		
0x01C6	0x5E0B      	SUBWF       R11, 1, 0
;__Lib_Math.c,605 :: 		
0x01C8	0xD00D      	BRA         SOK22LA
;__Lib_Math.c,607 :: 		
SADD22LA:
;__Lib_Math.c,608 :: 		
0x01CA	0x2608      	ADDWF       R8, 1, 0
;__Lib_Math.c,609 :: 		
0x01CC	0x5005      	MOVF        R5, 0, 0
;__Lib_Math.c,610 :: 		
0x01CE	0xB0D8      	BTFSC       STATUS, 0, 0
;__Lib_Math.c,611 :: 		
0x01D0	0x3C05      	INCFSZ      R5, 0, 0
;__Lib_Math.c,612 :: 		
0x01D2	0x2609      	ADDWF       R9, 1, 0
;__Lib_Math.c,613 :: 		
0x01D4	0x5006      	MOVF        R6, 0, 0
;__Lib_Math.c,614 :: 		
0x01D6	0xB0D8      	BTFSC       STATUS, 0, 0
;__Lib_Math.c,615 :: 		
0x01D8	0x3C06      	INCFSZ      R6, 0, 0
;__Lib_Math.c,616 :: 		
0x01DA	0x260A      	ADDWF       R10, 1, 0
;__Lib_Math.c,617 :: 		
0x01DC	0x5007      	MOVF        R7, 0, 0
;__Lib_Math.c,618 :: 		
0x01DE	0xB0D8      	BTFSC       STATUS, 0, 0
;__Lib_Math.c,619 :: 		
0x01E0	0x3C07      	INCFSZ      R7, 0, 0
;__Lib_Math.c,620 :: 		
0x01E2	0x260B      	ADDWF       R11, 1, 0
;__Lib_Math.c,622 :: 		
SOK22LA:
;__Lib_Math.c,623 :: 		
0x01E4	0x3603      	RLCF        R3, 1, 0
;__Lib_Math.c,625 :: 		
0x01E6	0x2E0C      	DECFSZ      R12, 1, 0
;__Lib_Math.c,626 :: 		
0x01E8	0xD7DA      	BRA         LOOPS3232A
;__Lib_Math.c,628 :: 		
0x01EA	0x3402      	RLCF        R2, 0, 0
;__Lib_Math.c,629 :: 		
0x01EC	0x3608      	RLCF        R8, 1, 0
;__Lib_Math.c,630 :: 		
0x01EE	0x3609      	RLCF        R9, 1, 0
;__Lib_Math.c,631 :: 		
0x01F0	0x360A      	RLCF        R10, 1, 0
;__Lib_Math.c,632 :: 		
0x01F2	0x360B      	RLCF        R11, 1, 0
;__Lib_Math.c,633 :: 		
0x01F4	0x5004      	MOVF        R4, 0, 0
;__Lib_Math.c,634 :: 		
0x01F6	0xA003      	BTFSS       R3, 0, 0
;__Lib_Math.c,635 :: 		
0x01F8	0xD00E      	BRA         SADD22L8
;__Lib_Math.c,637 :: 		
0x01FA	0x5E08      	SUBWF       R8, 1, 0
;__Lib_Math.c,638 :: 		
0x01FC	0x5005      	MOVF        R5, 0, 0
;__Lib_Math.c,639 :: 		
0x01FE	0xA0D8      	BTFSS       STATUS, 0, 0
;__Lib_Math.c,640 :: 		
0x0200	0x3C05      	INCFSZ      R5, 0, 0
;__Lib_Math.c,641 :: 		
0x0202	0x5E09      	SUBWF       R9, 1, 0
;__Lib_Math.c,642 :: 		
0x0204	0x5006      	MOVF        R6, 0, 0
;__Lib_Math.c,643 :: 		
0x0206	0xA0D8      	BTFSS       STATUS, 0, 0
;__Lib_Math.c,644 :: 		
0x0208	0x3C06      	INCFSZ      R6, 0, 0
;__Lib_Math.c,645 :: 		
0x020A	0x5E0A      	SUBWF       R10, 1, 0
;__Lib_Math.c,646 :: 		
0x020C	0x5007      	MOVF        R7, 0, 0
;__Lib_Math.c,647 :: 		
0x020E	0xA0D8      	BTFSS       STATUS, 0, 0
;__Lib_Math.c,648 :: 		
0x0210	0x3C07      	INCFSZ      R7, 0, 0
;__Lib_Math.c,649 :: 		
0x0212	0x5E0B      	SUBWF       R11, 1, 0
;__Lib_Math.c,650 :: 		
0x0214	0xD00D      	BRA         SOK22L8
;__Lib_Math.c,652 :: 		
SADD22L8:
;__Lib_Math.c,653 :: 		
0x0216	0x2608      	ADDWF       R8, 1, 0
;__Lib_Math.c,654 :: 		
0x0218	0x5005      	MOVF        R5, 0, 0
;__Lib_Math.c,655 :: 		
0x021A	0xB0D8      	BTFSC       STATUS, 0, 0
;__Lib_Math.c,656 :: 		
0x021C	0x3C05      	INCFSZ      R5, 0, 0
;__Lib_Math.c,657 :: 		
0x021E	0x2609      	ADDWF       R9, 1, 0
;__Lib_Math.c,658 :: 		
0x0220	0x5006      	MOVF        R6, 0, 0
;__Lib_Math.c,659 :: 		
0x0222	0xB0D8      	BTFSC       STATUS, 0, 0
;__Lib_Math.c,660 :: 		
0x0224	0x3C06      	INCFSZ      R6, 0, 0
;__Lib_Math.c,661 :: 		
0x0226	0x260A      	ADDWF       R10, 1, 0
;__Lib_Math.c,662 :: 		
0x0228	0x5007      	MOVF        R7, 0, 0
;__Lib_Math.c,663 :: 		
0x022A	0xB0D8      	BTFSC       STATUS, 0, 0
;__Lib_Math.c,664 :: 		
0x022C	0x3C07      	INCFSZ      R7, 0, 0
;__Lib_Math.c,665 :: 		
0x022E	0x260B      	ADDWF       R11, 1, 0
;__Lib_Math.c,667 :: 		
SOK22L8:
;__Lib_Math.c,668 :: 		
0x0230	0x3602      	RLCF        R2, 1, 0
;__Lib_Math.c,670 :: 		
0x0232	0x0E07      	MOVLW       7
;__Lib_Math.c,671 :: 		
0x0234	0x6E0C      	MOVWF       R12, 0
;__Lib_Math.c,673 :: 		
LOOPS3232B:
;__Lib_Math.c,674 :: 		
0x0236	0x3402      	RLCF        R2, 0, 0
;__Lib_Math.c,675 :: 		
0x0238	0x3608      	RLCF        R8, 1, 0
;__Lib_Math.c,676 :: 		
0x023A	0x3609      	RLCF        R9, 1, 0
;__Lib_Math.c,677 :: 		
0x023C	0x360A      	RLCF        R10, 1, 0
;__Lib_Math.c,678 :: 		
0x023E	0x360B      	RLCF        R11, 1, 0
;__Lib_Math.c,679 :: 		
0x0240	0x5004      	MOVF        R4, 0, 0
;__Lib_Math.c,680 :: 		
0x0242	0xA002      	BTFSS       R2, 0, 0
;__Lib_Math.c,681 :: 		
0x0244	0xD00E      	BRA         SADD22LB
;__Lib_Math.c,683 :: 		
0x0246	0x5E08      	SUBWF       R8, 1, 0
;__Lib_Math.c,684 :: 		
0x0248	0x5005      	MOVF        R5, 0, 0
;__Lib_Math.c,685 :: 		
0x024A	0xA0D8      	BTFSS       STATUS, 0, 0
;__Lib_Math.c,686 :: 		
0x024C	0x3C05      	INCFSZ      R5, 0, 0
;__Lib_Math.c,687 :: 		
0x024E	0x5E09      	SUBWF       R9, 1, 0
;__Lib_Math.c,688 :: 		
0x0250	0x5006      	MOVF        R6, 0, 0
;__Lib_Math.c,689 :: 		
0x0252	0xA0D8      	BTFSS       STATUS, 0, 0
;__Lib_Math.c,690 :: 		
0x0254	0x3C06      	INCFSZ      R6, 0, 0
;__Lib_Math.c,691 :: 		
0x0256	0x5E0A      	SUBWF       R10, 1, 0
;__Lib_Math.c,692 :: 		
0x0258	0x5007      	MOVF        R7, 0, 0
;__Lib_Math.c,693 :: 		
0x025A	0xA0D8      	BTFSS       STATUS, 0, 0
;__Lib_Math.c,694 :: 		
0x025C	0x3C07      	INCFSZ      R7, 0, 0
;__Lib_Math.c,695 :: 		
0x025E	0x5E0B      	SUBWF       R11, 1, 0
;__Lib_Math.c,696 :: 		
0x0260	0xD00D      	BRA         SOK22LB
;__Lib_Math.c,698 :: 		
SADD22LB:
;__Lib_Math.c,699 :: 		
0x0262	0x2608      	ADDWF       R8, 1, 0
;__Lib_Math.c,700 :: 		
0x0264	0x5005      	MOVF        R5, 0, 0
;__Lib_Math.c,701 :: 		
0x0266	0xB0D8      	BTFSC       STATUS, 0, 0
;__Lib_Math.c,702 :: 		
0x0268	0x3C05      	INCFSZ      R5, 0, 0
;__Lib_Math.c,703 :: 		
0x026A	0x2609      	ADDWF       R9, 1, 0
;__Lib_Math.c,704 :: 		
0x026C	0x5006      	MOVF        R6, 0, 0
;__Lib_Math.c,705 :: 		
0x026E	0xB0D8      	BTFSC       STATUS, 0, 0
;__Lib_Math.c,706 :: 		
0x0270	0x3C06      	INCFSZ      R6, 0, 0
;__Lib_Math.c,707 :: 		
0x0272	0x260A      	ADDWF       R10, 1, 0
;__Lib_Math.c,708 :: 		
0x0274	0x5007      	MOVF        R7, 0, 0
;__Lib_Math.c,709 :: 		
0x0276	0xB0D8      	BTFSC       STATUS, 0, 0
;__Lib_Math.c,710 :: 		
0x0278	0x3C07      	INCFSZ      R7, 0, 0
;__Lib_Math.c,711 :: 		
0x027A	0x260B      	ADDWF       R11, 1, 0
;__Lib_Math.c,713 :: 		
SOK22LB:
;__Lib_Math.c,714 :: 		
0x027C	0x3602      	RLCF        R2, 1, 0
;__Lib_Math.c,716 :: 		
0x027E	0x2E0C      	DECFSZ      R12, 1, 0
;__Lib_Math.c,717 :: 		
0x0280	0xD7DA      	BRA         LOOPS3232B
;__Lib_Math.c,719 :: 		
0x0282	0x3401      	RLCF        R1, 0, 0
;__Lib_Math.c,720 :: 		
0x0284	0x3608      	RLCF        R8, 1, 0
;__Lib_Math.c,721 :: 		
0x0286	0x3609      	RLCF        R9, 1, 0
;__Lib_Math.c,722 :: 		
0x0288	0x360A      	RLCF        R10, 1, 0
;__Lib_Math.c,723 :: 		
0x028A	0x360B      	RLCF        R11, 1, 0
;__Lib_Math.c,724 :: 		
0x028C	0x5004      	MOVF        R4, 0, 0
;__Lib_Math.c,725 :: 		
0x028E	0xA002      	BTFSS       R2, 0, 0
;__Lib_Math.c,726 :: 		
0x0290	0xD00E      	BRA         SADD22L16
;__Lib_Math.c,728 :: 		
0x0292	0x5E08      	SUBWF       R8, 1, 0
;__Lib_Math.c,729 :: 		
0x0294	0x5005      	MOVF        R5, 0, 0
;__Lib_Math.c,730 :: 		
0x0296	0xA0D8      	BTFSS       STATUS, 0, 0
;__Lib_Math.c,731 :: 		
0x0298	0x3C05      	INCFSZ      R5, 0, 0
;__Lib_Math.c,732 :: 		
0x029A	0x5E09      	SUBWF       R9, 1, 0
;__Lib_Math.c,733 :: 		
0x029C	0x5006      	MOVF        R6, 0, 0
;__Lib_Math.c,734 :: 		
0x029E	0xA0D8      	BTFSS       STATUS, 0, 0
;__Lib_Math.c,735 :: 		
0x02A0	0x3C06      	INCFSZ      R6, 0, 0
;__Lib_Math.c,736 :: 		
0x02A2	0x5E0A      	SUBWF       R10, 1, 0
;__Lib_Math.c,737 :: 		
0x02A4	0x5007      	MOVF        R7, 0, 0
;__Lib_Math.c,738 :: 		
0x02A6	0xA0D8      	BTFSS       STATUS, 0, 0
;__Lib_Math.c,739 :: 		
0x02A8	0x3C07      	INCFSZ      R7, 0, 0
;__Lib_Math.c,740 :: 		
0x02AA	0x5E0B      	SUBWF       R11, 1, 0
;__Lib_Math.c,741 :: 		
0x02AC	0xD00D      	BRA         SOK22L16
;__Lib_Math.c,743 :: 		
SADD22L16:
;__Lib_Math.c,744 :: 		
0x02AE	0x2608      	ADDWF       R8, 1, 0
;__Lib_Math.c,745 :: 		
0x02B0	0x5005      	MOVF        R5, 0, 0
;__Lib_Math.c,746 :: 		
0x02B2	0xB0D8      	BTFSC       STATUS, 0, 0
;__Lib_Math.c,747 :: 		
0x02B4	0x3C05      	INCFSZ      R5, 0, 0
;__Lib_Math.c,748 :: 		
0x02B6	0x2609      	ADDWF       R9, 1, 0
;__Lib_Math.c,749 :: 		
0x02B8	0x5006      	MOVF        R6, 0, 0
;__Lib_Math.c,750 :: 		
0x02BA	0xB0D8      	BTFSC       STATUS, 0, 0
;__Lib_Math.c,751 :: 		
0x02BC	0x3C06      	INCFSZ      R6, 0, 0
;__Lib_Math.c,752 :: 		
0x02BE	0x260A      	ADDWF       R10, 1, 0
;__Lib_Math.c,753 :: 		
0x02C0	0x5007      	MOVF        R7, 0, 0
;__Lib_Math.c,754 :: 		
0x02C2	0xB0D8      	BTFSC       STATUS, 0, 0
;__Lib_Math.c,755 :: 		
0x02C4	0x3C07      	INCFSZ      R7, 0, 0
;__Lib_Math.c,756 :: 		
0x02C6	0x260B      	ADDWF       R11, 1, 0
;__Lib_Math.c,758 :: 		
SOK22L16:
;__Lib_Math.c,759 :: 		
0x02C8	0x3601      	RLCF        R1, 1, 0
;__Lib_Math.c,761 :: 		
0x02CA	0x0E07      	MOVLW       7
;__Lib_Math.c,762 :: 		
0x02CC	0x6E0C      	MOVWF       R12, 0
;__Lib_Math.c,764 :: 		
LOOPS3232C:
;__Lib_Math.c,765 :: 		
0x02CE	0x3401      	RLCF        R1, 0, 0
;__Lib_Math.c,766 :: 		
0x02D0	0x3608      	RLCF        R8, 1, 0
;__Lib_Math.c,767 :: 		
0x02D2	0x3609      	RLCF        R9, 1, 0
;__Lib_Math.c,768 :: 		
0x02D4	0x360A      	RLCF        R10, 1, 0
;__Lib_Math.c,769 :: 		
0x02D6	0x360B      	RLCF        R11, 1, 0
;__Lib_Math.c,770 :: 		
0x02D8	0x5004      	MOVF        R4, 0, 0
;__Lib_Math.c,771 :: 		
0x02DA	0xA001      	BTFSS       R1, 0, 0
;__Lib_Math.c,772 :: 		
0x02DC	0xD00E      	BRA         SADD22LC
;__Lib_Math.c,774 :: 		
0x02DE	0x5E08      	SUBWF       R8, 1, 0
;__Lib_Math.c,775 :: 		
0x02E0	0x5005      	MOVF        R5, 0, 0
;__Lib_Math.c,776 :: 		
0x02E2	0xA0D8      	BTFSS       STATUS, 0, 0
;__Lib_Math.c,777 :: 		
0x02E4	0x3C05      	INCFSZ      R5, 0, 0
;__Lib_Math.c,778 :: 		
0x02E6	0x5E09      	SUBWF       R9, 1, 0
;__Lib_Math.c,779 :: 		
0x02E8	0x5006      	MOVF        R6, 0, 0
;__Lib_Math.c,780 :: 		
0x02EA	0xA0D8      	BTFSS       STATUS, 0, 0
;__Lib_Math.c,781 :: 		
0x02EC	0x3C06      	INCFSZ      R6, 0, 0
;__Lib_Math.c,782 :: 		
0x02EE	0x5E0A      	SUBWF       R10, 1, 0
;__Lib_Math.c,783 :: 		
0x02F0	0x5007      	MOVF        R7, 0, 0
;__Lib_Math.c,784 :: 		
0x02F2	0xA0D8      	BTFSS       STATUS, 0, 0
;__Lib_Math.c,785 :: 		
0x02F4	0x3C07      	INCFSZ      R7, 0, 0
;__Lib_Math.c,786 :: 		
0x02F6	0x5E0B      	SUBWF       R11, 1, 0
;__Lib_Math.c,787 :: 		
0x02F8	0xD00D      	BRA         SOK22LC
;__Lib_Math.c,789 :: 		
SADD22LC:
;__Lib_Math.c,790 :: 		
0x02FA	0x2608      	ADDWF       R8, 1, 0
;__Lib_Math.c,791 :: 		
0x02FC	0x5005      	MOVF        R5, 0, 0
;__Lib_Math.c,792 :: 		
0x02FE	0xB0D8      	BTFSC       STATUS, 0, 0
;__Lib_Math.c,793 :: 		
0x0300	0x3C05      	INCFSZ      R5, 0, 0
;__Lib_Math.c,794 :: 		
0x0302	0x2609      	ADDWF       R9, 1, 0
;__Lib_Math.c,795 :: 		
0x0304	0x5006      	MOVF        R6, 0, 0
;__Lib_Math.c,796 :: 		
0x0306	0xB0D8      	BTFSC       STATUS, 0, 0
;__Lib_Math.c,797 :: 		
0x0308	0x3C06      	INCFSZ      R6, 0, 0
;__Lib_Math.c,798 :: 		
0x030A	0x260A      	ADDWF       R10, 1, 0
;__Lib_Math.c,799 :: 		
0x030C	0x5007      	MOVF        R7, 0, 0
;__Lib_Math.c,800 :: 		
0x030E	0xB0D8      	BTFSC       STATUS, 0, 0
;__Lib_Math.c,801 :: 		
0x0310	0x3C07      	INCFSZ      R7, 0, 0
;__Lib_Math.c,802 :: 		
0x0312	0x260B      	ADDWF       R11, 1, 0
;__Lib_Math.c,804 :: 		
SOK22LC:
;__Lib_Math.c,805 :: 		
0x0314	0x3601      	RLCF        R1, 1, 0
;__Lib_Math.c,807 :: 		
0x0316	0x2E0C      	DECFSZ      R12, 1, 0
;__Lib_Math.c,808 :: 		
0x0318	0xD7DA      	BRA         LOOPS3232C
;__Lib_Math.c,810 :: 		
0x031A	0x3400      	RLCF        R0, 0, 0
;__Lib_Math.c,811 :: 		
0x031C	0x3608      	RLCF        R8, 1, 0
;__Lib_Math.c,812 :: 		
0x031E	0x3609      	RLCF        R9, 1, 0
;__Lib_Math.c,813 :: 		
0x0320	0x360A      	RLCF        R10, 1, 0
;__Lib_Math.c,814 :: 		
0x0322	0x360B      	RLCF        R11, 1, 0
;__Lib_Math.c,815 :: 		
0x0324	0x5004      	MOVF        R4, 0, 0
;__Lib_Math.c,816 :: 		
0x0326	0xA001      	BTFSS       R1, 0, 0
;__Lib_Math.c,817 :: 		
0x0328	0xD00E      	BRA         SADD22L24
;__Lib_Math.c,819 :: 		
0x032A	0x5E08      	SUBWF       R8, 1, 0
;__Lib_Math.c,820 :: 		
0x032C	0x5005      	MOVF        R5, 0, 0
;__Lib_Math.c,821 :: 		
0x032E	0xA0D8      	BTFSS       STATUS, 0, 0
;__Lib_Math.c,822 :: 		
0x0330	0x3C05      	INCFSZ      R5, 0, 0
;__Lib_Math.c,823 :: 		
0x0332	0x5E09      	SUBWF       R9, 1, 0
;__Lib_Math.c,824 :: 		
0x0334	0x5006      	MOVF        R6, 0, 0
;__Lib_Math.c,825 :: 		
0x0336	0xA0D8      	BTFSS       STATUS, 0, 0
;__Lib_Math.c,826 :: 		
0x0338	0x3C06      	INCFSZ      R6, 0, 0
;__Lib_Math.c,827 :: 		
0x033A	0x5E0A      	SUBWF       R10, 1, 0
;__Lib_Math.c,828 :: 		
0x033C	0x5007      	MOVF        R7, 0, 0
;__Lib_Math.c,829 :: 		
0x033E	0xA0D8      	BTFSS       STATUS, 0, 0
;__Lib_Math.c,830 :: 		
0x0340	0x3C07      	INCFSZ      R7, 0, 0
;__Lib_Math.c,831 :: 		
0x0342	0x5E0B      	SUBWF       R11, 1, 0
;__Lib_Math.c,832 :: 		
0x0344	0xD00D      	BRA         SOK22L24
;__Lib_Math.c,834 :: 		
SADD22L24:
;__Lib_Math.c,835 :: 		
0x0346	0x2608      	ADDWF       R8, 1, 0
;__Lib_Math.c,836 :: 		
0x0348	0x5005      	MOVF        R5, 0, 0
;__Lib_Math.c,837 :: 		
0x034A	0xB0D8      	BTFSC       STATUS, 0, 0
;__Lib_Math.c,838 :: 		
0x034C	0x3C05      	INCFSZ      R5, 0, 0
;__Lib_Math.c,839 :: 		
0x034E	0x2609      	ADDWF       R9, 1, 0
;__Lib_Math.c,840 :: 		
0x0350	0x5006      	MOVF        R6, 0, 0
;__Lib_Math.c,841 :: 		
0x0352	0xB0D8      	BTFSC       STATUS, 0, 0
;__Lib_Math.c,842 :: 		
0x0354	0x3C06      	INCFSZ      R6, 0, 0
;__Lib_Math.c,843 :: 		
0x0356	0x260A      	ADDWF       R10, 1, 0
;__Lib_Math.c,844 :: 		
0x0358	0x5007      	MOVF        R7, 0, 0
;__Lib_Math.c,845 :: 		
0x035A	0xB0D8      	BTFSC       STATUS, 0, 0
;__Lib_Math.c,846 :: 		
0x035C	0x3C07      	INCFSZ      R7, 0, 0
;__Lib_Math.c,847 :: 		
0x035E	0x260B      	ADDWF       R11, 1, 0
;__Lib_Math.c,849 :: 		
SOK22L24:
;__Lib_Math.c,850 :: 		
0x0360	0x3600      	RLCF        R0, 1, 0
;__Lib_Math.c,852 :: 		
0x0362	0x0E07      	MOVLW       7
;__Lib_Math.c,853 :: 		
0x0364	0x6E0C      	MOVWF       R12, 0
;__Lib_Math.c,855 :: 		
LOOPS3232D:
;__Lib_Math.c,856 :: 		
0x0366	0x3400      	RLCF        R0, 0, 0
;__Lib_Math.c,857 :: 		
0x0368	0x3608      	RLCF        R8, 1, 0
;__Lib_Math.c,858 :: 		
0x036A	0x3609      	RLCF        R9, 1, 0
;__Lib_Math.c,859 :: 		
0x036C	0x360A      	RLCF        R10, 1, 0
;__Lib_Math.c,860 :: 		
0x036E	0x360B      	RLCF        R11, 1, 0
;__Lib_Math.c,861 :: 		
0x0370	0x5004      	MOVF        R4, 0, 0
;__Lib_Math.c,862 :: 		
0x0372	0xA000      	BTFSS       R0, 0, 0
;__Lib_Math.c,863 :: 		
0x0374	0xD00E      	BRA         SADD22LD
;__Lib_Math.c,865 :: 		
0x0376	0x5E08      	SUBWF       R8, 1, 0
;__Lib_Math.c,866 :: 		
0x0378	0x5005      	MOVF        R5, 0, 0
;__Lib_Math.c,867 :: 		
0x037A	0xA0D8      	BTFSS       STATUS, 0, 0
;__Lib_Math.c,868 :: 		
0x037C	0x3C05      	INCFSZ      R5, 0, 0
;__Lib_Math.c,869 :: 		
0x037E	0x5E09      	SUBWF       R9, 1, 0
;__Lib_Math.c,870 :: 		
0x0380	0x5006      	MOVF        R6, 0, 0
;__Lib_Math.c,871 :: 		
0x0382	0xA0D8      	BTFSS       STATUS, 0, 0
;__Lib_Math.c,872 :: 		
0x0384	0x3C06      	INCFSZ      R6, 0, 0
;__Lib_Math.c,873 :: 		
0x0386	0x5E0A      	SUBWF       R10, 1, 0
;__Lib_Math.c,874 :: 		
0x0388	0x5007      	MOVF        R7, 0, 0
;__Lib_Math.c,875 :: 		
0x038A	0xA0D8      	BTFSS       STATUS, 0, 0
;__Lib_Math.c,876 :: 		
0x038C	0x3C07      	INCFSZ      R7, 0, 0
;__Lib_Math.c,877 :: 		
0x038E	0x5E0B      	SUBWF       R11, 1, 0
;__Lib_Math.c,878 :: 		
0x0390	0xD00D      	BRA         SOK22LD
;__Lib_Math.c,880 :: 		
SADD22LD:
;__Lib_Math.c,881 :: 		
0x0392	0x2608      	ADDWF       R8, 1, 0
;__Lib_Math.c,882 :: 		
0x0394	0x5005      	MOVF        R5, 0, 0
;__Lib_Math.c,883 :: 		
0x0396	0xB0D8      	BTFSC       STATUS, 0, 0
;__Lib_Math.c,884 :: 		
0x0398	0x3C05      	INCFSZ      R5, 0, 0
;__Lib_Math.c,885 :: 		
0x039A	0x2609      	ADDWF       R9, 1, 0
;__Lib_Math.c,886 :: 		
0x039C	0x5006      	MOVF        R6, 0, 0
;__Lib_Math.c,887 :: 		
0x039E	0xB0D8      	BTFSC       STATUS, 0, 0
;__Lib_Math.c,888 :: 		
0x03A0	0x3C06      	INCFSZ      R6, 0, 0
;__Lib_Math.c,889 :: 		
0x03A2	0x260A      	ADDWF       R10, 1, 0
;__Lib_Math.c,890 :: 		
0x03A4	0x5007      	MOVF        R7, 0, 0
;__Lib_Math.c,891 :: 		
0x03A6	0xB0D8      	BTFSC       STATUS, 0, 0
;__Lib_Math.c,893 :: 		
0x03A8	0x3C07      	INCFSZ      R7, 0, 0
;__Lib_Math.c,894 :: 		
0x03AA	0x260B      	ADDWF       R11, 1, 0
;__Lib_Math.c,896 :: 		
SOK22LD:
;__Lib_Math.c,897 :: 		
0x03AC	0x3600      	RLCF        R0, 1, 0
;__Lib_Math.c,899 :: 		
0x03AE	0x2E0C      	DECFSZ      R12, 1, 0
;__Lib_Math.c,900 :: 		
0x03B0	0xD7DA      	BRA         LOOPS3232D
;__Lib_Math.c,902 :: 		
0x03B2	0xB000      	BTFSC       R0, 0, 0
;__Lib_Math.c,903 :: 		
0x03B4	0xD00E      	BRA         SOK22L
;__Lib_Math.c,904 :: 		
0x03B6	0x5004      	MOVF        R4, 0, 0
;__Lib_Math.c,905 :: 		
0x03B8	0x2608      	ADDWF       R8, 1, 0
;__Lib_Math.c,906 :: 		
0x03BA	0x5005      	MOVF        R5, 0, 0
;__Lib_Math.c,907 :: 		
0x03BC	0xB0D8      	BTFSC       STATUS, 0, 0
;__Lib_Math.c,908 :: 		
0x03BE	0x3C05      	INCFSZ      R5, 0, 0
;__Lib_Math.c,909 :: 		
0x03C0	0x2609      	ADDWF       R9, 1, 0
;__Lib_Math.c,910 :: 		
0x03C2	0x5006      	MOVF        R6, 0, 0
;__Lib_Math.c,911 :: 		
0x03C4	0xB0D8      	BTFSC       STATUS, 0, 0
;__Lib_Math.c,912 :: 		
0x03C6	0x3C06      	INCFSZ      R6, 0, 0
;__Lib_Math.c,913 :: 		
0x03C8	0x260A      	ADDWF       R10, 1, 0
;__Lib_Math.c,914 :: 		
0x03CA	0x5007      	MOVF        R7, 0, 0
;__Lib_Math.c,915 :: 		
0x03CC	0xB0D8      	BTFSC       STATUS, 0, 0
;__Lib_Math.c,916 :: 		
0x03CE	0x3C07      	INCFSZ      R7, 0, 0
;__Lib_Math.c,917 :: 		
0x03D0	0x260B      	ADDWF       R11, 1, 0
;__Lib_Math.c,918 :: 		
SOK22L:
;__Lib_Math.c,920 :: 		
L_end_SDIV3232L:
0x03D2	0x0012      	RETURN      0
; end of _SDIV3232L
_WordToStr:
;__Lib_Conversions.c,98 :: 		
;__Lib_Conversions.c,103 :: 		
0x03D4	0x6A60      	CLRF        WordToStr_len_L0 
L_WordToStr11:
0x03D6	0x0E05      	MOVLW       5
0x03D8	0x5C60      	SUBWF       WordToStr_len_L0, 0 
0x03DA	0xE20A      	BC          L_WordToStr12
;__Lib_Conversions.c,104 :: 		
0x03DC	0x5060      	MOVF        WordToStr_len_L0, 0 
0x03DE	0x245E      	ADDWF       FARG_WordToStr_output, 0 
0x03E0	0x6EE1      	MOVWF       FSR1L 
0x03E2	0x0E00      	MOVLW       0
0x03E4	0x205F      	ADDWFC      FARG_WordToStr_output+1, 0 
0x03E6	0x6EE2      	MOVWF       FSR1L+1 
0x03E8	0x0E20      	MOVLW       32
0x03EA	0x6EE6      	MOVWF       POSTINC1 
;__Lib_Conversions.c,103 :: 		
0x03EC	0x2A60      	INCF        WordToStr_len_L0, 1 
;__Lib_Conversions.c,104 :: 		
0x03EE	0xD7F3      	BRA         L_WordToStr11
L_WordToStr12:
;__Lib_Conversions.c,105 :: 		
0x03F0	0x5060      	MOVF        WordToStr_len_L0, 0 
0x03F2	0x245E      	ADDWF       FARG_WordToStr_output, 0 
0x03F4	0x6EE1      	MOVWF       FSR1L 
0x03F6	0x0E00      	MOVLW       0
0x03F8	0x205F      	ADDWFC      FARG_WordToStr_output+1, 0 
0x03FA	0x6EE2      	MOVWF       FSR1L+1 
0x03FC	0x6AE6      	CLRF        POSTINC1 
0x03FE	0x0660      	DECF        WordToStr_len_L0, 1 
;__Lib_Conversions.c,107 :: 		
L_WordToStr14:
;__Lib_Conversions.c,108 :: 		
0x0400	0x5060      	MOVF        WordToStr_len_L0, 0 
0x0402	0x245E      	ADDWF       FARG_WordToStr_output, 0 
0x0404	0x6E61      	MOVWF       FLOC__WordToStr 
0x0406	0x0E00      	MOVLW       0
0x0408	0x205F      	ADDWFC      FARG_WordToStr_output+1, 0 
0x040A	0x6E62      	MOVWF       FLOC__WordToStr+1 
0x040C	0x0E0A      	MOVLW       10
0x040E	0x6E04      	MOVWF       R4 
0x0410	0x0E00      	MOVLW       0
0x0412	0x6E05      	MOVWF       R5 
0x0414	0xF000C05C  	MOVFF       FARG_WordToStr_input, R0
0x0418	0xF001C05D  	MOVFF       FARG_WordToStr_input+1, R1
0x041C	0xDE12      	RCALL       _Div_16X16_U
0x041E	0xF000C008  	MOVFF       R8, R0
0x0422	0xF001C009  	MOVFF       R9, R1
0x0426	0x0E30      	MOVLW       48
0x0428	0x2600      	ADDWF       R0, 1 
0x042A	0xFFE1C061  	MOVFF       FLOC__WordToStr, FSR1L
0x042E	0xFFE2C062  	MOVFF       FLOC__WordToStr+1, FSR1H
0x0432	0xFFE6C000  	MOVFF       R0, POSTINC1
;__Lib_Conversions.c,109 :: 		
0x0436	0x0E0A      	MOVLW       10
0x0438	0x6E04      	MOVWF       R4 
0x043A	0x0E00      	MOVLW       0
0x043C	0x6E05      	MOVWF       R5 
0x043E	0xF000C05C  	MOVFF       FARG_WordToStr_input, R0
0x0442	0xF001C05D  	MOVFF       FARG_WordToStr_input+1, R1
0x0446	0xDDFD      	RCALL       _Div_16X16_U
0x0448	0xF05CC000  	MOVFF       R0, FARG_WordToStr_input
0x044C	0xF05DC001  	MOVFF       R1, FARG_WordToStr_input+1
;__Lib_Conversions.c,110 :: 		
0x0450	0x0E00      	MOVLW       0
0x0452	0x1801      	XORWF       R1, 0 
0x0454	0xE102      	BNZ         L__WordToStr379
0x0456	0x0E00      	MOVLW       0
0x0458	0x1800      	XORWF       R0, 0 
L__WordToStr379:
0x045A	0xE101      	BNZ         L_WordToStr16
;__Lib_Conversions.c,111 :: 		
0x045C	0xD002      	BRA         L_WordToStr15
L_WordToStr16:
;__Lib_Conversions.c,112 :: 		
0x045E	0x0660      	DECF        WordToStr_len_L0, 1 
;__Lib_Conversions.c,113 :: 		
0x0460	0xD7CF      	BRA         L_WordToStr14
L_WordToStr15:
;__Lib_Conversions.c,114 :: 		
L_end_WordToStr:
0x0462	0x0012      	RETURN      0
; end of _WordToStr
_Lcd_Chr_CP:
;__Lib_Lcd.c,50 :: 		
;__Lib_Lcd.c,52 :: 		
0x0464	0x904D      	BCF         __Lib_Lcd_cmd_status, BitPos(__Lib_Lcd_cmd_status+0) 
;__Lib_Lcd.c,53 :: 		
0x0466	0xF063C05C  	MOVFF       FARG_Lcd_Chr_CP_out_char, FARG_Lcd_Cmd_out_char
0x046A	0xDE06      	RCALL       _Lcd_Cmd
;__Lib_Lcd.c,54 :: 		
0x046C	0x804D      	BSF         __Lib_Lcd_cmd_status, BitPos(__Lib_Lcd_cmd_status+0) 
;__Lib_Lcd.c,55 :: 		
L_end_Lcd_Chr_CP:
0x046E	0x0012      	RETURN      0
; end of _Lcd_Chr_CP
_COMFREM:
;__Lib_Math.c,922 :: 		
;__Lib_Math.c,927 :: 		
0x0470	0x1E0B      	COMF        R11, 1, 0
;__Lib_Math.c,928 :: 		
0x0472	0x1E0A      	COMF        R10, 1, 0
;__Lib_Math.c,929 :: 		
0x0474	0x1E09      	COMF        R9, 1, 0
;__Lib_Math.c,930 :: 		
0x0476	0x1E08      	COMF        R8, 1, 0
;__Lib_Math.c,931 :: 		
0x0478	0x2A08      	INCF        R8, 1, 0
;__Lib_Math.c,932 :: 		
0x047A	0xB4D8      	BTFSC       STATUS, 2, 0
;__Lib_Math.c,933 :: 		
0x047C	0x2A09      	INCF        R9, 1, 0
;__Lib_Math.c,934 :: 		
0x047E	0xB4D8      	BTFSC       STATUS, 2, 0
;__Lib_Math.c,935 :: 		
0x0480	0x2A0A      	INCF        R10, 1, 0
;__Lib_Math.c,936 :: 		
0x0482	0xB4D8      	BTFSC       STATUS, 2, 0
;__Lib_Math.c,937 :: 		
0x0484	0x2A0B      	INCF        R11, 1, 0
;__Lib_Math.c,939 :: 		
L_end_COMFREM:
0x0486	0x0012      	RETURN      0
; end of _COMFREM
_Lcd_Init:
;__Lib_Lcd.c,84 :: 		
;__Lib_Lcd.c,86 :: 		
0x0488	0x9296      	BCF         LCD_EN_Direction, BitPos(LCD_EN_Direction+0) 
;__Lib_Lcd.c,87 :: 		
0x048A	0x9096      	BCF         LCD_RS_Direction, BitPos(LCD_RS_Direction+0) 
;__Lib_Lcd.c,88 :: 		
0x048C	0x9895      	BCF         LCD_D4_Direction, BitPos(LCD_D4_Direction+0) 
;__Lib_Lcd.c,89 :: 		
0x048E	0x9A95      	BCF         LCD_D5_Direction, BitPos(LCD_D5_Direction+0) 
;__Lib_Lcd.c,90 :: 		
0x0490	0x9C95      	BCF         LCD_D6_Direction, BitPos(LCD_D6_Direction+0) 
;__Lib_Lcd.c,91 :: 		
0x0492	0x9E95      	BCF         LCD_D7_Direction, BitPos(LCD_D7_Direction+0) 
;__Lib_Lcd.c,93 :: 		
0x0494	0x9284      	BCF         LCD_EN, BitPos(LCD_EN+0) 
;__Lib_Lcd.c,94 :: 		
0x0496	0x9084      	BCF         LCD_RS, BitPos(LCD_RS+0) 
;__Lib_Lcd.c,95 :: 		
0x0498	0x9E83      	BCF         LCD_D7, BitPos(LCD_D7+0) 
;__Lib_Lcd.c,96 :: 		
0x049A	0x9C83      	BCF         LCD_D6, BitPos(LCD_D6+0) 
;__Lib_Lcd.c,97 :: 		
0x049C	0x9A83      	BCF         LCD_D5, BitPos(LCD_D5+0) 
;__Lib_Lcd.c,98 :: 		
0x049E	0x9883      	BCF         LCD_D4, BitPos(LCD_D4+0) 
;__Lib_Lcd.c,100 :: 		
0x04A0	0xDDBD      	RCALL       _Delay_5500us
;__Lib_Lcd.c,101 :: 		
0x04A2	0xDDBC      	RCALL       _Delay_5500us
;__Lib_Lcd.c,102 :: 		
0x04A4	0xDDBB      	RCALL       _Delay_5500us
;__Lib_Lcd.c,105 :: 		
0x04A6	0x8A83      	BSF         LCD_D5, BitPos(LCD_D5+0) 
;__Lib_Lcd.c,106 :: 		
0x04A8	0x8883      	BSF         LCD_D4, BitPos(LCD_D4+0) 
;__Lib_Lcd.c,107 :: 		
0x04AA	0x8284      	BSF         LCD_EN, BitPos(LCD_EN+0) 
;__Lib_Lcd.c,108 :: 		
0x04AC	0xDDC2      	RCALL       _Delay_1us
;__Lib_Lcd.c,109 :: 		
0x04AE	0x9284      	BCF         LCD_EN, BitPos(LCD_EN+0) 
;__Lib_Lcd.c,110 :: 		
0x04B0	0xDDB5      	RCALL       _Delay_5500us
;__Lib_Lcd.c,112 :: 		
0x04B2	0x8284      	BSF         LCD_EN, BitPos(LCD_EN+0) 
;__Lib_Lcd.c,113 :: 		
0x04B4	0xDDBE      	RCALL       _Delay_1us
;__Lib_Lcd.c,114 :: 		
0x04B6	0x9284      	BCF         LCD_EN, BitPos(LCD_EN+0) 
;__Lib_Lcd.c,115 :: 		
0x04B8	0xDDB1      	RCALL       _Delay_5500us
;__Lib_Lcd.c,117 :: 		
0x04BA	0x8284      	BSF         LCD_EN, BitPos(LCD_EN+0) 
;__Lib_Lcd.c,118 :: 		
0x04BC	0xDDBA      	RCALL       _Delay_1us
;__Lib_Lcd.c,119 :: 		
0x04BE	0x9284      	BCF         LCD_EN, BitPos(LCD_EN+0) 
;__Lib_Lcd.c,120 :: 		
0x04C0	0xDDAD      	RCALL       _Delay_5500us
;__Lib_Lcd.c,123 :: 		
0x04C2	0x9883      	BCF         LCD_D4, BitPos(LCD_D4+0) 
;__Lib_Lcd.c,124 :: 		
0x04C4	0x8284      	BSF         LCD_EN, BitPos(LCD_EN+0) 
;__Lib_Lcd.c,125 :: 		
0x04C6	0xDDB5      	RCALL       _Delay_1us
;__Lib_Lcd.c,126 :: 		
0x04C8	0x9284      	BCF         LCD_EN, BitPos(LCD_EN+0) 
;__Lib_Lcd.c,127 :: 		
0x04CA	0xDDA8      	RCALL       _Delay_5500us
;__Lib_Lcd.c,130 :: 		
0x04CC	0x8284      	BSF         LCD_EN, BitPos(LCD_EN+0) 
;__Lib_Lcd.c,131 :: 		
0x04CE	0xDDB1      	RCALL       _Delay_1us
;__Lib_Lcd.c,132 :: 		
0x04D0	0x9284      	BCF         LCD_EN, BitPos(LCD_EN+0) 
;__Lib_Lcd.c,134 :: 		
0x04D2	0x9A83      	BCF         LCD_D5, BitPos(LCD_D5+0) 
;__Lib_Lcd.c,135 :: 		
0x04D4	0x8E83      	BSF         LCD_D7, BitPos(LCD_D7+0) 
;__Lib_Lcd.c,136 :: 		
0x04D6	0x8284      	BSF         LCD_EN, BitPos(LCD_EN+0) 
;__Lib_Lcd.c,137 :: 		
0x04D8	0xDDAC      	RCALL       _Delay_1us
;__Lib_Lcd.c,138 :: 		
0x04DA	0x9284      	BCF         LCD_EN, BitPos(LCD_EN+0) 
;__Lib_Lcd.c,139 :: 		
0x04DC	0xDD9F      	RCALL       _Delay_5500us
;__Lib_Lcd.c,142 :: 		
0x04DE	0x9E83      	BCF         LCD_D7, BitPos(LCD_D7+0) 
;__Lib_Lcd.c,143 :: 		
0x04E0	0x8883      	BSF         LCD_D4, BitPos(LCD_D4+0) 
;__Lib_Lcd.c,144 :: 		
0x04E2	0x8284      	BSF         LCD_EN, BitPos(LCD_EN+0) 
;__Lib_Lcd.c,145 :: 		
0x04E4	0xDDA6      	RCALL       _Delay_1us
;__Lib_Lcd.c,146 :: 		
0x04E6	0x9284      	BCF         LCD_EN, BitPos(LCD_EN+0) 
;__Lib_Lcd.c,148 :: 		
0x04E8	0x9883      	BCF         LCD_D4, BitPos(LCD_D4+0) 
;__Lib_Lcd.c,149 :: 		
0x04EA	0x8284      	BSF         LCD_EN, BitPos(LCD_EN+0) 
;__Lib_Lcd.c,150 :: 		
0x04EC	0xDDA2      	RCALL       _Delay_1us
;__Lib_Lcd.c,151 :: 		
0x04EE	0x9284      	BCF         LCD_EN, BitPos(LCD_EN+0) 
;__Lib_Lcd.c,152 :: 		
0x04F0	0xDD95      	RCALL       _Delay_5500us
;__Lib_Lcd.c,155 :: 		
0x04F2	0x8284      	BSF         LCD_EN, BitPos(LCD_EN+0) 
;__Lib_Lcd.c,156 :: 		
0x04F4	0xDD9E      	RCALL       _Delay_1us
;__Lib_Lcd.c,157 :: 		
0x04F6	0x9284      	BCF         LCD_EN, BitPos(LCD_EN+0) 
;__Lib_Lcd.c,159 :: 		
0x04F8	0x8883      	BSF         LCD_D4, BitPos(LCD_D4+0) 
;__Lib_Lcd.c,160 :: 		
0x04FA	0x8284      	BSF         LCD_EN, BitPos(LCD_EN+0) 
;__Lib_Lcd.c,161 :: 		
0x04FC	0xDD9A      	RCALL       _Delay_1us
;__Lib_Lcd.c,162 :: 		
0x04FE	0x9284      	BCF         LCD_EN, BitPos(LCD_EN+0) 
;__Lib_Lcd.c,163 :: 		
0x0500	0xDD8D      	RCALL       _Delay_5500us
;__Lib_Lcd.c,166 :: 		
0x0502	0x9883      	BCF         LCD_D4, BitPos(LCD_D4+0) 
;__Lib_Lcd.c,167 :: 		
0x0504	0x8284      	BSF         LCD_EN, BitPos(LCD_EN+0) 
;__Lib_Lcd.c,168 :: 		
0x0506	0xDD95      	RCALL       _Delay_1us
;__Lib_Lcd.c,169 :: 		
0x0508	0x9284      	BCF         LCD_EN, BitPos(LCD_EN+0) 
;__Lib_Lcd.c,171 :: 		
0x050A	0x8E83      	BSF         LCD_D7, BitPos(LCD_D7+0) 
;__Lib_Lcd.c,172 :: 		
0x050C	0x8C83      	BSF         LCD_D6, BitPos(LCD_D6+0) 
;__Lib_Lcd.c,173 :: 		
0x050E	0x8A83      	BSF         LCD_D5, BitPos(LCD_D5+0) 
;__Lib_Lcd.c,174 :: 		
0x0510	0x8883      	BSF         LCD_D4, BitPos(LCD_D4+0) 
;__Lib_Lcd.c,175 :: 		
0x0512	0x8284      	BSF         LCD_EN, BitPos(LCD_EN+0) 
;__Lib_Lcd.c,176 :: 		
0x0514	0xDD8E      	RCALL       _Delay_1us
;__Lib_Lcd.c,177 :: 		
0x0516	0x9284      	BCF         LCD_EN, BitPos(LCD_EN+0) 
;__Lib_Lcd.c,179 :: 		
0x0518	0xDD81      	RCALL       _Delay_5500us
;__Lib_Lcd.c,181 :: 		
0x051A	0x804D      	BSF         __Lib_Lcd_cmd_status, BitPos(__Lib_Lcd_cmd_status+0) 
;__Lib_Lcd.c,182 :: 		
L_end_Lcd_Init:
0x051C	0x0012      	RETURN      0
; end of _Lcd_Init
_ADC_Read:
;__Lib_ADC_A_D.c,51 :: 		
;__Lib_ADC_A_D.c,54 :: 		
0x051E	0x6AC2      	CLRF        ADCON0 
;__Lib_ADC_A_D.c,55 :: 		
0x0520	0x1C3B      	COMF        _vref_mask, 0 
0x0522	0x6E00      	MOVWF       R0 
0x0524	0x5000      	MOVF        R0, 0 
0x0526	0x16C1      	ANDWF       ADCON1, 1 
;__Lib_ADC_A_D.c,56 :: 		
0x0528	0x0E07      	MOVLW       7
0x052A	0x12C0      	IORWF       ADCON2, 1 
;__Lib_ADC_A_D.c,57 :: 		
0x052C	0x8EC0      	BSF         ADCON2, 7 
;__Lib_ADC_A_D.c,58 :: 		
0x052E	0xF000C052  	MOVFF       FARG_ADC_Read_channel, R0
0x0532	0x3600      	RLCF        R0, 1 
0x0534	0x9000      	BCF         R0, 0 
0x0536	0x3600      	RLCF        R0, 1 
0x0538	0x9000      	BCF         R0, 0 
0x053A	0x5000      	MOVF        R0, 0 
0x053C	0x12C2      	IORWF       ADCON0, 1 
;__Lib_ADC_A_D.c,59 :: 		
0x053E	0x80C2      	BSF         ADCON0, 0 
;__Lib_ADC_A_D.c,60 :: 		
0x0540	0xDDD9      	RCALL       _Delay_22us
;__Lib_ADC_A_D.c,61 :: 		
0x0542	0x82C2      	BSF         ADCON0, 1 
;__Lib_ADC_A_D.c,62 :: 		
L_ADC_Read2:
0x0544	0xA2C2      	BTFSS       ADCON0, 1 
0x0546	0xD001      	BRA         L_ADC_Read3
;__Lib_ADC_A_D.c,63 :: 		
0x0548	0xD7FD      	BRA         L_ADC_Read2
L_ADC_Read3:
;__Lib_ADC_A_D.c,64 :: 		
0x054A	0xF001CFC4  	MOVFF       ADRESH, R1
0x054E	0x6A00      	CLRF        R0 
;__Lib_ADC_A_D.c,65 :: 		
0x0550	0x50C3      	MOVF        ADRESL, 0 
0x0552	0x1200      	IORWF       R0, 1 
0x0554	0x0E00      	MOVLW       0
0x0556	0x1201      	IORWF       R1, 1 
;__Lib_ADC_A_D.c,66 :: 		
0x0558	0x90C2      	BCF         ADCON0, 0 
;__Lib_ADC_A_D.c,68 :: 		
;__Lib_ADC_A_D.c,69 :: 		
L_end_ADC_Read:
0x055A	0x0012      	RETURN      0
; end of _ADC_Read
___CC2DW:
;__Lib_System.c,21 :: 		
;__Lib_System.c,23 :: 		
_CC2DL_Loop1:
;__Lib_System.c,24 :: 		
0x055C	0x0009      	TBLRD*+
;__Lib_System.c,25 :: 		
0x055E	0xFFE6CFF5  	MOVFF       TABLAT, POSTINC1
;__Lib_System.c,26 :: 		
0x0562	0x0600      	DECF        R0, 1, 0
;__Lib_System.c,27 :: 		
0x0564	0xE1FB      	BNZ         _CC2DL_Loop1
;__Lib_System.c,28 :: 		
0x0566	0x0601      	DECF        R1, 1, 0
;__Lib_System.c,29 :: 		
0x0568	0xE1F9      	BNZ         _CC2DL_Loop1
;__Lib_System.c,31 :: 		
L_end___CC2DW:
0x056A	0x0012      	RETURN      0
; end of ___CC2DW
_setupInicial:
;Conversor_AD_FIR.c,83 :: 		void setupInicial()
;Conversor_AD_FIR.c,85 :: 		porta = 0;
0x056C	0x6A80      	CLRF        PORTA 
;Conversor_AD_FIR.c,86 :: 		portb = 0;
0x056E	0x6A81      	CLRF        PORTB 
;Conversor_AD_FIR.c,87 :: 		portc = 0;
0x0570	0x6A82      	CLRF        PORTC 
;Conversor_AD_FIR.c,88 :: 		portd = 0;
0x0572	0x6A83      	CLRF        PORTD 
;Conversor_AD_FIR.c,89 :: 		porte = 0;
0x0574	0x6A84      	CLRF        PORTE 
;Conversor_AD_FIR.c,91 :: 		trisa = 1; // ra0 entrada analogica
0x0576	0x0E01      	MOVLW       1
0x0578	0x6E92      	MOVWF       TRISA 
;Conversor_AD_FIR.c,92 :: 		trisb = 15;
0x057A	0x0E0F      	MOVLW       15
0x057C	0x6E93      	MOVWF       TRISB 
;Conversor_AD_FIR.c,93 :: 		trisc = 0; // tudo como saída
0x057E	0x6A94      	CLRF        TRISC 
;Conversor_AD_FIR.c,94 :: 		trisd = 0; // tudo como saída
0x0580	0x6A95      	CLRF        TRISD 
;Conversor_AD_FIR.c,95 :: 		trise = 0; // tudo como saída
0x0582	0x6A96      	CLRF        TRISE 
;Conversor_AD_FIR.c,97 :: 		adcon1 = 14; // Apenas ra0 como entrada analogica
0x0584	0x0E0E      	MOVLW       14
0x0586	0x6EC1      	MOVWF       ADCON1 
;Conversor_AD_FIR.c,98 :: 		cmcon = 7;   // desliga os comparadores
0x0588	0x0E07      	MOVLW       7
0x058A	0x6EB4      	MOVWF       CMCON 
;Conversor_AD_FIR.c,99 :: 		intcon2 = 0; // liga resistor pull up do portb
0x058C	0x6AF1      	CLRF        INTCON2 
;Conversor_AD_FIR.c,101 :: 		ADC_Init(); // inicializa o conversor ad
0x058E	0xDDB8      	RCALL       _ADC_Init
;Conversor_AD_FIR.c,102 :: 		}
L_end_setupInicial:
0x0590	0x0012      	RETURN      0
; end of _setupInicial
_Lcd_Out_CP:
;__Lib_Lcd.c,57 :: 		
;__Lib_Lcd.c,59 :: 		
0x0592	0x6A54      	CLRF        Lcd_Out_CP_i_L0 
;__Lib_Lcd.c,60 :: 		
L_Lcd_Out_CP2:
0x0594	0x5054      	MOVF        Lcd_Out_CP_i_L0, 0 
0x0596	0x2452      	ADDWF       FARG_Lcd_Out_CP_text, 0 
0x0598	0x6EE9      	MOVWF       FSR0L 
0x059A	0x0E00      	MOVLW       0
0x059C	0x2053      	ADDWFC      FARG_Lcd_Out_CP_text+1, 0 
0x059E	0x6EEA      	MOVWF       FSR0L+1 
0x05A0	0x52EE      	MOVF        POSTINC0, 1 
0x05A2	0xE00B      	BZ          L_Lcd_Out_CP3
;__Lib_Lcd.c,61 :: 		
0x05A4	0x5054      	MOVF        Lcd_Out_CP_i_L0, 0 
0x05A6	0x2452      	ADDWF       FARG_Lcd_Out_CP_text, 0 
0x05A8	0x6EE9      	MOVWF       FSR0L 
0x05AA	0x0E00      	MOVLW       0
0x05AC	0x2053      	ADDWFC      FARG_Lcd_Out_CP_text+1, 0 
0x05AE	0x6EEA      	MOVWF       FSR0L+1 
0x05B0	0xF05CCFEE  	MOVFF       POSTINC0, FARG_Lcd_Chr_CP_out_char
0x05B4	0xDF57      	RCALL       _Lcd_Chr_CP
0x05B6	0x2A54      	INCF        Lcd_Out_CP_i_L0, 1 
;__Lib_Lcd.c,62 :: 		
0x05B8	0xD7ED      	BRA         L_Lcd_Out_CP2
L_Lcd_Out_CP3:
;__Lib_Lcd.c,63 :: 		
L_end_Lcd_Out_CP:
0x05BA	0x0012      	RETURN      0
; end of _Lcd_Out_CP
_Div_16x16_S:
;__Lib_Math.c,200 :: 		
;__Lib_Math.c,208 :: 		
0x05BC	0x5004      	MOVF        R4, 0 
0x05BE	0x0A00      	XORLW       0
0x05C0	0xE108      	BNZ         L_Div_16x16_S0
;__Lib_Math.c,209 :: 		
0x05C2	0x5005      	MOVF        R5, 0 
0x05C4	0x0A00      	XORLW       0
0x05C6	0xE105      	BNZ         L_Div_16x16_S1
;__Lib_Math.c,210 :: 		
0x05C8	0x0EFF      	MOVLW       255
0x05CA	0x6E00      	MOVWF       R0 
;__Lib_Math.c,211 :: 		
0x05CC	0x0E7F      	MOVLW       127
0x05CE	0x6E01      	MOVWF       R1 
;__Lib_Math.c,212 :: 		
0x05D0	0xD057      	BRA         L_end_Div_16x16_S
;__Lib_Math.c,213 :: 		
L_Div_16x16_S1:
L_Div_16x16_S0:
;__Lib_Math.c,216 :: 		
0x05D2	0x6A0D      	CLRF        R13, 0
;__Lib_Math.c,217 :: 		
0x05D4	0x6A09      	CLRF        R9, 0
;__Lib_Math.c,218 :: 		
0x05D6	0x6A08      	CLRF        R8, 0
;__Lib_Math.c,219 :: 		
0x05D8	0x5001      	MOVF        R1, 0, 0
;__Lib_Math.c,220 :: 		
0x05DA	0x1000      	IORWF       R0, 0, 0
;__Lib_Math.c,221 :: 		
0x05DC	0xB4D8      	BTFSC       STATUS, 2, 0
;__Lib_Math.c,222 :: 		
0x05DE	0x0C00      	RETLW       0
;__Lib_Math.c,224 :: 		
0x05E0	0x5001      	MOVF        R1, 0, 0
;__Lib_Math.c,225 :: 		
0x05E2	0x1805      	XORWF       R5, 0, 0
;__Lib_Math.c,226 :: 		
0x05E4	0x6E0A      	MOVWF       R10, 0
;__Lib_Math.c,227 :: 		
0x05E6	0xBE0A      	BTFSC       R10, 7, 0
;__Lib_Math.c,228 :: 		
0x05E8	0x1E0D      	COMF        R13, 1, 0
;__Lib_Math.c,230 :: 		
0x05EA	0x6A0B      	CLRF        R11, 0
;__Lib_Math.c,232 :: 		
0x05EC	0xAE05      	BTFSS       R5, 7, 0
;__Lib_Math.c,233 :: 		
0x05EE	0xD005      	BRA         $+12
;__Lib_Math.c,235 :: 		
0x05F0	0x1E04      	COMF        R4, 1, 0
;__Lib_Math.c,236 :: 		
0x05F2	0x1E05      	COMF        R5, 1, 0
;__Lib_Math.c,237 :: 		
0x05F4	0x2A04      	INCF        R4, 1, 0
;__Lib_Math.c,238 :: 		
0x05F6	0xB4D8      	BTFSC       STATUS, 2, 0
;__Lib_Math.c,239 :: 		
0x05F8	0x2A05      	INCF        R5, 1, 0
;__Lib_Math.c,241 :: 		
0x05FA	0xAE01      	BTFSS       R1, 7, 0
;__Lib_Math.c,242 :: 		
0x05FC	0xD005      	BRA         $+12
;__Lib_Math.c,244 :: 		
0x05FE	0x1E00      	COMF        R0, 1, 0
;__Lib_Math.c,245 :: 		
0x0600	0x1E01      	COMF        R1, 1, 0
;__Lib_Math.c,246 :: 		
0x0602	0x2A00      	INCF        R0, 1, 0
;__Lib_Math.c,247 :: 		
0x0604	0xB4D8      	BTFSC       STATUS, 2, 0
;__Lib_Math.c,248 :: 		
0x0606	0x2A01      	INCF        R1, 1, 0
;__Lib_Math.c,250 :: 		
0x0608	0x5001      	MOVF        R1, 0, 0
;__Lib_Math.c,251 :: 		
0x060A	0x1005      	IORWF       R5, 0, 0
;__Lib_Math.c,252 :: 		
0x060C	0x6E0A      	MOVWF       R10, 0
;__Lib_Math.c,253 :: 		
0x060E	0xBE0A      	BTFSC       R10, 7, 0
;__Lib_Math.c,254 :: 		
0x0610	0xD010      	BRA         $+34
;__Lib_Math.c,256 :: 		
0x0612	0xDD88      	RCALL       _Div_16x16_S_L
;__Lib_Math.c,258 :: 		
0x0614	0xB00B      	BTFSC       R11, 0, 0
;__Lib_Math.c,259 :: 		
0x0616	0xD020      	BRA         $+66
;__Lib_Math.c,261 :: 		
0x0618	0xAE0D      	BTFSS       R13, 7, 0
;__Lib_Math.c,262 :: 		
0x061A	0x0C00      	RETLW       0
;__Lib_Math.c,264 :: 		
0x061C	0x1E00      	COMF        R0, 1, 0
;__Lib_Math.c,265 :: 		
0x061E	0x1E01      	COMF        R1, 1, 0
;__Lib_Math.c,266 :: 		
0x0620	0x2A00      	INCF        R0, 1, 0
;__Lib_Math.c,267 :: 		
0x0622	0xB4D8      	BTFSC       STATUS, 2, 0
;__Lib_Math.c,268 :: 		
0x0624	0x2A01      	INCF        R1, 1, 0
;__Lib_Math.c,270 :: 		
0x0626	0x1E08      	COMF        R8, 1, 0
;__Lib_Math.c,271 :: 		
0x0628	0x1E09      	COMF        R9, 1, 0
;__Lib_Math.c,272 :: 		
0x062A	0x2A08      	INCF        R8, 1, 0
;__Lib_Math.c,273 :: 		
0x062C	0xB4D8      	BTFSC       STATUS, 2, 0
;__Lib_Math.c,274 :: 		
0x062E	0x2A09      	INCF        R9, 1, 0
;__Lib_Math.c,276 :: 		
0x0630	0x0C00      	RETLW       0
;__Lib_Math.c,278 :: 		
0x0632	0xAE05      	BTFSS       R5, 7, 0
;__Lib_Math.c,279 :: 		
0x0634	0xD00D      	BRA         $+28
;__Lib_Math.c,280 :: 		
0x0636	0xBE01      	BTFSC       R1, 7, 0
;__Lib_Math.c,281 :: 		
0x0638	0xD007      	BRA         $+16
;__Lib_Math.c,282 :: 		
0x063A	0x5001      	MOVF        R1, 0, 0
;__Lib_Math.c,283 :: 		
0x063C	0x6E09      	MOVWF       R9, 0
;__Lib_Math.c,284 :: 		
0x063E	0x5000      	MOVF        R0, 0, 0
;__Lib_Math.c,285 :: 		
0x0640	0x6E08      	MOVWF       R8, 0
;__Lib_Math.c,286 :: 		
0x0642	0x6A01      	CLRF        R1, 0
;__Lib_Math.c,287 :: 		
0x0644	0x6A00      	CLRF        R0, 0
;__Lib_Math.c,288 :: 		
0x0646	0xD7E8      	BRA         $-46
;__Lib_Math.c,289 :: 		
0x0648	0x6A01      	CLRF        R1, 0
;__Lib_Math.c,290 :: 		
0x064A	0x6A00      	CLRF        R0, 0
;__Lib_Math.c,291 :: 		
0x064C	0x2A00      	INCF        R0, 1, 0
;__Lib_Math.c,292 :: 		
0x064E	0x0C00      	RETLW       0
;__Lib_Math.c,294 :: 		
0x0650	0x1E01      	COMF        R1, 1, 0
;__Lib_Math.c,295 :: 		
0x0652	0x1E00      	COMF        R0, 1, 0
;__Lib_Math.c,296 :: 		
0x0654	0x2A0B      	INCF        R11, 1, 0
;__Lib_Math.c,297 :: 		
0x0656	0xD7DD      	BRA         $-68
;__Lib_Math.c,299 :: 		
0x0658	0x2A08      	INCF        R8, 1, 0
;__Lib_Math.c,300 :: 		
0x065A	0xB4D8      	BTFSC       STATUS, 2, 0
;__Lib_Math.c,301 :: 		
0x065C	0x2A09      	INCF        R9, 1, 0
;__Lib_Math.c,302 :: 		
0x065E	0x5004      	MOVF        R4, 0, 0
;__Lib_Math.c,303 :: 		
0x0660	0x5C08      	SUBWF       R8, 0, 0
;__Lib_Math.c,304 :: 		
0x0662	0xA4D8      	BTFSS       STATUS, 2, 0
;__Lib_Math.c,305 :: 		
0x0664	0xD7D9      	BRA         $-76
;__Lib_Math.c,306 :: 		
0x0666	0x5005      	MOVF        R5, 0, 0
;__Lib_Math.c,307 :: 		
0x0668	0x5C09      	SUBWF       R9, 0, 0
;__Lib_Math.c,308 :: 		
0x066A	0xA4D8      	BTFSS       STATUS, 2, 0
;__Lib_Math.c,309 :: 		
0x066C	0xD7D5      	BRA         $-84
;__Lib_Math.c,310 :: 		
0x066E	0x6A09      	CLRF        R9, 0
;__Lib_Math.c,311 :: 		
0x0670	0x6A08      	CLRF        R8, 0
;__Lib_Math.c,312 :: 		
0x0672	0x2A00      	INCF        R0, 1, 0
;__Lib_Math.c,313 :: 		
0x0674	0xB4D8      	BTFSC       STATUS, 2, 0
;__Lib_Math.c,314 :: 		
0x0676	0x2A01      	INCF        R1, 1, 0
;__Lib_Math.c,315 :: 		
0x0678	0xAE01      	BTFSS       R1, 7, 0
;__Lib_Math.c,316 :: 		
0x067A	0xD7CE      	BRA         $-98
;__Lib_Math.c,317 :: 		
0x067C	0x0000      	NOP
;__Lib_Math.c,318 :: 		
0x067E	0x0CFF      	RETLW       255
;__Lib_Math.c,320 :: 		
L_end_Div_16x16_S:
0x0680	0x0012      	RETURN      0
; end of _Div_16x16_S
_IntToStr:
;__Lib_Conversions.c,195 :: 		
;__Lib_Conversions.c,201 :: 		
0x0682	0x6A58      	CLRF        IntToStr_negative_L0 
0x0684	0x6A59      	CLRF        IntToStr_negative_L0+1 
;__Lib_Conversions.c,202 :: 		
0x0686	0xF05AC052  	MOVFF       FARG_IntToStr_input, IntToStr_inword_L0
0x068A	0xF05BC053  	MOVFF       FARG_IntToStr_input+1, IntToStr_inword_L0+1
;__Lib_Conversions.c,203 :: 		
0x068E	0x0E80      	MOVLW       128
0x0690	0x1853      	XORWF       FARG_IntToStr_input+1, 0 
0x0692	0x6E00      	MOVWF       R0 
0x0694	0x0E80      	MOVLW       128
0x0696	0x5C00      	SUBWF       R0, 0 
0x0698	0xE102      	BNZ         L__IntToStr387
0x069A	0x0E00      	MOVLW       0
0x069C	0x5C52      	SUBWF       FARG_IntToStr_input, 0 
L__IntToStr387:
0x069E	0xE20B      	BC          L_IntToStr37
;__Lib_Conversions.c,204 :: 		
0x06A0	0x0E01      	MOVLW       1
0x06A2	0x6E58      	MOVWF       IntToStr_negative_L0 
0x06A4	0x0E00      	MOVLW       0
0x06A6	0x6E59      	MOVWF       IntToStr_negative_L0+1 
;__Lib_Conversions.c,205 :: 		
0x06A8	0x5052      	MOVF        FARG_IntToStr_input, 0 
0x06AA	0x0800      	SUBLW       0
0x06AC	0x6E5A      	MOVWF       IntToStr_inword_L0 
0x06AE	0xF05BC053  	MOVFF       FARG_IntToStr_input+1, IntToStr_inword_L0+1
0x06B2	0x0E00      	MOVLW       0
0x06B4	0x565B      	SUBFWB      IntToStr_inword_L0+1, 1 
;__Lib_Conversions.c,206 :: 		
L_IntToStr37:
;__Lib_Conversions.c,207 :: 		
0x06B6	0xF05CC05A  	MOVFF       IntToStr_inword_L0, FARG_WordToStr_input
0x06BA	0xF05DC05B  	MOVFF       IntToStr_inword_L0+1, FARG_WordToStr_input+1
0x06BE	0xF05EC054  	MOVFF       FARG_IntToStr_output, FARG_WordToStr_output
0x06C2	0xF05FC055  	MOVFF       FARG_IntToStr_output+1, FARG_WordToStr_output+1
0x06C6	0xDE86      	RCALL       _WordToStr
;__Lib_Conversions.c,209 :: 		
0x06C8	0x0E06      	MOVLW       6
0x06CA	0x6E56      	MOVWF       IntToStr_i_L0 
0x06CC	0x0E00      	MOVLW       0
0x06CE	0x6E57      	MOVWF       IntToStr_i_L0+1 
;__Lib_Conversions.c,210 :: 		
L_IntToStr38:
0x06D0	0x0E00      	MOVLW       0
0x06D2	0x6E00      	MOVWF       R0 
0x06D4	0x5057      	MOVF        IntToStr_i_L0+1, 0 
0x06D6	0x5C00      	SUBWF       R0, 0 
0x06D8	0xE102      	BNZ         L__IntToStr388
0x06DA	0x5056      	MOVF        IntToStr_i_L0, 0 
0x06DC	0x0800      	SUBLW       0
L__IntToStr388:
0x06DE	0xE219      	BC          L_IntToStr39
;__Lib_Conversions.c,211 :: 		
0x06E0	0x5056      	MOVF        IntToStr_i_L0, 0 
0x06E2	0x2454      	ADDWF       FARG_IntToStr_output, 0 
0x06E4	0x6EE1      	MOVWF       FSR1L 
0x06E6	0x5057      	MOVF        IntToStr_i_L0+1, 0 
0x06E8	0x2055      	ADDWFC      FARG_IntToStr_output+1, 0 
0x06EA	0x6EE2      	MOVWF       FSR1L+1 
0x06EC	0x0E01      	MOVLW       1
0x06EE	0x5C56      	SUBWF       IntToStr_i_L0, 0 
0x06F0	0x6E00      	MOVWF       R0 
0x06F2	0x0E00      	MOVLW       0
0x06F4	0x5857      	SUBWFB      IntToStr_i_L0+1, 0 
0x06F6	0x6E01      	MOVWF       R1 
0x06F8	0x5000      	MOVF        R0, 0 
0x06FA	0x2454      	ADDWF       FARG_IntToStr_output, 0 
0x06FC	0x6EE9      	MOVWF       FSR0L 
0x06FE	0x5001      	MOVF        R1, 0 
0x0700	0x2055      	ADDWFC      FARG_IntToStr_output+1, 0 
0x0702	0x6EEA      	MOVWF       FSR0L+1 
0x0704	0xFFE6CFEE  	MOVFF       POSTINC0, POSTINC1
;__Lib_Conversions.c,212 :: 		
0x0708	0x0E01      	MOVLW       1
0x070A	0x5E56      	SUBWF       IntToStr_i_L0, 1 
0x070C	0x0E00      	MOVLW       0
0x070E	0x5A57      	SUBWFB      IntToStr_i_L0+1, 1 
;__Lib_Conversions.c,213 :: 		
0x0710	0xD7DF      	BRA         L_IntToStr38
L_IntToStr39:
;__Lib_Conversions.c,214 :: 		
0x0712	0xFFE1C054  	MOVFF       FARG_IntToStr_output, FSR1L
0x0716	0xFFE2C055  	MOVFF       FARG_IntToStr_output+1, FSR1H
0x071A	0x0E20      	MOVLW       32
0x071C	0x6EE6      	MOVWF       POSTINC1 
;__Lib_Conversions.c,215 :: 		
0x071E	0x5058      	MOVF        IntToStr_negative_L0, 0 
0x0720	0x1059      	IORWF       IntToStr_negative_L0+1, 0 
0x0722	0xE01A      	BZ          L_IntToStr40
;__Lib_Conversions.c,216 :: 		
0x0724	0x6A56      	CLRF        IntToStr_i_L0 
0x0726	0x6A57      	CLRF        IntToStr_i_L0+1 
;__Lib_Conversions.c,217 :: 		
L_IntToStr41:
0x0728	0x5056      	MOVF        IntToStr_i_L0, 0 
0x072A	0x2454      	ADDWF       FARG_IntToStr_output, 0 
0x072C	0x6EE9      	MOVWF       FSR0L 
0x072E	0x5057      	MOVF        IntToStr_i_L0+1, 0 
0x0730	0x2055      	ADDWFC      FARG_IntToStr_output+1, 0 
0x0732	0x6EEA      	MOVWF       FSR0L+1 
0x0734	0x50EE      	MOVF        POSTINC0, 0 
0x0736	0x0A20      	XORLW       32
0x0738	0xE103      	BNZ         L_IntToStr42
0x073A	0x4A56      	INFSNZ      IntToStr_i_L0, 1 
0x073C	0x2A57      	INCF        IntToStr_i_L0+1, 1 
0x073E	0xD7F4      	BRA         L_IntToStr41
L_IntToStr42:
;__Lib_Conversions.c,218 :: 		
0x0740	0x0E01      	MOVLW       1
0x0742	0x5E56      	SUBWF       IntToStr_i_L0, 1 
0x0744	0x0E00      	MOVLW       0
0x0746	0x5A57      	SUBWFB      IntToStr_i_L0+1, 1 
;__Lib_Conversions.c,219 :: 		
0x0748	0x5056      	MOVF        IntToStr_i_L0, 0 
0x074A	0x2454      	ADDWF       FARG_IntToStr_output, 0 
0x074C	0x6EE1      	MOVWF       FSR1L 
0x074E	0x5057      	MOVF        IntToStr_i_L0+1, 0 
0x0750	0x2055      	ADDWFC      FARG_IntToStr_output+1, 0 
0x0752	0x6EE2      	MOVWF       FSR1L+1 
0x0754	0x0E2D      	MOVLW       45
0x0756	0x6EE6      	MOVWF       POSTINC1 
L_IntToStr40:
;__Lib_Conversions.c,220 :: 		
L_end_IntToStr:
0x0758	0x0012      	RETURN      0
; end of _IntToStr
_Lcd_Out:
;__Lib_Lcd.c,184 :: 		
;__Lib_Lcd.c,187 :: 		
0x075A	0xD00F      	BRA         L_Lcd_Out11
;__Lib_Lcd.c,188 :: 		
L_Lcd_Out13:
0x075C	0x0E80      	MOVLW       128
0x075E	0x6E52      	MOVWF       FARG_Lcd_Out_row 
0x0760	0xD019      	BRA         L_Lcd_Out12
;__Lib_Lcd.c,189 :: 		
L_Lcd_Out14:
0x0762	0x0EC0      	MOVLW       192
0x0764	0x6E52      	MOVWF       FARG_Lcd_Out_row 
0x0766	0xD016      	BRA         L_Lcd_Out12
;__Lib_Lcd.c,190 :: 		
L_Lcd_Out15:
0x0768	0x0E94      	MOVLW       148
0x076A	0x6E52      	MOVWF       FARG_Lcd_Out_row 
0x076C	0xD013      	BRA         L_Lcd_Out12
;__Lib_Lcd.c,191 :: 		
L_Lcd_Out16:
0x076E	0x0ED4      	MOVLW       212
0x0770	0x6E52      	MOVWF       FARG_Lcd_Out_row 
0x0772	0xD010      	BRA         L_Lcd_Out12
;__Lib_Lcd.c,192 :: 		
L_Lcd_Out17:
0x0774	0x0E80      	MOVLW       128
0x0776	0x6E52      	MOVWF       FARG_Lcd_Out_row 
;__Lib_Lcd.c,193 :: 		
0x0778	0xD00D      	BRA         L_Lcd_Out12
L_Lcd_Out11:
0x077A	0x5052      	MOVF        FARG_Lcd_Out_row, 0 
0x077C	0x0A01      	XORLW       1
0x077E	0xE0EE      	BZ          L_Lcd_Out13
0x0780	0x5052      	MOVF        FARG_Lcd_Out_row, 0 
0x0782	0x0A02      	XORLW       2
0x0784	0xE0EE      	BZ          L_Lcd_Out14
0x0786	0x5052      	MOVF        FARG_Lcd_Out_row, 0 
0x0788	0x0A03      	XORLW       3
0x078A	0xE0EE      	BZ          L_Lcd_Out15
0x078C	0x5052      	MOVF        FARG_Lcd_Out_row, 0 
0x078E	0x0A04      	XORLW       4
0x0790	0xE0EE      	BZ          L_Lcd_Out16
0x0792	0xD7F0      	BRA         L_Lcd_Out17
L_Lcd_Out12:
;__Lib_Lcd.c,194 :: 		
0x0794	0x0453      	DECF        FARG_Lcd_Out_column, 0 
0x0796	0x6E00      	MOVWF       R0 
0x0798	0x5052      	MOVF        FARG_Lcd_Out_row, 0 
0x079A	0x2600      	ADDWF       R0, 1 
0x079C	0xF052C000  	MOVFF       R0, FARG_Lcd_Out_row
;__Lib_Lcd.c,196 :: 		
0x07A0	0xF063C000  	MOVFF       R0, FARG_Lcd_Cmd_out_char
0x07A4	0xDC69      	RCALL       _Lcd_Cmd
;__Lib_Lcd.c,197 :: 		
0x07A6	0x904D      	BCF         __Lib_Lcd_cmd_status, BitPos(__Lib_Lcd_cmd_status+0) 
;__Lib_Lcd.c,198 :: 		
0x07A8	0x6A56      	CLRF        Lcd_Out_i_L0 
;__Lib_Lcd.c,199 :: 		
L_Lcd_Out18:
0x07AA	0x5056      	MOVF        Lcd_Out_i_L0, 0 
0x07AC	0x2454      	ADDWF       FARG_Lcd_Out_text, 0 
0x07AE	0x6EE9      	MOVWF       FSR0L 
0x07B0	0x0E00      	MOVLW       0
0x07B2	0x2055      	ADDWFC      FARG_Lcd_Out_text+1, 0 
0x07B4	0x6EEA      	MOVWF       FSR0L+1 
0x07B6	0x52EE      	MOVF        POSTINC0, 1 
0x07B8	0xE00B      	BZ          L_Lcd_Out19
;__Lib_Lcd.c,200 :: 		
0x07BA	0x5056      	MOVF        Lcd_Out_i_L0, 0 
0x07BC	0x2454      	ADDWF       FARG_Lcd_Out_text, 0 
0x07BE	0x6EE9      	MOVWF       FSR0L 
0x07C0	0x0E00      	MOVLW       0
0x07C2	0x2055      	ADDWFC      FARG_Lcd_Out_text+1, 0 
0x07C4	0x6EEA      	MOVWF       FSR0L+1 
0x07C6	0xF05CCFEE  	MOVFF       POSTINC0, FARG_Lcd_Chr_CP_out_char
0x07CA	0xDE4C      	RCALL       _Lcd_Chr_CP
0x07CC	0x2A56      	INCF        Lcd_Out_i_L0, 1 
0x07CE	0xD7ED      	BRA         L_Lcd_Out18
L_Lcd_Out19:
;__Lib_Lcd.c,201 :: 		
0x07D0	0x804D      	BSF         __Lib_Lcd_cmd_status, BitPos(__Lib_Lcd_cmd_status+0) 
;__Lib_Lcd.c,202 :: 		
L_end_Lcd_Out:
0x07D2	0x0012      	RETURN      0
; end of _Lcd_Out
_Ltrim:
;__Lib_Conversions.c,421 :: 		
;__Lib_Conversions.c,425 :: 		
0x07D4	0x6A54      	CLRF        Ltrim_trimmed_L0 
0x07D6	0x6A55      	CLRF        Ltrim_trimmed_L0+1 
;__Lib_Conversions.c,426 :: 		
0x07D8	0xF003C052  	MOVFF       FARG_Ltrim_string, R3
0x07DC	0xF004C053  	MOVFF       FARG_Ltrim_string+1, R4
;__Lib_Conversions.c,427 :: 		
0x07E0	0xF005C052  	MOVFF       FARG_Ltrim_string, R5
0x07E4	0xF006C053  	MOVFF       FARG_Ltrim_string+1, R6
;__Lib_Conversions.c,428 :: 		
L_Ltrim84:
;__Lib_Conversions.c,429 :: 		
0x07E8	0xFFE9C003  	MOVFF       R3, FSR0L
0x07EC	0xFFEAC004  	MOVFF       R4, FSR0H
0x07F0	0x50EE      	MOVF        POSTINC0, 0 
0x07F2	0x0A20      	XORLW       32
0x07F4	0xE104      	BNZ         L__Ltrim345
0x07F6	0x5054      	MOVF        Ltrim_trimmed_L0, 0 
0x07F8	0x1055      	IORWF       Ltrim_trimmed_L0+1, 0 
0x07FA	0xE101      	BNZ         L__Ltrim345
0x07FC	0xD010      	BRA         L_Ltrim89
L__Ltrim345:
;__Lib_Conversions.c,430 :: 		
0x07FE	0x0E01      	MOVLW       1
0x0800	0x6E54      	MOVWF       Ltrim_trimmed_L0 
0x0802	0x0E00      	MOVLW       0
0x0804	0x6E55      	MOVWF       Ltrim_trimmed_L0+1 
;__Lib_Conversions.c,431 :: 		
0x0806	0xFFE9C003  	MOVFF       R3, FSR0L
0x080A	0xFFEAC004  	MOVFF       R4, FSR0H
0x080E	0xFFE1C005  	MOVFF       R5, FSR1L
0x0812	0xFFE2C006  	MOVFF       R6, FSR1H
0x0816	0xFFE6CFEE  	MOVFF       POSTINC0, POSTINC1
0x081A	0x4A05      	INFSNZ      R5, 1 
0x081C	0x2A06      	INCF        R6, 1 
;__Lib_Conversions.c,432 :: 		
L_Ltrim89:
;__Lib_Conversions.c,434 :: 		
0x081E	0xF001C003  	MOVFF       R3, R1
0x0822	0xF002C004  	MOVFF       R4, R2
0x0826	0x4A03      	INFSNZ      R3, 1 
0x0828	0x2A04      	INCF        R4, 1 
0x082A	0xFFE9C001  	MOVFF       R1, FSR0L
0x082E	0xFFEAC002  	MOVFF       R2, FSR0H
0x0832	0x50EE      	MOVF        POSTINC0, 0 
0x0834	0x0A00      	XORLW       0
0x0836	0xE1D8      	BNZ         L_Ltrim84
;__Lib_Conversions.c,435 :: 		
0x0838	0xF000C052  	MOVFF       FARG_Ltrim_string, R0
0x083C	0xF001C053  	MOVFF       FARG_Ltrim_string+1, R1
;__Lib_Conversions.c,436 :: 		
L_end_Ltrim:
0x0840	0x0012      	RETURN      0
; end of _Ltrim
_Div_32x32_S:
;__Lib_Math.c,942 :: 		
;__Lib_Math.c,955 :: 		
0x0842	0x5004      	MOVF        R4, 0 
0x0844	0x0A00      	XORLW       0
0x0846	0xE112      	BNZ         L_Div_32x32_S6
;__Lib_Math.c,956 :: 		
0x0848	0x5005      	MOVF        R5, 0 
0x084A	0x0A00      	XORLW       0
0x084C	0xE10F      	BNZ         L_Div_32x32_S7
;__Lib_Math.c,957 :: 		
0x084E	0x5006      	MOVF        R6, 0 
0x0850	0x0A00      	XORLW       0
0x0852	0xE10C      	BNZ         L_Div_32x32_S8
;__Lib_Math.c,958 :: 		
0x0854	0x5007      	MOVF        R7, 0 
0x0856	0x0A00      	XORLW       0
0x0858	0xE109      	BNZ         L_Div_32x32_S9
;__Lib_Math.c,959 :: 		
0x085A	0x0EFF      	MOVLW       255
0x085C	0x6E00      	MOVWF       R0 
;__Lib_Math.c,960 :: 		
0x085E	0x0EFF      	MOVLW       255
0x0860	0x6E01      	MOVWF       R1 
;__Lib_Math.c,961 :: 		
0x0862	0x0EFF      	MOVLW       255
0x0864	0x6E02      	MOVWF       R2 
;__Lib_Math.c,962 :: 		
0x0866	0x0E7F      	MOVLW       127
0x0868	0x6E03      	MOVWF       R3 
;__Lib_Math.c,963 :: 		
0x086A	0xD097      	BRA         L_end_Div_32x32_S
;__Lib_Math.c,964 :: 		
L_Div_32x32_S9:
L_Div_32x32_S8:
L_Div_32x32_S7:
L_Div_32x32_S6:
;__Lib_Math.c,968 :: 		
0x086C	0x6A0C      	CLRF        R12, 0
;__Lib_Math.c,969 :: 		
0x086E	0xBE07      	BTFSC       R7, 7, 0
;__Lib_Math.c,970 :: 		
0x0870	0x2A0C      	INCF        R12, 1, 0
;__Lib_Math.c,972 :: 		
0x0872	0x6A0D      	CLRF        R13, 0
;__Lib_Math.c,973 :: 		
0x0874	0x6A0B      	CLRF        R11, 0
;__Lib_Math.c,974 :: 		
0x0876	0x6A0A      	CLRF        R10, 0
;__Lib_Math.c,975 :: 		
0x0878	0x6A09      	CLRF        R9, 0
;__Lib_Math.c,976 :: 		
0x087A	0x6A08      	CLRF        R8, 0
;__Lib_Math.c,977 :: 		
0x087C	0x5003      	MOVF        R3, 0, 0
;__Lib_Math.c,978 :: 		
0x087E	0x1002      	IORWF       R2, 0, 0
;__Lib_Math.c,979 :: 		
0x0880	0x1001      	IORWF       R1, 0, 0
;__Lib_Math.c,980 :: 		
0x0882	0x1000      	IORWF       R0, 0, 0
;__Lib_Math.c,981 :: 		
0x0884	0xB4D8      	BTFSC       STATUS, 2, 0
;__Lib_Math.c,982 :: 		
0x0886	0xD084      	BRA         END_ALL
;__Lib_Math.c,986 :: 		
0x0888	0x5003      	MOVF        R3, 0, 0
;__Lib_Math.c,987 :: 		
0x088A	0x1807      	XORWF       R7, 0, 0
;__Lib_Math.c,988 :: 		
0x088C	0x6E0E      	MOVWF       R14, 0
;__Lib_Math.c,989 :: 		
0x088E	0xBE0E      	BTFSC       R14, 7, 0
;__Lib_Math.c,990 :: 		
0x0890	0x1E0D      	COMF        R13, 1, 0
;__Lib_Math.c,993 :: 		
0x0892	0xAE07      	BTFSS       R7, 7, 0
;__Lib_Math.c,994 :: 		
0x0894	0xD00B      	BRA         CA3232S
;__Lib_Math.c,996 :: 		
0x0896	0x1E04      	COMF        R4, 1, 0
;__Lib_Math.c,997 :: 		
0x0898	0x1E05      	COMF        R5, 1, 0
;__Lib_Math.c,998 :: 		
0x089A	0x1E06      	COMF        R6, 1, 0
;__Lib_Math.c,999 :: 		
0x089C	0x1E07      	COMF        R7, 1, 0
;__Lib_Math.c,1000 :: 		
0x089E	0x2A04      	INCF        R4, 1, 0
;__Lib_Math.c,1001 :: 		
0x08A0	0xB4D8      	BTFSC       STATUS, 2, 0
;__Lib_Math.c,1002 :: 		
0x08A2	0x2A05      	INCF        R5, 1, 0
;__Lib_Math.c,1003 :: 		
0x08A4	0xB4D8      	BTFSC       STATUS, 2, 0
;__Lib_Math.c,1004 :: 		
0x08A6	0x2A06      	INCF        R6, 1, 0
;__Lib_Math.c,1005 :: 		
0x08A8	0xB4D8      	BTFSC       STATUS, 2, 0
;__Lib_Math.c,1006 :: 		
0x08AA	0x2A07      	INCF        R7, 1, 0
;__Lib_Math.c,1008 :: 		
CA3232S:
;__Lib_Math.c,1009 :: 		
0x08AC	0xAE03      	BTFSS       R3, 7, 0
;__Lib_Math.c,1010 :: 		
0x08AE	0xD00B      	BRA         C3232SX
;__Lib_Math.c,1012 :: 		
0x08B0	0x1E00      	COMF        R0, 1, 0
;__Lib_Math.c,1013 :: 		
0x08B2	0x1E01      	COMF        R1, 1, 0
;__Lib_Math.c,1014 :: 		
0x08B4	0x1E02      	COMF        R2, 1, 0
;__Lib_Math.c,1015 :: 		
0x08B6	0x1E03      	COMF        R3, 1, 0
;__Lib_Math.c,1016 :: 		
0x08B8	0x2A00      	INCF        R0, 1, 0
;__Lib_Math.c,1017 :: 		
0x08BA	0xB4D8      	BTFSC       STATUS, 2, 0
;__Lib_Math.c,1018 :: 		
0x08BC	0x2A01      	INCF        R1, 1, 0
;__Lib_Math.c,1019 :: 		
0x08BE	0xB4D8      	BTFSC       STATUS, 2, 0
;__Lib_Math.c,1020 :: 		
0x08C0	0x2A02      	INCF        R2, 1, 0
;__Lib_Math.c,1021 :: 		
0x08C2	0xB4D8      	BTFSC       STATUS, 2, 0
;__Lib_Math.c,1022 :: 		
0x08C4	0x2A03      	INCF        R3, 1, 0
;__Lib_Math.c,1024 :: 		
C3232SX:
;__Lib_Math.c,1025 :: 		
0x08C6	0x5003      	MOVF        R3, 0, 0
;__Lib_Math.c,1026 :: 		
0x08C8	0x1007      	IORWF       R7, 0, 0
;__Lib_Math.c,1027 :: 		
0x08CA	0x6E0E      	MOVWF       R14, 0
;__Lib_Math.c,1028 :: 		
0x08CC	0xBE0E      	BTFSC       R14, 7, 0
;__Lib_Math.c,1029 :: 		
0x08CE	0xD01C      	BRA         C3232SX1
;__Lib_Math.c,1030 :: 		
C3232S:
;__Lib_Math.c,1034 :: 		
0x08D0	0xDC55      	RCALL       _SDIV3232L
;__Lib_Math.c,1038 :: 		
0x08D2	0xBE0C      	BTFSC       R12, 7, 0
;__Lib_Math.c,1039 :: 		
0x08D4	0xD036      	BRA         C3232SX4
;__Lib_Math.c,1041 :: 		
C3232SOK:
;__Lib_Math.c,1042 :: 		
0x08D6	0xAE0D      	BTFSS       R13, 7, 0
;__Lib_Math.c,1043 :: 		
0x08D8	0xD05B      	BRA         END_ALL
;__Lib_Math.c,1045 :: 		
0x08DA	0x1E00      	COMF        R0, 1, 0
;__Lib_Math.c,1046 :: 		
0x08DC	0x1E01      	COMF        R1, 1, 0
;__Lib_Math.c,1047 :: 		
0x08DE	0x1E02      	COMF        R2, 1, 0
;__Lib_Math.c,1048 :: 		
0x08E0	0x1E03      	COMF        R3, 1, 0
;__Lib_Math.c,1049 :: 		
0x08E2	0x2A00      	INCF        R0, 1, 0
;__Lib_Math.c,1050 :: 		
0x08E4	0xB4D8      	BTFSC       STATUS, 2, 0
;__Lib_Math.c,1051 :: 		
0x08E6	0x2A01      	INCF        R1, 1, 0
;__Lib_Math.c,1052 :: 		
0x08E8	0xB4D8      	BTFSC       STATUS, 2, 0
;__Lib_Math.c,1053 :: 		
0x08EA	0x2A02      	INCF        R2, 1, 0
;__Lib_Math.c,1054 :: 		
0x08EC	0xB4D8      	BTFSC       STATUS, 2, 0
;__Lib_Math.c,1055 :: 		
0x08EE	0x2A03      	INCF        R3, 1, 0
;__Lib_Math.c,1057 :: 		
0x08F0	0x1E08      	COMF        R8, 1, 0
;__Lib_Math.c,1058 :: 		
0x08F2	0x1E09      	COMF        R9, 1, 0
;__Lib_Math.c,1059 :: 		
0x08F4	0x1E0A      	COMF        R10, 1, 0
;__Lib_Math.c,1060 :: 		
0x08F6	0x1E0B      	COMF        R11, 1, 0
;__Lib_Math.c,1061 :: 		
0x08F8	0x2A08      	INCF        R8, 1, 0
;__Lib_Math.c,1062 :: 		
0x08FA	0xB4D8      	BTFSC       STATUS, 2, 0
;__Lib_Math.c,1063 :: 		
0x08FC	0x2A09      	INCF        R9, 1, 0
;__Lib_Math.c,1064 :: 		
0x08FE	0xB4D8      	BTFSC       STATUS, 2, 0
;__Lib_Math.c,1065 :: 		
0x0900	0x2A0A      	INCF        R10, 1, 0
;__Lib_Math.c,1066 :: 		
0x0902	0xB4D8      	BTFSC       STATUS, 2, 0
;__Lib_Math.c,1067 :: 		
0x0904	0x2A0B      	INCF        R11, 1, 0
;__Lib_Math.c,1068 :: 		
0x0906	0xD044      	BRA         END_ALL
;__Lib_Math.c,1069 :: 		
C3232SX1:
;__Lib_Math.c,1072 :: 		
0x0908	0xAE07      	BTFSS       R7, 7, 0
;__Lib_Math.c,1073 :: 		
0x090A	0xD015      	BRA         C3232SX3
;__Lib_Math.c,1074 :: 		
0x090C	0xBE03      	BTFSC       R3, 7, 0
;__Lib_Math.c,1075 :: 		
0x090E	0xD00D      	BRA         C3232SX2
;__Lib_Math.c,1076 :: 		
0x0910	0x5003      	MOVF        R3, 0, 0
;__Lib_Math.c,1077 :: 		
0x0912	0x6E0B      	MOVWF       R11, 0
;__Lib_Math.c,1078 :: 		
0x0914	0x5002      	MOVF        R2, 0, 0
;__Lib_Math.c,1079 :: 		
0x0916	0x6E0A      	MOVWF       R10, 0
;__Lib_Math.c,1080 :: 		
0x0918	0x5001      	MOVF        R1, 0, 0
;__Lib_Math.c,1081 :: 		
0x091A	0x6E09      	MOVWF       R9, 0
;__Lib_Math.c,1082 :: 		
0x091C	0x5000      	MOVF        R0, 0, 0
;__Lib_Math.c,1083 :: 		
0x091E	0x6E08      	MOVWF       R8, 0
;__Lib_Math.c,1084 :: 		
0x0920	0x6A03      	CLRF        R3, 0
;__Lib_Math.c,1085 :: 		
0x0922	0x6A02      	CLRF        R2, 0
;__Lib_Math.c,1086 :: 		
0x0924	0x6A01      	CLRF        R1, 0
;__Lib_Math.c,1087 :: 		
0x0926	0x6A00      	CLRF        R0, 0
;__Lib_Math.c,1088 :: 		
0x0928	0xD7D6      	BRA         C3232SOK
;__Lib_Math.c,1089 :: 		
C3232SX2:
;__Lib_Math.c,1090 :: 		
0x092A	0x6A03      	CLRF        R3, 0
;__Lib_Math.c,1091 :: 		
0x092C	0x6A02      	CLRF        R2, 0
;__Lib_Math.c,1092 :: 		
0x092E	0x6A01      	CLRF        R1, 0
;__Lib_Math.c,1093 :: 		
0x0930	0x6A00      	CLRF        R0, 0
;__Lib_Math.c,1094 :: 		
0x0932	0x2A00      	INCF        R0, 1, 0
;__Lib_Math.c,1095 :: 		
0x0934	0x0C00      	RETLW       0
;__Lib_Math.c,1097 :: 		
C3232SX3:
;__Lib_Math.c,1098 :: 		
0x0936	0x1E03      	COMF        R3, 1, 0
;__Lib_Math.c,1099 :: 		
0x0938	0x1E02      	COMF        R2, 1, 0
;__Lib_Math.c,1100 :: 		
0x093A	0x1E01      	COMF        R1, 1, 0
;__Lib_Math.c,1101 :: 		
0x093C	0x1E00      	COMF        R0, 1, 0
;__Lib_Math.c,1103 :: 		
0x093E	0x8E0C      	BSF         R12, 7, 0
;__Lib_Math.c,1104 :: 		
0x0940	0xD7C7      	BRA         C3232S
;__Lib_Math.c,1105 :: 		
C3232SX4:
;__Lib_Math.c,1108 :: 		
0x0942	0x2A08      	INCF        R8, 1, 0
;__Lib_Math.c,1109 :: 		
0x0944	0xB4D8      	BTFSC       STATUS, 2, 0
;__Lib_Math.c,1110 :: 		
0x0946	0x2A09      	INCF        R9, 1, 0
;__Lib_Math.c,1111 :: 		
0x0948	0xB4D8      	BTFSC       STATUS, 2, 0
;__Lib_Math.c,1112 :: 		
0x094A	0x2A0A      	INCF        R10, 1, 0
;__Lib_Math.c,1113 :: 		
0x094C	0xB4D8      	BTFSC       STATUS, 2, 0
;__Lib_Math.c,1114 :: 		
0x094E	0x2A0B      	INCF        R11, 1, 0
;__Lib_Math.c,1115 :: 		
0x0950	0x5004      	MOVF        R4, 0, 0
;__Lib_Math.c,1116 :: 		
0x0952	0x5C08      	SUBWF       R8, 0, 0
;__Lib_Math.c,1117 :: 		
0x0954	0xA4D8      	BTFSS       STATUS, 2, 0
;__Lib_Math.c,1118 :: 		
0x0956	0xD7BF      	BRA         C3232SOK
;__Lib_Math.c,1119 :: 		
0x0958	0x5005      	MOVF        R5, 0, 0
;__Lib_Math.c,1120 :: 		
0x095A	0x5C09      	SUBWF       R9, 0, 0
;__Lib_Math.c,1121 :: 		
0x095C	0xA4D8      	BTFSS       STATUS, 2, 0
;__Lib_Math.c,1122 :: 		
0x095E	0xD7BB      	BRA         C3232SOK
;__Lib_Math.c,1123 :: 		
0x0960	0x5006      	MOVF        R6, 0, 0
;__Lib_Math.c,1124 :: 		
0x0962	0x5C0A      	SUBWF       R10, 0, 0
;__Lib_Math.c,1125 :: 		
0x0964	0xA4D8      	BTFSS       STATUS, 2, 0
;__Lib_Math.c,1126 :: 		
0x0966	0xD7B7      	BRA         C3232SOK
;__Lib_Math.c,1127 :: 		
0x0968	0x5007      	MOVF        R7, 0, 0
;__Lib_Math.c,1128 :: 		
0x096A	0x5C0B      	SUBWF       R11, 0, 0
;__Lib_Math.c,1129 :: 		
0x096C	0xA4D8      	BTFSS       STATUS, 2, 0
;__Lib_Math.c,1130 :: 		
0x096E	0xD7B3      	BRA         C3232SOK
;__Lib_Math.c,1131 :: 		
0x0970	0x6A0B      	CLRF        R11, 0
;__Lib_Math.c,1132 :: 		
0x0972	0x6A0A      	CLRF        R10, 0
;__Lib_Math.c,1133 :: 		
0x0974	0x6A09      	CLRF        R9, 0
;__Lib_Math.c,1134 :: 		
0x0976	0x6A08      	CLRF        R8, 0
;__Lib_Math.c,1135 :: 		
0x0978	0x2A00      	INCF        R0, 1, 0
;__Lib_Math.c,1136 :: 		
0x097A	0xB4D8      	BTFSC       STATUS, 2, 0
;__Lib_Math.c,1137 :: 		
0x097C	0x2A01      	INCF        R1, 1, 0
;__Lib_Math.c,1138 :: 		
0x097E	0xB4D8      	BTFSC       STATUS, 2, 0
;__Lib_Math.c,1139 :: 		
0x0980	0x2A02      	INCF        R2, 1, 0
;__Lib_Math.c,1140 :: 		
0x0982	0xB4D8      	BTFSC       STATUS, 2, 0
;__Lib_Math.c,1141 :: 		
0x0984	0x2A03      	INCF        R3, 1, 0
;__Lib_Math.c,1142 :: 		
0x0986	0xAE03      	BTFSS       R3, 7, 0
;__Lib_Math.c,1143 :: 		
0x0988	0xD7A6      	BRA         C3232SOK
;__Lib_Math.c,1144 :: 		
0x098A	0x6A0E      	CLRF        R14, 0
;__Lib_Math.c,1145 :: 		
0x098C	0x880E      	BSF         R14, 4, 0
;__Lib_Math.c,1146 :: 		
0x098E	0x0CFF      	RETLW       255
;__Lib_Math.c,1147 :: 		
END_ALL:
;__Lib_Math.c,1148 :: 		
0x0990	0x6A0E      	CLRF        R14, 0
;__Lib_Math.c,1149 :: 		
0x0992	0xA00C      	BTFSS       R12, 0, 0
;__Lib_Math.c,1150 :: 		
0x0994	0xD001      	BRA         avoid_comfrem
;__Lib_Math.c,1153 :: 		
0x0996	0xDD6C      	RCALL       _COMFREM
;__Lib_Math.c,1155 :: 		
avoid_comfrem:
;__Lib_Math.c,1156 :: 		
0x0998	0x0F00      	ADDLW       0
;__Lib_Math.c,1158 :: 		
L_end_Div_32x32_S:
0x099A	0x0012      	RETURN      0
; end of _Div_32x32_S
_main:
0x099C	0xF005ECC3  	CALL        2950, 0
;Conversor_AD_FIR.c,29 :: 		void main()
;Conversor_AD_FIR.c,32 :: 		setupInicial();
0x09A0	0xDDE5      	RCALL       _setupInicial
;Conversor_AD_FIR.c,33 :: 		lcd_init();
0x09A2	0xDD72      	RCALL       _Lcd_Init
;Conversor_AD_FIR.c,34 :: 		lcd_cmd(_LCD_CURSOR_OFF);
0x09A4	0x0E0C      	MOVLW       12
0x09A6	0x6E63      	MOVWF       FARG_Lcd_Cmd_out_char 
0x09A8	0xF000EC3C  	CALL        _Lcd_Cmd, 0
;Conversor_AD_FIR.c,35 :: 		lcd_cmd(_LCD_CLEAR);
0x09AC	0x0E01      	MOVLW       1
0x09AE	0x6E63      	MOVWF       FARG_Lcd_Cmd_out_char 
0x09B0	0xF000EC3C  	CALL        _Lcd_Cmd, 0
;Conversor_AD_FIR.c,37 :: 		while(1)
L_main0:
;Conversor_AD_FIR.c,39 :: 		valorLido = adc_read(0); // faz a leitura em RA0
0x09B4	0x6A52      	CLRF        FARG_ADC_Read_channel 
0x09B6	0xDDB3      	RCALL       _ADC_Read
0x09B8	0xF023C000  	MOVFF       R0, _valorLido
0x09BC	0xF024C001  	MOVFF       R1, _valorLido+1
;Conversor_AD_FIR.c,41 :: 		soma = soma + valorLido;
0x09C0	0x5000      	MOVF        R0, 0 
0x09C2	0x261F      	ADDWF       _soma, 1 
0x09C4	0x5001      	MOVF        R1, 0 
0x09C6	0x2220      	ADDWFC      _soma+1, 1 
0x09C8	0x0E00      	MOVLW       0
0x09CA	0xBE01      	BTFSC       R1, 7 
0x09CC	0x0EFF      	MOVLW       255
0x09CE	0x2221      	ADDWFC      _soma+2, 1 
0x09D0	0x2222      	ADDWFC      _soma+3, 1 
;Conversor_AD_FIR.c,42 :: 		contaMedidas++;
0x09D2	0x4A25      	INFSNZ      _contaMedidas, 1 
0x09D4	0x2A26      	INCF        _contaMedidas+1, 1 
;Conversor_AD_FIR.c,44 :: 		if(contaMedidas >= 500)
0x09D6	0x0E80      	MOVLW       128
0x09D8	0x1826      	XORWF       _contaMedidas+1, 0 
0x09DA	0x6E00      	MOVWF       R0 
0x09DC	0x0E80      	MOVLW       128
0x09DE	0x0A01      	XORLW       1
0x09E0	0x5C00      	SUBWF       R0, 0 
0x09E2	0xE102      	BNZ         L__main4
0x09E4	0x0EF4      	MOVLW       244
0x09E6	0x5C25      	SUBWF       _contaMedidas, 0 
L__main4:
0x09E8	0xA0D8      	BTFSS       STATUS, 0 
0x09EA	0xD0B2      	BRA         L_main2
;Conversor_AD_FIR.c,46 :: 		media = soma / contaMedidas;
0x09EC	0xF004C025  	MOVFF       _contaMedidas, R4
0x09F0	0xF005C026  	MOVFF       _contaMedidas+1, R5
0x09F4	0x0E00      	MOVLW       0
0x09F6	0xBE26      	BTFSC       _contaMedidas+1, 7 
0x09F8	0x0EFF      	MOVLW       255
0x09FA	0x6E06      	MOVWF       R6 
0x09FC	0x6E07      	MOVWF       R7 
0x09FE	0xF000C01F  	MOVFF       _soma, R0
0x0A02	0xF001C020  	MOVFF       _soma+1, R1
0x0A06	0xF002C021  	MOVFF       _soma+2, R2
0x0A0A	0xF003C022  	MOVFF       _soma+3, R3
0x0A0E	0xDF19      	RCALL       _Div_32x32_S
0x0A10	0xF029C000  	MOVFF       R0, _media
0x0A14	0xF02AC001  	MOVFF       R1, _media+1
;Conversor_AD_FIR.c,47 :: 		soma = 0;
0x0A18	0x6A1F      	CLRF        _soma 
0x0A1A	0x6A20      	CLRF        _soma+1 
0x0A1C	0x6A21      	CLRF        _soma+2 
0x0A1E	0x6A22      	CLRF        _soma+3 
;Conversor_AD_FIR.c,48 :: 		contaMedidas = 0;
0x0A20	0x6A25      	CLRF        _contaMedidas 
0x0A22	0x6A26      	CLRF        _contaMedidas+1 
;Conversor_AD_FIR.c,54 :: 		f0=f1;
0x0A24	0xF027C017  	MOVFF       _f1, _f0
0x0A28	0xF028C018  	MOVFF       _f1+1, _f0+1
;Conversor_AD_FIR.c,55 :: 		f1=f2;
0x0A2C	0xF017C015  	MOVFF       _f2, _f1
0x0A30	0xF018C016  	MOVFF       _f2+1, _f1+1
;Conversor_AD_FIR.c,56 :: 		f2=f3;
0x0A34	0xF015C019  	MOVFF       _f3, _f2
0x0A38	0xF016C01A  	MOVFF       _f3+1, _f2+1
;Conversor_AD_FIR.c,57 :: 		f3=f4;
0x0A3C	0xF019C01D  	MOVFF       _f4, _f3
0x0A40	0xF01AC01E  	MOVFF       _f4+1, _f3+1
;Conversor_AD_FIR.c,58 :: 		f4=f5;
0x0A44	0xF01DC01B  	MOVFF       _f5, _f4
0x0A48	0xF01EC01C  	MOVFF       _f5+1, _f4+1
;Conversor_AD_FIR.c,59 :: 		f5=f6;
0x0A4C	0xF01BC02B  	MOVFF       _f6, _f5
0x0A50	0xF01CC02C  	MOVFF       _f6+1, _f5+1
;Conversor_AD_FIR.c,60 :: 		f6=f7;
0x0A54	0xF02BC03E  	MOVFF       _f7, _f6
0x0A58	0xF02CC03F  	MOVFF       _f7+1, _f6+1
;Conversor_AD_FIR.c,61 :: 		f7=f8;
0x0A5C	0xF03EC03C  	MOVFF       _f8, _f7
0x0A60	0xF03FC03D  	MOVFF       _f8+1, _f7+1
;Conversor_AD_FIR.c,62 :: 		f8=f9;
0x0A64	0xF03CC040  	MOVFF       _f9, _f8
0x0A68	0xF03DC041  	MOVFF       _f9+1, _f8+1
;Conversor_AD_FIR.c,63 :: 		f9=media;
0x0A6C	0xF040C000  	MOVFF       R0, _f9
0x0A70	0xF041C001  	MOVFF       R1, _f9+1
;Conversor_AD_FIR.c,64 :: 		fir=(f0+f1+f2+f3+f4+f5+f6+f7+f8+f9)/10;
0x0A74	0x5017      	MOVF        _f1, 0 
0x0A76	0x2427      	ADDWF       _f0, 0 
0x0A78	0x6E04      	MOVWF       R4 
0x0A7A	0x5018      	MOVF        _f1+1, 0 
0x0A7C	0x2028      	ADDWFC      _f0+1, 0 
0x0A7E	0x6E05      	MOVWF       R5 
0x0A80	0x5015      	MOVF        _f2, 0 
0x0A82	0x2604      	ADDWF       R4, 1 
0x0A84	0x5016      	MOVF        _f2+1, 0 
0x0A86	0x2205      	ADDWFC      R5, 1 
0x0A88	0x5019      	MOVF        _f3, 0 
0x0A8A	0x2604      	ADDWF       R4, 1 
0x0A8C	0x501A      	MOVF        _f3+1, 0 
0x0A8E	0x2205      	ADDWFC      R5, 1 
0x0A90	0x501D      	MOVF        _f4, 0 
0x0A92	0x2604      	ADDWF       R4, 1 
0x0A94	0x501E      	MOVF        _f4+1, 0 
0x0A96	0x2205      	ADDWFC      R5, 1 
0x0A98	0x501B      	MOVF        _f5, 0 
0x0A9A	0x2604      	ADDWF       R4, 1 
0x0A9C	0x501C      	MOVF        _f5+1, 0 
0x0A9E	0x2205      	ADDWFC      R5, 1 
0x0AA0	0x502B      	MOVF        _f6, 0 
0x0AA2	0x2604      	ADDWF       R4, 1 
0x0AA4	0x502C      	MOVF        _f6+1, 0 
0x0AA6	0x2205      	ADDWFC      R5, 1 
0x0AA8	0x503E      	MOVF        _f7, 0 
0x0AAA	0x2604      	ADDWF       R4, 1 
0x0AAC	0x503F      	MOVF        _f7+1, 0 
0x0AAE	0x2205      	ADDWFC      R5, 1 
0x0AB0	0x503C      	MOVF        _f8, 0 
0x0AB2	0x2604      	ADDWF       R4, 1 
0x0AB4	0x503D      	MOVF        _f8+1, 0 
0x0AB6	0x2205      	ADDWFC      R5, 1 
0x0AB8	0x5004      	MOVF        R4, 0 
0x0ABA	0x2600      	ADDWF       R0, 1 
0x0ABC	0x5005      	MOVF        R5, 0 
0x0ABE	0x2201      	ADDWFC      R1, 1 
0x0AC0	0x0E0A      	MOVLW       10
0x0AC2	0x6E04      	MOVWF       R4 
0x0AC4	0x0E00      	MOVLW       0
0x0AC6	0x6E05      	MOVWF       R5 
0x0AC8	0xDD79      	RCALL       _Div_16x16_S
0x0ACA	0xF044C000  	MOVFF       R0, _fir
0x0ACE	0xF045C001  	MOVFF       R1, _fir+1
;Conversor_AD_FIR.c,70 :: 		ponderada = ((ponderada * 8) + (fir * 2)) / 10;
0x0AD2	0x0E03      	MOVLW       3
0x0AD4	0x6E02      	MOVWF       R2 
0x0AD6	0xF005C042  	MOVFF       _ponderada, R5
0x0ADA	0xF006C043  	MOVFF       _ponderada+1, R6
0x0ADE	0x5002      	MOVF        R2, 0 
L__main5:
0x0AE0	0xE005      	BZ          L__main6
0x0AE2	0x3605      	RLCF        R5, 1 
0x0AE4	0x9005      	BCF         R5, 0 
0x0AE6	0x3606      	RLCF        R6, 1 
0x0AE8	0x0FFF      	ADDLW       255
0x0AEA	0xD7FA      	BRA         L__main5
L__main6:
0x0AEC	0xF002C000  	MOVFF       R0, R2
0x0AF0	0xF003C001  	MOVFF       R1, R3
0x0AF4	0x3602      	RLCF        R2, 1 
0x0AF6	0x9002      	BCF         R2, 0 
0x0AF8	0x3603      	RLCF        R3, 1 
0x0AFA	0x5002      	MOVF        R2, 0 
0x0AFC	0x2405      	ADDWF       R5, 0 
0x0AFE	0x6E00      	MOVWF       R0 
0x0B00	0x5003      	MOVF        R3, 0 
0x0B02	0x2006      	ADDWFC      R6, 0 
0x0B04	0x6E01      	MOVWF       R1 
0x0B06	0x0E0A      	MOVLW       10
0x0B08	0x6E04      	MOVWF       R4 
0x0B0A	0x0E00      	MOVLW       0
0x0B0C	0x6E05      	MOVWF       R5 
0x0B0E	0xDD56      	RCALL       _Div_16x16_S
0x0B10	0xF042C000  	MOVFF       R0, _ponderada
0x0B14	0xF043C001  	MOVFF       R1, _ponderada+1
;Conversor_AD_FIR.c,72 :: 		inttostr(ponderada,txt);
0x0B18	0xF052C000  	MOVFF       R0, FARG_IntToStr_input
0x0B1C	0xF053C001  	MOVFF       R1, FARG_IntToStr_input+1
0x0B20	0x0E46      	MOVLW       _txt
0x0B22	0x6E54      	MOVWF       FARG_IntToStr_output 
0x0B24	0x0E00      	MOVLW       hi_addr(_txt)
0x0B26	0x6E55      	MOVWF       FARG_IntToStr_output+1 
0x0B28	0xDDAC      	RCALL       _IntToStr
;Conversor_AD_FIR.c,73 :: 		lcd_out(1,1,"Temperatura: ");
0x0B2A	0x0E01      	MOVLW       1
0x0B2C	0x6E52      	MOVWF       FARG_Lcd_Out_row 
0x0B2E	0x0E01      	MOVLW       1
0x0B30	0x6E53      	MOVWF       FARG_Lcd_Out_column 
0x0B32	0x0E2D      	MOVLW       ?lstr1_Conversor_AD_FIR
0x0B34	0x6E54      	MOVWF       FARG_Lcd_Out_text 
0x0B36	0x0E00      	MOVLW       hi_addr(?lstr1_Conversor_AD_FIR)
0x0B38	0x6E55      	MOVWF       FARG_Lcd_Out_text+1 
0x0B3A	0xDE0F      	RCALL       _Lcd_Out
;Conversor_AD_FIR.c,74 :: 		lcd_Out_CP(ltrim(txt));
0x0B3C	0x0E46      	MOVLW       _txt
0x0B3E	0x6E52      	MOVWF       FARG_Ltrim_string 
0x0B40	0x0E00      	MOVLW       hi_addr(_txt)
0x0B42	0x6E53      	MOVWF       FARG_Ltrim_string+1 
0x0B44	0xDE47      	RCALL       _Ltrim
0x0B46	0xF052C000  	MOVFF       R0, FARG_Lcd_Out_CP_text
0x0B4A	0xF053C001  	MOVFF       R1, FARG_Lcd_Out_CP_text+1
0x0B4E	0xDD21      	RCALL       _Lcd_Out_CP
;Conversor_AD_FIR.c,75 :: 		}
L_main2:
;Conversor_AD_FIR.c,80 :: 		}
0x0B50	0xD731      	BRA         L_main0
;Conversor_AD_FIR.c,81 :: 		}
L_end_main:
0x0B52	0xD7FF      	BRA         $+0
; end of _main
0x0B86	0xF015EE10  	LFSR        1, 21
0x0B8A	0x0E31      	MOVLW       49
0x0B8C	0x6E00      	MOVWF       R0 
0x0B8E	0x0E01      	MOVLW       1
0x0B90	0x6E01      	MOVWF       R1 
0x0B92	0x0E54      	MOVLW       84
0x0B94	0x6EF6      	MOVWF       TBLPTR 
0x0B96	0x0E0B      	MOVLW       11
0x0B98	0x6EF7      	MOVWF       TBLPTRH 
0x0B9A	0x0E00      	MOVLW       0
0x0B9C	0x6EF8      	MOVWF       TBLPTRU 
0x0B9E	0xF002ECAE  	CALL        1372, 0
0x0BA2	0x0012      	RETURN      0
;Conversor_AD_FIR.c,0 :: ?ICS_f2
0x0B54	0x0000 ;?ICS_f2+0
; end of ?ICS_f2
;Conversor_AD_FIR.c,0 :: ?ICS_f1
0x0B56	0x0000 ;?ICS_f1+0
; end of ?ICS_f1
;Conversor_AD_FIR.c,0 :: ?ICS_f3
0x0B58	0x0000 ;?ICS_f3+0
; end of ?ICS_f3
;Conversor_AD_FIR.c,0 :: ?ICS_f5
0x0B5A	0x0000 ;?ICS_f5+0
; end of ?ICS_f5
;Conversor_AD_FIR.c,0 :: ?ICS_f4
0x0B5C	0x0000 ;?ICS_f4+0
; end of ?ICS_f4
;Conversor_AD_FIR.c,0 :: ?ICS_soma
0x0B5E	0x0000 ;?ICS_soma+0
0x0B60	0x0000 ;?ICS_soma+2
; end of ?ICS_soma
;Conversor_AD_FIR.c,0 :: ?ICS_valorLido
0x0B62	0x0000 ;?ICS_valorLido+0
; end of ?ICS_valorLido
;Conversor_AD_FIR.c,0 :: ?ICS_contaMedidas
0x0B64	0x0000 ;?ICS_contaMedidas+0
; end of ?ICS_contaMedidas
;Conversor_AD_FIR.c,0 :: ?ICS_f0
0x0B66	0x0000 ;?ICS_f0+0
; end of ?ICS_f0
;Conversor_AD_FIR.c,0 :: ?ICS_media
0x0B68	0x0000 ;?ICS_media+0
; end of ?ICS_media
;Conversor_AD_FIR.c,0 :: ?ICS_f6
0x0B6A	0x0000 ;?ICS_f6+0
; end of ?ICS_f6
;Conversor_AD_FIR.c,0 :: ?ICS?lstr1_Conversor_AD_FIR
0x0B6C	0x6554 ;?ICS?lstr1_Conversor_AD_FIR+0
0x0B6E	0x706D ;?ICS?lstr1_Conversor_AD_FIR+2
0x0B70	0x7265 ;?ICS?lstr1_Conversor_AD_FIR+4
0x0B72	0x7461 ;?ICS?lstr1_Conversor_AD_FIR+6
0x0B74	0x7275 ;?ICS?lstr1_Conversor_AD_FIR+8
0x0B76	0x3A61 ;?ICS?lstr1_Conversor_AD_FIR+10
0x0B78	0x0020 ;?ICS?lstr1_Conversor_AD_FIR+12
; end of ?ICS?lstr1_Conversor_AD_FIR
;__Lib_ADC_A_D.c,0 :: ?ICS_vref_mask
0x0B7A	0x30 ;?ICS_vref_mask+0
; end of ?ICS_vref_mask
;Conversor_AD_FIR.c,0 :: ?ICS_f8
0x0B7B	0x0000 ;?ICS_f8+0
; end of ?ICS_f8
;Conversor_AD_FIR.c,0 :: ?ICS_f7
0x0B7D	0x0000 ;?ICS_f7+0
; end of ?ICS_f7
;Conversor_AD_FIR.c,0 :: ?ICS_f9
0x0B7F	0x0000 ;?ICS_f9+0
; end of ?ICS_f9
;Conversor_AD_FIR.c,0 :: ?ICS_ponderada
0x0B81	0x0000 ;?ICS_ponderada+0
; end of ?ICS_ponderada
;Conversor_AD_FIR.c,0 :: ?ICS_fir
0x0B83	0x0000 ;?ICS_fir+0
; end of ?ICS_fir
Symbol List:
//** Routines locations **
//ADDRESS    SIZE    PROCEDURE
//----------------------------------------------
0x001C      [22]    _Delay_5500us
0x0032       [6]    _Delay_1us
0x0038      [10]    _Delay_50us
0x0042      [54]    _Div_16X16_U
0x0078     [124]    _Lcd_Cmd
0x00F4      [12]    _Delay_22us
0x0100      [36]    _ADC_Init
0x0124      [88]    _Div_16x16_S_L
0x017C     [600]    _SDIV3232L
0x03D4     [144]    _WordToStr
0x0464      [12]    _Lcd_Chr_CP
0x0470      [24]    _COMFREM
0x0488     [150]    _Lcd_Init
0x051E      [62]    _ADC_Read
0x055C      [16]    ___CC2DW
0x056C      [38]    _setupInicial
0x0592      [42]    _Lcd_Out_CP
0x05BC     [198]    _Div_16x16_S
0x0682     [216]    _IntToStr
0x075A     [122]    _Lcd_Out
0x07D4     [110]    _Ltrim
0x0842     [346]    _Div_32x32_S
0x099C     [440]    _main
//** Variables locations ** 
//ADDRESS    SIZE    VARIABLE
//----------------------------------------------
0x0000       [1]    R0
0x0001       [1]    __Lib_Conversions_Adjust_Hex_tmp_L0
0x0001       [1]    R1
0x0002       [2]    memset_pp_L0
0x0002       [2]    strlen_cp_L0
0x0002       [2]    memcpy_dd_L0
0x0002       [1]    R2
0x0002       [2]    memchr_s_L0
0x0003       [2]    Ltrim_original_L0
0x0003       [1]    R3
0x0003       [2]    memmove_tt_L0
0x0004       [2]    strncpy_cp_L0
0x0004       [2]    strcat_cp_L0
0x0004       [2]    memcpy_ss_L0
0x0004       [1]    R4
0x0004       [2]    strcpy_cp_L0
0x0004       [2]    strncat_cp_L0
0x0005       [2]    LongWordToHex_input_half_L0
0x0005       [2]    LongIntToHex_input_half_L0
0x0005       [2]    memmove_ff_L0
0x0005       [1]    R5
0x0005       [2]    Ltrim_p_L0
0x0006       [1]    R6
0x0007       [1]    R7
0x0008       [1]    R8
0x0009       [1]    R9
0x000A       [1]    R10
0x000B       [1]    R11
0x000C       [1]    R12
0x000D       [1]    R13
0x000E       [1]    R14
0x000F       [1]    R15
0x0010       [1]    R16
0x0011       [1]    R17
0x0012       [1]    R18
0x0013       [1]    R19
0x0014       [1]    R20
0x0015       [2]    _f2
0x0017       [2]    _f1
0x0019       [2]    _f3
0x001B       [2]    _f5
0x001D       [2]    _f4
0x001F       [4]    _soma
0x0023       [2]    _valorLido
0x0025       [2]    _contaMedidas
0x0027       [2]    _f0
0x0029       [2]    _media
0x002B       [2]    _f6
0x002D      [14]    ?lstr1_Conversor_AD_FIR
0x003B       [1]    _vref_mask
0x003C       [2]    _f8
0x003E       [2]    _f7
0x0040       [2]    _f9
0x0042       [2]    _ponderada
0x0044       [2]    _fir
0x0046       [7]    _txt
0x004D       [0]    __Lib_Lcd_cmd_status
0x004E       [4]    _ADC_Get_Sample_Ptr
0x0052       [1]    FARG_Lcd_Out_row
0x0052       [2]    FARG_Ltrim_string
0x0052       [2]    FARG_Lcd_Out_CP_text
0x0052       [1]    FARG_ADC_Read_channel
0x0052       [2]    FARG_IntToStr_input
0x0053       [1]    FARG_Lcd_Out_column
0x0054       [1]    Lcd_Out_CP_i_L0
0x0054       [2]    FARG_IntToStr_output
0x0054       [2]    Ltrim_trimmed_L0
0x0054       [2]    FARG_Lcd_Out_text
0x0056       [1]    Lcd_Out_i_L0
0x0056       [2]    IntToStr_i_L0
0x0058       [2]    IntToStr_negative_L0
0x005A       [2]    IntToStr_inword_L0
0x005C       [1]    FARG_Lcd_Chr_CP_out_char
0x005C       [2]    FARG_WordToStr_input
0x005E       [2]    FARG_WordToStr_output
0x0060       [1]    WordToStr_len_L0
0x0061       [2]    FLOC__WordToStr
0x0063       [1]    FARG_Lcd_Cmd_out_char
0x0F80       [1]    PORTA
0x0F81       [1]    PORTB
0x0F82       [1]    PORTC
0x0F83       [0]    RD6_bit
0x0F83       [0]    RD7_bit
0x0F83       [0]    RD5_bit
0x0F83       [0]    RD4_bit
0x0F83       [0]    LCD_D5
0x0F83       [0]    LCD_D4
0x0F83       [1]    PORTD
0x0F83       [0]    LCD_D7
0x0F83       [0]    LCD_D6
0x0F84       [1]    PORTE
0x0F84       [0]    RE1_bit
0x0F84       [0]    LCD_EN
0x0F84       [0]    LCD_RS
0x0F84       [0]    RE0_bit
0x0F92       [1]    TRISA
0x0F93       [1]    TRISB
0x0F94       [1]    TRISC
0x0F95       [0]    TRISD5_bit
0x0F95       [0]    TRISD6_bit
0x0F95       [0]    LCD_D5_Direction
0x0F95       [0]    LCD_D7_Direction
0x0F95       [0]    TRISD4_bit
0x0F95       [0]    LCD_D6_Direction
0x0F95       [0]    LCD_D4_Direction
0x0F95       [0]    TRISD7_bit
0x0F95       [1]    TRISD
0x0F96       [0]    TRISE1_bit
0x0F96       [1]    TRISE
0x0F96       [0]    TRISE0_bit
0x0F96       [0]    LCD_EN_Direction
0x0F96       [0]    LCD_RS_Direction
0x0FB4       [1]    CMCON
0x0FC0       [1]    ADCON2
0x0FC1       [1]    ADCON1
0x0FC2       [1]    ADCON0
0x0FC3       [1]    ADRESL
0x0FC4       [1]    ADRESH
0x0FD8       [1]    STATUS
0x0FD9       [1]    FSR2L
0x0FDA       [1]    FSR2H
0x0FDE       [1]    POSTINC2
0x0FE0       [1]    BSR
0x0FE1       [1]    FSR1L
0x0FE2       [1]    FSR1H
0x0FE4       [1]    PREINC1
0x0FE6       [1]    POSTINC1
0x0FE7       [1]    INDF1
0x0FE8       [1]    WREG
0x0FE9       [1]    FSR0L
0x0FEA       [1]    FSR0H
0x0FEE       [1]    POSTINC0
0x0FF1       [1]    INTCON2
0x0FF3       [1]    PRODL
0x0FF4       [1]    PRODH
0x0FF5       [1]    TABLAT
0x0FF6       [3]    TBLPTR
0x0FF6       [1]    TBLPTRL
0x0FF7       [1]    TBLPTRH
0x0FF8       [1]    TBLPTRU
//** Constants locations ** 
//ADDRESS    SIZE    CONSTANT
//----------------------------------------------
0x0B54       [2]    ?ICS_f2
0x0B56       [2]    ?ICS_f1
0x0B58       [2]    ?ICS_f3
0x0B5A       [2]    ?ICS_f5
0x0B5C       [2]    ?ICS_f4
0x0B5E       [4]    ?ICS_soma
0x0B62       [2]    ?ICS_valorLido
0x0B64       [2]    ?ICS_contaMedidas
0x0B66       [2]    ?ICS_f0
0x0B68       [2]    ?ICS_media
0x0B6A       [2]    ?ICS_f6
0x0B6C      [14]    ?ICS?lstr1_Conversor_AD_FIR
0x0B7A       [1]    ?ICS_vref_mask
0x0B7B       [2]    ?ICS_f8
0x0B7D       [2]    ?ICS_f7
0x0B7F       [2]    ?ICS_f9
0x0B81       [2]    ?ICS_ponderada
0x0B83       [2]    ?ICS_fir
