;  LST file generated by mikroListExporter - v.2.0 
; Date/Time: 12/3/2024 9:34:48 PM
;----------------------------------------------

;Address Opcode 	ASM
0x0000	0xF001EFA9  	GOTO        850
0x0004	0x0000      	NOP
0x0006	0x0000      	NOP
0x0008	0xF000EF00  	GOTO        0
0x000C	0x0000      	NOP
0x000E	0x0000      	NOP
0x0010	0x0000      	NOP
0x0012	0x0000      	NOP
0x0014	0x0000      	NOP
0x0016	0x0000      	NOP
0x0018	0xD7F3      	BRA         0
_Delay_5500us:
;__Lib_Delays.c,31 :: 		void Delay_5500us() {
;__Lib_Delays.c,32 :: 		Delay_us(5500);
0x001C	0x0E24      	MOVLW       36
0x001E	0x6E0C      	MOVWF       R12, 0
0x0020	0x0EB5      	MOVLW       181
0x0022	0x6E0D      	MOVWF       R13, 0
L_Delay_5500us5:
0x0024	0x2E0D      	DECFSZ      R13, 1, 0
0x0026	0xD7FE      	BRA         L_Delay_5500us5
0x0028	0x2E0C      	DECFSZ      R12, 1, 0
0x002A	0xD7FC      	BRA         L_Delay_5500us5
0x002C	0x0000      	NOP
0x002E	0x0000      	NOP
;__Lib_Delays.c,33 :: 		}
L_end_Delay_5500us:
0x0030	0x0012      	RETURN      0
; end of _Delay_5500us
_Delay_50us:
;__Lib_Delays.c,19 :: 		void Delay_50us() {
;__Lib_Delays.c,20 :: 		Delay_us(50);
0x0032	0x0E53      	MOVLW       83
0x0034	0x6E0D      	MOVWF       R13, 0
L_Delay_50us2:
0x0036	0x2E0D      	DECFSZ      R13, 1, 0
0x0038	0xD7FE      	BRA         L_Delay_50us2
;__Lib_Delays.c,21 :: 		}
L_end_Delay_50us:
0x003A	0x0012      	RETURN      0
; end of _Delay_50us
_Delay_1us:
;__Lib_Delays.c,7 :: 		void Delay_1us() {
;__Lib_Delays.c,8 :: 		Delay_us(1);
0x003C	0x0000      	NOP
0x003E	0x0000      	NOP
0x0040	0x0000      	NOP
0x0042	0x0000      	NOP
0x0044	0x0000      	NOP
;__Lib_Delays.c,9 :: 		}
L_end_Delay_1us:
0x0046	0x0012      	RETURN      0
; end of _Delay_1us
_Lcd_Cmd:
;__Lib_Lcd.c,18 :: 		
;__Lib_Lcd.c,20 :: 		
0x0048	0xBE63      	BTFSC       FARG_Lcd_Cmd_out_char, 7 
0x004A	0xD002      	BRA         L__Lcd_Cmd21
0x004C	0x9E83      	BCF         LCD_D7, BitPos(LCD_D7+0) 
0x004E	0xD001      	BRA         L__Lcd_Cmd22
L__Lcd_Cmd21:
0x0050	0x8E83      	BSF         LCD_D7, BitPos(LCD_D7+0) 
L__Lcd_Cmd22:
;__Lib_Lcd.c,21 :: 		
0x0052	0xBC63      	BTFSC       FARG_Lcd_Cmd_out_char, 6 
0x0054	0xD002      	BRA         L__Lcd_Cmd23
0x0056	0x9C83      	BCF         LCD_D6, BitPos(LCD_D6+0) 
0x0058	0xD001      	BRA         L__Lcd_Cmd24
L__Lcd_Cmd23:
0x005A	0x8C83      	BSF         LCD_D6, BitPos(LCD_D6+0) 
L__Lcd_Cmd24:
;__Lib_Lcd.c,22 :: 		
0x005C	0xBA63      	BTFSC       FARG_Lcd_Cmd_out_char, 5 
0x005E	0xD002      	BRA         L__Lcd_Cmd25
0x0060	0x9A83      	BCF         LCD_D5, BitPos(LCD_D5+0) 
0x0062	0xD001      	BRA         L__Lcd_Cmd26
L__Lcd_Cmd25:
0x0064	0x8A83      	BSF         LCD_D5, BitPos(LCD_D5+0) 
L__Lcd_Cmd26:
;__Lib_Lcd.c,23 :: 		
0x0066	0xB863      	BTFSC       FARG_Lcd_Cmd_out_char, 4 
0x0068	0xD002      	BRA         L__Lcd_Cmd27
0x006A	0x9883      	BCF         LCD_D4, BitPos(LCD_D4+0) 
0x006C	0xD001      	BRA         L__Lcd_Cmd28
L__Lcd_Cmd27:
0x006E	0x8883      	BSF         LCD_D4, BitPos(LCD_D4+0) 
L__Lcd_Cmd28:
;__Lib_Lcd.c,25 :: 		
0x0070	0xB84C      	BTFSC       __Lib_Lcd_cmd_status, BitPos(__Lib_Lcd_cmd_status+0) 
0x0072	0xD002      	BRA         L__Lcd_Cmd29
0x0074	0x8084      	BSF         LCD_RS, BitPos(LCD_RS+0) 
0x0076	0xD001      	BRA         L__Lcd_Cmd30
L__Lcd_Cmd29:
0x0078	0x9084      	BCF         LCD_RS, BitPos(LCD_RS+0) 
L__Lcd_Cmd30:
;__Lib_Lcd.c,28 :: 		
0x007A	0x8284      	BSF         LCD_EN, BitPos(LCD_EN+0) 
;__Lib_Lcd.c,29 :: 		
0x007C	0xDFDF      	RCALL       _Delay_1us
;__Lib_Lcd.c,30 :: 		
0x007E	0x9284      	BCF         LCD_EN, BitPos(LCD_EN+0) 
;__Lib_Lcd.c,33 :: 		
0x0080	0xB663      	BTFSC       FARG_Lcd_Cmd_out_char, 3 
0x0082	0xD002      	BRA         L__Lcd_Cmd31
0x0084	0x9E83      	BCF         LCD_D7, BitPos(LCD_D7+0) 
0x0086	0xD001      	BRA         L__Lcd_Cmd32
L__Lcd_Cmd31:
0x0088	0x8E83      	BSF         LCD_D7, BitPos(LCD_D7+0) 
L__Lcd_Cmd32:
;__Lib_Lcd.c,34 :: 		
0x008A	0xB463      	BTFSC       FARG_Lcd_Cmd_out_char, 2 
0x008C	0xD002      	BRA         L__Lcd_Cmd33
0x008E	0x9C83      	BCF         LCD_D6, BitPos(LCD_D6+0) 
0x0090	0xD001      	BRA         L__Lcd_Cmd34
L__Lcd_Cmd33:
0x0092	0x8C83      	BSF         LCD_D6, BitPos(LCD_D6+0) 
L__Lcd_Cmd34:
;__Lib_Lcd.c,35 :: 		
0x0094	0xB263      	BTFSC       FARG_Lcd_Cmd_out_char, 1 
0x0096	0xD002      	BRA         L__Lcd_Cmd35
0x0098	0x9A83      	BCF         LCD_D5, BitPos(LCD_D5+0) 
0x009A	0xD001      	BRA         L__Lcd_Cmd36
L__Lcd_Cmd35:
0x009C	0x8A83      	BSF         LCD_D5, BitPos(LCD_D5+0) 
L__Lcd_Cmd36:
;__Lib_Lcd.c,36 :: 		
0x009E	0xB063      	BTFSC       FARG_Lcd_Cmd_out_char, 0 
0x00A0	0xD002      	BRA         L__Lcd_Cmd37
0x00A2	0x9883      	BCF         LCD_D4, BitPos(LCD_D4+0) 
0x00A4	0xD001      	BRA         L__Lcd_Cmd38
L__Lcd_Cmd37:
0x00A6	0x8883      	BSF         LCD_D4, BitPos(LCD_D4+0) 
L__Lcd_Cmd38:
;__Lib_Lcd.c,38 :: 		
0x00A8	0xB84C      	BTFSC       __Lib_Lcd_cmd_status, BitPos(__Lib_Lcd_cmd_status+0) 
0x00AA	0xD002      	BRA         L__Lcd_Cmd39
0x00AC	0x8084      	BSF         LCD_RS, BitPos(LCD_RS+0) 
0x00AE	0xD001      	BRA         L__Lcd_Cmd40
L__Lcd_Cmd39:
0x00B0	0x9084      	BCF         LCD_RS, BitPos(LCD_RS+0) 
L__Lcd_Cmd40:
;__Lib_Lcd.c,40 :: 		
0x00B2	0x8284      	BSF         LCD_EN, BitPos(LCD_EN+0) 
;__Lib_Lcd.c,41 :: 		
0x00B4	0xDFC3      	RCALL       _Delay_1us
;__Lib_Lcd.c,42 :: 		
0x00B6	0x9284      	BCF         LCD_EN, BitPos(LCD_EN+0) 
;__Lib_Lcd.c,44 :: 		
0x00B8	0xA84C      	BTFSS       __Lib_Lcd_cmd_status, BitPos(__Lib_Lcd_cmd_status+0) 
0x00BA	0xD002      	BRA         L_Lcd_Cmd0
;__Lib_Lcd.c,45 :: 		
0x00BC	0xDFAF      	RCALL       _Delay_5500us
0x00BE	0xD001      	BRA         L_Lcd_Cmd1
L_Lcd_Cmd0:
;__Lib_Lcd.c,47 :: 		
0x00C0	0xDFB8      	RCALL       _Delay_50us
L_Lcd_Cmd1:
;__Lib_Lcd.c,48 :: 		
L_end_Lcd_Cmd:
0x00C2	0x0012      	RETURN      0
; end of _Lcd_Cmd
_Div_8X8_U:
;__Lib_Math.c,77 :: 		
;__Lib_Math.c,84 :: 		
0x00C4	0x6A08      	CLRF        R8, 0
;__Lib_Math.c,85 :: 		
0x00C6	0x0E08      	MOVLW       8
;__Lib_Math.c,86 :: 		
0x00C8	0x6E0C      	MOVWF       R12, 0
;__Lib_Math.c,87 :: 		
0x00CA	0x3400      	RLCF        R0, 0, 0
;__Lib_Math.c,88 :: 		
0x00CC	0x3608      	RLCF        R8, 1, 0
;__Lib_Math.c,89 :: 		
0x00CE	0x5004      	MOVF        R4, 0, 0
;__Lib_Math.c,90 :: 		
0x00D0	0x5E08      	SUBWF       R8, 1, 0
;__Lib_Math.c,91 :: 		
0x00D2	0xB0D8      	BTFSC       STATUS, 0, 0
;__Lib_Math.c,92 :: 		
0x00D4	0xD002      	BRA         $+6
;__Lib_Math.c,93 :: 		
0x00D6	0x2608      	ADDWF       R8, 1, 0
;__Lib_Math.c,94 :: 		
0x00D8	0x90D8      	BCF         STATUS, 0, 0
;__Lib_Math.c,95 :: 		
0x00DA	0x3600      	RLCF        R0, 1, 0
;__Lib_Math.c,96 :: 		
0x00DC	0x2E0C      	DECFSZ      R12, 1, 0
;__Lib_Math.c,97 :: 		
0x00DE	0xD7F5      	BRA         $-20
;__Lib_Math.c,99 :: 		
L_end_Div_8X8_U:
0x00E0	0x0012      	RETURN      0
; end of _Div_8X8_U
_Lcd_Chr_CP:
;__Lib_Lcd.c,50 :: 		
;__Lib_Lcd.c,52 :: 		
0x00E2	0x984C      	BCF         __Lib_Lcd_cmd_status, BitPos(__Lib_Lcd_cmd_status+0) 
;__Lib_Lcd.c,53 :: 		
0x00E4	0xF063C062  	MOVFF       FARG_Lcd_Chr_CP_out_char, FARG_Lcd_Cmd_out_char
0x00E8	0xDFAF      	RCALL       _Lcd_Cmd
;__Lib_Lcd.c,54 :: 		
0x00EA	0x884C      	BSF         __Lib_Lcd_cmd_status, BitPos(__Lib_Lcd_cmd_status+0) 
;__Lib_Lcd.c,55 :: 		
L_end_Lcd_Chr_CP:
0x00EC	0x0012      	RETURN      0
; end of _Lcd_Chr_CP
_displayNumber:
;gb5.c,38 :: 		void displayNumber(unsigned char digit, unsigned char position) {
;gb5.c,39 :: 		PORTD = segment_codes[digit]; // Envia o código do dígito para os segmentos
0x00EE	0x0EC9      	MOVLW       _segment_codes
0x00F0	0x245C      	ADDWF       FARG_displayNumber_digit, 0 
0x00F2	0x6EF6      	MOVWF       TBLPTR 
0x00F4	0x0E05      	MOVLW       hi_addr(_segment_codes)
0x00F6	0x6EF7      	MOVWF       TBLPTR+1 
0x00F8	0x0E00      	MOVLW       0
0x00FA	0x22F7      	ADDWFC      TBLPTR+1, 1 
0x00FC	0x0E00      	MOVLW       higher_addr(_segment_codes)
0x00FE	0x6EF8      	MOVWF       TBLPTR+2 
0x0100	0x0E00      	MOVLW       0
0x0102	0x22F8      	ADDWFC      TBLPTR+2, 1 
0x0104	0x0009      	TBLRD*+
0x0106	0xFF83CFF5  	MOVFF       TABLAT, PORTD
;gb5.c,40 :: 		switch (position) {
0x010A	0xD008      	BRA         L_displayNumber0
;gb5.c,41 :: 		case 1: RB7_bit = 1; break; // Unidade de milhar
L_displayNumber2:
0x010C	0x8E81      	BSF         RB7_bit, BitPos(RB7_bit+0) 
0x010E	0xD012      	BRA         L_displayNumber1
;gb5.c,42 :: 		case 2: RB6_bit = 1; break; // Centena
L_displayNumber3:
0x0110	0x8C81      	BSF         RB6_bit, BitPos(RB6_bit+0) 
0x0112	0xD010      	BRA         L_displayNumber1
;gb5.c,43 :: 		case 3: RB5_bit = 1; break; // Dezena
L_displayNumber4:
0x0114	0x8A81      	BSF         RB5_bit, BitPos(RB5_bit+0) 
0x0116	0xD00E      	BRA         L_displayNumber1
;gb5.c,44 :: 		case 4: RB4_bit = 1; break; // Unidade
L_displayNumber5:
0x0118	0x8881      	BSF         RB4_bit, BitPos(RB4_bit+0) 
0x011A	0xD00C      	BRA         L_displayNumber1
;gb5.c,45 :: 		}
L_displayNumber0:
0x011C	0x505D      	MOVF        FARG_displayNumber_position, 0 
0x011E	0x0A01      	XORLW       1
0x0120	0xE0F5      	BZ          L_displayNumber2
0x0122	0x505D      	MOVF        FARG_displayNumber_position, 0 
0x0124	0x0A02      	XORLW       2
0x0126	0xE0F4      	BZ          L_displayNumber3
0x0128	0x505D      	MOVF        FARG_displayNumber_position, 0 
0x012A	0x0A03      	XORLW       3
0x012C	0xE0F3      	BZ          L_displayNumber4
0x012E	0x505D      	MOVF        FARG_displayNumber_position, 0 
0x0130	0x0A04      	XORLW       4
0x0132	0xE0F2      	BZ          L_displayNumber5
L_displayNumber1:
;gb5.c,46 :: 		Delay_ms(200); // Breve atraso para estabilizar a exibição
0x0134	0x0E06      	MOVLW       6
0x0136	0x6E0B      	MOVWF       R11, 0
0x0138	0x0E13      	MOVLW       19
0x013A	0x6E0C      	MOVWF       R12, 0
0x013C	0x0EAD      	MOVLW       173
0x013E	0x6E0D      	MOVWF       R13, 0
L_displayNumber6:
0x0140	0x2E0D      	DECFSZ      R13, 1, 0
0x0142	0xD7FE      	BRA         L_displayNumber6
0x0144	0x2E0C      	DECFSZ      R12, 1, 0
0x0146	0xD7FC      	BRA         L_displayNumber6
0x0148	0x2E0B      	DECFSZ      R11, 1, 0
0x014A	0xD7FA      	BRA         L_displayNumber6
0x014C	0x0000      	NOP
0x014E	0x0000      	NOP
;gb5.c,47 :: 		RB7_bit = RB6_bit = RB5_bit = RB4_bit = 0; // Desliga os displays
0x0150	0x9881      	BCF         RB4_bit, BitPos(RB4_bit+0) 
0x0152	0xB881      	BTFSC       RB4_bit, BitPos(RB4_bit+0) 
0x0154	0xD002      	BRA         L__displayNumber46
0x0156	0x9A81      	BCF         RB5_bit, BitPos(RB5_bit+0) 
0x0158	0xD001      	BRA         L__displayNumber47
L__displayNumber46:
0x015A	0x8A81      	BSF         RB5_bit, BitPos(RB5_bit+0) 
L__displayNumber47:
0x015C	0xBA81      	BTFSC       RB5_bit, BitPos(RB5_bit+0) 
0x015E	0xD002      	BRA         L__displayNumber48
0x0160	0x9C81      	BCF         RB6_bit, BitPos(RB6_bit+0) 
0x0162	0xD001      	BRA         L__displayNumber49
L__displayNumber48:
0x0164	0x8C81      	BSF         RB6_bit, BitPos(RB6_bit+0) 
L__displayNumber49:
0x0166	0xBC81      	BTFSC       RB6_bit, BitPos(RB6_bit+0) 
0x0168	0xD002      	BRA         L__displayNumber50
0x016A	0x9E81      	BCF         RB7_bit, BitPos(RB7_bit+0) 
0x016C	0xD001      	BRA         L__displayNumber51
L__displayNumber50:
0x016E	0x8E81      	BSF         RB7_bit, BitPos(RB7_bit+0) 
L__displayNumber51:
;gb5.c,48 :: 		}
L_end_displayNumber:
0x0170	0x0012      	RETURN      0
; end of _displayNumber
___CC2DW:
;__Lib_System.c,21 :: 		
;__Lib_System.c,23 :: 		
_CC2DL_Loop1:
;__Lib_System.c,24 :: 		
0x0172	0x0009      	TBLRD*+
;__Lib_System.c,25 :: 		
0x0174	0xFFE6CFF5  	MOVFF       TABLAT, POSTINC1
;__Lib_System.c,26 :: 		
0x0178	0x0600      	DECF        R0, 1, 0
;__Lib_System.c,27 :: 		
0x017A	0xE1FB      	BNZ         _CC2DL_Loop1
;__Lib_System.c,28 :: 		
0x017C	0x0601      	DECF        R1, 1, 0
;__Lib_System.c,29 :: 		
0x017E	0xE1F9      	BNZ         _CC2DL_Loop1
;__Lib_System.c,31 :: 		
L_end___CC2DW:
0x0180	0x0012      	RETURN      0
; end of ___CC2DW
_Lcd_Init:
;__Lib_Lcd.c,84 :: 		
;__Lib_Lcd.c,86 :: 		
0x0182	0x9296      	BCF         LCD_EN_Direction, BitPos(LCD_EN_Direction+0) 
;__Lib_Lcd.c,87 :: 		
0x0184	0x9096      	BCF         LCD_RS_Direction, BitPos(LCD_RS_Direction+0) 
;__Lib_Lcd.c,88 :: 		
0x0186	0x9895      	BCF         LCD_D4_Direction, BitPos(LCD_D4_Direction+0) 
;__Lib_Lcd.c,89 :: 		
0x0188	0x9A95      	BCF         LCD_D5_Direction, BitPos(LCD_D5_Direction+0) 
;__Lib_Lcd.c,90 :: 		
0x018A	0x9C95      	BCF         LCD_D6_Direction, BitPos(LCD_D6_Direction+0) 
;__Lib_Lcd.c,91 :: 		
0x018C	0x9E95      	BCF         LCD_D7_Direction, BitPos(LCD_D7_Direction+0) 
;__Lib_Lcd.c,93 :: 		
0x018E	0x9284      	BCF         LCD_EN, BitPos(LCD_EN+0) 
;__Lib_Lcd.c,94 :: 		
0x0190	0x9084      	BCF         LCD_RS, BitPos(LCD_RS+0) 
;__Lib_Lcd.c,95 :: 		
0x0192	0x9E83      	BCF         LCD_D7, BitPos(LCD_D7+0) 
;__Lib_Lcd.c,96 :: 		
0x0194	0x9C83      	BCF         LCD_D6, BitPos(LCD_D6+0) 
;__Lib_Lcd.c,97 :: 		
0x0196	0x9A83      	BCF         LCD_D5, BitPos(LCD_D5+0) 
;__Lib_Lcd.c,98 :: 		
0x0198	0x9883      	BCF         LCD_D4, BitPos(LCD_D4+0) 
;__Lib_Lcd.c,100 :: 		
0x019A	0xDF40      	RCALL       _Delay_5500us
;__Lib_Lcd.c,101 :: 		
0x019C	0xDF3F      	RCALL       _Delay_5500us
;__Lib_Lcd.c,102 :: 		
0x019E	0xDF3E      	RCALL       _Delay_5500us
;__Lib_Lcd.c,105 :: 		
0x01A0	0x8A83      	BSF         LCD_D5, BitPos(LCD_D5+0) 
;__Lib_Lcd.c,106 :: 		
0x01A2	0x8883      	BSF         LCD_D4, BitPos(LCD_D4+0) 
;__Lib_Lcd.c,107 :: 		
0x01A4	0x8284      	BSF         LCD_EN, BitPos(LCD_EN+0) 
;__Lib_Lcd.c,108 :: 		
0x01A6	0xDF4A      	RCALL       _Delay_1us
;__Lib_Lcd.c,109 :: 		
0x01A8	0x9284      	BCF         LCD_EN, BitPos(LCD_EN+0) 
;__Lib_Lcd.c,110 :: 		
0x01AA	0xDF38      	RCALL       _Delay_5500us
;__Lib_Lcd.c,112 :: 		
0x01AC	0x8284      	BSF         LCD_EN, BitPos(LCD_EN+0) 
;__Lib_Lcd.c,113 :: 		
0x01AE	0xDF46      	RCALL       _Delay_1us
;__Lib_Lcd.c,114 :: 		
0x01B0	0x9284      	BCF         LCD_EN, BitPos(LCD_EN+0) 
;__Lib_Lcd.c,115 :: 		
0x01B2	0xDF34      	RCALL       _Delay_5500us
;__Lib_Lcd.c,117 :: 		
0x01B4	0x8284      	BSF         LCD_EN, BitPos(LCD_EN+0) 
;__Lib_Lcd.c,118 :: 		
0x01B6	0xDF42      	RCALL       _Delay_1us
;__Lib_Lcd.c,119 :: 		
0x01B8	0x9284      	BCF         LCD_EN, BitPos(LCD_EN+0) 
;__Lib_Lcd.c,120 :: 		
0x01BA	0xDF30      	RCALL       _Delay_5500us
;__Lib_Lcd.c,123 :: 		
0x01BC	0x9883      	BCF         LCD_D4, BitPos(LCD_D4+0) 
;__Lib_Lcd.c,124 :: 		
0x01BE	0x8284      	BSF         LCD_EN, BitPos(LCD_EN+0) 
;__Lib_Lcd.c,125 :: 		
0x01C0	0xDF3D      	RCALL       _Delay_1us
;__Lib_Lcd.c,126 :: 		
0x01C2	0x9284      	BCF         LCD_EN, BitPos(LCD_EN+0) 
;__Lib_Lcd.c,127 :: 		
0x01C4	0xDF2B      	RCALL       _Delay_5500us
;__Lib_Lcd.c,130 :: 		
0x01C6	0x8284      	BSF         LCD_EN, BitPos(LCD_EN+0) 
;__Lib_Lcd.c,131 :: 		
0x01C8	0xDF39      	RCALL       _Delay_1us
;__Lib_Lcd.c,132 :: 		
0x01CA	0x9284      	BCF         LCD_EN, BitPos(LCD_EN+0) 
;__Lib_Lcd.c,134 :: 		
0x01CC	0x9A83      	BCF         LCD_D5, BitPos(LCD_D5+0) 
;__Lib_Lcd.c,135 :: 		
0x01CE	0x8E83      	BSF         LCD_D7, BitPos(LCD_D7+0) 
;__Lib_Lcd.c,136 :: 		
0x01D0	0x8284      	BSF         LCD_EN, BitPos(LCD_EN+0) 
;__Lib_Lcd.c,137 :: 		
0x01D2	0xDF34      	RCALL       _Delay_1us
;__Lib_Lcd.c,138 :: 		
0x01D4	0x9284      	BCF         LCD_EN, BitPos(LCD_EN+0) 
;__Lib_Lcd.c,139 :: 		
0x01D6	0xDF22      	RCALL       _Delay_5500us
;__Lib_Lcd.c,142 :: 		
0x01D8	0x9E83      	BCF         LCD_D7, BitPos(LCD_D7+0) 
;__Lib_Lcd.c,143 :: 		
0x01DA	0x8883      	BSF         LCD_D4, BitPos(LCD_D4+0) 
;__Lib_Lcd.c,144 :: 		
0x01DC	0x8284      	BSF         LCD_EN, BitPos(LCD_EN+0) 
;__Lib_Lcd.c,145 :: 		
0x01DE	0xDF2E      	RCALL       _Delay_1us
;__Lib_Lcd.c,146 :: 		
0x01E0	0x9284      	BCF         LCD_EN, BitPos(LCD_EN+0) 
;__Lib_Lcd.c,148 :: 		
0x01E2	0x9883      	BCF         LCD_D4, BitPos(LCD_D4+0) 
;__Lib_Lcd.c,149 :: 		
0x01E4	0x8284      	BSF         LCD_EN, BitPos(LCD_EN+0) 
;__Lib_Lcd.c,150 :: 		
0x01E6	0xDF2A      	RCALL       _Delay_1us
;__Lib_Lcd.c,151 :: 		
0x01E8	0x9284      	BCF         LCD_EN, BitPos(LCD_EN+0) 
;__Lib_Lcd.c,152 :: 		
0x01EA	0xDF18      	RCALL       _Delay_5500us
;__Lib_Lcd.c,155 :: 		
0x01EC	0x8284      	BSF         LCD_EN, BitPos(LCD_EN+0) 
;__Lib_Lcd.c,156 :: 		
0x01EE	0xDF26      	RCALL       _Delay_1us
;__Lib_Lcd.c,157 :: 		
0x01F0	0x9284      	BCF         LCD_EN, BitPos(LCD_EN+0) 
;__Lib_Lcd.c,159 :: 		
0x01F2	0x8883      	BSF         LCD_D4, BitPos(LCD_D4+0) 
;__Lib_Lcd.c,160 :: 		
0x01F4	0x8284      	BSF         LCD_EN, BitPos(LCD_EN+0) 
;__Lib_Lcd.c,161 :: 		
0x01F6	0xDF22      	RCALL       _Delay_1us
;__Lib_Lcd.c,162 :: 		
0x01F8	0x9284      	BCF         LCD_EN, BitPos(LCD_EN+0) 
;__Lib_Lcd.c,163 :: 		
0x01FA	0xDF10      	RCALL       _Delay_5500us
;__Lib_Lcd.c,166 :: 		
0x01FC	0x9883      	BCF         LCD_D4, BitPos(LCD_D4+0) 
;__Lib_Lcd.c,167 :: 		
0x01FE	0x8284      	BSF         LCD_EN, BitPos(LCD_EN+0) 
;__Lib_Lcd.c,168 :: 		
0x0200	0xDF1D      	RCALL       _Delay_1us
;__Lib_Lcd.c,169 :: 		
0x0202	0x9284      	BCF         LCD_EN, BitPos(LCD_EN+0) 
;__Lib_Lcd.c,171 :: 		
0x0204	0x8E83      	BSF         LCD_D7, BitPos(LCD_D7+0) 
;__Lib_Lcd.c,172 :: 		
0x0206	0x8C83      	BSF         LCD_D6, BitPos(LCD_D6+0) 
;__Lib_Lcd.c,173 :: 		
0x0208	0x8A83      	BSF         LCD_D5, BitPos(LCD_D5+0) 
;__Lib_Lcd.c,174 :: 		
0x020A	0x8883      	BSF         LCD_D4, BitPos(LCD_D4+0) 
;__Lib_Lcd.c,175 :: 		
0x020C	0x8284      	BSF         LCD_EN, BitPos(LCD_EN+0) 
;__Lib_Lcd.c,176 :: 		
0x020E	0xDF16      	RCALL       _Delay_1us
;__Lib_Lcd.c,177 :: 		
0x0210	0x9284      	BCF         LCD_EN, BitPos(LCD_EN+0) 
;__Lib_Lcd.c,179 :: 		
0x0212	0xDF04      	RCALL       _Delay_5500us
;__Lib_Lcd.c,181 :: 		
0x0214	0x884C      	BSF         __Lib_Lcd_cmd_status, BitPos(__Lib_Lcd_cmd_status+0) 
;__Lib_Lcd.c,182 :: 		
L_end_Lcd_Init:
0x0216	0x0012      	RETURN      0
; end of _Lcd_Init
_ADC_Init:
;__Lib_ADC_A_D.c,13 :: 		
;__Lib_ADC_A_D.c,14 :: 		
0x0218	0x0EFF      	MOVLW       _ADC_Get_Sample
0x021A	0x6E54      	MOVWF       _ADC_Get_Sample_Ptr 
0x021C	0x0EFF      	MOVLW       hi_addr(_ADC_Get_Sample)
0x021E	0x6E55      	MOVWF       _ADC_Get_Sample_Ptr+1 
0x0220	0x0EFF      	MOVLW       FARG_ADC_Get_Sample_channel
0x0222	0x6E56      	MOVWF       _ADC_Get_Sample_Ptr+2 
0x0224	0x0EFF      	MOVLW       hi_addr(FARG_ADC_Get_Sample_channel)
0x0226	0x6E57      	MOVWF       _ADC_Get_Sample_Ptr+3 
;__Lib_ADC_A_D.c,16 :: 		
0x0228	0x6AC2      	CLRF        ADCON0 
;__Lib_ADC_A_D.c,17 :: 		
0x022A	0x1C36      	COMF        _vref_mask, 0 
0x022C	0x6E00      	MOVWF       R0 
0x022E	0x5000      	MOVF        R0, 0 
0x0230	0x16C1      	ANDWF       ADCON1, 1 
;__Lib_ADC_A_D.c,18 :: 		
0x0232	0x0E07      	MOVLW       7
0x0234	0x12C0      	IORWF       ADCON2, 1 
;__Lib_ADC_A_D.c,19 :: 		
0x0236	0x8EC0      	BSF         ADCON2, 7 
;__Lib_ADC_A_D.c,20 :: 		
0x0238	0x80C2      	BSF         ADCON0, 0 
;__Lib_ADC_A_D.c,21 :: 		
L_end_ADC_Init:
0x023A	0x0012      	RETURN      0
; end of _ADC_Init
_ByteToStr:
;__Lib_Conversions.c,66 :: 		
;__Lib_Conversions.c,69 :: 		
0x023C	0x6A5F      	CLRF        ByteToStr_DigitPos_L0 
L_ByteToStr0:
0x023E	0x0E03      	MOVLW       3
0x0240	0x5C5F      	SUBWF       ByteToStr_DigitPos_L0, 0 
0x0242	0xE20A      	BC          L_ByteToStr1
;__Lib_Conversions.c,70 :: 		
0x0244	0x505F      	MOVF        ByteToStr_DigitPos_L0, 0 
0x0246	0x245D      	ADDWF       FARG_ByteToStr_output, 0 
0x0248	0x6EE1      	MOVWF       FSR1L 
0x024A	0x0E00      	MOVLW       0
0x024C	0x205E      	ADDWFC      FARG_ByteToStr_output+1, 0 
0x024E	0x6EE2      	MOVWF       FSR1L+1 
0x0250	0x0E20      	MOVLW       32
0x0252	0x6EE6      	MOVWF       POSTINC1 
;__Lib_Conversions.c,69 :: 		
0x0254	0x2A5F      	INCF        ByteToStr_DigitPos_L0, 1 
;__Lib_Conversions.c,70 :: 		
0x0256	0xD7F3      	BRA         L_ByteToStr0
L_ByteToStr1:
;__Lib_Conversions.c,72 :: 		
0x0258	0x505F      	MOVF        ByteToStr_DigitPos_L0, 0 
0x025A	0x245D      	ADDWF       FARG_ByteToStr_output, 0 
0x025C	0x6EE1      	MOVWF       FSR1L 
0x025E	0x0E00      	MOVLW       0
0x0260	0x205E      	ADDWFC      FARG_ByteToStr_output+1, 0 
0x0262	0x6EE2      	MOVWF       FSR1L+1 
0x0264	0x6AE6      	CLRF        POSTINC1 
0x0266	0x065F      	DECF        ByteToStr_DigitPos_L0, 1 
;__Lib_Conversions.c,74 :: 		
L_ByteToStr3:
;__Lib_Conversions.c,75 :: 		
0x0268	0x505F      	MOVF        ByteToStr_DigitPos_L0, 0 
0x026A	0x245D      	ADDWF       FARG_ByteToStr_output, 0 
0x026C	0x6E60      	MOVWF       FLOC__ByteToStr 
0x026E	0x0E00      	MOVLW       0
0x0270	0x205E      	ADDWFC      FARG_ByteToStr_output+1, 0 
0x0272	0x6E61      	MOVWF       FLOC__ByteToStr+1 
0x0274	0x0E0A      	MOVLW       10
0x0276	0x6E04      	MOVWF       R4 
0x0278	0xF000C05C  	MOVFF       FARG_ByteToStr_input, R0
0x027C	0xDF23      	RCALL       _Div_8X8_U
0x027E	0xF000C008  	MOVFF       R8, R0
0x0282	0x0E30      	MOVLW       48
0x0284	0x2600      	ADDWF       R0, 1 
0x0286	0xFFE1C060  	MOVFF       FLOC__ByteToStr, FSR1L
0x028A	0xFFE2C061  	MOVFF       FLOC__ByteToStr+1, FSR1H
0x028E	0xFFE6C000  	MOVFF       R0, POSTINC1
;__Lib_Conversions.c,76 :: 		
0x0292	0x0E0A      	MOVLW       10
0x0294	0x6E04      	MOVWF       R4 
0x0296	0xF000C05C  	MOVFF       FARG_ByteToStr_input, R0
0x029A	0xDF14      	RCALL       _Div_8X8_U
0x029C	0xF05CC000  	MOVFF       R0, FARG_ByteToStr_input
;__Lib_Conversions.c,77 :: 		
0x02A0	0x5000      	MOVF        R0, 0 
0x02A2	0x0A00      	XORLW       0
0x02A4	0xE101      	BNZ         L_ByteToStr5
;__Lib_Conversions.c,78 :: 		
0x02A6	0xD002      	BRA         L_ByteToStr4
L_ByteToStr5:
;__Lib_Conversions.c,79 :: 		
0x02A8	0x065F      	DECF        ByteToStr_DigitPos_L0, 1 
;__Lib_Conversions.c,80 :: 		
0x02AA	0xD7DE      	BRA         L_ByteToStr3
L_ByteToStr4:
;__Lib_Conversions.c,81 :: 		
L_end_ByteToStr:
0x02AC	0x0012      	RETURN      0
; end of _ByteToStr
_Lcd_Out_CP:
;__Lib_Lcd.c,57 :: 		
;__Lib_Lcd.c,59 :: 		
0x02AE	0x6A5E      	CLRF        Lcd_Out_CP_i_L0 
;__Lib_Lcd.c,60 :: 		
L_Lcd_Out_CP2:
0x02B0	0x505E      	MOVF        Lcd_Out_CP_i_L0, 0 
0x02B2	0x245C      	ADDWF       FARG_Lcd_Out_CP_text, 0 
0x02B4	0x6EE9      	MOVWF       FSR0L 
0x02B6	0x0E00      	MOVLW       0
0x02B8	0x205D      	ADDWFC      FARG_Lcd_Out_CP_text+1, 0 
0x02BA	0x6EEA      	MOVWF       FSR0L+1 
0x02BC	0x52EE      	MOVF        POSTINC0, 1 
0x02BE	0xE00B      	BZ          L_Lcd_Out_CP3
;__Lib_Lcd.c,61 :: 		
0x02C0	0x505E      	MOVF        Lcd_Out_CP_i_L0, 0 
0x02C2	0x245C      	ADDWF       FARG_Lcd_Out_CP_text, 0 
0x02C4	0x6EE9      	MOVWF       FSR0L 
0x02C6	0x0E00      	MOVLW       0
0x02C8	0x205D      	ADDWFC      FARG_Lcd_Out_CP_text+1, 0 
0x02CA	0x6EEA      	MOVWF       FSR0L+1 
0x02CC	0xF062CFEE  	MOVFF       POSTINC0, FARG_Lcd_Chr_CP_out_char
0x02D0	0xDF08      	RCALL       _Lcd_Chr_CP
0x02D2	0x2A5E      	INCF        Lcd_Out_CP_i_L0, 1 
;__Lib_Lcd.c,62 :: 		
0x02D4	0xD7ED      	BRA         L_Lcd_Out_CP2
L_Lcd_Out_CP3:
;__Lib_Lcd.c,63 :: 		
L_end_Lcd_Out_CP:
0x02D6	0x0012      	RETURN      0
; end of _Lcd_Out_CP
_Lcd_Out:
;__Lib_Lcd.c,184 :: 		
;__Lib_Lcd.c,187 :: 		
0x02D8	0xD00F      	BRA         L_Lcd_Out11
;__Lib_Lcd.c,188 :: 		
L_Lcd_Out13:
0x02DA	0x0E80      	MOVLW       128
0x02DC	0x6E5C      	MOVWF       FARG_Lcd_Out_row 
0x02DE	0xD019      	BRA         L_Lcd_Out12
;__Lib_Lcd.c,189 :: 		
L_Lcd_Out14:
0x02E0	0x0EC0      	MOVLW       192
0x02E2	0x6E5C      	MOVWF       FARG_Lcd_Out_row 
0x02E4	0xD016      	BRA         L_Lcd_Out12
;__Lib_Lcd.c,190 :: 		
L_Lcd_Out15:
0x02E6	0x0E94      	MOVLW       148
0x02E8	0x6E5C      	MOVWF       FARG_Lcd_Out_row 
0x02EA	0xD013      	BRA         L_Lcd_Out12
;__Lib_Lcd.c,191 :: 		
L_Lcd_Out16:
0x02EC	0x0ED4      	MOVLW       212
0x02EE	0x6E5C      	MOVWF       FARG_Lcd_Out_row 
0x02F0	0xD010      	BRA         L_Lcd_Out12
;__Lib_Lcd.c,192 :: 		
L_Lcd_Out17:
0x02F2	0x0E80      	MOVLW       128
0x02F4	0x6E5C      	MOVWF       FARG_Lcd_Out_row 
;__Lib_Lcd.c,193 :: 		
0x02F6	0xD00D      	BRA         L_Lcd_Out12
L_Lcd_Out11:
0x02F8	0x505C      	MOVF        FARG_Lcd_Out_row, 0 
0x02FA	0x0A01      	XORLW       1
0x02FC	0xE0EE      	BZ          L_Lcd_Out13
0x02FE	0x505C      	MOVF        FARG_Lcd_Out_row, 0 
0x0300	0x0A02      	XORLW       2
0x0302	0xE0EE      	BZ          L_Lcd_Out14
0x0304	0x505C      	MOVF        FARG_Lcd_Out_row, 0 
0x0306	0x0A03      	XORLW       3
0x0308	0xE0EE      	BZ          L_Lcd_Out15
0x030A	0x505C      	MOVF        FARG_Lcd_Out_row, 0 
0x030C	0x0A04      	XORLW       4
0x030E	0xE0EE      	BZ          L_Lcd_Out16
0x0310	0xD7F0      	BRA         L_Lcd_Out17
L_Lcd_Out12:
;__Lib_Lcd.c,194 :: 		
0x0312	0x045D      	DECF        FARG_Lcd_Out_column, 0 
0x0314	0x6E00      	MOVWF       R0 
0x0316	0x505C      	MOVF        FARG_Lcd_Out_row, 0 
0x0318	0x2600      	ADDWF       R0, 1 
0x031A	0xF05CC000  	MOVFF       R0, FARG_Lcd_Out_row
;__Lib_Lcd.c,196 :: 		
0x031E	0xF063C000  	MOVFF       R0, FARG_Lcd_Cmd_out_char
0x0322	0xDE92      	RCALL       _Lcd_Cmd
;__Lib_Lcd.c,197 :: 		
0x0324	0x984C      	BCF         __Lib_Lcd_cmd_status, BitPos(__Lib_Lcd_cmd_status+0) 
;__Lib_Lcd.c,198 :: 		
0x0326	0x6A60      	CLRF        Lcd_Out_i_L0 
;__Lib_Lcd.c,199 :: 		
L_Lcd_Out18:
0x0328	0x5060      	MOVF        Lcd_Out_i_L0, 0 
0x032A	0x245E      	ADDWF       FARG_Lcd_Out_text, 0 
0x032C	0x6EE9      	MOVWF       FSR0L 
0x032E	0x0E00      	MOVLW       0
0x0330	0x205F      	ADDWFC      FARG_Lcd_Out_text+1, 0 
0x0332	0x6EEA      	MOVWF       FSR0L+1 
0x0334	0x52EE      	MOVF        POSTINC0, 1 
0x0336	0xE00B      	BZ          L_Lcd_Out19
;__Lib_Lcd.c,200 :: 		
0x0338	0x5060      	MOVF        Lcd_Out_i_L0, 0 
0x033A	0x245E      	ADDWF       FARG_Lcd_Out_text, 0 
0x033C	0x6EE9      	MOVWF       FSR0L 
0x033E	0x0E00      	MOVLW       0
0x0340	0x205F      	ADDWFC      FARG_Lcd_Out_text+1, 0 
0x0342	0x6EEA      	MOVWF       FSR0L+1 
0x0344	0xF062CFEE  	MOVFF       POSTINC0, FARG_Lcd_Chr_CP_out_char
0x0348	0xDECC      	RCALL       _Lcd_Chr_CP
0x034A	0x2A60      	INCF        Lcd_Out_i_L0, 1 
0x034C	0xD7ED      	BRA         L_Lcd_Out18
L_Lcd_Out19:
;__Lib_Lcd.c,201 :: 		
0x034E	0x884C      	BSF         __Lib_Lcd_cmd_status, BitPos(__Lib_Lcd_cmd_status+0) 
;__Lib_Lcd.c,202 :: 		
L_end_Lcd_Out:
0x0350	0x0012      	RETURN      0
; end of _Lcd_Out
_main:
0x0352	0xF002ECEA  	CALL        1492, 0
;gb5.c,50 :: 		void main() {
;gb5.c,51 :: 		previousStateRB0 = 0;
0x0356	0x924C      	BCF         _previousStateRB0, BitPos(_previousStateRB0+0) 
;gb5.c,52 :: 		previousStateRB1 = 0;
0x0358	0x904C      	BCF         _previousStateRB1, BitPos(_previousStateRB1+0) 
;gb5.c,53 :: 		previousStateRB2 = 0;
0x035A	0x964C      	BCF         _previousStateRB2, BitPos(_previousStateRB2+0) 
;gb5.c,54 :: 		previousStateRB3 = 0;
0x035C	0x944C      	BCF         _previousStateRB3, BitPos(_previousStateRB3+0) 
;gb5.c,57 :: 		PORTA = 0;
0x035E	0x6A80      	CLRF        PORTA 
;gb5.c,58 :: 		TRISA = 1;          // Configura RA como entrada
0x0360	0x0E01      	MOVLW       1
0x0362	0x6E92      	MOVWF       TRISA 
;gb5.c,59 :: 		ADCON1 = 14;        // Configura RA como portas digitais
0x0364	0x0E0E      	MOVLW       14
0x0366	0x6EC1      	MOVWF       ADCON1 
;gb5.c,60 :: 		CMCON = 7;          // Desabilita comparadores
0x0368	0x0E07      	MOVLW       7
0x036A	0x6EB4      	MOVWF       CMCON 
;gb5.c,61 :: 		INTCON2 = 0;
0x036C	0x6AF1      	CLRF        INTCON2 
;gb5.c,63 :: 		TRISB0_bit = 1;     // Configura RB0 como entrada
0x036E	0x8093      	BSF         TRISB0_bit, BitPos(TRISB0_bit+0) 
;gb5.c,64 :: 		TRISB1_bit = 1;     // Configura RB1 como entrada
0x0370	0x8293      	BSF         TRISB1_bit, BitPos(TRISB1_bit+0) 
;gb5.c,65 :: 		TRISB2_bit = 1;     // Configura RB2 como entrada
0x0372	0x8493      	BSF         TRISB2_bit, BitPos(TRISB2_bit+0) 
;gb5.c,67 :: 		TRISD = 0;          // Configura PORTD como saída
0x0374	0x6A95      	CLRF        TRISD 
;gb5.c,68 :: 		TRISB4_bit = 0;     // Configura RB4 (unidade) como saída
0x0376	0x9893      	BCF         TRISB4_bit, BitPos(TRISB4_bit+0) 
;gb5.c,69 :: 		TRISB5_bit = 0;     // Configura RB5 (dezena) como saída
0x0378	0x9A93      	BCF         TRISB5_bit, BitPos(TRISB5_bit+0) 
;gb5.c,70 :: 		TRISB6_bit = 0;     // Configura RB6 (centena) como saída
0x037A	0x9C93      	BCF         TRISB6_bit, BitPos(TRISB6_bit+0) 
;gb5.c,71 :: 		TRISB7_bit = 0;     // Configura RB7 (milhar) como saída
0x037C	0x9E93      	BCF         TRISB7_bit, BitPos(TRISB7_bit+0) 
;gb5.c,73 :: 		ADC_Init();         // Inicializa ADC
0x037E	0xDF4C      	RCALL       _ADC_Init
;gb5.c,74 :: 		Lcd_Init();         // Inicializa LCD
0x0380	0xDF00      	RCALL       _Lcd_Init
;gb5.c,75 :: 		Lcd_Cmd(_LCD_CURSOR_OFF);
0x0382	0x0E0C      	MOVLW       12
0x0384	0x6E63      	MOVWF       FARG_Lcd_Cmd_out_char 
0x0386	0xDE60      	RCALL       _Lcd_Cmd
;gb5.c,76 :: 		Lcd_Cmd(_LCD_CLEAR);
0x0388	0x0E01      	MOVLW       1
0x038A	0x6E63      	MOVWF       FARG_Lcd_Cmd_out_char 
0x038C	0xDE5D      	RCALL       _Lcd_Cmd
;gb5.c,78 :: 		while (1) {
L_main7:
;gb5.c,80 :: 		if (RB0_bit == 1 && previousStateRB0 == 0) {
0x038E	0xA081      	BTFSS       RB0_bit, BitPos(RB0_bit+0) 
0x0390	0xD027      	BRA         L_main11
0x0392	0xB24C      	BTFSC       _previousStateRB0, BitPos(_previousStateRB0+0) 
0x0394	0xD025      	BRA         L_main11
L__main44:
;gb5.c,81 :: 		previousStateRB0 = 1;
0x0396	0x824C      	BSF         _previousStateRB0, BitPos(_previousStateRB0+0) 
;gb5.c,83 :: 		Lcd_Out(1, 1, "Felipe Wormmat");
0x0398	0x0E01      	MOVLW       1
0x039A	0x6E5C      	MOVWF       FARG_Lcd_Out_row 
0x039C	0x0E01      	MOVLW       1
0x039E	0x6E5D      	MOVWF       FARG_Lcd_Out_column 
0x03A0	0x0E1E      	MOVLW       ?lstr1_gb5
0x03A2	0x6E5E      	MOVWF       FARG_Lcd_Out_text 
0x03A4	0x0E00      	MOVLW       hi_addr(?lstr1_gb5)
0x03A6	0x6E5F      	MOVWF       FARG_Lcd_Out_text+1 
0x03A8	0xDF97      	RCALL       _Lcd_Out
;gb5.c,84 :: 		Lcd_Out(2, 1, "RA 38579");
0x03AA	0x0E02      	MOVLW       2
0x03AC	0x6E5C      	MOVWF       FARG_Lcd_Out_row 
0x03AE	0x0E01      	MOVLW       1
0x03B0	0x6E5D      	MOVWF       FARG_Lcd_Out_column 
0x03B2	0x0E15      	MOVLW       ?lstr2_gb5
0x03B4	0x6E5E      	MOVWF       FARG_Lcd_Out_text 
0x03B6	0x0E00      	MOVLW       hi_addr(?lstr2_gb5)
0x03B8	0x6E5F      	MOVWF       FARG_Lcd_Out_text+1 
0x03BA	0xDF8E      	RCALL       _Lcd_Out
;gb5.c,86 :: 		Delay_ms(2000);    // Aguarda 2 segundos
0x03BC	0x0E33      	MOVLW       51
0x03BE	0x6E0B      	MOVWF       R11, 0
0x03C0	0x0EBB      	MOVLW       187
0x03C2	0x6E0C      	MOVWF       R12, 0
0x03C4	0x0EDF      	MOVLW       223
0x03C6	0x6E0D      	MOVWF       R13, 0
L_main12:
0x03C8	0x2E0D      	DECFSZ      R13, 1, 0
0x03CA	0xD7FE      	BRA         L_main12
0x03CC	0x2E0C      	DECFSZ      R12, 1, 0
0x03CE	0xD7FC      	BRA         L_main12
0x03D0	0x2E0B      	DECFSZ      R11, 1, 0
0x03D2	0xD7FA      	BRA         L_main12
0x03D4	0x0000      	NOP
0x03D6	0x0000      	NOP
;gb5.c,87 :: 		Lcd_Cmd(_LCD_CLEAR);  // Limpa o LCD
0x03D8	0x0E01      	MOVLW       1
0x03DA	0x6E63      	MOVWF       FARG_Lcd_Cmd_out_char 
0x03DC	0xDE35      	RCALL       _Lcd_Cmd
;gb5.c,88 :: 		} else if (RB0_bit == 0) {
0x03DE	0xD002      	BRA         L_main13
L_main11:
0x03E0	0xA081      	BTFSS       RB0_bit, BitPos(RB0_bit+0) 
;gb5.c,89 :: 		previousStateRB0 = 0;
0x03E2	0x924C      	BCF         _previousStateRB0, BitPos(_previousStateRB0+0) 
;gb5.c,90 :: 		}
L_main14:
L_main13:
;gb5.c,93 :: 		if (RB1_bit == 1 && previousStateRB1 == 0) {
0x03E4	0xA281      	BTFSS       RB1_bit, BitPos(RB1_bit+0) 
0x03E6	0xD026      	BRA         L_main17
0x03E8	0xB04C      	BTFSC       _previousStateRB1, BitPos(_previousStateRB1+0) 
0x03EA	0xD024      	BRA         L_main17
L__main43:
;gb5.c,94 :: 		previousStateRB1 = 1;
0x03EC	0x804C      	BSF         _previousStateRB1, BitPos(_previousStateRB1+0) 
;gb5.c,96 :: 		displayNumber(3, 1); // Milhar
0x03EE	0x0E03      	MOVLW       3
0x03F0	0x6E5C      	MOVWF       FARG_displayNumber_digit 
0x03F2	0x0E01      	MOVLW       1
0x03F4	0x6E5D      	MOVWF       FARG_displayNumber_position 
0x03F6	0xDE7B      	RCALL       _displayNumber
;gb5.c,97 :: 		displayNumber(8, 2); // Centena
0x03F8	0x0E08      	MOVLW       8
0x03FA	0x6E5C      	MOVWF       FARG_displayNumber_digit 
0x03FC	0x0E02      	MOVLW       2
0x03FE	0x6E5D      	MOVWF       FARG_displayNumber_position 
0x0400	0xDE76      	RCALL       _displayNumber
;gb5.c,98 :: 		displayNumber(5, 3); // Dezena
0x0402	0x0E05      	MOVLW       5
0x0404	0x6E5C      	MOVWF       FARG_displayNumber_digit 
0x0406	0x0E03      	MOVLW       3
0x0408	0x6E5D      	MOVWF       FARG_displayNumber_position 
0x040A	0xDE71      	RCALL       _displayNumber
;gb5.c,99 :: 		displayNumber(7, 4); // Unidade
0x040C	0x0E07      	MOVLW       7
0x040E	0x6E5C      	MOVWF       FARG_displayNumber_digit 
0x0410	0x0E04      	MOVLW       4
0x0412	0x6E5D      	MOVWF       FARG_displayNumber_position 
0x0414	0xDE6C      	RCALL       _displayNumber
;gb5.c,101 :: 		Delay_ms(200); // Pequeno atraso para evitar múltiplas detecções
0x0416	0x0E06      	MOVLW       6
0x0418	0x6E0B      	MOVWF       R11, 0
0x041A	0x0E13      	MOVLW       19
0x041C	0x6E0C      	MOVWF       R12, 0
0x041E	0x0EAD      	MOVLW       173
0x0420	0x6E0D      	MOVWF       R13, 0
L_main18:
0x0422	0x2E0D      	DECFSZ      R13, 1, 0
0x0424	0xD7FE      	BRA         L_main18
0x0426	0x2E0C      	DECFSZ      R12, 1, 0
0x0428	0xD7FC      	BRA         L_main18
0x042A	0x2E0B      	DECFSZ      R11, 1, 0
0x042C	0xD7FA      	BRA         L_main18
0x042E	0x0000      	NOP
0x0430	0x0000      	NOP
;gb5.c,102 :: 		} else if (RB1_bit == 0) {
0x0432	0xD002      	BRA         L_main19
L_main17:
0x0434	0xA281      	BTFSS       RB1_bit, BitPos(RB1_bit+0) 
;gb5.c,103 :: 		previousStateRB1 = 0;
0x0436	0x904C      	BCF         _previousStateRB1, BitPos(_previousStateRB1+0) 
;gb5.c,104 :: 		}
L_main20:
L_main19:
;gb5.c,107 :: 		if (RB2_bit == 1 && previousStateRB2 == 0) {
0x0438	0xA481      	BTFSS       RB2_bit, BitPos(RB2_bit+0) 
0x043A	0xD04E      	BRA         L_main23
0x043C	0xB64C      	BTFSC       _previousStateRB2, BitPos(_previousStateRB2+0) 
0x043E	0xD04C      	BRA         L_main23
L__main42:
;gb5.c,108 :: 		Delay_ms(50);          // Debounce
0x0440	0x0E02      	MOVLW       2
0x0442	0x6E0B      	MOVWF       R11, 0
0x0444	0x0E45      	MOVLW       69
0x0446	0x6E0C      	MOVWF       R12, 0
0x0448	0x0EA9      	MOVLW       169
0x044A	0x6E0D      	MOVWF       R13, 0
L_main24:
0x044C	0x2E0D      	DECFSZ      R13, 1, 0
0x044E	0xD7FE      	BRA         L_main24
0x0450	0x2E0C      	DECFSZ      R12, 1, 0
0x0452	0xD7FC      	BRA         L_main24
0x0454	0x2E0B      	DECFSZ      R11, 1, 0
0x0456	0xD7FA      	BRA         L_main24
0x0458	0x0000      	NOP
0x045A	0x0000      	NOP
;gb5.c,109 :: 		if (RB2_bit == 1) {    // Confirma botão pressionado
0x045C	0xA481      	BTFSS       RB2_bit, BitPos(RB2_bit+0) 
0x045E	0xD03B      	BRA         L_main25
;gb5.c,110 :: 		previousStateRB2 = 1;
0x0460	0x864C      	BSF         _previousStateRB2, BitPos(_previousStateRB2+0) 
;gb5.c,112 :: 		if (rb2Ativo == 1) counter++;
0x0462	0x0E00      	MOVLW       0
0x0464	0x182F      	XORWF       _rb2Ativo+1, 0 
0x0466	0xE102      	BNZ         L__main53
0x0468	0x0E01      	MOVLW       1
0x046A	0x182E      	XORWF       _rb2Ativo, 0 
L__main53:
0x046C	0xB4D8      	BTFSC       STATUS, 2 
0x046E	0x2A2D      	INCF        _counter, 1 
L_main26:
;gb5.c,113 :: 		if (counter > 255) counter = 0;
0x0470	0x502D      	MOVF        _counter, 0 
0x0472	0x08FF      	SUBLW       255
0x0474	0xA0D8      	BTFSS       STATUS, 0 
0x0476	0x6A2D      	CLRF        _counter 
L_main27:
;gb5.c,115 :: 		if (rb2Ativo == 1) {
0x0478	0x0E00      	MOVLW       0
0x047A	0x182F      	XORWF       _rb2Ativo+1, 0 
0x047C	0xE102      	BNZ         L__main54
0x047E	0x0E01      	MOVLW       1
0x0480	0x182E      	XORWF       _rb2Ativo, 0 
L__main54:
0x0482	0xE129      	BNZ         L_main28
;gb5.c,117 :: 		asciiChar[0] = (char)counter;  // Converte valor para caractere ASCII
0x0484	0xF058C02D  	MOVFF       _counter, main_asciiChar_L4
;gb5.c,118 :: 		asciiChar[1] = '\0';          // Finaliza string
0x0488	0x6A59      	CLRF        main_asciiChar_L4+1 
;gb5.c,120 :: 		ByteToStr(counter, txt);      // Converte contador para string
0x048A	0xF05CC02D  	MOVFF       _counter, FARG_ByteToStr_input
0x048E	0x0E4D      	MOVLW       _txt
0x0490	0x6E5D      	MOVWF       FARG_ByteToStr_output 
0x0492	0x0E00      	MOVLW       hi_addr(_txt)
0x0494	0x6E5E      	MOVWF       FARG_ByteToStr_output+1 
0x0496	0xDED2      	RCALL       _ByteToStr
;gb5.c,121 :: 		Lcd_Cmd(_LCD_CLEAR);
0x0498	0x0E01      	MOVLW       1
0x049A	0x6E63      	MOVWF       FARG_Lcd_Cmd_out_char 
0x049C	0xDDD5      	RCALL       _Lcd_Cmd
;gb5.c,122 :: 		Lcd_Out(1, 1, "Conta ");
0x049E	0x0E01      	MOVLW       1
0x04A0	0x6E5C      	MOVWF       FARG_Lcd_Out_row 
0x04A2	0x0E01      	MOVLW       1
0x04A4	0x6E5D      	MOVWF       FARG_Lcd_Out_column 
0x04A6	0x0E3C      	MOVLW       ?lstr3_gb5
0x04A8	0x6E5E      	MOVWF       FARG_Lcd_Out_text 
0x04AA	0x0E00      	MOVLW       hi_addr(?lstr3_gb5)
0x04AC	0x6E5F      	MOVWF       FARG_Lcd_Out_text+1 
0x04AE	0xDF14      	RCALL       _Lcd_Out
;gb5.c,123 :: 		Lcd_Out_Cp(txt);
0x04B0	0x0E4D      	MOVLW       _txt
0x04B2	0x6E5C      	MOVWF       FARG_Lcd_Out_CP_text 
0x04B4	0x0E00      	MOVLW       hi_addr(_txt)
0x04B6	0x6E5D      	MOVWF       FARG_Lcd_Out_CP_text+1 
0x04B8	0xDEFA      	RCALL       _Lcd_Out_CP
;gb5.c,124 :: 		Lcd_Out(2, 1, "ASC ");
0x04BA	0x0E02      	MOVLW       2
0x04BC	0x6E5C      	MOVWF       FARG_Lcd_Out_row 
0x04BE	0x0E01      	MOVLW       1
0x04C0	0x6E5D      	MOVWF       FARG_Lcd_Out_column 
0x04C2	0x0E37      	MOVLW       ?lstr4_gb5
0x04C4	0x6E5E      	MOVWF       FARG_Lcd_Out_text 
0x04C6	0x0E00      	MOVLW       hi_addr(?lstr4_gb5)
0x04C8	0x6E5F      	MOVWF       FARG_Lcd_Out_text+1 
0x04CA	0xDF06      	RCALL       _Lcd_Out
;gb5.c,125 :: 		Lcd_Out_Cp(asciiChar);
0x04CC	0x0E58      	MOVLW       main_asciiChar_L4
0x04CE	0x6E5C      	MOVWF       FARG_Lcd_Out_CP_text 
0x04D0	0x0E00      	MOVLW       hi_addr(main_asciiChar_L4)
0x04D2	0x6E5D      	MOVWF       FARG_Lcd_Out_CP_text+1 
0x04D4	0xDEEC      	RCALL       _Lcd_Out_CP
;gb5.c,126 :: 		}
L_main28:
;gb5.c,127 :: 		}
L_main25:
;gb5.c,128 :: 		} else if (RB2_bit == 0) {
0x04D6	0xD007      	BRA         L_main29
L_main23:
0x04D8	0xB481      	BTFSC       RB2_bit, BitPos(RB2_bit+0) 
0x04DA	0xD005      	BRA         L_main30
;gb5.c,129 :: 		rb2Ativo = 1;
0x04DC	0x0E01      	MOVLW       1
0x04DE	0x6E2E      	MOVWF       _rb2Ativo 
0x04E0	0x0E00      	MOVLW       0
0x04E2	0x6E2F      	MOVWF       _rb2Ativo+1 
;gb5.c,130 :: 		previousStateRB2 = 0;
0x04E4	0x964C      	BCF         _previousStateRB2, BitPos(_previousStateRB2+0) 
;gb5.c,131 :: 		}
L_main30:
L_main29:
;gb5.c,134 :: 		if (RB3_bit == 1 && previousStateRB3 == 0) {
0x04E6	0xA681      	BTFSS       RB3_bit, BitPos(RB3_bit+0) 
0x04E8	0xD04B      	BRA         L_main33
0x04EA	0xB44C      	BTFSC       _previousStateRB3, BitPos(_previousStateRB3+0) 
0x04EC	0xD049      	BRA         L_main33
L__main41:
;gb5.c,135 :: 		Delay_ms(50);          // Debounce
0x04EE	0x0E02      	MOVLW       2
0x04F0	0x6E0B      	MOVWF       R11, 0
0x04F2	0x0E45      	MOVLW       69
0x04F4	0x6E0C      	MOVWF       R12, 0
0x04F6	0x0EA9      	MOVLW       169
0x04F8	0x6E0D      	MOVWF       R13, 0
L_main34:
0x04FA	0x2E0D      	DECFSZ      R13, 1, 0
0x04FC	0xD7FE      	BRA         L_main34
0x04FE	0x2E0C      	DECFSZ      R12, 1, 0
0x0500	0xD7FC      	BRA         L_main34
0x0502	0x2E0B      	DECFSZ      R11, 1, 0
0x0504	0xD7FA      	BRA         L_main34
0x0506	0x0000      	NOP
0x0508	0x0000      	NOP
;gb5.c,136 :: 		if (RB3_bit == 1) {    // Confirma botão pressionado
0x050A	0xA681      	BTFSS       RB3_bit, BitPos(RB3_bit+0) 
0x050C	0xD038      	BRA         L_main35
;gb5.c,137 :: 		previousStateRB3 = 1;
0x050E	0x844C      	BSF         _previousStateRB3, BitPos(_previousStateRB3+0) 
;gb5.c,139 :: 		if (rb3Ativo == 1) counter--;
0x0510	0x0E00      	MOVLW       0
0x0512	0x184B      	XORWF       _rb3Ativo+1, 0 
0x0514	0xE102      	BNZ         L__main55
0x0516	0x0E01      	MOVLW       1
0x0518	0x184A      	XORWF       _rb3Ativo, 0 
L__main55:
0x051A	0xB4D8      	BTFSC       STATUS, 2 
0x051C	0x062D      	DECF        _counter, 1 
L_main36:
;gb5.c,140 :: 		if (counter < 1) counter = 255;
0x051E	0x0E01      	MOVLW       1
0x0520	0x5C2D      	SUBWF       _counter, 0 
0x0522	0xE202      	BC          L_main37
0x0524	0x0EFF      	MOVLW       255
0x0526	0x6E2D      	MOVWF       _counter 
L_main37:
;gb5.c,142 :: 		if (rb3Ativo == 1) {
0x0528	0x0E00      	MOVLW       0
0x052A	0x184B      	XORWF       _rb3Ativo+1, 0 
0x052C	0xE102      	BNZ         L__main56
0x052E	0x0E01      	MOVLW       1
0x0530	0x184A      	XORWF       _rb3Ativo, 0 
L__main56:
0x0532	0xE125      	BNZ         L_main38
;gb5.c,144 :: 		asciiChar[0] = (char)counter;  // Converte valor para caractere ASCII
0x0534	0xF05AC02D  	MOVFF       _counter, main_asciiChar_L4_L4
;gb5.c,145 :: 		asciiChar[1] = '\0';          // Finaliza string
0x0538	0x6A5B      	CLRF        main_asciiChar_L4_L4+1 
;gb5.c,147 :: 		ByteToStr(counter, txt);      // Converte contador para string
0x053A	0xF05CC02D  	MOVFF       _counter, FARG_ByteToStr_input
0x053E	0x0E4D      	MOVLW       _txt
0x0540	0x6E5D      	MOVWF       FARG_ByteToStr_output 
0x0542	0x0E00      	MOVLW       hi_addr(_txt)
0x0544	0x6E5E      	MOVWF       FARG_ByteToStr_output+1 
0x0546	0xDE7A      	RCALL       _ByteToStr
;gb5.c,148 :: 		Lcd_Cmd(_LCD_CLEAR);
0x0548	0x0E01      	MOVLW       1
0x054A	0x6E63      	MOVWF       FARG_Lcd_Cmd_out_char 
0x054C	0xDD7D      	RCALL       _Lcd_Cmd
;gb5.c,149 :: 		Lcd_Out(1, 1, "Conta ");
0x054E	0x0E01      	MOVLW       1
0x0550	0x6E5C      	MOVWF       FARG_Lcd_Out_row 
0x0552	0x0E01      	MOVLW       1
0x0554	0x6E5D      	MOVWF       FARG_Lcd_Out_column 
0x0556	0x0E43      	MOVLW       ?lstr5_gb5
0x0558	0x6E5E      	MOVWF       FARG_Lcd_Out_text 
0x055A	0x0E00      	MOVLW       hi_addr(?lstr5_gb5)
0x055C	0x6E5F      	MOVWF       FARG_Lcd_Out_text+1 
0x055E	0xDEBC      	RCALL       _Lcd_Out
;gb5.c,150 :: 		Lcd_Out_Cp(txt);
0x0560	0x0E4D      	MOVLW       _txt
0x0562	0x6E5C      	MOVWF       FARG_Lcd_Out_CP_text 
0x0564	0x0E00      	MOVLW       hi_addr(_txt)
0x0566	0x6E5D      	MOVWF       FARG_Lcd_Out_CP_text+1 
0x0568	0xDEA2      	RCALL       _Lcd_Out_CP
;gb5.c,151 :: 		Lcd_Out_Cp(" ASC ");
0x056A	0x0E30      	MOVLW       ?lstr6_gb5
0x056C	0x6E5C      	MOVWF       FARG_Lcd_Out_CP_text 
0x056E	0x0E00      	MOVLW       hi_addr(?lstr6_gb5)
0x0570	0x6E5D      	MOVWF       FARG_Lcd_Out_CP_text+1 
0x0572	0xDE9D      	RCALL       _Lcd_Out_CP
;gb5.c,152 :: 		Lcd_Out_Cp(asciiChar);
0x0574	0x0E5A      	MOVLW       main_asciiChar_L4_L4
0x0576	0x6E5C      	MOVWF       FARG_Lcd_Out_CP_text 
0x0578	0x0E00      	MOVLW       hi_addr(main_asciiChar_L4_L4)
0x057A	0x6E5D      	MOVWF       FARG_Lcd_Out_CP_text+1 
0x057C	0xDE98      	RCALL       _Lcd_Out_CP
;gb5.c,153 :: 		}
L_main38:
;gb5.c,154 :: 		}
L_main35:
;gb5.c,155 :: 		} else if (RB3_bit == 0) {
0x057E	0xD007      	BRA         L_main39
L_main33:
0x0580	0xB681      	BTFSC       RB3_bit, BitPos(RB3_bit+0) 
0x0582	0xD005      	BRA         L_main40
;gb5.c,156 :: 		rb3Ativo = 1;
0x0584	0x0E01      	MOVLW       1
0x0586	0x6E4A      	MOVWF       _rb3Ativo 
0x0588	0x0E00      	MOVLW       0
0x058A	0x6E4B      	MOVWF       _rb3Ativo+1 
;gb5.c,157 :: 		previousStateRB3 = 0;
0x058C	0x944C      	BCF         _previousStateRB3, BitPos(_previousStateRB3+0) 
;gb5.c,158 :: 		}
L_main40:
L_main39:
;gb5.c,159 :: 		}
0x058E	0xD6FF      	BRA         L_main7
;gb5.c,160 :: 		}
L_end_main:
0x0590	0xD7FF      	BRA         $+0
; end of _main
0x05D4	0xF015EE10  	LFSR        1, 21
0x05D8	0x0E37      	MOVLW       55
0x05DA	0x6E00      	MOVWF       R0 
0x05DC	0x0E01      	MOVLW       1
0x05DE	0x6E01      	MOVWF       R1 
0x05E0	0x0E92      	MOVLW       146
0x05E2	0x6EF6      	MOVWF       TBLPTR 
0x05E4	0x0E05      	MOVLW       5
0x05E6	0x6EF7      	MOVWF       TBLPTRH 
0x05E8	0x0E00      	MOVLW       0
0x05EA	0x6EF8      	MOVWF       TBLPTRU 
0x05EC	0xF000ECB9  	CALL        370, 0
0x05F0	0x0012      	RETURN      0
;gb5.c,0 :: ?ICS?lstr2_gb5
0x0592	0x4152 ;?ICS?lstr2_gb5+0
0x0594	0x3320 ;?ICS?lstr2_gb5+2
0x0596	0x3538 ;?ICS?lstr2_gb5+4
0x0598	0x3937 ;?ICS?lstr2_gb5+6
0x059A	0x00 ;?ICS?lstr2_gb5+8
; end of ?ICS?lstr2_gb5
;gb5.c,0 :: ?ICS?lstr1_gb5
0x059B	0x6546 ;?ICS?lstr1_gb5+0
0x059D	0x696C ;?ICS?lstr1_gb5+2
0x059F	0x6570 ;?ICS?lstr1_gb5+4
0x05A1	0x5720 ;?ICS?lstr1_gb5+6
0x05A3	0x726F ;?ICS?lstr1_gb5+8
0x05A5	0x6D6D ;?ICS?lstr1_gb5+10
0x05A7	0x7461 ;?ICS?lstr1_gb5+12
0x05A9	0x00 ;?ICS?lstr1_gb5+14
; end of ?ICS?lstr1_gb5
;gb5.c,0 :: ?ICS_counter
0x05AA	0x00 ;?ICS_counter+0
; end of ?ICS_counter
;gb5.c,0 :: ?ICS_rb2Ativo
0x05AB	0x0000 ;?ICS_rb2Ativo+0
; end of ?ICS_rb2Ativo
;gb5.c,0 :: ?ICS?lstr6_gb5
0x05AD	0x4120 ;?ICS?lstr6_gb5+0
0x05AF	0x4353 ;?ICS?lstr6_gb5+2
0x05B1	0x0020 ;?ICS?lstr6_gb5+4
; end of ?ICS?lstr6_gb5
;__Lib_ADC_A_D.c,0 :: ?ICS_vref_mask
0x05B3	0x30 ;?ICS_vref_mask+0
; end of ?ICS_vref_mask
;gb5.c,0 :: ?ICS?lstr4_gb5
0x05B4	0x5341 ;?ICS?lstr4_gb5+0
0x05B6	0x2043 ;?ICS?lstr4_gb5+2
0x05B8	0x00 ;?ICS?lstr4_gb5+4
; end of ?ICS?lstr4_gb5
;gb5.c,0 :: ?ICS?lstr3_gb5
0x05B9	0x6F43 ;?ICS?lstr3_gb5+0
0x05BB	0x746E ;?ICS?lstr3_gb5+2
0x05BD	0x2061 ;?ICS?lstr3_gb5+4
0x05BF	0x00 ;?ICS?lstr3_gb5+6
; end of ?ICS?lstr3_gb5
;gb5.c,0 :: ?ICS?lstr5_gb5
0x05C0	0x6F43 ;?ICS?lstr5_gb5+0
0x05C2	0x746E ;?ICS?lstr5_gb5+2
0x05C4	0x2061 ;?ICS?lstr5_gb5+4
0x05C6	0x00 ;?ICS?lstr5_gb5+6
; end of ?ICS?lstr5_gb5
;gb5.c,0 :: ?ICS_rb3Ativo
0x05C7	0x0000 ;?ICS_rb3Ativo+0
; end of ?ICS_rb3Ativo
;gb5.c,24 :: _segment_codes
0x05C9	0x063F ;_segment_codes+0
0x05CB	0x4F5B ;_segment_codes+2
0x05CD	0x6D66 ;_segment_codes+4
0x05CF	0x077D ;_segment_codes+6
0x05D1	0x6F7F ;_segment_codes+8
; end of _segment_codes
Symbol List:
//** Routines locations **
//ADDRESS    SIZE    PROCEDURE
//----------------------------------------------
0x001C      [22]    _Delay_5500us
0x0032      [10]    _Delay_50us
0x003C      [12]    _Delay_1us
0x0048     [124]    _Lcd_Cmd
0x00C4      [30]    _Div_8X8_U
0x00E2      [12]    _Lcd_Chr_CP
0x00EE     [132]    _displayNumber
0x0172      [16]    ___CC2DW
0x0182     [150]    _Lcd_Init
0x0218      [36]    _ADC_Init
0x023C     [114]    _ByteToStr
0x02AE      [42]    _Lcd_Out_CP
0x02D8     [122]    _Lcd_Out
0x0352     [576]    _main
//** Variables locations ** 
//ADDRESS    SIZE    VARIABLE
//----------------------------------------------
0x0000       [1]    R0
0x0001       [1]    __Lib_Conversions_Adjust_Hex_tmp_L0
0x0001       [1]    ispunct_rslt_L0
0x0001       [1]    R1
0x0002       [2]    memchr_s_L0
0x0002       [2]    memcpy_dd_L0
0x0002       [2]    memset_pp_L0
0x0002       [1]    R2
0x0002       [2]    strlen_cp_L0
0x0003       [2]    Ltrim_original_L0
0x0003       [1]    R3
0x0003       [2]    memmove_tt_L0
0x0004       [2]    strcpy_cp_L0
0x0004       [2]    strncat_cp_L0
0x0004       [2]    strncpy_cp_L0
0x0004       [1]    R4
0x0004       [2]    strcat_cp_L0
0x0004       [2]    memcpy_ss_L0
0x0005       [2]    memmove_ff_L0
0x0005       [2]    LongWordToHex_input_half_L0
0x0005       [2]    LongIntToHex_input_half_L0
0x0005       [2]    Ltrim_p_L0
0x0005       [1]    R5
0x0006       [1]    R6
0x0007       [1]    R7
0x0008       [1]    R8
0x0009       [1]    R9
0x000A       [1]    R10
0x000B       [1]    R11
0x000C       [1]    R12
0x000D       [1]    R13
0x000E       [1]    R14
0x000F       [1]    R15
0x0010       [1]    R16
0x0011       [1]    R17
0x0012       [1]    R18
0x0013       [1]    R19
0x0014       [1]    R20
0x0015       [9]    ?lstr2_gb5
0x001E      [15]    ?lstr1_gb5
0x002D       [1]    _counter
0x002E       [2]    _rb2Ativo
0x0030       [6]    ?lstr6_gb5
0x0036       [1]    _vref_mask
0x0037       [5]    ?lstr4_gb5
0x003C       [7]    ?lstr3_gb5
0x0043       [7]    ?lstr5_gb5
0x004A       [2]    _rb3Ativo
0x004C       [0]    _previousStateRB2
0x004C       [0]    _previousStateRB3
0x004C       [0]    __Lib_Lcd_cmd_status
0x004C       [0]    _previousStateRB0
0x004C       [0]    _previousStateRB1
0x004D       [7]    _txt
0x0054       [4]    _ADC_Get_Sample_Ptr
0x0058       [2]    main_asciiChar_L4
0x005A       [2]    main_asciiChar_L4_L4
0x005C       [1]    FARG_Lcd_Out_row
0x005C       [2]    FARG_Lcd_Out_CP_text
0x005C       [1]    FARG_displayNumber_digit
0x005C       [1]    FARG_ByteToStr_input
0x005D       [1]    FARG_displayNumber_position
0x005D       [2]    FARG_ByteToStr_output
0x005D       [1]    FARG_Lcd_Out_column
0x005E       [2]    FARG_Lcd_Out_text
0x005E       [1]    Lcd_Out_CP_i_L0
0x005F       [1]    ByteToStr_DigitPos_L0
0x0060       [2]    FLOC__ByteToStr
0x0060       [1]    Lcd_Out_i_L0
0x0062       [1]    FARG_Lcd_Chr_CP_out_char
0x0063       [1]    FARG_Lcd_Cmd_out_char
0x0F80       [1]    PORTA
0x0F81       [0]    RB1_bit
0x0F81       [0]    RB5_bit
0x0F81       [0]    RB0_bit
0x0F81       [0]    RB3_bit
0x0F81       [0]    RB7_bit
0x0F81       [0]    RB4_bit
0x0F81       [0]    RB6_bit
0x0F81       [0]    RB2_bit
0x0F83       [0]    RD6_bit
0x0F83       [0]    RD7_bit
0x0F83       [0]    RD5_bit
0x0F83       [0]    LCD_D5
0x0F83       [0]    LCD_D4
0x0F83       [0]    LCD_D7
0x0F83       [0]    LCD_D6
0x0F83       [0]    RD4_bit
0x0F83       [1]    PORTD
0x0F84       [0]    RE1_bit
0x0F84       [0]    RE0_bit
0x0F84       [0]    LCD_RS
0x0F84       [0]    LCD_EN
0x0F92       [1]    TRISA
0x0F93       [0]    TRISB0_bit
0x0F93       [0]    TRISB4_bit
0x0F93       [0]    TRISB2_bit
0x0F93       [0]    TRISB7_bit
0x0F93       [0]    TRISB6_bit
0x0F93       [0]    TRISB5_bit
0x0F93       [0]    TRISB1_bit
0x0F95       [1]    TRISD
0x0F95       [0]    TRISD5_bit
0x0F95       [0]    TRISD6_bit
0x0F95       [0]    TRISD7_bit
0x0F95       [0]    TRISD4_bit
0x0F95       [0]    LCD_D7_Direction
0x0F95       [0]    LCD_D4_Direction
0x0F95       [0]    LCD_D5_Direction
0x0F95       [0]    LCD_D6_Direction
0x0F96       [0]    LCD_RS_Direction
0x0F96       [0]    LCD_EN_Direction
0x0F96       [0]    TRISE0_bit
0x0F96       [0]    TRISE1_bit
0x0FB4       [1]    CMCON
0x0FC0       [1]    ADCON2
0x0FC1       [1]    ADCON1
0x0FC2       [1]    ADCON0
0x0FD8       [1]    STATUS
0x0FD9       [1]    FSR2L
0x0FDA       [1]    FSR2H
0x0FDE       [1]    POSTINC2
0x0FE0       [1]    BSR
0x0FE1       [1]    FSR1L
0x0FE2       [1]    FSR1H
0x0FE4       [1]    PREINC1
0x0FE6       [1]    POSTINC1
0x0FE7       [1]    INDF1
0x0FE8       [1]    WREG
0x0FE9       [1]    FSR0L
0x0FEA       [1]    FSR0H
0x0FEE       [1]    POSTINC0
0x0FF1       [1]    INTCON2
0x0FF3       [1]    PRODL
0x0FF4       [1]    PRODH
0x0FF5       [1]    TABLAT
0x0FF6       [1]    TBLPTRL
0x0FF6       [3]    TBLPTR
0x0FF7       [1]    TBLPTRH
0x0FF8       [1]    TBLPTRU
//** Constants locations ** 
//ADDRESS    SIZE    CONSTANT
//----------------------------------------------
0x0592       [9]    ?ICS?lstr2_gb5
0x059B      [15]    ?ICS?lstr1_gb5
0x05AA       [1]    ?ICS_counter
0x05AB       [2]    ?ICS_rb2Ativo
0x05AD       [6]    ?ICS?lstr6_gb5
0x05B3       [1]    ?ICS_vref_mask
0x05B4       [5]    ?ICS?lstr4_gb5
0x05B9       [7]    ?ICS?lstr3_gb5
0x05C0       [7]    ?ICS?lstr5_gb5
0x05C7       [2]    ?ICS_rb3Ativo
0x05C9      [10]    _segment_codes
